[0.139s] DEBUG:colcon:Command line arguments: ['/usr/bin/colcon', 'build']
[0.139s] DEBUG:colcon:Parsed command line arguments: Namespace(log_base=None, log_level=None, verb_name='build', build_base='build', install_base='install', merge_install=False, symlink_install=False, test_result_base=None, continue_on_error=False, executor='parallel', parallel_workers=4, event_handlers=None, ignore_user_meta=False, metas=['./colcon.meta'], base_paths=['.'], packages_ignore=None, packages_ignore_regex=None, paths=None, packages_up_to=None, packages_up_to_regex=None, packages_above=None, packages_above_and_dependencies=None, packages_above_depth=None, packages_select_by_dep=None, packages_skip_by_dep=None, packages_skip_up_to=None, packages_select_build_failed=False, packages_skip_build_finished=False, packages_select_test_failures=False, packages_skip_test_passed=False, packages_select=None, packages_skip=None, packages_select_regex=None, packages_skip_regex=None, packages_start=None, packages_end=None, cmake_args=None, cmake_target=None, cmake_target_skip_unavailable=False, cmake_clean_cache=False, cmake_clean_first=False, cmake_force_configure=False, ament_cmake_args=None, catkin_cmake_args=None, catkin_skip_building_tests=False, mixin_files=None, mixin=None, verb_parser=<colcon_mixin.mixin.mixin_argument.MixinArgumentDecorator object at 0x7fff60aca9e0>, verb_extension=<colcon_core.verb.build.BuildVerb object at 0x7fff60aca3e0>, main=<bound method BuildVerb.main of <colcon_core.verb.build.BuildVerb object at 0x7fff60aca3e0>>, mixin_verb=('build',))
[0.267s] Level 1:colcon.colcon_core.package_discovery:discover_packages(colcon_meta) check parameters
[0.268s] INFO:colcon.colcon_metadata.package_discovery.colcon_meta:Using configuration from '/root/.colcon/metadata/default/Gazebo.meta'
[0.268s] INFO:colcon.colcon_metadata.package_discovery.colcon_meta:Using configuration from '/root/.colcon/metadata/default/fastrtps.meta'
[0.268s] Level 1:colcon.colcon_core.package_discovery:discover_packages(recursive) check parameters
[0.268s] Level 1:colcon.colcon_core.package_discovery:discover_packages(ignore) check parameters
[0.268s] Level 1:colcon.colcon_core.package_discovery:discover_packages(path) check parameters
[0.268s] Level 1:colcon.colcon_core.package_discovery:discover_packages(colcon_meta) discover
[0.269s] Level 1:colcon.colcon_core.package_discovery:discover_packages(recursive) discover
[0.269s] INFO:colcon.colcon_core.package_discovery:Crawling recursively for packages in '/VAS'
[0.269s] Level 1:colcon.colcon_core.package_identification:_identify(.) by extensions ['ignore', 'ignore_ament_install']
[0.269s] Level 1:colcon.colcon_core.package_identification:_identify(.) by extension 'ignore'
[0.269s] Level 1:colcon.colcon_core.package_identification:_identify(.) by extension 'ignore_ament_install'
[0.269s] Level 1:colcon.colcon_core.package_identification:_identify(.) by extensions ['colcon_pkg']
[0.269s] Level 1:colcon.colcon_core.package_identification:_identify(.) by extension 'colcon_pkg'
[0.269s] Level 1:colcon.colcon_core.package_identification:_identify(.) by extensions ['colcon_meta']
[0.269s] Level 1:colcon.colcon_core.package_identification:_identify(.) by extension 'colcon_meta'
[0.269s] Level 1:colcon.colcon_core.package_identification:_identify(.) by extensions ['ros']
[0.269s] Level 1:colcon.colcon_core.package_identification:_identify(.) by extension 'ros'
[0.284s] Level 1:colcon.colcon_core.package_identification:_identify(.) by extensions ['cmake', 'python']
[0.284s] Level 1:colcon.colcon_core.package_identification:_identify(.) by extension 'cmake'
[0.284s] Level 1:colcon.colcon_core.package_identification:_identify(.) by extension 'python'
[0.284s] Level 1:colcon.colcon_core.package_identification:_identify(.) by extensions ['python_setup_py']
[0.284s] Level 1:colcon.colcon_core.package_identification:_identify(.) by extension 'python_setup_py'
[0.284s] Level 1:colcon.colcon_core.package_identification:_identify(build) by extensions ['ignore', 'ignore_ament_install']
[0.284s] Level 1:colcon.colcon_core.package_identification:_identify(build) by extension 'ignore'
[0.284s] Level 1:colcon.colcon_core.package_identification:_identify(build) ignored
[0.284s] Level 1:colcon.colcon_core.package_identification:_identify(camera_ros) by extensions ['ignore', 'ignore_ament_install']
[0.285s] Level 1:colcon.colcon_core.package_identification:_identify(camera_ros) by extension 'ignore'
[0.285s] Level 1:colcon.colcon_core.package_identification:_identify(camera_ros) by extension 'ignore_ament_install'
[0.285s] Level 1:colcon.colcon_core.package_identification:_identify(camera_ros) by extensions ['colcon_pkg']
[0.285s] Level 1:colcon.colcon_core.package_identification:_identify(camera_ros) by extension 'colcon_pkg'
[0.285s] Level 1:colcon.colcon_core.package_identification:_identify(camera_ros) by extensions ['colcon_meta']
[0.285s] Level 1:colcon.colcon_core.package_identification:_identify(camera_ros) by extension 'colcon_meta'
[0.285s] Level 1:colcon.colcon_core.package_identification:_identify(camera_ros) by extensions ['ros']
[0.285s] Level 1:colcon.colcon_core.package_identification:_identify(camera_ros) by extension 'ros'
[0.288s] DEBUG:colcon.colcon_core.package_identification:Package 'camera_ros' with type 'ros.ament_cmake' and name 'camera_ros'
[0.288s] Level 1:colcon.colcon_core.package_identification:_identify(install) by extensions ['ignore', 'ignore_ament_install']
[0.289s] Level 1:colcon.colcon_core.package_identification:_identify(install) by extension 'ignore'
[0.289s] Level 1:colcon.colcon_core.package_identification:_identify(install) ignored
[0.289s] Level 1:colcon.colcon_core.package_identification:_identify(log) by extensions ['ignore', 'ignore_ament_install']
[0.289s] Level 1:colcon.colcon_core.package_identification:_identify(log) by extension 'ignore'
[0.289s] Level 1:colcon.colcon_core.package_identification:_identify(log) ignored
[0.289s] Level 1:colcon.colcon_core.package_identification:_identify(tfmini) by extensions ['ignore', 'ignore_ament_install']
[0.289s] Level 1:colcon.colcon_core.package_identification:_identify(tfmini) by extension 'ignore'
[0.289s] Level 1:colcon.colcon_core.package_identification:_identify(tfmini) by extension 'ignore_ament_install'
[0.289s] Level 1:colcon.colcon_core.package_identification:_identify(tfmini) by extensions ['colcon_pkg']
[0.289s] Level 1:colcon.colcon_core.package_identification:_identify(tfmini) by extension 'colcon_pkg'
[0.289s] Level 1:colcon.colcon_core.package_identification:_identify(tfmini) by extensions ['colcon_meta']
[0.289s] Level 1:colcon.colcon_core.package_identification:_identify(tfmini) by extension 'colcon_meta'
[0.289s] Level 1:colcon.colcon_core.package_identification:_identify(tfmini) by extensions ['ros']
[0.289s] Level 1:colcon.colcon_core.package_identification:_identify(tfmini) by extension 'ros'
[0.290s] DEBUG:colcon.colcon_core.package_identification:Package 'tfmini' with type 'ros.ament_python' and name 'tfmini'
[0.290s] Level 1:colcon.colcon_core.package_discovery:discover_packages(recursive) using defaults
[0.290s] Level 1:colcon.colcon_core.package_discovery:discover_packages(ignore) discover
[0.290s] Level 1:colcon.colcon_core.package_discovery:discover_packages(ignore) using defaults
[0.290s] Level 1:colcon.colcon_core.package_discovery:discover_packages(path) discover
[0.290s] Level 1:colcon.colcon_core.package_discovery:discover_packages(path) using defaults
[0.315s] Level 5:colcon.colcon_core.verb:set package 'camera_ros' build argument 'cmake_args' from command line to 'None'
[0.315s] Level 5:colcon.colcon_core.verb:set package 'camera_ros' build argument 'cmake_target' from command line to 'None'
[0.315s] Level 5:colcon.colcon_core.verb:set package 'camera_ros' build argument 'cmake_target_skip_unavailable' from command line to 'False'
[0.315s] Level 5:colcon.colcon_core.verb:set package 'camera_ros' build argument 'cmake_clean_cache' from command line to 'False'
[0.315s] Level 5:colcon.colcon_core.verb:set package 'camera_ros' build argument 'cmake_clean_first' from command line to 'False'
[0.315s] Level 5:colcon.colcon_core.verb:set package 'camera_ros' build argument 'cmake_force_configure' from command line to 'False'
[0.315s] Level 5:colcon.colcon_core.verb:set package 'camera_ros' build argument 'ament_cmake_args' from command line to 'None'
[0.315s] Level 5:colcon.colcon_core.verb:set package 'camera_ros' build argument 'catkin_cmake_args' from command line to 'None'
[0.315s] Level 5:colcon.colcon_core.verb:set package 'camera_ros' build argument 'catkin_skip_building_tests' from command line to 'False'
[0.315s] DEBUG:colcon.colcon_core.verb:Building package 'camera_ros' with the following arguments: {'ament_cmake_args': None, 'build_base': '/VAS/build/camera_ros', 'catkin_cmake_args': None, 'catkin_skip_building_tests': False, 'cmake_args': None, 'cmake_clean_cache': False, 'cmake_clean_first': False, 'cmake_force_configure': False, 'cmake_target': None, 'cmake_target_skip_unavailable': False, 'install_base': '/VAS/install/camera_ros', 'merge_install': False, 'path': '/VAS/camera_ros', 'symlink_install': False, 'test_result_base': None}
[0.316s] Level 5:colcon.colcon_core.verb:set package 'tfmini' build argument 'cmake_args' from command line to 'None'
[0.316s] Level 5:colcon.colcon_core.verb:set package 'tfmini' build argument 'cmake_target' from command line to 'None'
[0.316s] Level 5:colcon.colcon_core.verb:set package 'tfmini' build argument 'cmake_target_skip_unavailable' from command line to 'False'
[0.316s] Level 5:colcon.colcon_core.verb:set package 'tfmini' build argument 'cmake_clean_cache' from command line to 'False'
[0.316s] Level 5:colcon.colcon_core.verb:set package 'tfmini' build argument 'cmake_clean_first' from command line to 'False'
[0.316s] Level 5:colcon.colcon_core.verb:set package 'tfmini' build argument 'cmake_force_configure' from command line to 'False'
[0.316s] Level 5:colcon.colcon_core.verb:set package 'tfmini' build argument 'ament_cmake_args' from command line to 'None'
[0.316s] Level 5:colcon.colcon_core.verb:set package 'tfmini' build argument 'catkin_cmake_args' from command line to 'None'
[0.316s] Level 5:colcon.colcon_core.verb:set package 'tfmini' build argument 'catkin_skip_building_tests' from command line to 'False'
[0.316s] DEBUG:colcon.colcon_core.verb:Building package 'tfmini' with the following arguments: {'ament_cmake_args': None, 'build_base': '/VAS/build/tfmini', 'catkin_cmake_args': None, 'catkin_skip_building_tests': False, 'cmake_args': None, 'cmake_clean_cache': False, 'cmake_clean_first': False, 'cmake_force_configure': False, 'cmake_target': None, 'cmake_target_skip_unavailable': False, 'install_base': '/VAS/install/tfmini', 'merge_install': False, 'path': '/VAS/tfmini', 'symlink_install': False, 'test_result_base': None}
[0.316s] INFO:colcon.colcon_core.executor:Executing jobs using 'parallel' executor
[0.317s] DEBUG:colcon.colcon_parallel_executor.executor.parallel:run_until_complete
[0.318s] INFO:colcon.colcon_ros.task.ament_cmake.build:Building ROS package in '/VAS/camera_ros' with build type 'ament_cmake'
[0.318s] INFO:colcon.colcon_cmake.task.cmake.build:Building CMake package in '/VAS/camera_ros'
[0.320s] INFO:colcon.colcon_core.plugin_system:Skipping extension 'colcon_core.shell.bat': Not used on non-Windows systems
[0.321s] INFO:colcon.colcon_core.shell:Skip shell extension 'powershell' for command environment: Not usable outside of PowerShell
[0.321s] DEBUG:colcon.colcon_core.shell:Skip shell extension 'dsv' for command environment
[0.325s] INFO:colcon.colcon_ros.task.ament_python.build:Building ROS package in '/VAS/tfmini' with build type 'ament_python'
[0.325s] Level 1:colcon.colcon_core.shell:create_environment_hook('tfmini', 'ament_prefix_path')
[0.325s] INFO:colcon.colcon_core.shell:Creating environment hook '/VAS/install/tfmini/share/tfmini/hook/ament_prefix_path.ps1'
[0.327s] INFO:colcon.colcon_core.shell:Creating environment descriptor '/VAS/install/tfmini/share/tfmini/hook/ament_prefix_path.dsv'
[0.331s] INFO:colcon.colcon_core.shell:Creating environment hook '/VAS/install/tfmini/share/tfmini/hook/ament_prefix_path.sh'
[0.333s] INFO:colcon.colcon_core.shell:Skip shell extension 'powershell' for command environment: Not usable outside of PowerShell
[0.333s] DEBUG:colcon.colcon_core.shell:Skip shell extension 'dsv' for command environment
[0.339s] DEBUG:colcon.colcon_core.event_handler.log_command:Invoking command in '/VAS/build/camera_ros': CMAKE_PREFIX_PATH=/opt/ros/humble /usr/bin/cmake /VAS/camera_ros -DCMAKE_INSTALL_PREFIX=/VAS/install/camera_ros
[0.754s] INFO:colcon.colcon_core.task.python.build:Building Python package in '/VAS/tfmini'
[0.758s] INFO:colcon.colcon_core.shell:Skip shell extension 'powershell' for command environment: Not usable outside of PowerShell
[0.758s] DEBUG:colcon.colcon_core.shell:Skip shell extension 'dsv' for command environment
[1.727s] DEBUG:colcon.colcon_core.event_handler.log_command:Invoking command in '/VAS/tfmini': PYTHONPATH=/VAS/build/tfmini/prefix_override:/usr/lib/python3/dist-packages/colcon_core/task/python/colcon_distutils_commands:/VAS/install/tfmini/lib/python3.10/site-packages:${PYTHONPATH} /usr/bin/python3 -W ignore:setup.py install is deprecated setup.py egg_info --egg-base ../build/tfmini build --build-base /VAS/build/tfmini/build install --record /VAS/build/tfmini/install.log --single-version-externally-managed install_data
[2.144s] DEBUG:colcon.colcon_core.event_handler.log_command:Invoked command in '/VAS/tfmini' returned '0': PYTHONPATH=/VAS/build/tfmini/prefix_override:/usr/lib/python3/dist-packages/colcon_core/task/python/colcon_distutils_commands:/VAS/install/tfmini/lib/python3.10/site-packages:${PYTHONPATH} /usr/bin/python3 -W ignore:setup.py install is deprecated setup.py egg_info --egg-base ../build/tfmini build --build-base /VAS/build/tfmini/build install --record /VAS/build/tfmini/install.log --single-version-externally-managed install_data
[2.147s] Level 1:colcon.colcon_core.environment:checking '/VAS/install/tfmini' for CMake module files
[2.147s] Level 1:colcon.colcon_core.environment:checking '/VAS/install/tfmini' for CMake config files
[2.148s] Level 1:colcon.colcon_core.environment:checking '/VAS/install/tfmini/lib'
[2.148s] Level 1:colcon.colcon_core.environment:checking '/VAS/install/tfmini/bin'
[2.149s] Level 1:colcon.colcon_core.environment:checking '/VAS/install/tfmini/lib/pkgconfig/tfmini.pc'
[2.149s] Level 1:colcon.colcon_core.environment:checking '/VAS/install/tfmini/lib/python3.10/site-packages'
[2.149s] Level 1:colcon.colcon_core.shell:create_environment_hook('tfmini', 'pythonpath')
[2.149s] INFO:colcon.colcon_core.shell:Creating environment hook '/VAS/install/tfmini/share/tfmini/hook/pythonpath.ps1'
[2.150s] INFO:colcon.colcon_core.shell:Creating environment descriptor '/VAS/install/tfmini/share/tfmini/hook/pythonpath.dsv'
[2.152s] INFO:colcon.colcon_core.shell:Creating environment hook '/VAS/install/tfmini/share/tfmini/hook/pythonpath.sh'
[2.153s] Level 1:colcon.colcon_core.environment:checking '/VAS/install/tfmini/bin'
[2.153s] Level 1:colcon.colcon_core.environment:create_environment_scripts_only(tfmini)
[2.154s] INFO:colcon.colcon_core.shell:Creating package script '/VAS/install/tfmini/share/tfmini/package.ps1'
[2.156s] INFO:colcon.colcon_core.shell:Creating package descriptor '/VAS/install/tfmini/share/tfmini/package.dsv'
[2.159s] INFO:colcon.colcon_core.shell:Creating package script '/VAS/install/tfmini/share/tfmini/package.sh'
[2.167s] INFO:colcon.colcon_core.shell:Creating package script '/VAS/install/tfmini/share/tfmini/package.bash'
[2.174s] INFO:colcon.colcon_core.shell:Creating package script '/VAS/install/tfmini/share/tfmini/package.zsh'
[2.177s] Level 1:colcon.colcon_core.environment:create_file_with_runtime_dependencies(/VAS/install/tfmini/share/colcon-core/packages/tfmini)
[3.633s] DEBUG:colcon.colcon_core.event_handler.log_command:Invoked command in '/VAS/build/camera_ros' returned '0': CMAKE_PREFIX_PATH=/opt/ros/humble /usr/bin/cmake /VAS/camera_ros -DCMAKE_INSTALL_PREFIX=/VAS/install/camera_ros
[3.639s] DEBUG:colcon.colcon_core.event_handler.log_command:Invoking command in '/VAS/build/camera_ros': CMAKE_PREFIX_PATH=/opt/ros/humble /usr/bin/cmake --build /VAS/build/camera_ros -- -j4 -l4
[21.685s] DEBUG:colcon.colcon_core.event_handler.log_command:Invoked command in '/VAS/build/camera_ros' returned '0': CMAKE_PREFIX_PATH=/opt/ros/humble /usr/bin/cmake --build /VAS/build/camera_ros -- -j4 -l4
[21.727s] DEBUG:colcon.colcon_core.event_handler.log_command:Invoking command in '/VAS/build/camera_ros': CMAKE_PREFIX_PATH=/opt/ros/humble /usr/bin/cmake --install /VAS/build/camera_ros
[21.762s] Level 1:colcon.colcon_core.environment:create_environment_scripts_only(camera_ros)
[21.762s] Level 1:colcon.colcon_core.environment:checking '/VAS/install/camera_ros' for CMake module files
[21.763s] DEBUG:colcon.colcon_core.event_handler.log_command:Invoked command in '/VAS/build/camera_ros' returned '0': CMAKE_PREFIX_PATH=/opt/ros/humble /usr/bin/cmake --install /VAS/build/camera_ros
[21.763s] Level 1:colcon.colcon_core.environment:checking '/VAS/install/camera_ros' for CMake config files
[21.764s] Level 1:colcon.colcon_core.shell:create_environment_hook('camera_ros', 'cmake_prefix_path')
[21.764s] INFO:colcon.colcon_core.shell:Creating environment hook '/VAS/install/camera_ros/share/camera_ros/hook/cmake_prefix_path.ps1'
[21.764s] INFO:colcon.colcon_core.shell:Creating environment descriptor '/VAS/install/camera_ros/share/camera_ros/hook/cmake_prefix_path.dsv'
[21.765s] INFO:colcon.colcon_core.shell:Creating environment hook '/VAS/install/camera_ros/share/camera_ros/hook/cmake_prefix_path.sh'
[21.766s] Level 1:colcon.colcon_core.environment:checking '/VAS/install/camera_ros/lib'
[21.766s] Level 1:colcon.colcon_core.shell:create_environment_hook('camera_ros', 'ld_library_path_lib')
[21.766s] INFO:colcon.colcon_core.shell:Creating environment hook '/VAS/install/camera_ros/share/camera_ros/hook/ld_library_path_lib.ps1'
[21.766s] INFO:colcon.colcon_core.shell:Creating environment descriptor '/VAS/install/camera_ros/share/camera_ros/hook/ld_library_path_lib.dsv'
[21.767s] INFO:colcon.colcon_core.shell:Creating environment hook '/VAS/install/camera_ros/share/camera_ros/hook/ld_library_path_lib.sh'
[21.767s] Level 1:colcon.colcon_core.environment:checking '/VAS/install/camera_ros/bin'
[21.767s] Level 1:colcon.colcon_core.environment:checking '/VAS/install/camera_ros/lib/pkgconfig/camera_ros.pc'
[21.767s] Level 1:colcon.colcon_core.environment:checking '/VAS/install/camera_ros/lib/python3.10/site-packages'
[21.768s] Level 1:colcon.colcon_core.environment:checking '/VAS/install/camera_ros/bin'
[21.768s] INFO:colcon.colcon_core.shell:Creating package script '/VAS/install/camera_ros/share/camera_ros/package.ps1'
[21.769s] INFO:colcon.colcon_core.shell:Creating package descriptor '/VAS/install/camera_ros/share/camera_ros/package.dsv'
[21.769s] INFO:colcon.colcon_core.shell:Creating package script '/VAS/install/camera_ros/share/camera_ros/package.sh'
[21.770s] INFO:colcon.colcon_core.shell:Creating package script '/VAS/install/camera_ros/share/camera_ros/package.bash'
[21.770s] INFO:colcon.colcon_core.shell:Creating package script '/VAS/install/camera_ros/share/camera_ros/package.zsh'
[21.770s] Level 1:colcon.colcon_core.environment:create_file_with_runtime_dependencies(/VAS/install/camera_ros/share/colcon-core/packages/camera_ros)
[21.809s] Level 1:colcon.colcon_core.environment:create_environment_scripts_only(camera_ros)
[21.809s] Level 1:colcon.colcon_core.environment:checking '/VAS/install/camera_ros' for CMake module files
[21.810s] Level 1:colcon.colcon_core.environment:checking '/VAS/install/camera_ros' for CMake config files
[21.810s] Level 1:colcon.colcon_core.shell:create_environment_hook('camera_ros', 'cmake_prefix_path')
[21.810s] INFO:colcon.colcon_core.shell:Creating environment hook '/VAS/install/camera_ros/share/camera_ros/hook/cmake_prefix_path.ps1'
[21.811s] INFO:colcon.colcon_core.shell:Creating environment descriptor '/VAS/install/camera_ros/share/camera_ros/hook/cmake_prefix_path.dsv'
[21.813s] INFO:colcon.colcon_core.shell:Creating environment hook '/VAS/install/camera_ros/share/camera_ros/hook/cmake_prefix_path.sh'
[21.814s] Level 1:colcon.colcon_core.environment:checking '/VAS/install/camera_ros/lib'
[21.814s] Level 1:colcon.colcon_core.shell:create_environment_hook('camera_ros', 'ld_library_path_lib')
[21.814s] INFO:colcon.colcon_core.shell:Creating environment hook '/VAS/install/camera_ros/share/camera_ros/hook/ld_library_path_lib.ps1'
[21.814s] INFO:colcon.colcon_core.shell:Creating environment descriptor '/VAS/install/camera_ros/share/camera_ros/hook/ld_library_path_lib.dsv'
[21.815s] INFO:colcon.colcon_core.shell:Creating environment hook '/VAS/install/camera_ros/share/camera_ros/hook/ld_library_path_lib.sh'
[21.816s] Level 1:colcon.colcon_core.environment:checking '/VAS/install/camera_ros/bin'
[21.816s] Level 1:colcon.colcon_core.environment:checking '/VAS/install/camera_ros/lib/pkgconfig/camera_ros.pc'
[21.816s] Level 1:colcon.colcon_core.environment:checking '/VAS/install/camera_ros/lib/python3.10/site-packages'
[21.817s] Level 1:colcon.colcon_core.environment:checking '/VAS/install/camera_ros/bin'
[21.817s] INFO:colcon.colcon_core.shell:Creating package script '/VAS/install/camera_ros/share/camera_ros/package.ps1'
[21.817s] INFO:colcon.colcon_core.shell:Creating package descriptor '/VAS/install/camera_ros/share/camera_ros/package.dsv'
[21.818s] INFO:colcon.colcon_core.shell:Creating package script '/VAS/install/camera_ros/share/camera_ros/package.sh'
[21.819s] INFO:colcon.colcon_core.shell:Creating package script '/VAS/install/camera_ros/share/camera_ros/package.bash'
[21.820s] INFO:colcon.colcon_core.shell:Creating package script '/VAS/install/camera_ros/share/camera_ros/package.zsh'
[21.820s] Level 1:colcon.colcon_core.environment:create_file_with_runtime_dependencies(/VAS/install/camera_ros/share/colcon-core/packages/camera_ros)
[21.821s] DEBUG:colcon.colcon_parallel_executor.executor.parallel:closing loop
[21.822s] DEBUG:colcon.colcon_parallel_executor.executor.parallel:loop closed
[21.822s] DEBUG:colcon.colcon_parallel_executor.executor.parallel:run_until_complete finished with '0'
[21.822s] DEBUG:colcon.colcon_core.event_reactor:joining thread
[21.828s] INFO:colcon.colcon_core.plugin_system:Skipping extension 'colcon_notification.desktop_notification.notify_send': Could not find 'notify-send'
[21.829s] INFO:colcon.colcon_core.plugin_system:Skipping extension 'colcon_notification.desktop_notification.terminal_notifier': Not used on non-Darwin systems
[21.829s] INFO:colcon.colcon_core.plugin_system:Skipping extension 'colcon_notification.desktop_notification.win32': Not used on non-Windows systems
[21.829s] INFO:colcon.colcon_notification.desktop_notification:Sending desktop notification using 'notify2'
[21.829s] DEBUG:colcon.colcon_notification.desktop_notification.notify2:Failed to initialize notify2: org.freedesktop.DBus.Error.NotSupported: Unable to autolaunch a dbus-daemon without a $DISPLAY for X11
[21.829s] DEBUG:colcon.colcon_core.event_reactor:joined thread
[21.829s] INFO:colcon.colcon_core.shell:Creating prefix script '/VAS/install/local_setup.ps1'
[21.830s] INFO:colcon.colcon_core.shell:Creating prefix util module '/VAS/install/_local_setup_util_ps1.py'
[21.832s] INFO:colcon.colcon_core.shell:Creating prefix chain script '/VAS/install/setup.ps1'
[21.833s] INFO:colcon.colcon_core.shell:Creating prefix script '/VAS/install/local_setup.sh'
[21.834s] INFO:colcon.colcon_core.shell:Creating prefix util module '/VAS/install/_local_setup_util_sh.py'
[21.839s] INFO:colcon.colcon_core.shell:Creating prefix chain script '/VAS/install/setup.sh'
[21.852s] INFO:colcon.colcon_core.shell:Creating prefix script '/VAS/install/local_setup.bash'
[21.858s] INFO:colcon.colcon_core.shell:Creating prefix chain script '/VAS/install/setup.bash'
[21.861s] INFO:colcon.colcon_core.shell:Creating prefix script '/VAS/install/local_setup.zsh'
[21.863s] INFO:colcon.colcon_core.shell:Creating prefix chain script '/VAS/install/setup.zsh'
