[2.269s] Invoking command in '/vas/tfmini': PYTHONPATH=/vas/build/tfmini/prefix_override:/usr/lib/python3/dist-packages/colcon_core/task/python/colcon_distutils_commands:/vas/install/tfmini/lib/python3.10/site-packages:${PYTHONPATH} /usr/bin/python3 -W ignore:setup.py install is deprecated setup.py egg_info --egg-base ../build/tfmini build --build-base /vas/build/tfmini/build install --record /vas/build/tfmini/install.log --single-version-externally-managed install_data
[2.816s] running egg_info
[2.818s] writing ../build/tfmini/tfmini.egg-info/PKG-INFO
[2.822s] writing dependency_links to ../build/tfmini/tfmini.egg-info/dependency_links.txt
[2.823s] writing entry points to ../build/tfmini/tfmini.egg-info/entry_points.txt
[2.828s] writing requirements to ../build/tfmini/tfmini.egg-info/requires.txt
[2.829s] writing top-level names to ../build/tfmini/tfmini.egg-info/top_level.txt
[2.836s] reading manifest file '../build/tfmini/tfmini.egg-info/SOURCES.txt'
[2.838s] writing manifest file '../build/tfmini/tfmini.egg-info/SOURCES.txt'
[2.838s] running build
[2.839s] running build_py
[2.842s] running install
[2.844s] running install_lib
[2.847s] running install_data
[2.850s] running install_egg_info
[2.853s] removing '/vas/install/tfmini/lib/python3.10/site-packages/tfmini-0.0.0-py3.10.egg-info' (and everything under it)
[2.853s] Copying ../build/tfmini/tfmini.egg-info to /vas/install/tfmini/lib/python3.10/site-packages/tfmini-0.0.0-py3.10.egg-info
[2.866s] running install_scripts
[2.899s] Installing tfmini_node script to /vas/install/tfmini/lib/tfmini
[2.899s] writing list of installed files to '/vas/build/tfmini/install.log'
[3.028s] Invoked command in '/vas/tfmini' returned '0': PYTHONPATH=/vas/build/tfmini/prefix_override:/usr/lib/python3/dist-packages/colcon_core/task/python/colcon_distutils_commands:/vas/install/tfmini/lib/python3.10/site-packages:${PYTHONPATH} /usr/bin/python3 -W ignore:setup.py install is deprecated setup.py egg_info --egg-base ../build/tfmini build --build-base /vas/build/tfmini/build install --record /vas/build/tfmini/install.log --single-version-externally-managed install_data
