[8.913s] Invoking command in '/vas/tts': PYTHONPATH=/vas/build/tts/prefix_override:/usr/lib/python3/dist-packages/colcon_core/task/python/colcon_distutils_commands:/vas/install/tts/lib/python3.10/site-packages:${PYTHONPATH} /usr/bin/python3 -W ignore:setup.py install is deprecated setup.py egg_info --egg-base ../build/tts build --build-base /vas/build/tts/build install --record /vas/build/tts/install.log --single-version-externally-managed install_data
[11.456s] running egg_info
[11.459s] writing ../build/tts/tts.egg-info/PKG-INFO
[11.461s] writing dependency_links to ../build/tts/tts.egg-info/dependency_links.txt
[11.461s] writing entry points to ../build/tts/tts.egg-info/entry_points.txt
[11.462s] writing requirements to ../build/tts/tts.egg-info/requires.txt
[11.462s] writing top-level names to ../build/tts/tts.egg-info/top_level.txt
[11.465s] reading manifest file '../build/tts/tts.egg-info/SOURCES.txt'
[11.467s] writing manifest file '../build/tts/tts.egg-info/SOURCES.txt'
[11.469s] running build
[11.470s] running build_py
[11.470s] running install
[11.470s] running install_lib
[11.473s] running install_data
[11.476s] running install_egg_info
[11.476s] removing '/vas/install/tts/lib/python3.10/site-packages/tts-0.0.0-py3.10.egg-info' (and everything under it)
[11.477s] Copying ../build/tts/tts.egg-info to /vas/install/tts/lib/python3.10/site-packages/tts-0.0.0-py3.10.egg-info
[11.484s] running install_scripts
[11.582s] Installing tts_node script to /vas/install/tts/lib/tts
[11.614s] writing list of installed files to '/vas/build/tts/install.log'
[11.892s] Invoked command in '/vas/tts' returned '0': PYTHONPATH=/vas/build/tts/prefix_override:/usr/lib/python3/dist-packages/colcon_core/task/python/colcon_distutils_commands:/vas/install/tts/lib/python3.10/site-packages:${PYTHONPATH} /usr/bin/python3 -W ignore:setup.py install is deprecated setup.py egg_info --egg-base ../build/tts build --build-base /vas/build/tts/build install --record /vas/build/tts/install.log --single-version-externally-managed install_data
