running egg_info
writing ../build/tfmini/tfmini.egg-info/PKG-INFO
writing dependency_links to ../build/tfmini/tfmini.egg-info/dependency_links.txt
writing entry points to ../build/tfmini/tfmini.egg-info/entry_points.txt
writing requirements to ../build/tfmini/tfmini.egg-info/requires.txt
writing top-level names to ../build/tfmini/tfmini.egg-info/top_level.txt
reading manifest file '../build/tfmini/tfmini.egg-info/SOURCES.txt'
writing manifest file '../build/tfmini/tfmini.egg-info/SOURCES.txt'
running build
running build_py
running install
running install_lib
running install_data
running install_egg_info
removing '/vas/install/tfmini/lib/python3.10/site-packages/tfmini-0.0.0-py3.10.egg-info' (and everything under it)
Copying ../build/tfmini/tfmini.egg-info to /vas/install/tfmini/lib/python3.10/site-packages/tfmini-0.0.0-py3.10.egg-info
error removing /vas/install/tfmini/lib/python3.10/site-packages/tfmini-0.0.0-py3.10.egg-info: [Errno 39] Directory not empty: '/vas/install/tfmini/lib/python3.10/site-packages/tfmini-0.0.0-py3.10.egg-info'
running install_scripts
Installing tfmini_node script to /vas/install/tfmini/lib/tfmini
writing list of installed files to '/vas/build/tfmini/install.log'
