[8.778s] Invoking command in '/vas/tfmini': PYTHONPATH=/vas/build/tfmini/prefix_override:/usr/lib/python3/dist-packages/colcon_core/task/python/colcon_distutils_commands:/vas/install/tfmini/lib/python3.10/site-packages:${PYTHONPATH} /usr/bin/python3 -W ignore:setup.py install is deprecated setup.py egg_info --egg-base ../build/tfmini build --build-base /vas/build/tfmini/build install --record /vas/build/tfmini/install.log --single-version-externally-managed install_data
[10.484s] running egg_info
[10.487s] writing ../build/tfmini/tfmini.egg-info/PKG-INFO
[10.487s] writing dependency_links to ../build/tfmini/tfmini.egg-info/dependency_links.txt
[10.487s] writing entry points to ../build/tfmini/tfmini.egg-info/entry_points.txt
[10.487s] writing requirements to ../build/tfmini/tfmini.egg-info/requires.txt
[10.487s] writing top-level names to ../build/tfmini/tfmini.egg-info/top_level.txt
[10.516s] reading manifest file '../build/tfmini/tfmini.egg-info/SOURCES.txt'
[10.516s] writing manifest file '../build/tfmini/tfmini.egg-info/SOURCES.txt'
[10.572s] running build
[10.573s] running build_py
[10.573s] running install
[10.574s] running install_lib
[10.621s] running install_data
[10.621s] running install_egg_info
[10.671s] removing '/vas/install/tfmini/lib/python3.10/site-packages/tfmini-0.0.0-py3.10.egg-info' (and everything under it)
[10.673s] Copying ../build/tfmini/tfmini.egg-info to /vas/install/tfmini/lib/python3.10/site-packages/tfmini-0.0.0-py3.10.egg-info
[10.674s] error removing /vas/install/tfmini/lib/python3.10/site-packages/tfmini-0.0.0-py3.10.egg-info: [Errno 39] Directory not empty: '/vas/install/tfmini/lib/python3.10/site-packages/tfmini-0.0.0-py3.10.egg-info'
[10.675s] running install_scripts
[10.852s] Installing tfmini_node script to /vas/install/tfmini/lib/tfmini
[11.032s] writing list of installed files to '/vas/build/tfmini/install.log'
[11.587s] Invoked command in '/vas/tfmini' returned '0': PYTHONPATH=/vas/build/tfmini/prefix_override:/usr/lib/python3/dist-packages/colcon_core/task/python/colcon_distutils_commands:/vas/install/tfmini/lib/python3.10/site-packages:${PYTHONPATH} /usr/bin/python3 -W ignore:setup.py install is deprecated setup.py egg_info --egg-base ../build/tfmini build --build-base /vas/build/tfmini/build install --record /vas/build/tfmini/install.log --single-version-externally-managed install_data
