[4.681s] Invoking command in '/vas/tts': PYTHONPATH=/vas/build/tts/prefix_override:/usr/lib/python3/dist-packages/colcon_core/task/python/colcon_distutils_commands:/vas/install/tts/lib/python3.10/site-packages:${PYTHONPATH} /usr/bin/python3 -W ignore:setup.py install is deprecated setup.py egg_info --egg-base ../build/tts build --build-base /vas/build/tts/build install --record /vas/build/tts/install.log --single-version-externally-managed install_data
[5.428s] running egg_info
[5.429s] writing ../build/tts/tts.egg-info/PKG-INFO
[5.429s] writing dependency_links to ../build/tts/tts.egg-info/dependency_links.txt
[5.429s] writing entry points to ../build/tts/tts.egg-info/entry_points.txt
[5.429s] writing requirements to ../build/tts/tts.egg-info/requires.txt
[5.434s] writing top-level names to ../build/tts/tts.egg-info/top_level.txt
[5.461s] reading manifest file '../build/tts/tts.egg-info/SOURCES.txt'
[5.462s] writing manifest file '../build/tts/tts.egg-info/SOURCES.txt'
[5.462s] running build
[5.462s] running build_py
[5.462s] running install
[5.462s] running install_lib
[5.463s] running install_data
[5.463s] running install_egg_info
[5.463s] removing '/vas/install/tts/lib/python3.10/site-packages/tts-0.0.0-py3.10.egg-info' (and everything under it)
[5.463s] Copying ../build/tts/tts.egg-info to /vas/install/tts/lib/python3.10/site-packages/tts-0.0.0-py3.10.egg-info
[5.463s] running install_scripts
[5.518s] Installing tts_node script to /vas/install/tts/lib/tts
[5.532s] writing list of installed files to '/vas/build/tts/install.log'
[5.656s] Invoked command in '/vas/tts' returned '0': PYTHONPATH=/vas/build/tts/prefix_override:/usr/lib/python3/dist-packages/colcon_core/task/python/colcon_distutils_commands:/vas/install/tts/lib/python3.10/site-packages:${PYTHONPATH} /usr/bin/python3 -W ignore:setup.py install is deprecated setup.py egg_info --egg-base ../build/tts build --build-base /vas/build/tts/build install --record /vas/build/tts/install.log --single-version-externally-managed install_data
