[0.014s] Invoking command in '/VAS/build/camera_ros': CMAKE_PREFIX_PATH=${CMAKE_PREFIX_PATH}:/VAS/install/tfmini:/opt/ros/humble LD_LIBRARY_PATH=/VAS/install/libcamera/lib:${LD_LIBRARY_PATH} PKG_CONFIG_PATH=/VAS/install/libcamera/lib/pkgconfig PYTHONPATH=/VAS/install/libcamera/lib/python3.10/site-packages:${PYTHONPATH} /usr/bin/cmake --build /VAS/build/camera_ros -- -j4 -l4
[0.126s] [ 66%] Built target utils
[0.181s] [ 83%] Built target camera_node
[0.214s] [100%] Built target camera_component
[0.226s] Invoked command in '/VAS/build/camera_ros' returned '0': CMAKE_PREFIX_PATH=${CMAKE_PREFIX_PATH}:/VAS/install/tfmini:/opt/ros/humble LD_LIBRARY_PATH=/VAS/install/libcamera/lib:${LD_LIBRARY_PATH} PKG_CONFIG_PATH=/VAS/install/libcamera/lib/pkgconfig PYTHONPATH=/VAS/install/libcamera/lib/python3.10/site-packages:${PYTHONPATH} /usr/bin/cmake --build /VAS/build/camera_ros -- -j4 -l4
[0.316s] Invoking command in '/VAS/build/camera_ros': CMAKE_PREFIX_PATH=${CMAKE_PREFIX_PATH}:/VAS/install/tfmini:/opt/ros/humble LD_LIBRARY_PATH=/VAS/install/libcamera/lib:${LD_LIBRARY_PATH} PKG_CONFIG_PATH=/VAS/install/libcamera/lib/pkgconfig PYTHONPATH=/VAS/install/libcamera/lib/python3.10/site-packages:${PYTHONPATH} /usr/bin/cmake --install /VAS/build/camera_ros
[0.325s] -- Install configuration: ""
[0.328s] -- Up-to-date: /VAS/install/camera_ros/lib/camera_ros/camera_node
[0.328s] -- Up-to-date: /VAS/install/camera_ros/lib/libcamera_component.so
[0.328s] -- Up-to-date: /VAS/install/camera_ros/share/camera_ros//launch
[0.328s] -- Up-to-date: /VAS/install/camera_ros/share/camera_ros//launch/camera.launch.py
[0.329s] -- Up-to-date: /VAS/install/camera_ros/share/ament_index/resource_index/package_run_dependencies/camera_ros
[0.329s] -- Up-to-date: /VAS/install/camera_ros/share/ament_index/resource_index/parent_prefix_path/camera_ros
[0.329s] -- Up-to-date: /VAS/install/camera_ros/share/camera_ros/environment/ament_prefix_path.sh
[0.330s] -- Up-to-date: /VAS/install/camera_ros/share/camera_ros/environment/ament_prefix_path.dsv
[0.330s] -- Up-to-date: /VAS/install/camera_ros/share/camera_ros/environment/path.sh
[0.330s] -- Up-to-date: /VAS/install/camera_ros/share/camera_ros/environment/path.dsv
[0.330s] -- Up-to-date: /VAS/install/camera_ros/share/camera_ros/local_setup.bash
[0.330s] -- Up-to-date: /VAS/install/camera_ros/share/camera_ros/local_setup.sh
[0.330s] -- Up-to-date: /VAS/install/camera_ros/share/camera_ros/local_setup.zsh
[0.330s] -- Up-to-date: /VAS/install/camera_ros/share/camera_ros/local_setup.dsv
[0.330s] -- Installing: /VAS/install/camera_ros/share/camera_ros/package.dsv
[0.330s] -- Up-to-date: /VAS/install/camera_ros/share/ament_index/resource_index/packages/camera_ros
[0.330s] -- Up-to-date: /VAS/install/camera_ros/share/ament_index/resource_index/rclcpp_components/camera_ros
[0.331s] -- Up-to-date: /VAS/install/camera_ros/share/camera_ros/cmake/camera_rosConfig.cmake
[0.331s] -- Up-to-date: /VAS/install/camera_ros/share/camera_ros/cmake/camera_rosConfig-version.cmake
[0.333s] -- Up-to-date: /VAS/install/camera_ros/share/camera_ros/package.xml
[0.334s] Invoked command in '/VAS/build/camera_ros' returned '0': CMAKE_PREFIX_PATH=${CMAKE_PREFIX_PATH}:/VAS/install/tfmini:/opt/ros/humble LD_LIBRARY_PATH=/VAS/install/libcamera/lib:${LD_LIBRARY_PATH} PKG_CONFIG_PATH=/VAS/install/libcamera/lib/pkgconfig PYTHONPATH=/VAS/install/libcamera/lib/python3.10/site-packages:${PYTHONPATH} /usr/bin/cmake --install /VAS/build/camera_ros
