[6.560s] Invoking command in '/vas/tfmini': PYTHONPATH=/vas/build/tfmini/prefix_override:/usr/lib/python3/dist-packages/colcon_core/task/python/colcon_distutils_commands:/vas/install/tfmini/lib/python3.10/site-packages:${PYTHONPATH} /usr/bin/python3 -W ignore:setup.py install is deprecated setup.py egg_info --egg-base ../build/tfmini build --build-base /vas/build/tfmini/build install --record /vas/build/tfmini/install.log --single-version-externally-managed install_data
[9.400s] running egg_info
[9.435s] writing ../build/tfmini/tfmini.egg-info/PKG-INFO
[9.436s] writing dependency_links to ../build/tfmini/tfmini.egg-info/dependency_links.txt
[9.437s] writing entry points to ../build/tfmini/tfmini.egg-info/entry_points.txt
[9.490s] writing requirements to ../build/tfmini/tfmini.egg-info/requires.txt
[9.490s] writing top-level names to ../build/tfmini/tfmini.egg-info/top_level.txt
[9.490s] reading manifest file '../build/tfmini/tfmini.egg-info/SOURCES.txt'
[9.490s] writing manifest file '../build/tfmini/tfmini.egg-info/SOURCES.txt'
[9.491s] running build
[9.491s] running build_py
[9.560s] running install
[9.573s] running install_lib
[9.599s] running install_data
[9.608s] running install_egg_info
[9.642s] removing '/vas/install/tfmini/lib/python3.10/site-packages/tfmini-0.0.0-py3.10.egg-info' (and everything under it)
[9.663s] Copying ../build/tfmini/tfmini.egg-info to /vas/install/tfmini/lib/python3.10/site-packages/tfmini-0.0.0-py3.10.egg-info
[9.670s] running install_scripts
[10.155s] Installing tfmini_node script to /vas/install/tfmini/lib/tfmini
[10.231s] writing list of installed files to '/vas/build/tfmini/install.log'
[11.331s] Invoked command in '/vas/tfmini' returned '0': PYTHONPATH=/vas/build/tfmini/prefix_override:/usr/lib/python3/dist-packages/colcon_core/task/python/colcon_distutils_commands:/vas/install/tfmini/lib/python3.10/site-packages:${PYTHONPATH} /usr/bin/python3 -W ignore:setup.py install is deprecated setup.py egg_info --egg-base ../build/tfmini build --build-base /vas/build/tfmini/build install --record /vas/build/tfmini/install.log --single-version-externally-managed install_data
