[0.000000] (-) TimerEvent: {}
[0.000206] (tfmini) JobQueued: {'identifier': 'tfmini', 'dependencies': OrderedDict()}
[0.000615] (tfmini) JobStarted: {'identifier': 'tfmini'}
[0.099739] (-) TimerEvent: {}
[0.200106] (-) TimerEvent: {}
[0.300403] (-) TimerEvent: {}
[0.400700] (-) TimerEvent: {}
[0.502194] (-) TimerEvent: {}
[0.602657] (-) TimerEvent: {}
[0.665453] (tfmini) Command: {'cmd': ['/usr/bin/python3', '-W', 'ignore:setup.py install is deprecated', 'setup.py', 'egg_info', '--egg-base', '../build/tfmini', 'build', '--build-base', '/vas/build/tfmini/build', 'install', '--record', '/vas/build/tfmini/install.log', '--single-version-externally-managed', 'install_data'], 'cwd': '/vas/tfmini', 'env': {'HOSTNAME': 'rpi5', 'SHLVL': '1', 'LD_LIBRARY_PATH': '/opt/ros/humble/lib/aarch64-linux-gnu:/opt/ros/humble/lib', 'HOME': '/root', 'OLDPWD': '/', 'ROS_PYTHON_VERSION': '3', 'ROS_DISTRO': 'humble', '_': '/usr/bin/colcon', 'ROS_VERSION': '2', 'TERM': 'xterm', 'ROS_LOCALHOST_ONLY': '0', 'PATH': '/opt/ros/humble/bin:/usr/local/sbin:/usr/local/bin:/usr/sbin:/usr/bin:/sbin:/bin', 'LANG': 'C.UTF-8', 'AMENT_PREFIX_PATH': '/opt/ros/humble', 'PWD': '/vas/build/tfmini', 'LC_ALL': 'C.UTF-8', 'PYTHONPATH': '/vas/build/tfmini/prefix_override:/usr/lib/python3/dist-packages/colcon_core/task/python/colcon_distutils_commands:/vas/install/tfmini/lib/python3.10/site-packages:/opt/ros/humble/lib/python3.10/site-packages:/opt/ros/humble/local/lib/python3.10/dist-packages', 'COLCON': '1'}, 'shell': False}
[0.702805] (-) TimerEvent: {}
[0.803291] (-) TimerEvent: {}
[0.903654] (-) TimerEvent: {}
[0.907541] (tfmini) StdoutLine: {'line': b'running egg_info\n'}
[0.908976] (tfmini) StdoutLine: {'line': b'writing ../build/tfmini/tfmini.egg-info/PKG-INFO\n'}
[0.909568] (tfmini) StdoutLine: {'line': b'writing dependency_links to ../build/tfmini/tfmini.egg-info/dependency_links.txt\n'}
[0.911718] (tfmini) StdoutLine: {'line': b'writing entry points to ../build/tfmini/tfmini.egg-info/entry_points.txt\n'}
[0.912461] (tfmini) StdoutLine: {'line': b'writing requirements to ../build/tfmini/tfmini.egg-info/requires.txt\n'}
[0.913233] (tfmini) StdoutLine: {'line': b'writing top-level names to ../build/tfmini/tfmini.egg-info/top_level.txt\n'}
[0.916494] (tfmini) StdoutLine: {'line': b"reading manifest file '../build/tfmini/tfmini.egg-info/SOURCES.txt'\n"}
[0.917508] (tfmini) StdoutLine: {'line': b"writing manifest file '../build/tfmini/tfmini.egg-info/SOURCES.txt'\n"}
[0.917973] (tfmini) StdoutLine: {'line': b'running build\n'}
[0.918155] (tfmini) StdoutLine: {'line': b'running build_py\n'}
[0.918246] (tfmini) StdoutLine: {'line': b'running install\n'}
[0.918571] (tfmini) StdoutLine: {'line': b'running install_lib\n'}
[0.920154] (tfmini) StdoutLine: {'line': b'running install_data\n'}
[0.920311] (tfmini) StdoutLine: {'line': b'running install_egg_info\n'}
[0.922705] (tfmini) StdoutLine: {'line': b"removing '/vas/install/tfmini/lib/python3.10/site-packages/tfmini-0.0.0-py3.10.egg-info' (and everything under it)\n"}
[0.923516] (tfmini) StdoutLine: {'line': b'Copying ../build/tfmini/tfmini.egg-info to /vas/install/tfmini/lib/python3.10/site-packages/tfmini-0.0.0-py3.10.egg-info\n'}
[0.924103] (tfmini) StdoutLine: {'line': b'running install_scripts\n'}
[0.955466] (tfmini) StdoutLine: {'line': b'Installing tfmini_node script to /vas/install/tfmini/lib/tfmini\n'}
[0.956279] (tfmini) StdoutLine: {'line': b"writing list of installed files to '/vas/build/tfmini/install.log'\n"}
[1.003790] (-) TimerEvent: {}
[1.016641] (tfmini) CommandEnded: {'returncode': 0}
[1.030846] (tfmini) JobEnded: {'identifier': 'tfmini', 'rc': 0}
[1.031630] (-) EventReactorShutdown: {}
