[2.986s] Invoking command in '/vas/tts': PYTHONPATH=/vas/build/tts/prefix_override:/usr/lib/python3/dist-packages/colcon_core/task/python/colcon_distutils_commands:/vas/install/tts/lib/python3.10/site-packages:${PYTHONPATH} /usr/bin/python3 -W ignore:setup.py install is deprecated setup.py egg_info --egg-base ../build/tts build --build-base /vas/build/tts/build install --record /vas/build/tts/install.log --single-version-externally-managed install_data
[4.565s] running egg_info
[4.571s] writing ../build/tts/tts.egg-info/PKG-INFO
[4.573s] writing dependency_links to ../build/tts/tts.egg-info/dependency_links.txt
[4.587s] writing entry points to ../build/tts/tts.egg-info/entry_points.txt
[4.591s] writing requirements to ../build/tts/tts.egg-info/requires.txt
[4.591s] writing top-level names to ../build/tts/tts.egg-info/top_level.txt
[4.615s] reading manifest file '../build/tts/tts.egg-info/SOURCES.txt'
[4.615s] writing manifest file '../build/tts/tts.egg-info/SOURCES.txt'
[4.626s] running build
[4.627s] running build_py
[4.627s] running install
[4.627s] running install_lib
[4.627s] running install_data
[4.638s] running install_egg_info
[4.641s] removing '/vas/install/tts/lib/python3.10/site-packages/tts-0.0.0-py3.10.egg-info' (and everything under it)
[4.657s] Copying ../build/tts/tts.egg-info to /vas/install/tts/lib/python3.10/site-packages/tts-0.0.0-py3.10.egg-info
[4.658s] running install_scripts
[4.809s] Installing tts_node script to /vas/install/tts/lib/tts
[4.814s] writing list of installed files to '/vas/build/tts/install.log'
[5.239s] Invoked command in '/vas/tts' returned '0': PYTHONPATH=/vas/build/tts/prefix_override:/usr/lib/python3/dist-packages/colcon_core/task/python/colcon_distutils_commands:/vas/install/tts/lib/python3.10/site-packages:${PYTHONPATH} /usr/bin/python3 -W ignore:setup.py install is deprecated setup.py egg_info --egg-base ../build/tts build --build-base /vas/build/tts/build install --record /vas/build/tts/install.log --single-version-externally-managed install_data
