[5.143s] Invoking command in '/vas/tts': PYTHONPATH=/vas/build/tts/prefix_override:/usr/lib/python3/dist-packages/colcon_core/task/python/colcon_distutils_commands:/vas/install/tts/lib/python3.10/site-packages:${PYTHONPATH} /usr/bin/python3 -W ignore:setup.py install is deprecated setup.py egg_info --egg-base ../build/tts build --build-base /vas/build/tts/build install --record /vas/build/tts/install.log --single-version-externally-managed install_data
[6.114s] running egg_info
[6.118s] writing ../build/tts/tts.egg-info/PKG-INFO
[6.118s] writing dependency_links to ../build/tts/tts.egg-info/dependency_links.txt
[6.118s] writing entry points to ../build/tts/tts.egg-info/entry_points.txt
[6.118s] writing requirements to ../build/tts/tts.egg-info/requires.txt
[6.122s] writing top-level names to ../build/tts/tts.egg-info/top_level.txt
[6.124s] reading manifest file '../build/tts/tts.egg-info/SOURCES.txt'
[6.126s] writing manifest file '../build/tts/tts.egg-info/SOURCES.txt'
[6.127s] running build
[6.128s] running build_py
[6.129s] running install
[6.130s] running install_lib
[6.134s] running install_data
[6.137s] running install_egg_info
[6.137s] removing '/vas/install/tts/lib/python3.10/site-packages/tts-0.0.0-py3.10.egg-info' (and everything under it)
[6.142s] Copying ../build/tts/tts.egg-info to /vas/install/tts/lib/python3.10/site-packages/tts-0.0.0-py3.10.egg-info
[6.143s] running install_scripts
[6.191s] Installing tts_node script to /vas/install/tts/lib/tts
[6.192s] writing list of installed files to '/vas/build/tts/install.log'
[6.300s] Invoked command in '/vas/tts' returned '0': PYTHONPATH=/vas/build/tts/prefix_override:/usr/lib/python3/dist-packages/colcon_core/task/python/colcon_distutils_commands:/vas/install/tts/lib/python3.10/site-packages:${PYTHONPATH} /usr/bin/python3 -W ignore:setup.py install is deprecated setup.py egg_info --egg-base ../build/tts build --build-base /vas/build/tts/build install --record /vas/build/tts/install.log --single-version-externally-managed install_data
