running egg_info
creating ../build/tfmini/tfmini.egg-info
writing ../build/tfmini/tfmini.egg-info/PKG-INFO
writing dependency_links to ../build/tfmini/tfmini.egg-info/dependency_links.txt
writing entry points to ../build/tfmini/tfmini.egg-info/entry_points.txt
writing requirements to ../build/tfmini/tfmini.egg-info/requires.txt
writing top-level names to ../build/tfmini/tfmini.egg-info/top_level.txt
writing manifest file '../build/tfmini/tfmini.egg-info/SOURCES.txt'
reading manifest file '../build/tfmini/tfmini.egg-info/SOURCES.txt'
writing manifest file '../build/tfmini/tfmini.egg-info/SOURCES.txt'
running build
running build_py
creating /home/ros/VAS/build/tfmini/build
creating /home/ros/VAS/build/tfmini/build/lib
creating /home/ros/VAS/build/tfmini/build/lib/tfmini
copying tfmini/__init__.py -> /home/ros/VAS/build/tfmini/build/lib/tfmini
copying tfmini/tfmini_node.py -> /home/ros/VAS/build/tfmini/build/lib/tfmini
running install
running install_lib
creating /home/ros/VAS/install/tfmini/lib/python3.10/site-packages/tfmini
copying /home/ros/VAS/build/tfmini/build/lib/tfmini/__init__.py -> /home/ros/VAS/install/tfmini/lib/python3.10/site-packages/tfmini
copying /home/ros/VAS/build/tfmini/build/lib/tfmini/tfmini_node.py -> /home/ros/VAS/install/tfmini/lib/python3.10/site-packages/tfmini
byte-compiling /home/ros/VAS/install/tfmini/lib/python3.10/site-packages/tfmini/__init__.py to __init__.cpython-310.pyc
byte-compiling /home/ros/VAS/install/tfmini/lib/python3.10/site-packages/tfmini/tfmini_node.py to tfmini_node.cpython-310.pyc
running install_data
creating /home/ros/VAS/install/tfmini/share/ament_index
creating /home/ros/VAS/install/tfmini/share/ament_index/resource_index
creating /home/ros/VAS/install/tfmini/share/ament_index/resource_index/packages
copying resource/tfmini -> /home/ros/VAS/install/tfmini/share/ament_index/resource_index/packages
copying package.xml -> /home/ros/VAS/install/tfmini/share/tfmini
running install_egg_info
Copying ../build/tfmini/tfmini.egg-info to /home/ros/VAS/install/tfmini/lib/python3.10/site-packages/tfmini-0.0.0-py3.10.egg-info
running install_scripts
Installing tfmini_node script to /home/ros/VAS/install/tfmini/lib/tfmini
writing list of installed files to '/home/ros/VAS/build/tfmini/install.log'
