[0.649s] Invoking command in '/home/ros/VAS/tfmini': PYTHONPATH=/home/ros/VAS/build/tfmini/prefix_override:/usr/lib/python3/dist-packages/colcon_core/task/python/colcon_distutils_commands:/home/ros/VAS/install/tfmini/lib/python3.10/site-packages:${PYTHONPATH} /usr/bin/python3 -W ignore:setup.py install is deprecated setup.py egg_info --egg-base ../build/tfmini build --build-base /home/ros/VAS/build/tfmini/build install --record /home/ros/VAS/build/tfmini/install.log --single-version-externally-managed install_data
[0.849s] running egg_info
[0.849s] creating ../build/tfmini/tfmini.egg-info
[0.849s] writing ../build/tfmini/tfmini.egg-info/PKG-INFO
[0.849s] writing dependency_links to ../build/tfmini/tfmini.egg-info/dependency_links.txt
[0.850s] writing entry points to ../build/tfmini/tfmini.egg-info/entry_points.txt
[0.850s] writing requirements to ../build/tfmini/tfmini.egg-info/requires.txt
[0.850s] writing top-level names to ../build/tfmini/tfmini.egg-info/top_level.txt
[0.850s] writing manifest file '../build/tfmini/tfmini.egg-info/SOURCES.txt'
[0.853s] reading manifest file '../build/tfmini/tfmini.egg-info/SOURCES.txt'
[0.853s] writing manifest file '../build/tfmini/tfmini.egg-info/SOURCES.txt'
[0.853s] running build
[0.853s] running build_py
[0.853s] creating /home/ros/VAS/build/tfmini/build
[0.853s] creating /home/ros/VAS/build/tfmini/build/lib
[0.853s] creating /home/ros/VAS/build/tfmini/build/lib/tfmini
[0.854s] copying tfmini/__init__.py -> /home/ros/VAS/build/tfmini/build/lib/tfmini
[0.854s] copying tfmini/tfmini_node.py -> /home/ros/VAS/build/tfmini/build/lib/tfmini
[0.854s] running install
[0.854s] running install_lib
[0.854s] creating /home/ros/VAS/install/tfmini/lib/python3.10/site-packages/tfmini
[0.854s] copying /home/ros/VAS/build/tfmini/build/lib/tfmini/__init__.py -> /home/ros/VAS/install/tfmini/lib/python3.10/site-packages/tfmini
[0.854s] copying /home/ros/VAS/build/tfmini/build/lib/tfmini/tfmini_node.py -> /home/ros/VAS/install/tfmini/lib/python3.10/site-packages/tfmini
[0.858s] byte-compiling /home/ros/VAS/install/tfmini/lib/python3.10/site-packages/tfmini/__init__.py to __init__.cpython-310.pyc
[0.858s] byte-compiling /home/ros/VAS/install/tfmini/lib/python3.10/site-packages/tfmini/tfmini_node.py to tfmini_node.cpython-310.pyc
[0.859s] running install_data
[0.859s] creating /home/ros/VAS/install/tfmini/share/ament_index
[0.859s] creating /home/ros/VAS/install/tfmini/share/ament_index/resource_index
[0.859s] creating /home/ros/VAS/install/tfmini/share/ament_index/resource_index/packages
[0.859s] copying resource/tfmini -> /home/ros/VAS/install/tfmini/share/ament_index/resource_index/packages
[0.859s] copying package.xml -> /home/ros/VAS/install/tfmini/share/tfmini
[0.859s] running install_egg_info
[0.859s] Copying ../build/tfmini/tfmini.egg-info to /home/ros/VAS/install/tfmini/lib/python3.10/site-packages/tfmini-0.0.0-py3.10.egg-info
[0.863s] running install_scripts
[0.885s] Installing tfmini_node script to /home/ros/VAS/install/tfmini/lib/tfmini
[0.885s] writing list of installed files to '/home/ros/VAS/build/tfmini/install.log'
[0.940s] Invoked command in '/home/ros/VAS/tfmini' returned '0': PYTHONPATH=/home/ros/VAS/build/tfmini/prefix_override:/usr/lib/python3/dist-packages/colcon_core/task/python/colcon_distutils_commands:/home/ros/VAS/install/tfmini/lib/python3.10/site-packages:${PYTHONPATH} /usr/bin/python3 -W ignore:setup.py install is deprecated setup.py egg_info --egg-base ../build/tfmini build --build-base /home/ros/VAS/build/tfmini/build install --record /home/ros/VAS/build/tfmini/install.log --single-version-externally-managed install_data
