[10.605s] Invoking command in '/vas/tts': PYTHONPATH=/vas/build/tts/prefix_override:/usr/lib/python3/dist-packages/colcon_core/task/python/colcon_distutils_commands:/vas/install/tts/lib/python3.10/site-packages:${PYTHONPATH} /usr/bin/python3 -W ignore:setup.py install is deprecated setup.py egg_info --egg-base ../build/tts build --build-base /vas/build/tts/build install --record /vas/build/tts/install.log --single-version-externally-managed install_data
[11.695s] running egg_info
[11.696s] writing ../build/tts/tts.egg-info/PKG-INFO
[11.711s] writing dependency_links to ../build/tts/tts.egg-info/dependency_links.txt
[11.711s] writing entry points to ../build/tts/tts.egg-info/entry_points.txt
[11.711s] writing requirements to ../build/tts/tts.egg-info/requires.txt
[11.711s] writing top-level names to ../build/tts/tts.egg-info/top_level.txt
[11.742s] reading manifest file '../build/tts/tts.egg-info/SOURCES.txt'
[11.800s] writing manifest file '../build/tts/tts.egg-info/SOURCES.txt'
[11.800s] running build
[11.800s] running build_py
[11.826s] running install
[11.827s] running install_lib
[11.827s] running install_data
[11.827s] running install_egg_info
[11.837s] removing '/vas/install/tts/lib/python3.10/site-packages/tts-0.0.0-py3.10.egg-info' (and everything under it)
[11.846s] Copying ../build/tts/tts.egg-info to /vas/install/tts/lib/python3.10/site-packages/tts-0.0.0-py3.10.egg-info
[11.850s] running install_scripts
[12.039s] Installing tts_node script to /vas/install/tts/lib/tts
[12.042s] writing list of installed files to '/vas/build/tts/install.log'
[12.833s] Invoked command in '/vas/tts' returned '0': PYTHONPATH=/vas/build/tts/prefix_override:/usr/lib/python3/dist-packages/colcon_core/task/python/colcon_distutils_commands:/vas/install/tts/lib/python3.10/site-packages:${PYTHONPATH} /usr/bin/python3 -W ignore:setup.py install is deprecated setup.py egg_info --egg-base ../build/tts build --build-base /vas/build/tts/build install --record /vas/build/tts/install.log --single-version-externally-managed install_data
