[0.725s] Invoking command in '/home/ros/VAS/tfmini': PYTHONPATH=/home/ros/VAS/build/tfmini/prefix_override:/usr/lib/python3/dist-packages/colcon_core/task/python/colcon_distutils_commands:/home/ros/VAS/install/tfmini/lib/python3.10/site-packages:${PYTHONPATH} /usr/bin/python3 -W ignore:setup.py install is deprecated setup.py egg_info --egg-base ../build/tfmini build --build-base /home/ros/VAS/build/tfmini/build install --record /home/ros/VAS/build/tfmini/install.log --single-version-externally-managed install_data
[0.935s] running egg_info
[0.935s] writing ../build/tfmini/tfmini.egg-info/PKG-INFO
[0.937s] writing dependency_links to ../build/tfmini/tfmini.egg-info/dependency_links.txt
[0.938s] writing entry points to ../build/tfmini/tfmini.egg-info/entry_points.txt
[0.938s] writing requirements to ../build/tfmini/tfmini.egg-info/requires.txt
[0.939s] writing top-level names to ../build/tfmini/tfmini.egg-info/top_level.txt
[0.942s] reading manifest file '../build/tfmini/tfmini.egg-info/SOURCES.txt'
[0.944s] writing manifest file '../build/tfmini/tfmini.egg-info/SOURCES.txt'
[0.944s] running build
[0.944s] running build_py
[0.945s] copying tfmini/tfmini_node.py -> /home/ros/VAS/build/tfmini/build/lib/tfmini
[0.946s] running install
[0.946s] running install_lib
[0.948s] copying /home/ros/VAS/build/tfmini/build/lib/tfmini/tfmini_node.py -> /home/ros/VAS/install/tfmini/lib/python3.10/site-packages/tfmini
[0.949s] byte-compiling /home/ros/VAS/install/tfmini/lib/python3.10/site-packages/tfmini/tfmini_node.py to tfmini_node.cpython-310.pyc
[0.950s] running install_data
[0.951s] running install_egg_info
[0.953s] removing '/home/ros/VAS/install/tfmini/lib/python3.10/site-packages/tfmini-0.0.0-py3.10.egg-info' (and everything under it)
[0.954s] Copying ../build/tfmini/tfmini.egg-info to /home/ros/VAS/install/tfmini/lib/python3.10/site-packages/tfmini-0.0.0-py3.10.egg-info
[0.955s] running install_scripts
[0.981s] Installing tfmini_node script to /home/ros/VAS/install/tfmini/lib/tfmini
[0.984s] writing list of installed files to '/home/ros/VAS/build/tfmini/install.log'
[1.042s] Invoked command in '/home/ros/VAS/tfmini' returned '0': PYTHONPATH=/home/ros/VAS/build/tfmini/prefix_override:/usr/lib/python3/dist-packages/colcon_core/task/python/colcon_distutils_commands:/home/ros/VAS/install/tfmini/lib/python3.10/site-packages:${PYTHONPATH} /usr/bin/python3 -W ignore:setup.py install is deprecated setup.py egg_info --egg-base ../build/tfmini build --build-base /home/ros/VAS/build/tfmini/build install --record /home/ros/VAS/build/tfmini/install.log --single-version-externally-managed install_data
