[3.385s] Invoking command in '/vas/tfmini': PYTHONPATH=/vas/build/tfmini/prefix_override:/usr/lib/python3/dist-packages/colcon_core/task/python/colcon_distutils_commands:/vas/install/tfmini/lib/python3.10/site-packages:${PYTHONPATH} /usr/bin/python3 -W ignore:setup.py install is deprecated setup.py egg_info --egg-base ../build/tfmini build --build-base /vas/build/tfmini/build install --record /vas/build/tfmini/install.log --single-version-externally-managed install_data
[4.415s] running egg_info
[4.420s] writing ../build/tfmini/tfmini.egg-info/PKG-INFO
[4.420s] writing dependency_links to ../build/tfmini/tfmini.egg-info/dependency_links.txt
[4.426s] writing entry points to ../build/tfmini/tfmini.egg-info/entry_points.txt
[4.426s] writing requirements to ../build/tfmini/tfmini.egg-info/requires.txt
[4.426s] writing top-level names to ../build/tfmini/tfmini.egg-info/top_level.txt
[4.442s] reading manifest file '../build/tfmini/tfmini.egg-info/SOURCES.txt'
[4.443s] writing manifest file '../build/tfmini/tfmini.egg-info/SOURCES.txt'
[4.446s] running build
[4.448s] running build_py
[4.453s] running install
[4.453s] running install_lib
[4.456s] running install_data
[4.463s] running install_egg_info
[4.467s] removing '/vas/install/tfmini/lib/python3.10/site-packages/tfmini-0.0.0-py3.10.egg-info' (and everything under it)
[4.490s] Copying ../build/tfmini/tfmini.egg-info to /vas/install/tfmini/lib/python3.10/site-packages/tfmini-0.0.0-py3.10.egg-info
[4.490s] running install_scripts
[4.642s] Installing tfmini_node script to /vas/install/tfmini/lib/tfmini
[4.642s] writing list of installed files to '/vas/build/tfmini/install.log'
[5.026s] Invoked command in '/vas/tfmini' returned '0': PYTHONPATH=/vas/build/tfmini/prefix_override:/usr/lib/python3/dist-packages/colcon_core/task/python/colcon_distutils_commands:/vas/install/tfmini/lib/python3.10/site-packages:${PYTHONPATH} /usr/bin/python3 -W ignore:setup.py install is deprecated setup.py egg_info --egg-base ../build/tfmini build --build-base /vas/build/tfmini/build install --record /vas/build/tfmini/install.log --single-version-externally-managed install_data
