[7.353s] Invoking command in '/vas/tfmini': PYTHONPATH=/vas/build/tfmini/prefix_override:/usr/lib/python3/dist-packages/colcon_core/task/python/colcon_distutils_commands:/vas/install/tfmini/lib/python3.10/site-packages:${PYTHONPATH} /usr/bin/python3 -W ignore:setup.py install is deprecated setup.py egg_info --egg-base ../build/tfmini build --build-base /vas/build/tfmini/build install --record /vas/build/tfmini/install.log --single-version-externally-managed install_data
[8.743s] running egg_info
[8.743s] writing ../build/tfmini/tfmini.egg-info/PKG-INFO
[8.743s] writing dependency_links to ../build/tfmini/tfmini.egg-info/dependency_links.txt
[8.743s] writing entry points to ../build/tfmini/tfmini.egg-info/entry_points.txt
[8.743s] writing requirements to ../build/tfmini/tfmini.egg-info/requires.txt
[8.743s] writing top-level names to ../build/tfmini/tfmini.egg-info/top_level.txt
[8.749s] reading manifest file '../build/tfmini/tfmini.egg-info/SOURCES.txt'
[8.750s] writing manifest file '../build/tfmini/tfmini.egg-info/SOURCES.txt'
[8.750s] running build
[8.750s] running build_py
[8.750s] running install
[8.750s] running install_lib
[8.753s] running install_data
[8.759s] running install_egg_info
[8.761s] removing '/vas/install/tfmini/lib/python3.10/site-packages/tfmini-0.0.0-py3.10.egg-info' (and everything under it)
[8.767s] Copying ../build/tfmini/tfmini.egg-info to /vas/install/tfmini/lib/python3.10/site-packages/tfmini-0.0.0-py3.10.egg-info
[8.767s] running install_scripts
[8.821s] Installing tfmini_node script to /vas/install/tfmini/lib/tfmini
[8.822s] writing list of installed files to '/vas/build/tfmini/install.log'
[8.943s] Invoked command in '/vas/tfmini' returned '0': PYTHONPATH=/vas/build/tfmini/prefix_override:/usr/lib/python3/dist-packages/colcon_core/task/python/colcon_distutils_commands:/vas/install/tfmini/lib/python3.10/site-packages:${PYTHONPATH} /usr/bin/python3 -W ignore:setup.py install is deprecated setup.py egg_info --egg-base ../build/tfmini build --build-base /vas/build/tfmini/build install --record /vas/build/tfmini/install.log --single-version-externally-managed install_data
