[1.499s] Invoking command in '/vas/tfmini': PYTHONPATH=/vas/build/tfmini/prefix_override:/usr/lib/python3/dist-packages/colcon_core/task/python/colcon_distutils_commands:/vas/install/tfmini/lib/python3.10/site-packages:${PYTHONPATH} /usr/bin/python3 -W ignore:setup.py install is deprecated setup.py egg_info --egg-base ../build/tfmini build --build-base /vas/build/tfmini/build install --record /vas/build/tfmini/install.log --single-version-externally-managed install_data
[1.813s] running egg_info
[1.814s] writing ../build/tfmini/tfmini.egg-info/PKG-INFO
[1.814s] writing dependency_links to ../build/tfmini/tfmini.egg-info/dependency_links.txt
[1.819s] writing entry points to ../build/tfmini/tfmini.egg-info/entry_points.txt
[1.819s] writing requirements to ../build/tfmini/tfmini.egg-info/requires.txt
[1.820s] writing top-level names to ../build/tfmini/tfmini.egg-info/top_level.txt
[1.824s] reading manifest file '../build/tfmini/tfmini.egg-info/SOURCES.txt'
[1.825s] writing manifest file '../build/tfmini/tfmini.egg-info/SOURCES.txt'
[1.828s] running build
[1.828s] running build_py
[1.830s] running install
[1.830s] running install_lib
[1.844s] running install_data
[1.844s] running install_egg_info
[1.845s] removing '/vas/install/tfmini/lib/python3.10/site-packages/tfmini-0.0.0-py3.10.egg-info' (and everything under it)
[1.845s] Copying ../build/tfmini/tfmini.egg-info to /vas/install/tfmini/lib/python3.10/site-packages/tfmini-0.0.0-py3.10.egg-info
[1.845s] running install_scripts
[1.881s] Installing tfmini_node script to /vas/install/tfmini/lib/tfmini
[1.891s] writing list of installed files to '/vas/build/tfmini/install.log'
[1.994s] Invoked command in '/vas/tfmini' returned '0': PYTHONPATH=/vas/build/tfmini/prefix_override:/usr/lib/python3/dist-packages/colcon_core/task/python/colcon_distutils_commands:/vas/install/tfmini/lib/python3.10/site-packages:${PYTHONPATH} /usr/bin/python3 -W ignore:setup.py install is deprecated setup.py egg_info --egg-base ../build/tfmini build --build-base /vas/build/tfmini/build install --record /vas/build/tfmini/install.log --single-version-externally-managed install_data
