[0.176s] DEBUG:colcon:Command line arguments: ['/usr/bin/colcon', 'build']
[0.176s] DEBUG:colcon:Parsed command line arguments: Namespace(log_base=None, log_level=None, verb_name='build', build_base='build', install_base='install', merge_install=False, symlink_install=False, test_result_base=None, continue_on_error=False, executor='parallel', parallel_workers=4, event_handlers=None, ignore_user_meta=False, metas=['./colcon.meta'], base_paths=['.'], packages_ignore=None, packages_ignore_regex=None, paths=None, packages_up_to=None, packages_up_to_regex=None, packages_above=None, packages_above_and_dependencies=None, packages_above_depth=None, packages_select_by_dep=None, packages_skip_by_dep=None, packages_skip_up_to=None, packages_select_build_failed=False, packages_skip_build_finished=False, packages_select_test_failures=False, packages_skip_test_passed=False, packages_select=None, packages_skip=None, packages_select_regex=None, packages_skip_regex=None, packages_start=None, packages_end=None, cmake_args=None, cmake_target=None, cmake_target_skip_unavailable=False, cmake_clean_cache=False, cmake_clean_first=False, cmake_force_configure=False, ament_cmake_args=None, catkin_cmake_args=None, catkin_skip_building_tests=False, verb_parser=<colcon_defaults.argument_parser.defaults.DefaultArgumentsDecorator object at 0x7fff16945f90>, verb_extension=<colcon_core.verb.build.BuildVerb object at 0x7fff169458d0>, main=<bound method BuildVerb.main of <colcon_core.verb.build.BuildVerb object at 0x7fff169458d0>>)
[0.361s] Level 1:colcon.colcon_core.package_discovery:discover_packages(colcon_meta) check parameters
[0.361s] Level 1:colcon.colcon_core.package_discovery:discover_packages(recursive) check parameters
[0.361s] Level 1:colcon.colcon_core.package_discovery:discover_packages(ignore) check parameters
[0.361s] Level 1:colcon.colcon_core.package_discovery:discover_packages(path) check parameters
[0.361s] Level 1:colcon.colcon_core.package_discovery:discover_packages(colcon_meta) discover
[0.361s] Level 1:colcon.colcon_core.package_discovery:discover_packages(recursive) discover
[0.361s] INFO:colcon.colcon_core.package_discovery:Crawling recursively for packages in '/vas'
[0.361s] Level 1:colcon.colcon_core.package_identification:_identify(.) by extensions ['ignore', 'ignore_ament_install']
[0.361s] Level 1:colcon.colcon_core.package_identification:_identify(.) by extension 'ignore'
[0.361s] Level 1:colcon.colcon_core.package_identification:_identify(.) by extension 'ignore_ament_install'
[0.361s] Level 1:colcon.colcon_core.package_identification:_identify(.) by extensions ['colcon_pkg']
[0.361s] Level 1:colcon.colcon_core.package_identification:_identify(.) by extension 'colcon_pkg'
[0.361s] Level 1:colcon.colcon_core.package_identification:_identify(.) by extensions ['colcon_meta']
[0.361s] Level 1:colcon.colcon_core.package_identification:_identify(.) by extension 'colcon_meta'
[0.362s] Level 1:colcon.colcon_core.package_identification:_identify(.) by extensions ['ros']
[0.362s] Level 1:colcon.colcon_core.package_identification:_identify(.) by extension 'ros'
[0.378s] Level 1:colcon.colcon_core.package_identification:_identify(.) by extensions ['cmake', 'python']
[0.378s] Level 1:colcon.colcon_core.package_identification:_identify(.) by extension 'cmake'
[0.378s] Level 1:colcon.colcon_core.package_identification:_identify(.) by extension 'python'
[0.378s] Level 1:colcon.colcon_core.package_identification:_identify(.) by extensions ['python_setup_py']
[0.379s] Level 1:colcon.colcon_core.package_identification:_identify(.) by extension 'python_setup_py'
[0.379s] Level 1:colcon.colcon_core.package_identification:_identify(build) by extensions ['ignore', 'ignore_ament_install']
[0.379s] Level 1:colcon.colcon_core.package_identification:_identify(build) by extension 'ignore'
[0.379s] Level 1:colcon.colcon_core.package_identification:_identify(build) ignored
[0.380s] Level 1:colcon.colcon_core.package_identification:_identify(image_subscriber) by extensions ['ignore', 'ignore_ament_install']
[0.380s] Level 1:colcon.colcon_core.package_identification:_identify(image_subscriber) by extension 'ignore'
[0.380s] Level 1:colcon.colcon_core.package_identification:_identify(image_subscriber) by extension 'ignore_ament_install'
[0.380s] Level 1:colcon.colcon_core.package_identification:_identify(image_subscriber) by extensions ['colcon_pkg']
[0.380s] Level 1:colcon.colcon_core.package_identification:_identify(image_subscriber) by extension 'colcon_pkg'
[0.380s] Level 1:colcon.colcon_core.package_identification:_identify(image_subscriber) by extensions ['colcon_meta']
[0.380s] Level 1:colcon.colcon_core.package_identification:_identify(image_subscriber) by extension 'colcon_meta'
[0.380s] Level 1:colcon.colcon_core.package_identification:_identify(image_subscriber) by extensions ['ros']
[0.380s] Level 1:colcon.colcon_core.package_identification:_identify(image_subscriber) by extension 'ros'
[0.383s] DEBUG:colcon.colcon_core.package_identification:Package 'image_subscriber' with type 'ros.ament_python' and name 'image_subscriber'
[0.384s] Level 1:colcon.colcon_core.package_identification:_identify(install) by extensions ['ignore', 'ignore_ament_install']
[0.384s] Level 1:colcon.colcon_core.package_identification:_identify(install) by extension 'ignore'
[0.384s] Level 1:colcon.colcon_core.package_identification:_identify(install) ignored
[0.384s] Level 1:colcon.colcon_core.package_identification:_identify(log) by extensions ['ignore', 'ignore_ament_install']
[0.384s] Level 1:colcon.colcon_core.package_identification:_identify(log) by extension 'ignore'
[0.384s] Level 1:colcon.colcon_core.package_identification:_identify(log) ignored
[0.384s] Level 1:colcon.colcon_core.package_identification:_identify(subscribers) by extensions ['ignore', 'ignore_ament_install']
[0.384s] Level 1:colcon.colcon_core.package_identification:_identify(subscribers) by extension 'ignore'
[0.384s] Level 1:colcon.colcon_core.package_identification:_identify(subscribers) by extension 'ignore_ament_install'
[0.384s] Level 1:colcon.colcon_core.package_identification:_identify(subscribers) by extensions ['colcon_pkg']
[0.384s] Level 1:colcon.colcon_core.package_identification:_identify(subscribers) by extension 'colcon_pkg'
[0.384s] Level 1:colcon.colcon_core.package_identification:_identify(subscribers) by extensions ['colcon_meta']
[0.385s] Level 1:colcon.colcon_core.package_identification:_identify(subscribers) by extension 'colcon_meta'
[0.385s] Level 1:colcon.colcon_core.package_identification:_identify(subscribers) by extensions ['ros']
[0.385s] Level 1:colcon.colcon_core.package_identification:_identify(subscribers) by extension 'ros'
[0.385s] DEBUG:colcon.colcon_core.package_identification:Package 'subscribers' with type 'ros.ament_python' and name 'subscribers'
[0.386s] Level 1:colcon.colcon_core.package_identification:_identify(tfmini) by extensions ['ignore', 'ignore_ament_install']
[0.386s] Level 1:colcon.colcon_core.package_identification:_identify(tfmini) by extension 'ignore'
[0.386s] Level 1:colcon.colcon_core.package_identification:_identify(tfmini) by extension 'ignore_ament_install'
[0.386s] Level 1:colcon.colcon_core.package_identification:_identify(tfmini) by extensions ['colcon_pkg']
[0.386s] Level 1:colcon.colcon_core.package_identification:_identify(tfmini) by extension 'colcon_pkg'
[0.386s] Level 1:colcon.colcon_core.package_identification:_identify(tfmini) by extensions ['colcon_meta']
[0.386s] Level 1:colcon.colcon_core.package_identification:_identify(tfmini) by extension 'colcon_meta'
[0.386s] Level 1:colcon.colcon_core.package_identification:_identify(tfmini) by extensions ['ros']
[0.386s] Level 1:colcon.colcon_core.package_identification:_identify(tfmini) by extension 'ros'
[0.387s] DEBUG:colcon.colcon_core.package_identification:Package 'tfmini' with type 'ros.ament_python' and name 'tfmini'
[0.387s] Level 1:colcon.colcon_core.package_identification:_identify(tts) by extensions ['ignore', 'ignore_ament_install']
[0.387s] Level 1:colcon.colcon_core.package_identification:_identify(tts) by extension 'ignore'
[0.387s] Level 1:colcon.colcon_core.package_identification:_identify(tts) by extension 'ignore_ament_install'
[0.387s] Level 1:colcon.colcon_core.package_identification:_identify(tts) by extensions ['colcon_pkg']
[0.387s] Level 1:colcon.colcon_core.package_identification:_identify(tts) by extension 'colcon_pkg'
[0.387s] Level 1:colcon.colcon_core.package_identification:_identify(tts) by extensions ['colcon_meta']
[0.387s] Level 1:colcon.colcon_core.package_identification:_identify(tts) by extension 'colcon_meta'
[0.387s] Level 1:colcon.colcon_core.package_identification:_identify(tts) by extensions ['ros']
[0.387s] Level 1:colcon.colcon_core.package_identification:_identify(tts) by extension 'ros'
[0.388s] DEBUG:colcon.colcon_core.package_identification:Package 'tts' with type 'ros.ament_python' and name 'tts'
[0.388s] Level 1:colcon.colcon_core.package_discovery:discover_packages(recursive) using defaults
[0.388s] Level 1:colcon.colcon_core.package_discovery:discover_packages(ignore) discover
[0.388s] Level 1:colcon.colcon_core.package_discovery:discover_packages(ignore) using defaults
[0.388s] Level 1:colcon.colcon_core.package_discovery:discover_packages(path) discover
[0.388s] Level 1:colcon.colcon_core.package_discovery:discover_packages(path) using defaults
[0.445s] Level 5:colcon.colcon_core.verb:set package 'image_subscriber' build argument 'cmake_args' from command line to 'None'
[0.445s] Level 5:colcon.colcon_core.verb:set package 'image_subscriber' build argument 'cmake_target' from command line to 'None'
[0.445s] Level 5:colcon.colcon_core.verb:set package 'image_subscriber' build argument 'cmake_target_skip_unavailable' from command line to 'False'
[0.445s] Level 5:colcon.colcon_core.verb:set package 'image_subscriber' build argument 'cmake_clean_cache' from command line to 'False'
[0.445s] Level 5:colcon.colcon_core.verb:set package 'image_subscriber' build argument 'cmake_clean_first' from command line to 'False'
[0.445s] Level 5:colcon.colcon_core.verb:set package 'image_subscriber' build argument 'cmake_force_configure' from command line to 'False'
[0.445s] Level 5:colcon.colcon_core.verb:set package 'image_subscriber' build argument 'ament_cmake_args' from command line to 'None'
[0.446s] Level 5:colcon.colcon_core.verb:set package 'image_subscriber' build argument 'catkin_cmake_args' from command line to 'None'
[0.446s] Level 5:colcon.colcon_core.verb:set package 'image_subscriber' build argument 'catkin_skip_building_tests' from command line to 'False'
[0.446s] DEBUG:colcon.colcon_core.verb:Building package 'image_subscriber' with the following arguments: {'ament_cmake_args': None, 'build_base': '/vas/build/image_subscriber', 'catkin_cmake_args': None, 'catkin_skip_building_tests': False, 'cmake_args': None, 'cmake_clean_cache': False, 'cmake_clean_first': False, 'cmake_force_configure': False, 'cmake_target': None, 'cmake_target_skip_unavailable': False, 'install_base': '/vas/install/image_subscriber', 'merge_install': False, 'path': '/vas/image_subscriber', 'symlink_install': False, 'test_result_base': None}
[0.446s] Level 5:colcon.colcon_core.verb:set package 'subscribers' build argument 'cmake_args' from command line to 'None'
[0.446s] Level 5:colcon.colcon_core.verb:set package 'subscribers' build argument 'cmake_target' from command line to 'None'
[0.446s] Level 5:colcon.colcon_core.verb:set package 'subscribers' build argument 'cmake_target_skip_unavailable' from command line to 'False'
[0.446s] Level 5:colcon.colcon_core.verb:set package 'subscribers' build argument 'cmake_clean_cache' from command line to 'False'
[0.446s] Level 5:colcon.colcon_core.verb:set package 'subscribers' build argument 'cmake_clean_first' from command line to 'False'
[0.446s] Level 5:colcon.colcon_core.verb:set package 'subscribers' build argument 'cmake_force_configure' from command line to 'False'
[0.446s] Level 5:colcon.colcon_core.verb:set package 'subscribers' build argument 'ament_cmake_args' from command line to 'None'
[0.446s] Level 5:colcon.colcon_core.verb:set package 'subscribers' build argument 'catkin_cmake_args' from command line to 'None'
[0.446s] Level 5:colcon.colcon_core.verb:set package 'subscribers' build argument 'catkin_skip_building_tests' from command line to 'False'
[0.446s] DEBUG:colcon.colcon_core.verb:Building package 'subscribers' with the following arguments: {'ament_cmake_args': None, 'build_base': '/vas/build/subscribers', 'catkin_cmake_args': None, 'catkin_skip_building_tests': False, 'cmake_args': None, 'cmake_clean_cache': False, 'cmake_clean_first': False, 'cmake_force_configure': False, 'cmake_target': None, 'cmake_target_skip_unavailable': False, 'install_base': '/vas/install/subscribers', 'merge_install': False, 'path': '/vas/subscribers', 'symlink_install': False, 'test_result_base': None}
[0.447s] Level 5:colcon.colcon_core.verb:set package 'tfmini' build argument 'cmake_args' from command line to 'None'
[0.447s] Level 5:colcon.colcon_core.verb:set package 'tfmini' build argument 'cmake_target' from command line to 'None'
[0.447s] Level 5:colcon.colcon_core.verb:set package 'tfmini' build argument 'cmake_target_skip_unavailable' from command line to 'False'
[0.447s] Level 5:colcon.colcon_core.verb:set package 'tfmini' build argument 'cmake_clean_cache' from command line to 'False'
[0.447s] Level 5:colcon.colcon_core.verb:set package 'tfmini' build argument 'cmake_clean_first' from command line to 'False'
[0.447s] Level 5:colcon.colcon_core.verb:set package 'tfmini' build argument 'cmake_force_configure' from command line to 'False'
[0.447s] Level 5:colcon.colcon_core.verb:set package 'tfmini' build argument 'ament_cmake_args' from command line to 'None'
[0.447s] Level 5:colcon.colcon_core.verb:set package 'tfmini' build argument 'catkin_cmake_args' from command line to 'None'
[0.447s] Level 5:colcon.colcon_core.verb:set package 'tfmini' build argument 'catkin_skip_building_tests' from command line to 'False'
[0.447s] DEBUG:colcon.colcon_core.verb:Building package 'tfmini' with the following arguments: {'ament_cmake_args': None, 'build_base': '/vas/build/tfmini', 'catkin_cmake_args': None, 'catkin_skip_building_tests': False, 'cmake_args': None, 'cmake_clean_cache': False, 'cmake_clean_first': False, 'cmake_force_configure': False, 'cmake_target': None, 'cmake_target_skip_unavailable': False, 'install_base': '/vas/install/tfmini', 'merge_install': False, 'path': '/vas/tfmini', 'symlink_install': False, 'test_result_base': None}
[0.448s] Level 5:colcon.colcon_core.verb:set package 'tts' build argument 'cmake_args' from command line to 'None'
[0.448s] Level 5:colcon.colcon_core.verb:set package 'tts' build argument 'cmake_target' from command line to 'None'
[0.448s] Level 5:colcon.colcon_core.verb:set package 'tts' build argument 'cmake_target_skip_unavailable' from command line to 'False'
[0.448s] Level 5:colcon.colcon_core.verb:set package 'tts' build argument 'cmake_clean_cache' from command line to 'False'
[0.448s] Level 5:colcon.colcon_core.verb:set package 'tts' build argument 'cmake_clean_first' from command line to 'False'
[0.448s] Level 5:colcon.colcon_core.verb:set package 'tts' build argument 'cmake_force_configure' from command line to 'False'
[0.448s] Level 5:colcon.colcon_core.verb:set package 'tts' build argument 'ament_cmake_args' from command line to 'None'
[0.448s] Level 5:colcon.colcon_core.verb:set package 'tts' build argument 'catkin_cmake_args' from command line to 'None'
[0.448s] Level 5:colcon.colcon_core.verb:set package 'tts' build argument 'catkin_skip_building_tests' from command line to 'False'
[0.448s] DEBUG:colcon.colcon_core.verb:Building package 'tts' with the following arguments: {'ament_cmake_args': None, 'build_base': '/vas/build/tts', 'catkin_cmake_args': None, 'catkin_skip_building_tests': False, 'cmake_args': None, 'cmake_clean_cache': False, 'cmake_clean_first': False, 'cmake_force_configure': False, 'cmake_target': None, 'cmake_target_skip_unavailable': False, 'install_base': '/vas/install/tts', 'merge_install': False, 'path': '/vas/tts', 'symlink_install': False, 'test_result_base': None}
[0.448s] INFO:colcon.colcon_core.executor:Executing jobs using 'parallel' executor
[0.451s] DEBUG:colcon.colcon_parallel_executor.executor.parallel:run_until_complete
[0.451s] INFO:colcon.colcon_ros.task.ament_python.build:Building ROS package in '/vas/image_subscriber' with build type 'ament_python'
[0.452s] Level 1:colcon.colcon_core.shell:create_environment_hook('image_subscriber', 'ament_prefix_path')
[0.455s] INFO:colcon.colcon_core.plugin_system:Skipping extension 'colcon_core.shell.bat': Not used on non-Windows systems
[0.456s] INFO:colcon.colcon_core.shell:Creating environment hook '/vas/install/image_subscriber/share/image_subscriber/hook/ament_prefix_path.ps1'
[0.457s] INFO:colcon.colcon_core.shell:Creating environment descriptor '/vas/install/image_subscriber/share/image_subscriber/hook/ament_prefix_path.dsv'
[0.461s] INFO:colcon.colcon_core.shell:Creating environment hook '/vas/install/image_subscriber/share/image_subscriber/hook/ament_prefix_path.sh'
[0.463s] INFO:colcon.colcon_core.shell:Skip shell extension 'powershell' for command environment: Not usable outside of PowerShell
[0.463s] DEBUG:colcon.colcon_core.shell:Skip shell extension 'dsv' for command environment
[0.471s] INFO:colcon.colcon_ros.task.ament_python.build:Building ROS package in '/vas/subscribers' with build type 'ament_python'
[0.471s] Level 1:colcon.colcon_core.shell:create_environment_hook('subscribers', 'ament_prefix_path')
[0.472s] INFO:colcon.colcon_core.shell:Creating environment hook '/vas/install/subscribers/share/subscribers/hook/ament_prefix_path.ps1'
[0.473s] INFO:colcon.colcon_core.shell:Creating environment descriptor '/vas/install/subscribers/share/subscribers/hook/ament_prefix_path.dsv'
[0.475s] INFO:colcon.colcon_core.shell:Creating environment hook '/vas/install/subscribers/share/subscribers/hook/ament_prefix_path.sh'
[0.476s] INFO:colcon.colcon_core.shell:Skip shell extension 'powershell' for command environment: Not usable outside of PowerShell
[0.476s] DEBUG:colcon.colcon_core.shell:Skip shell extension 'dsv' for command environment
[0.483s] INFO:colcon.colcon_ros.task.ament_python.build:Building ROS package in '/vas/tfmini' with build type 'ament_python'
[0.483s] Level 1:colcon.colcon_core.shell:create_environment_hook('tfmini', 'ament_prefix_path')
[0.484s] INFO:colcon.colcon_core.shell:Creating environment hook '/vas/install/tfmini/share/tfmini/hook/ament_prefix_path.ps1'
[0.485s] INFO:colcon.colcon_core.shell:Creating environment descriptor '/vas/install/tfmini/share/tfmini/hook/ament_prefix_path.dsv'
[0.486s] INFO:colcon.colcon_core.shell:Creating environment hook '/vas/install/tfmini/share/tfmini/hook/ament_prefix_path.sh'
[0.489s] INFO:colcon.colcon_core.shell:Skip shell extension 'powershell' for command environment: Not usable outside of PowerShell
[0.490s] DEBUG:colcon.colcon_core.shell:Skip shell extension 'dsv' for command environment
[0.511s] INFO:colcon.colcon_ros.task.ament_python.build:Building ROS package in '/vas/tts' with build type 'ament_python'
[0.512s] Level 1:colcon.colcon_core.shell:create_environment_hook('tts', 'ament_prefix_path')
[0.512s] INFO:colcon.colcon_core.shell:Creating environment hook '/vas/install/tts/share/tts/hook/ament_prefix_path.ps1'
[0.514s] INFO:colcon.colcon_core.shell:Creating environment descriptor '/vas/install/tts/share/tts/hook/ament_prefix_path.dsv'
[0.515s] INFO:colcon.colcon_core.shell:Creating environment hook '/vas/install/tts/share/tts/hook/ament_prefix_path.sh'
[0.516s] INFO:colcon.colcon_core.shell:Skip shell extension 'powershell' for command environment: Not usable outside of PowerShell
[0.516s] DEBUG:colcon.colcon_core.shell:Skip shell extension 'dsv' for command environment
[1.096s] INFO:colcon.colcon_core.task.python.build:Building Python package in '/vas/image_subscriber'
[1.100s] INFO:colcon.colcon_core.shell:Skip shell extension 'powershell' for command environment: Not usable outside of PowerShell
[1.101s] DEBUG:colcon.colcon_core.shell:Skip shell extension 'dsv' for command environment
[1.546s] INFO:colcon.colcon_core.task.python.build:Building Python package in '/vas/subscribers'
[1.547s] INFO:colcon.colcon_core.shell:Skip shell extension 'powershell' for command environment: Not usable outside of PowerShell
[1.547s] DEBUG:colcon.colcon_core.shell:Skip shell extension 'dsv' for command environment
[1.902s] INFO:colcon.colcon_core.task.python.build:Building Python package in '/vas/tfmini'
[1.903s] INFO:colcon.colcon_core.shell:Skip shell extension 'powershell' for command environment: Not usable outside of PowerShell
[1.904s] DEBUG:colcon.colcon_core.shell:Skip shell extension 'dsv' for command environment
[2.276s] INFO:colcon.colcon_core.task.python.build:Building Python package in '/vas/tts'
[2.277s] INFO:colcon.colcon_core.shell:Skip shell extension 'powershell' for command environment: Not usable outside of PowerShell
[2.277s] DEBUG:colcon.colcon_core.shell:Skip shell extension 'dsv' for command environment
[2.996s] DEBUG:colcon.colcon_core.event_handler.log_command:Invoking command in '/vas/tfmini': PYTHONPATH=/vas/build/tfmini/prefix_override:/usr/lib/python3/dist-packages/colcon_core/task/python/colcon_distutils_commands:/vas/install/tfmini/lib/python3.10/site-packages:${PYTHONPATH} /usr/bin/python3 -W ignore:setup.py install is deprecated setup.py egg_info --egg-base ../build/tfmini build --build-base /vas/build/tfmini/build install --record /vas/build/tfmini/install.log --single-version-externally-managed install_data
[3.278s] DEBUG:colcon.colcon_core.event_handler.log_command:Invoking command in '/vas/image_subscriber': PYTHONPATH=/vas/build/image_subscriber/prefix_override:/usr/lib/python3/dist-packages/colcon_core/task/python/colcon_distutils_commands:/vas/install/image_subscriber/lib/python3.10/site-packages:${PYTHONPATH} /usr/bin/python3 -W ignore:setup.py install is deprecated setup.py egg_info --egg-base ../build/image_subscriber build --build-base /vas/build/image_subscriber/build install --record /vas/build/image_subscriber/install.log --single-version-externally-managed install_data
[3.288s] DEBUG:colcon.colcon_core.event_handler.log_command:Invoking command in '/vas/subscribers': PYTHONPATH=/vas/build/subscribers/prefix_override:/usr/lib/python3/dist-packages/colcon_core/task/python/colcon_distutils_commands:/vas/install/subscribers/lib/python3.10/site-packages:${PYTHONPATH} /usr/bin/python3 -W ignore:setup.py install is deprecated setup.py egg_info --egg-base ../build/subscribers build --build-base /vas/build/subscribers/build install --record /vas/build/subscribers/install.log --single-version-externally-managed install_data
[3.632s] DEBUG:colcon.colcon_core.event_handler.log_command:Invoking command in '/vas/tts': PYTHONPATH=/vas/build/tts/prefix_override:/usr/lib/python3/dist-packages/colcon_core/task/python/colcon_distutils_commands:/vas/install/tts/lib/python3.10/site-packages:${PYTHONPATH} /usr/bin/python3 -W ignore:setup.py install is deprecated setup.py egg_info --egg-base ../build/tts build --build-base /vas/build/tts/build install --record /vas/build/tts/install.log --single-version-externally-managed install_data
[4.088s] DEBUG:colcon.colcon_core.event_handler.log_command:Invoked command in '/vas/tfmini' returned '0': PYTHONPATH=/vas/build/tfmini/prefix_override:/usr/lib/python3/dist-packages/colcon_core/task/python/colcon_distutils_commands:/vas/install/tfmini/lib/python3.10/site-packages:${PYTHONPATH} /usr/bin/python3 -W ignore:setup.py install is deprecated setup.py egg_info --egg-base ../build/tfmini build --build-base /vas/build/tfmini/build install --record /vas/build/tfmini/install.log --single-version-externally-managed install_data
[4.092s] Level 1:colcon.colcon_core.environment:checking '/vas/install/tfmini' for CMake module files
[4.092s] Level 1:colcon.colcon_core.environment:checking '/vas/install/tfmini' for CMake config files
[4.100s] Level 1:colcon.colcon_core.environment:checking '/vas/install/tfmini/lib'
[4.103s] Level 1:colcon.colcon_core.environment:checking '/vas/install/tfmini/bin'
[4.104s] Level 1:colcon.colcon_core.environment:checking '/vas/install/tfmini/lib/pkgconfig/tfmini.pc'
[4.104s] Level 1:colcon.colcon_core.environment:checking '/vas/install/tfmini/lib/python3.10/site-packages'
[4.105s] Level 1:colcon.colcon_core.shell:create_environment_hook('tfmini', 'pythonpath')
[4.106s] INFO:colcon.colcon_core.shell:Creating environment hook '/vas/install/tfmini/share/tfmini/hook/pythonpath.ps1'
[4.113s] INFO:colcon.colcon_core.shell:Creating environment descriptor '/vas/install/tfmini/share/tfmini/hook/pythonpath.dsv'
[4.118s] INFO:colcon.colcon_core.shell:Creating environment hook '/vas/install/tfmini/share/tfmini/hook/pythonpath.sh'
[4.133s] Level 1:colcon.colcon_core.environment:checking '/vas/install/tfmini/bin'
[4.133s] Level 1:colcon.colcon_core.environment:create_environment_scripts_only(tfmini)
[4.134s] INFO:colcon.colcon_core.shell:Creating package script '/vas/install/tfmini/share/tfmini/package.ps1'
[4.137s] INFO:colcon.colcon_core.shell:Creating package descriptor '/vas/install/tfmini/share/tfmini/package.dsv'
[4.140s] INFO:colcon.colcon_core.shell:Creating package script '/vas/install/tfmini/share/tfmini/package.sh'
[4.144s] INFO:colcon.colcon_core.shell:Creating package script '/vas/install/tfmini/share/tfmini/package.bash'
[4.146s] INFO:colcon.colcon_core.shell:Creating package script '/vas/install/tfmini/share/tfmini/package.zsh'
[4.148s] Level 1:colcon.colcon_core.environment:create_file_with_runtime_dependencies(/vas/install/tfmini/share/colcon-core/packages/tfmini)
[4.268s] Level 1:colcon.colcon_core.environment:checking '/vas/install/image_subscriber' for CMake module files
[4.271s] DEBUG:colcon.colcon_core.event_handler.log_command:Invoked command in '/vas/image_subscriber' returned '0': PYTHONPATH=/vas/build/image_subscriber/prefix_override:/usr/lib/python3/dist-packages/colcon_core/task/python/colcon_distutils_commands:/vas/install/image_subscriber/lib/python3.10/site-packages:${PYTHONPATH} /usr/bin/python3 -W ignore:setup.py install is deprecated setup.py egg_info --egg-base ../build/image_subscriber build --build-base /vas/build/image_subscriber/build install --record /vas/build/image_subscriber/install.log --single-version-externally-managed install_data
[4.278s] Level 1:colcon.colcon_core.environment:checking '/vas/install/image_subscriber' for CMake config files
[4.302s] Level 1:colcon.colcon_core.environment:checking '/vas/install/image_subscriber/lib'
[4.305s] Level 1:colcon.colcon_core.environment:checking '/vas/install/image_subscriber/bin'
[4.305s] Level 1:colcon.colcon_core.environment:checking '/vas/install/image_subscriber/lib/pkgconfig/image_subscriber.pc'
[4.306s] Level 1:colcon.colcon_core.environment:checking '/vas/install/image_subscriber/lib/python3.10/site-packages'
[4.306s] Level 1:colcon.colcon_core.shell:create_environment_hook('image_subscriber', 'pythonpath')
[4.312s] INFO:colcon.colcon_core.shell:Creating environment hook '/vas/install/image_subscriber/share/image_subscriber/hook/pythonpath.ps1'
[4.314s] INFO:colcon.colcon_core.shell:Creating environment descriptor '/vas/install/image_subscriber/share/image_subscriber/hook/pythonpath.dsv'
[4.316s] INFO:colcon.colcon_core.shell:Creating environment hook '/vas/install/image_subscriber/share/image_subscriber/hook/pythonpath.sh'
[4.320s] Level 1:colcon.colcon_core.environment:checking '/vas/install/image_subscriber/bin'
[4.320s] Level 1:colcon.colcon_core.environment:create_environment_scripts_only(image_subscriber)
[4.321s] INFO:colcon.colcon_core.shell:Creating package script '/vas/install/image_subscriber/share/image_subscriber/package.ps1'
[4.324s] INFO:colcon.colcon_core.shell:Creating package descriptor '/vas/install/image_subscriber/share/image_subscriber/package.dsv'
[4.327s] INFO:colcon.colcon_core.shell:Creating package script '/vas/install/image_subscriber/share/image_subscriber/package.sh'
[4.329s] INFO:colcon.colcon_core.shell:Creating package script '/vas/install/image_subscriber/share/image_subscriber/package.bash'
[4.334s] INFO:colcon.colcon_core.shell:Creating package script '/vas/install/image_subscriber/share/image_subscriber/package.zsh'
[4.336s] Level 1:colcon.colcon_core.environment:create_file_with_runtime_dependencies(/vas/install/image_subscriber/share/colcon-core/packages/image_subscriber)
[4.430s] Level 1:colcon.colcon_core.environment:checking '/vas/install/subscribers' for CMake module files
[4.431s] DEBUG:colcon.colcon_core.event_handler.log_command:Invoked command in '/vas/subscribers' returned '0': PYTHONPATH=/vas/build/subscribers/prefix_override:/usr/lib/python3/dist-packages/colcon_core/task/python/colcon_distutils_commands:/vas/install/subscribers/lib/python3.10/site-packages:${PYTHONPATH} /usr/bin/python3 -W ignore:setup.py install is deprecated setup.py egg_info --egg-base ../build/subscribers build --build-base /vas/build/subscribers/build install --record /vas/build/subscribers/install.log --single-version-externally-managed install_data
[4.435s] Level 1:colcon.colcon_core.environment:checking '/vas/install/subscribers' for CMake config files
[4.436s] Level 1:colcon.colcon_core.environment:checking '/vas/install/subscribers/lib'
[4.437s] Level 1:colcon.colcon_core.environment:checking '/vas/install/subscribers/bin'
[4.437s] Level 1:colcon.colcon_core.environment:checking '/vas/install/subscribers/lib/pkgconfig/subscribers.pc'
[4.437s] Level 1:colcon.colcon_core.environment:checking '/vas/install/subscribers/lib/python3.10/site-packages'
[4.437s] Level 1:colcon.colcon_core.shell:create_environment_hook('subscribers', 'pythonpath')
[4.439s] INFO:colcon.colcon_core.shell:Creating environment hook '/vas/install/subscribers/share/subscribers/hook/pythonpath.ps1'
[4.457s] INFO:colcon.colcon_core.shell:Creating environment descriptor '/vas/install/subscribers/share/subscribers/hook/pythonpath.dsv'
[4.462s] INFO:colcon.colcon_core.shell:Creating environment hook '/vas/install/subscribers/share/subscribers/hook/pythonpath.sh'
[4.472s] Level 1:colcon.colcon_core.environment:checking '/vas/install/subscribers/bin'
[4.473s] Level 1:colcon.colcon_core.environment:create_environment_scripts_only(subscribers)
[4.475s] INFO:colcon.colcon_core.shell:Creating package script '/vas/install/subscribers/share/subscribers/package.ps1'
[4.478s] INFO:colcon.colcon_core.shell:Creating package descriptor '/vas/install/subscribers/share/subscribers/package.dsv'
[4.482s] INFO:colcon.colcon_core.shell:Creating package script '/vas/install/subscribers/share/subscribers/package.sh'
[4.491s] INFO:colcon.colcon_core.shell:Creating package script '/vas/install/subscribers/share/subscribers/package.bash'
[4.492s] INFO:colcon.colcon_core.shell:Creating package script '/vas/install/subscribers/share/subscribers/package.zsh'
[4.493s] Level 1:colcon.colcon_core.environment:create_file_with_runtime_dependencies(/vas/install/subscribers/share/colcon-core/packages/subscribers)
[4.848s] Level 1:colcon.colcon_core.environment:checking '/vas/install/tts' for CMake module files
[4.852s] Level 1:colcon.colcon_core.environment:checking '/vas/install/tts' for CMake config files
[4.853s] Level 1:colcon.colcon_core.environment:checking '/vas/install/tts/lib'
[4.854s] DEBUG:colcon.colcon_core.event_handler.log_command:Invoked command in '/vas/tts' returned '0': PYTHONPATH=/vas/build/tts/prefix_override:/usr/lib/python3/dist-packages/colcon_core/task/python/colcon_distutils_commands:/vas/install/tts/lib/python3.10/site-packages:${PYTHONPATH} /usr/bin/python3 -W ignore:setup.py install is deprecated setup.py egg_info --egg-base ../build/tts build --build-base /vas/build/tts/build install --record /vas/build/tts/install.log --single-version-externally-managed install_data
[4.857s] Level 1:colcon.colcon_core.environment:checking '/vas/install/tts/bin'
[4.857s] Level 1:colcon.colcon_core.environment:checking '/vas/install/tts/lib/pkgconfig/tts.pc'
[4.857s] Level 1:colcon.colcon_core.environment:checking '/vas/install/tts/lib/python3.10/site-packages'
[4.858s] Level 1:colcon.colcon_core.shell:create_environment_hook('tts', 'pythonpath')
[4.860s] INFO:colcon.colcon_core.shell:Creating environment hook '/vas/install/tts/share/tts/hook/pythonpath.ps1'
[4.861s] INFO:colcon.colcon_core.shell:Creating environment descriptor '/vas/install/tts/share/tts/hook/pythonpath.dsv'
[4.865s] INFO:colcon.colcon_core.shell:Creating environment hook '/vas/install/tts/share/tts/hook/pythonpath.sh'
[4.867s] Level 1:colcon.colcon_core.environment:checking '/vas/install/tts/bin'
[4.867s] Level 1:colcon.colcon_core.environment:create_environment_scripts_only(tts)
[4.869s] INFO:colcon.colcon_core.shell:Creating package script '/vas/install/tts/share/tts/package.ps1'
[4.873s] INFO:colcon.colcon_core.shell:Creating package descriptor '/vas/install/tts/share/tts/package.dsv'
[4.879s] INFO:colcon.colcon_core.shell:Creating package script '/vas/install/tts/share/tts/package.sh'
[4.881s] INFO:colcon.colcon_core.shell:Creating package script '/vas/install/tts/share/tts/package.bash'
[4.882s] INFO:colcon.colcon_core.shell:Creating package script '/vas/install/tts/share/tts/package.zsh'
[4.883s] Level 1:colcon.colcon_core.environment:create_file_with_runtime_dependencies(/vas/install/tts/share/colcon-core/packages/tts)
[4.883s] DEBUG:colcon.colcon_parallel_executor.executor.parallel:closing loop
[4.884s] DEBUG:colcon.colcon_parallel_executor.executor.parallel:loop closed
[4.887s] DEBUG:colcon.colcon_parallel_executor.executor.parallel:run_until_complete finished with '0'
[4.888s] DEBUG:colcon.colcon_core.event_reactor:joining thread
[4.925s] INFO:colcon.colcon_core.plugin_system:Skipping extension 'colcon_notification.desktop_notification.notify_send': Could not find 'notify-send'
[4.925s] INFO:colcon.colcon_core.plugin_system:Skipping extension 'colcon_notification.desktop_notification.terminal_notifier': Not used on non-Darwin systems
[4.926s] INFO:colcon.colcon_core.plugin_system:Skipping extension 'colcon_notification.desktop_notification.win32': Not used on non-Windows systems
[4.926s] INFO:colcon.colcon_notification.desktop_notification:Sending desktop notification using 'notify2'
[4.931s] DEBUG:colcon.colcon_notification.desktop_notification.notify2:Failed to initialize notify2: org.freedesktop.DBus.Error.Spawn.ExecFailed: /usr/bin/dbus-launch terminated abnormally without any error message
[4.931s] DEBUG:colcon.colcon_core.event_reactor:joined thread
[4.932s] INFO:colcon.colcon_core.shell:Creating prefix script '/vas/install/local_setup.ps1'
[4.936s] INFO:colcon.colcon_core.shell:Creating prefix util module '/vas/install/_local_setup_util_ps1.py'
[4.940s] INFO:colcon.colcon_core.shell:Creating prefix chain script '/vas/install/setup.ps1'
[4.943s] INFO:colcon.colcon_core.shell:Creating prefix script '/vas/install/local_setup.sh'
[4.944s] INFO:colcon.colcon_core.shell:Creating prefix util module '/vas/install/_local_setup_util_sh.py'
[4.945s] INFO:colcon.colcon_core.shell:Creating prefix chain script '/vas/install/setup.sh'
[4.953s] INFO:colcon.colcon_core.shell:Creating prefix script '/vas/install/local_setup.bash'
[4.958s] INFO:colcon.colcon_core.shell:Creating prefix chain script '/vas/install/setup.bash'
[4.984s] INFO:colcon.colcon_core.shell:Creating prefix script '/vas/install/local_setup.zsh'
[4.987s] INFO:colcon.colcon_core.shell:Creating prefix chain script '/vas/install/setup.zsh'
