[11.573s] Invoking command in '/vas/tts': PYTHONPATH=/vas/build/tts/prefix_override:/usr/lib/python3/dist-packages/colcon_core/task/python/colcon_distutils_commands:/vas/install/tts/lib/python3.10/site-packages:${PYTHONPATH} /usr/bin/python3 -W ignore:setup.py install is deprecated setup.py egg_info --egg-base ../build/tts build --build-base /vas/build/tts/build install --record /vas/build/tts/install.log --single-version-externally-managed install_data
[13.638s] running egg_info
[13.641s] writing ../build/tts/tts.egg-info/PKG-INFO
[13.647s] writing dependency_links to ../build/tts/tts.egg-info/dependency_links.txt
[13.656s] writing entry points to ../build/tts/tts.egg-info/entry_points.txt
[13.656s] writing requirements to ../build/tts/tts.egg-info/requires.txt
[13.681s] writing top-level names to ../build/tts/tts.egg-info/top_level.txt
[13.682s] reading manifest file '../build/tts/tts.egg-info/SOURCES.txt'
[13.706s] writing manifest file '../build/tts/tts.egg-info/SOURCES.txt'
[13.706s] running build
[13.706s] running build_py
[13.706s] running install
[13.706s] running install_lib
[13.716s] running install_data
[13.716s] running install_egg_info
[13.716s] removing '/vas/install/tts/lib/python3.10/site-packages/tts-0.0.0-py3.10.egg-info' (and everything under it)
[13.731s] Copying ../build/tts/tts.egg-info to /vas/install/tts/lib/python3.10/site-packages/tts-0.0.0-py3.10.egg-info
[13.744s] running install_scripts
[13.999s] Installing tts_node script to /vas/install/tts/lib/tts
[14.029s] writing list of installed files to '/vas/build/tts/install.log'
[14.348s] Invoked command in '/vas/tts' returned '0': PYTHONPATH=/vas/build/tts/prefix_override:/usr/lib/python3/dist-packages/colcon_core/task/python/colcon_distutils_commands:/vas/install/tts/lib/python3.10/site-packages:${PYTHONPATH} /usr/bin/python3 -W ignore:setup.py install is deprecated setup.py egg_info --egg-base ../build/tts build --build-base /vas/build/tts/build install --record /vas/build/tts/install.log --single-version-externally-managed install_data
