[1.414s] Invoking command in '/vas/tfmini': PYTHONPATH=/vas/build/tfmini/prefix_override:/usr/lib/python3/dist-packages/colcon_core/task/python/colcon_distutils_commands:/vas/install/tfmini/lib/python3.10/site-packages:${PYTHONPATH} /usr/bin/python3 -W ignore:setup.py install is deprecated setup.py egg_info --egg-base ../build/tfmini build --build-base /vas/build/tfmini/build install --record /vas/build/tfmini/install.log --single-version-externally-managed install_data
[1.708s] running egg_info
[1.709s] writing ../build/tfmini/tfmini.egg-info/PKG-INFO
[1.710s] writing dependency_links to ../build/tfmini/tfmini.egg-info/dependency_links.txt
[1.711s] writing entry points to ../build/tfmini/tfmini.egg-info/entry_points.txt
[1.712s] writing requirements to ../build/tfmini/tfmini.egg-info/requires.txt
[1.714s] writing top-level names to ../build/tfmini/tfmini.egg-info/top_level.txt
[1.717s] reading manifest file '../build/tfmini/tfmini.egg-info/SOURCES.txt'
[1.718s] writing manifest file '../build/tfmini/tfmini.egg-info/SOURCES.txt'
[1.719s] running build
[1.719s] running build_py
[1.720s] running install
[1.720s] running install_lib
[1.731s] running install_data
[1.731s] running install_egg_info
[1.734s] removing '/vas/install/tfmini/lib/python3.10/site-packages/tfmini-0.0.0-py3.10.egg-info' (and everything under it)
[1.735s] Copying ../build/tfmini/tfmini.egg-info to /vas/install/tfmini/lib/python3.10/site-packages/tfmini-0.0.0-py3.10.egg-info
[1.736s] running install_scripts
[1.776s] Installing tfmini_node script to /vas/install/tfmini/lib/tfmini
[1.777s] writing list of installed files to '/vas/build/tfmini/install.log'
[1.892s] Invoked command in '/vas/tfmini' returned '0': PYTHONPATH=/vas/build/tfmini/prefix_override:/usr/lib/python3/dist-packages/colcon_core/task/python/colcon_distutils_commands:/vas/install/tfmini/lib/python3.10/site-packages:${PYTHONPATH} /usr/bin/python3 -W ignore:setup.py install is deprecated setup.py egg_info --egg-base ../build/tfmini build --build-base /vas/build/tfmini/build install --record /vas/build/tfmini/install.log --single-version-externally-managed install_data
