[4.820s] Invoking command in '/vas/tts': PYTHONPATH=/vas/build/tts/prefix_override:/usr/lib/python3/dist-packages/colcon_core/task/python/colcon_distutils_commands:/vas/install/tts/lib/python3.10/site-packages:${PYTHONPATH} /usr/bin/python3 -W ignore:setup.py install is deprecated setup.py egg_info --egg-base ../build/tts build --build-base /vas/build/tts/build install --record /vas/build/tts/install.log --single-version-externally-managed install_data
[7.111s] running egg_info
[7.112s] writing ../build/tts/tts.egg-info/PKG-INFO
[7.112s] writing dependency_links to ../build/tts/tts.egg-info/dependency_links.txt
[7.112s] writing entry points to ../build/tts/tts.egg-info/entry_points.txt
[7.112s] writing requirements to ../build/tts/tts.egg-info/requires.txt
[7.113s] writing top-level names to ../build/tts/tts.egg-info/top_level.txt
[7.124s] reading manifest file '../build/tts/tts.egg-info/SOURCES.txt'
[7.127s] writing manifest file '../build/tts/tts.egg-info/SOURCES.txt'
[7.136s] running build
[7.136s] running build_py
[7.142s] running install
[7.142s] running install_lib
[7.211s] running install_data
[7.222s] running install_egg_info
[7.222s] removing '/vas/install/tts/lib/python3.10/site-packages/tts-0.0.0-py3.10.egg-info' (and everything under it)
[7.255s] Copying ../build/tts/tts.egg-info to /vas/install/tts/lib/python3.10/site-packages/tts-0.0.0-py3.10.egg-info
[7.284s] running install_scripts
[7.637s] Installing tts_node script to /vas/install/tts/lib/tts
[7.643s] writing list of installed files to '/vas/build/tts/install.log'
[8.287s] Invoked command in '/vas/tts' returned '0': PYTHONPATH=/vas/build/tts/prefix_override:/usr/lib/python3/dist-packages/colcon_core/task/python/colcon_distutils_commands:/vas/install/tts/lib/python3.10/site-packages:${PYTHONPATH} /usr/bin/python3 -W ignore:setup.py install is deprecated setup.py egg_info --egg-base ../build/tts build --build-base /vas/build/tts/build install --record /vas/build/tts/install.log --single-version-externally-managed install_data
