[0.021s] Invoking command in '/VAS/build/camera_ros': CMAKE_PREFIX_PATH=/opt/ros/humble /usr/bin/cmake /VAS/camera_ros -DCMAKE_INSTALL_PREFIX=/VAS/install/camera_ros
[0.264s] -- The C compiler identification is GNU 11.4.0
[0.369s] -- The CXX compiler identification is GNU 11.4.0
[0.390s] -- Detecting C compiler ABI info
[0.596s] -- Detecting C compiler ABI info - done
[0.613s] -- Check for working C compiler: /usr/bin/cc - skipped
[0.616s] -- Detecting C compile features
[0.622s] -- Detecting C compile features - done
[0.632s] -- Detecting CXX compiler ABI info
[0.823s] -- Detecting CXX compiler ABI info - done
[0.845s] -- Check for working CXX compiler: /usr/bin/c++ - skipped
[0.855s] -- Detecting CXX compile features
[0.855s] -- Detecting CXX compile features - done
[0.866s] -- Found PkgConfig: /usr/bin/pkg-config (found version "0.29.2") 
[0.872s] -- Found ament_cmake: 1.3.9 (/opt/ros/humble/share/ament_cmake/cmake)
[1.123s] -- Found Python3: /usr/bin/python3 (found version "3.10.12") found components: Interpreter 
[1.332s] -- Found rclcpp: 16.0.9 (/opt/ros/humble/share/rclcpp/cmake)
[1.476s] -- Found rosidl_generator_c: 3.1.5 (/opt/ros/humble/share/rosidl_generator_c/cmake)
[1.483s] -- Found rosidl_adapter: 3.1.5 (/opt/ros/humble/share/rosidl_adapter/cmake)
[1.500s] -- Found rosidl_generator_cpp: 3.1.5 (/opt/ros/humble/share/rosidl_generator_cpp/cmake)
[1.529s] -- Using all available rosidl_typesupport_c: rosidl_typesupport_fastrtps_c;rosidl_typesupport_introspection_c
[1.587s] -- Using all available rosidl_typesupport_cpp: rosidl_typesupport_fastrtps_cpp;rosidl_typesupport_introspection_cpp
[1.732s] -- Found rmw_implementation_cmake: 6.1.2 (/opt/ros/humble/share/rmw_implementation_cmake/cmake)
[1.752s] -- Found rmw_fastrtps_cpp: 6.2.6 (/opt/ros/humble/share/rmw_fastrtps_cpp/cmake)
[1.953s] -- Found OpenSSL: /usr/lib/aarch64-linux-gnu/libcrypto.so (found version "3.0.2")  
[1.987s] -- Found FastRTPS: /opt/ros/humble/include  
[2.054s] -- Using RMW implementation 'rmw_fastrtps_cpp' as default
[2.077s] -- Looking for pthread.h
[2.178s] -- Looking for pthread.h - found
[2.179s] -- Performing Test CMAKE_HAVE_LIBC_PTHREAD
[2.280s] -- Performing Test CMAKE_HAVE_LIBC_PTHREAD - Success
[2.282s] -- Found Threads: TRUE  
[2.600s] -- Found rclcpp_components: 16.0.9 (/opt/ros/humble/share/rclcpp_components/cmake)
[2.719s] -- Found sensor_msgs: 4.2.4 (/opt/ros/humble/share/sensor_msgs/cmake)
[2.940s] -- Found camera_info_manager: 3.1.9 (/opt/ros/humble/share/camera_info_manager/cmake)
[3.015s] -- Found cv_bridge: 3.2.1 (/opt/ros/humble/share/cv_bridge/cmake)
[3.036s] -- Checking for module 'libcamera>=0.1'
[3.056s] --   Found libcamera, version 0.1.0
[3.102s] -- Found ament_lint_auto: 0.12.11 (/opt/ros/humble/share/ament_lint_auto/cmake)
[3.268s] -- Added test 'cppcheck' to perform static code analysis on C / C++ code
[3.269s] -- Configured cppcheck include dirs: $<BUILD_INTERFACE:/VAS/camera_ros/include>
[3.269s] -- Configured cppcheck exclude dirs and/or files: 
[3.270s] -- Added test 'flake8' to check Python code syntax and style conventions
[3.271s] -- Added test 'lint_cmake' to check CMake code style
[3.273s] -- Added test 'pep257' to check Python code against some of the docstring style conventions in PEP 257
[3.274s] -- Added test 'xmllint' to check XML markup files
[3.278s] -- Configuring done
[3.300s] -- Generating done
[3.301s] -- Build files have been written to: /VAS/build/camera_ros
[3.314s] Invoked command in '/VAS/build/camera_ros' returned '0': CMAKE_PREFIX_PATH=/opt/ros/humble /usr/bin/cmake /VAS/camera_ros -DCMAKE_INSTALL_PREFIX=/VAS/install/camera_ros
[3.320s] Invoking command in '/VAS/build/camera_ros': CMAKE_PREFIX_PATH=/opt/ros/humble /usr/bin/cmake --build /VAS/build/camera_ros -- -j4 -l4
[3.393s] [ 16%] [32mBuilding CXX object CMakeFiles/utils.dir/src/clamp.cpp.o[0m
[3.395s] [ 16%] [32mBuilding CXX object CMakeFiles/utils.dir/src/cv_to_pv.cpp.o[0m
[3.401s] [ 25%] [32mBuilding CXX object CMakeFiles/utils.dir/src/format_mapping.cpp.o[0m
[3.405s] [ 33%] [32mBuilding CXX object CMakeFiles/camera_node.dir/rclcpp_components/node_main_camera_node.cpp.o[0m
[5.469s] [ 41%] [32mBuilding CXX object CMakeFiles/utils.dir/src/parameter_conflict_check.cpp.o[0m
[5.940s] [ 50%] [32mBuilding CXX object CMakeFiles/utils.dir/src/pretty_print.cpp.o[0m
[6.237s] [ 58%] [32mBuilding CXX object CMakeFiles/utils.dir/src/pv_to_cv.cpp.o[0m
[7.960s] [ 66%] [32mBuilding CXX object CMakeFiles/utils.dir/src/types.cpp.o[0m
[8.250s] [ 75%] [32mBuilding CXX object CMakeFiles/utils.dir/src/type_extent.cpp.o[0m
[9.406s] [ 75%] Built target utils
[9.435s] [ 83%] [32mBuilding CXX object CMakeFiles/camera_component.dir/src/CameraNode.cpp.o[0m
[11.100s] [ 91%] [32m[1mLinking CXX executable camera_node[0m
[11.438s] [ 91%] Built target camera_node
[20.153s] [100%] [32m[1mLinking CXX shared library libcamera_component.so[0m
[21.352s] [100%] Built target camera_component
[21.366s] Invoked command in '/VAS/build/camera_ros' returned '0': CMAKE_PREFIX_PATH=/opt/ros/humble /usr/bin/cmake --build /VAS/build/camera_ros -- -j4 -l4
[21.409s] Invoking command in '/VAS/build/camera_ros': CMAKE_PREFIX_PATH=/opt/ros/humble /usr/bin/cmake --install /VAS/build/camera_ros
[21.417s] -- Install configuration: ""
[21.418s] -- Installing: /VAS/install/camera_ros/lib/camera_ros/camera_node
[21.421s] -- Set runtime path of "/VAS/install/camera_ros/lib/camera_ros/camera_node" to ""
[21.422s] -- Installing: /VAS/install/camera_ros/lib/libcamera_component.so
[21.431s] -- Set runtime path of "/VAS/install/camera_ros/lib/libcamera_component.so" to ""
[21.436s] -- Installing: /VAS/install/camera_ros/share/camera_ros//launch
[21.437s] -- Installing: /VAS/install/camera_ros/share/camera_ros//launch/camera.launch.py
[21.438s] -- Installing: /VAS/install/camera_ros/share/ament_index/resource_index/package_run_dependencies/camera_ros
[21.438s] -- Installing: /VAS/install/camera_ros/share/ament_index/resource_index/parent_prefix_path/camera_ros
[21.438s] -- Installing: /VAS/install/camera_ros/share/camera_ros/environment/ament_prefix_path.sh
[21.439s] -- Installing: /VAS/install/camera_ros/share/camera_ros/environment/ament_prefix_path.dsv
[21.439s] -- Installing: /VAS/install/camera_ros/share/camera_ros/environment/path.sh
[21.439s] -- Installing: /VAS/install/camera_ros/share/camera_ros/environment/path.dsv
[21.439s] -- Installing: /VAS/install/camera_ros/share/camera_ros/local_setup.bash
[21.439s] -- Installing: /VAS/install/camera_ros/share/camera_ros/local_setup.sh
[21.439s] -- Installing: /VAS/install/camera_ros/share/camera_ros/local_setup.zsh
[21.440s] -- Installing: /VAS/install/camera_ros/share/camera_ros/local_setup.dsv
[21.440s] -- Installing: /VAS/install/camera_ros/share/camera_ros/package.dsv
[21.440s] -- Installing: /VAS/install/camera_ros/share/ament_index/resource_index/packages/camera_ros
[21.440s] -- Installing: /VAS/install/camera_ros/share/ament_index/resource_index/rclcpp_components/camera_ros
[21.440s] -- Installing: /VAS/install/camera_ros/share/camera_ros/cmake/camera_rosConfig.cmake
[21.441s] -- Installing: /VAS/install/camera_ros/share/camera_ros/cmake/camera_rosConfig-version.cmake
[21.441s] -- Installing: /VAS/install/camera_ros/share/camera_ros/package.xml
[21.445s] Invoked command in '/VAS/build/camera_ros' returned '0': CMAKE_PREFIX_PATH=/opt/ros/humble /usr/bin/cmake --install /VAS/build/camera_ros
