[0.631s] DEBUG:colcon:Command line arguments: ['/usr/bin/colcon', 'build']
[0.631s] DEBUG:colcon:Parsed command line arguments: Namespace(log_base=None, log_level=None, verb_name='build', build_base='build', install_base='install', merge_install=False, symlink_install=False, test_result_base=None, continue_on_error=False, executor='parallel', parallel_workers=4, event_handlers=None, ignore_user_meta=False, metas=['./colcon.meta'], base_paths=['.'], packages_ignore=None, packages_ignore_regex=None, paths=None, packages_up_to=None, packages_up_to_regex=None, packages_above=None, packages_above_and_dependencies=None, packages_above_depth=None, packages_select_by_dep=None, packages_skip_by_dep=None, packages_skip_up_to=None, packages_select_build_failed=False, packages_skip_build_finished=False, packages_select_test_failures=False, packages_skip_test_passed=False, packages_select=None, packages_skip=None, packages_select_regex=None, packages_skip_regex=None, packages_start=None, packages_end=None, cmake_args=None, cmake_target=None, cmake_target_skip_unavailable=False, cmake_clean_cache=False, cmake_clean_first=False, cmake_force_configure=False, ament_cmake_args=None, catkin_cmake_args=None, catkin_skip_building_tests=False, mixin_files=None, mixin=None, verb_parser=<colcon_mixin.mixin.mixin_argument.MixinArgumentDecorator object at 0x7fff887525c0>, verb_extension=<colcon_core.verb.build.BuildVerb object at 0x7fff88751fc0>, main=<bound method BuildVerb.main of <colcon_core.verb.build.BuildVerb object at 0x7fff88751fc0>>, mixin_verb=('build',))
[0.550s] DEBUG:colcon:Command line arguments: ['/usr/bin/colcon', 'build']
[0.550s] DEBUG:colcon:Parsed command line arguments: Namespace(log_base=None, log_level=None, verb_name='build', build_base='build', install_base='install', merge_install=False, symlink_install=False, test_result_base=None, continue_on_error=False, executor='parallel', parallel_workers=4, event_handlers=None, ignore_user_meta=False, metas=['./colcon.meta'], base_paths=['.'], packages_ignore=None, packages_ignore_regex=None, paths=None, packages_up_to=None, packages_up_to_regex=None, packages_above=None, packages_above_and_dependencies=None, packages_above_depth=None, packages_select_by_dep=None, packages_skip_by_dep=None, packages_skip_up_to=None, packages_select_build_failed=False, packages_skip_build_finished=False, packages_select_test_failures=False, packages_skip_test_passed=False, packages_select=None, packages_skip=None, packages_select_regex=None, packages_skip_regex=None, packages_start=None, packages_end=None, cmake_args=None, cmake_target=None, cmake_target_skip_unavailable=False, cmake_clean_cache=False, cmake_clean_first=False, cmake_force_configure=False, ament_cmake_args=None, catkin_cmake_args=None, catkin_skip_building_tests=False, mixin_files=None, mixin=None, verb_parser=<colcon_mixin.mixin.mixin_argument.MixinArgumentDecorator object at 0x7fff87196590>, verb_extension=<colcon_core.verb.build.BuildVerb object at 0x7fff87195f90>, main=<bound method BuildVerb.main of <colcon_core.verb.build.BuildVerb object at 0x7fff87195f90>>, mixin_verb=('build',))
[1.148s] Level 1:colcon.colcon_core.package_discovery:discover_packages(colcon_meta) check parameters
[1.066s] Level 1:colcon.colcon_core.package_discovery:discover_packages(colcon_meta) check parameters
[1.151s] INFO:colcon.colcon_metadata.package_discovery.colcon_meta:Using configuration from '/root/.colcon/metadata/default/Gazebo.meta'
[1.068s] INFO:colcon.colcon_metadata.package_discovery.colcon_meta:Using configuration from '/root/.colcon/metadata/default/Gazebo.meta'
[1.153s] INFO:colcon.colcon_metadata.package_discovery.colcon_meta:Using configuration from '/root/.colcon/metadata/default/fastrtps.meta'
[1.069s] INFO:colcon.colcon_metadata.package_discovery.colcon_meta:Using configuration from '/root/.colcon/metadata/default/fastrtps.meta'
[1.069s] Level 1:colcon.colcon_core.package_discovery:discover_packages(recursive) check parameters
[1.069s] Level 1:colcon.colcon_core.package_discovery:discover_packages(ignore) check parameters
[1.069s] Level 1:colcon.colcon_core.package_discovery:discover_packages(path) check parameters
[1.069s] Level 1:colcon.colcon_core.package_discovery:discover_packages(colcon_meta) discover
[1.069s] Level 1:colcon.colcon_core.package_discovery:discover_packages(recursive) discover
[1.069s] INFO:colcon.colcon_core.package_discovery:Crawling recursively for packages in '/vas'
[1.069s] Level 1:colcon.colcon_core.package_identification:_identify(.) by extensions ['ignore', 'ignore_ament_install']
[1.070s] Level 1:colcon.colcon_core.package_identification:_identify(.) by extension 'ignore'
[1.070s] Level 1:colcon.colcon_core.package_identification:_identify(.) by extension 'ignore_ament_install'
[1.070s] Level 1:colcon.colcon_core.package_identification:_identify(.) by extensions ['colcon_pkg']
[1.070s] Level 1:colcon.colcon_core.package_identification:_identify(.) by extension 'colcon_pkg'
[1.070s] Level 1:colcon.colcon_core.package_identification:_identify(.) by extensions ['colcon_meta']
[1.070s] Level 1:colcon.colcon_core.package_identification:_identify(.) by extension 'colcon_meta'
[1.070s] Level 1:colcon.colcon_core.package_identification:_identify(.) by extensions ['ros']
[1.070s] Level 1:colcon.colcon_core.package_identification:_identify(.) by extension 'ros'
[1.154s] Level 1:colcon.colcon_core.package_discovery:discover_packages(recursive) check parameters
[1.154s] Level 1:colcon.colcon_core.package_discovery:discover_packages(ignore) check parameters
[1.154s] Level 1:colcon.colcon_core.package_discovery:discover_packages(path) check parameters
[1.154s] Level 1:colcon.colcon_core.package_discovery:discover_packages(colcon_meta) discover
[1.155s] Level 1:colcon.colcon_core.package_discovery:discover_packages(recursive) discover
[1.155s] INFO:colcon.colcon_core.package_discovery:Crawling recursively for packages in '/vas'
[1.155s] Level 1:colcon.colcon_core.package_identification:_identify(.) by extensions ['ignore', 'ignore_ament_install']
[1.155s] Level 1:colcon.colcon_core.package_identification:_identify(.) by extension 'ignore'
[1.156s] Level 1:colcon.colcon_core.package_identification:_identify(.) by extension 'ignore_ament_install'
[1.156s] Level 1:colcon.colcon_core.package_identification:_identify(.) by extensions ['colcon_pkg']
[1.156s] Level 1:colcon.colcon_core.package_identification:_identify(.) by extension 'colcon_pkg'
[1.156s] Level 1:colcon.colcon_core.package_identification:_identify(.) by extensions ['colcon_meta']
[1.157s] Level 1:colcon.colcon_core.package_identification:_identify(.) by extension 'colcon_meta'
[1.157s] Level 1:colcon.colcon_core.package_identification:_identify(.) by extensions ['ros']
[1.157s] Level 1:colcon.colcon_core.package_identification:_identify(.) by extension 'ros'
[1.094s] Level 1:colcon.colcon_core.package_identification:_identify(.) by extensions ['cmake', 'python']
[1.094s] Level 1:colcon.colcon_core.package_identification:_identify(.) by extension 'cmake'
[1.094s] Level 1:colcon.colcon_core.package_identification:_identify(.) by extension 'python'
[1.094s] Level 1:colcon.colcon_core.package_identification:_identify(.) by extensions ['python_setup_py']
[1.094s] Level 1:colcon.colcon_core.package_identification:_identify(.) by extension 'python_setup_py'
[1.094s] Level 1:colcon.colcon_core.package_identification:_identify(build) by extensions ['ignore', 'ignore_ament_install']
[1.094s] Level 1:colcon.colcon_core.package_identification:_identify(build) by extension 'ignore'
[1.095s] Level 1:colcon.colcon_core.package_identification:_identify(build) ignored
[1.178s] Level 1:colcon.colcon_core.package_identification:_identify(.) by extensions ['cmake', 'python']
[1.095s] Level 1:colcon.colcon_core.package_identification:_identify(image_subscriber) by extensions ['ignore', 'ignore_ament_install']
[1.095s] Level 1:colcon.colcon_core.package_identification:_identify(image_subscriber) by extension 'ignore'
[1.095s] Level 1:colcon.colcon_core.package_identification:_identify(image_subscriber) by extension 'ignore_ament_install'
[1.095s] Level 1:colcon.colcon_core.package_identification:_identify(image_subscriber) by extensions ['colcon_pkg']
[1.095s] Level 1:colcon.colcon_core.package_identification:_identify(image_subscriber) by extension 'colcon_pkg'
[1.095s] Level 1:colcon.colcon_core.package_identification:_identify(image_subscriber) by extensions ['colcon_meta']
[1.095s] Level 1:colcon.colcon_core.package_identification:_identify(image_subscriber) by extension 'colcon_meta'
[1.095s] Level 1:colcon.colcon_core.package_identification:_identify(image_subscriber) by extensions ['ros']
[1.095s] Level 1:colcon.colcon_core.package_identification:_identify(image_subscriber) by extension 'ros'
[1.179s] Level 1:colcon.colcon_core.package_identification:_identify(.) by extension 'cmake'
[1.179s] Level 1:colcon.colcon_core.package_identification:_identify(.) by extension 'python'
[1.180s] Level 1:colcon.colcon_core.package_identification:_identify(.) by extensions ['python_setup_py']
[1.180s] Level 1:colcon.colcon_core.package_identification:_identify(.) by extension 'python_setup_py'
[1.180s] Level 1:colcon.colcon_core.package_identification:_identify(build) by extensions ['ignore', 'ignore_ament_install']
[1.180s] Level 1:colcon.colcon_core.package_identification:_identify(build) by extension 'ignore'
[1.181s] Level 1:colcon.colcon_core.package_identification:_identify(build) ignored
[1.181s] Level 1:colcon.colcon_core.package_identification:_identify(image_subscriber) by extensions ['ignore', 'ignore_ament_install']
[1.181s] Level 1:colcon.colcon_core.package_identification:_identify(image_subscriber) by extension 'ignore'
[1.181s] Level 1:colcon.colcon_core.package_identification:_identify(image_subscriber) by extension 'ignore_ament_install'
[1.181s] Level 1:colcon.colcon_core.package_identification:_identify(image_subscriber) by extensions ['colcon_pkg']
[1.182s] Level 1:colcon.colcon_core.package_identification:_identify(image_subscriber) by extension 'colcon_pkg'
[1.182s] Level 1:colcon.colcon_core.package_identification:_identify(image_subscriber) by extensions ['colcon_meta']
[1.182s] Level 1:colcon.colcon_core.package_identification:_identify(image_subscriber) by extension 'colcon_meta'
[1.182s] Level 1:colcon.colcon_core.package_identification:_identify(image_subscriber) by extensions ['ros']
[1.182s] Level 1:colcon.colcon_core.package_identification:_identify(image_subscriber) by extension 'ros'
[1.186s] DEBUG:colcon.colcon_core.package_identification:Package 'image_subscriber' with type 'ros.ament_python' and name 'image_subscriber'
[1.186s] Level 1:colcon.colcon_core.package_identification:_identify(install) by extensions ['ignore', 'ignore_ament_install']
[1.187s] Level 1:colcon.colcon_core.package_identification:_identify(install) by extension 'ignore'
[1.187s] Level 1:colcon.colcon_core.package_identification:_identify(install) ignored
[1.187s] Level 1:colcon.colcon_core.package_identification:_identify(log) by extensions ['ignore', 'ignore_ament_install']
[1.188s] Level 1:colcon.colcon_core.package_identification:_identify(log) by extension 'ignore'
[1.188s] Level 1:colcon.colcon_core.package_identification:_identify(log) ignored
[1.188s] Level 1:colcon.colcon_core.package_identification:_identify(subscribers) by extensions ['ignore', 'ignore_ament_install']
[1.188s] Level 1:colcon.colcon_core.package_identification:_identify(subscribers) by extension 'ignore'
[1.188s] Level 1:colcon.colcon_core.package_identification:_identify(subscribers) by extension 'ignore_ament_install'
[1.105s] DEBUG:colcon.colcon_core.package_identification:Package 'image_subscriber' with type 'ros.ament_python' and name 'image_subscriber'
[1.189s] Level 1:colcon.colcon_core.package_identification:_identify(subscribers) by extensions ['colcon_pkg']
[1.189s] Level 1:colcon.colcon_core.package_identification:_identify(subscribers) by extension 'colcon_pkg'
[1.105s] Level 1:colcon.colcon_core.package_identification:_identify(install) by extensions ['ignore', 'ignore_ament_install']
[1.105s] Level 1:colcon.colcon_core.package_identification:_identify(install) by extension 'ignore'
[1.105s] Level 1:colcon.colcon_core.package_identification:_identify(install) ignored
[1.106s] Level 1:colcon.colcon_core.package_identification:_identify(log) by extensions ['ignore', 'ignore_ament_install']
[1.106s] Level 1:colcon.colcon_core.package_identification:_identify(log) by extension 'ignore'
[1.106s] Level 1:colcon.colcon_core.package_identification:_identify(log) ignored
[1.106s] Level 1:colcon.colcon_core.package_identification:_identify(subscribers) by extensions ['ignore', 'ignore_ament_install']
[1.106s] Level 1:colcon.colcon_core.package_identification:_identify(subscribers) by extension 'ignore'
[1.106s] Level 1:colcon.colcon_core.package_identification:_identify(subscribers) by extension 'ignore_ament_install'
[1.106s] Level 1:colcon.colcon_core.package_identification:_identify(subscribers) by extensions ['colcon_pkg']
[1.106s] Level 1:colcon.colcon_core.package_identification:_identify(subscribers) by extension 'colcon_pkg'
[1.106s] Level 1:colcon.colcon_core.package_identification:_identify(subscribers) by extensions ['colcon_meta']
[1.106s] Level 1:colcon.colcon_core.package_identification:_identify(subscribers) by extension 'colcon_meta'
[1.106s] Level 1:colcon.colcon_core.package_identification:_identify(subscribers) by extensions ['ros']
[1.106s] Level 1:colcon.colcon_core.package_identification:_identify(subscribers) by extension 'ros'
[1.189s] Level 1:colcon.colcon_core.package_identification:_identify(subscribers) by extensions ['colcon_meta']
[1.191s] Level 1:colcon.colcon_core.package_identification:_identify(subscribers) by extension 'colcon_meta'
[1.191s] Level 1:colcon.colcon_core.package_identification:_identify(subscribers) by extensions ['ros']
[1.191s] Level 1:colcon.colcon_core.package_identification:_identify(subscribers) by extension 'ros'
[1.192s] DEBUG:colcon.colcon_core.package_identification:Package 'subscribers' with type 'ros.ament_python' and name 'subscribers'
[1.109s] DEBUG:colcon.colcon_core.package_identification:Package 'subscribers' with type 'ros.ament_python' and name 'subscribers'
[1.109s] Level 1:colcon.colcon_core.package_identification:_identify(tfmini) by extensions ['ignore', 'ignore_ament_install']
[1.109s] Level 1:colcon.colcon_core.package_identification:_identify(tfmini) by extension 'ignore'
[1.109s] Level 1:colcon.colcon_core.package_identification:_identify(tfmini) by extension 'ignore_ament_install'
[1.109s] Level 1:colcon.colcon_core.package_identification:_identify(tfmini) by extensions ['colcon_pkg']
[1.109s] Level 1:colcon.colcon_core.package_identification:_identify(tfmini) by extension 'colcon_pkg'
[1.109s] Level 1:colcon.colcon_core.package_identification:_identify(tfmini) by extensions ['colcon_meta']
[1.109s] Level 1:colcon.colcon_core.package_identification:_identify(tfmini) by extension 'colcon_meta'
[1.110s] Level 1:colcon.colcon_core.package_identification:_identify(tfmini) by extensions ['ros']
[1.110s] Level 1:colcon.colcon_core.package_identification:_identify(tfmini) by extension 'ros'
[1.194s] Level 1:colcon.colcon_core.package_identification:_identify(tfmini) by extensions ['ignore', 'ignore_ament_install']
[1.194s] Level 1:colcon.colcon_core.package_identification:_identify(tfmini) by extension 'ignore'
[1.194s] Level 1:colcon.colcon_core.package_identification:_identify(tfmini) by extension 'ignore_ament_install'
[1.195s] Level 1:colcon.colcon_core.package_identification:_identify(tfmini) by extensions ['colcon_pkg']
[1.195s] Level 1:colcon.colcon_core.package_identification:_identify(tfmini) by extension 'colcon_pkg'
[1.195s] Level 1:colcon.colcon_core.package_identification:_identify(tfmini) by extensions ['colcon_meta']
[1.195s] Level 1:colcon.colcon_core.package_identification:_identify(tfmini) by extension 'colcon_meta'
[1.112s] DEBUG:colcon.colcon_core.package_identification:Package 'tfmini' with type 'ros.ament_python' and name 'tfmini'
[1.195s] Level 1:colcon.colcon_core.package_identification:_identify(tfmini) by extensions ['ros']
[1.112s] Level 1:colcon.colcon_core.package_identification:_identify(tts) by extensions ['ignore', 'ignore_ament_install']
[1.112s] Level 1:colcon.colcon_core.package_identification:_identify(tts) by extension 'ignore'
[1.112s] Level 1:colcon.colcon_core.package_identification:_identify(tts) by extension 'ignore_ament_install'
[1.112s] Level 1:colcon.colcon_core.package_identification:_identify(tts) by extensions ['colcon_pkg']
[1.112s] Level 1:colcon.colcon_core.package_identification:_identify(tts) by extension 'colcon_pkg'
[1.112s] Level 1:colcon.colcon_core.package_identification:_identify(tts) by extensions ['colcon_meta']
[1.112s] Level 1:colcon.colcon_core.package_identification:_identify(tts) by extension 'colcon_meta'
[1.112s] Level 1:colcon.colcon_core.package_identification:_identify(tts) by extensions ['ros']
[1.112s] Level 1:colcon.colcon_core.package_identification:_identify(tts) by extension 'ros'
[1.196s] Level 1:colcon.colcon_core.package_identification:_identify(tfmini) by extension 'ros'
[1.114s] DEBUG:colcon.colcon_core.package_identification:Package 'tts' with type 'ros.ament_python' and name 'tts'
[1.114s] Level 1:colcon.colcon_core.package_discovery:discover_packages(recursive) using defaults
[1.114s] Level 1:colcon.colcon_core.package_discovery:discover_packages(ignore) discover
[1.114s] Level 1:colcon.colcon_core.package_discovery:discover_packages(ignore) using defaults
[1.114s] Level 1:colcon.colcon_core.package_discovery:discover_packages(path) discover
[1.114s] Level 1:colcon.colcon_core.package_discovery:discover_packages(path) using defaults
[1.199s] DEBUG:colcon.colcon_core.package_identification:Package 'tfmini' with type 'ros.ament_python' and name 'tfmini'
[1.199s] Level 1:colcon.colcon_core.package_identification:_identify(tts) by extensions ['ignore', 'ignore_ament_install']
[1.200s] Level 1:colcon.colcon_core.package_identification:_identify(tts) by extension 'ignore'
[1.200s] Level 1:colcon.colcon_core.package_identification:_identify(tts) by extension 'ignore_ament_install'
[1.200s] Level 1:colcon.colcon_core.package_identification:_identify(tts) by extensions ['colcon_pkg']
[1.200s] Level 1:colcon.colcon_core.package_identification:_identify(tts) by extension 'colcon_pkg'
[1.200s] Level 1:colcon.colcon_core.package_identification:_identify(tts) by extensions ['colcon_meta']
[1.200s] Level 1:colcon.colcon_core.package_identification:_identify(tts) by extension 'colcon_meta'
[1.201s] Level 1:colcon.colcon_core.package_identification:_identify(tts) by extensions ['ros']
[1.201s] Level 1:colcon.colcon_core.package_identification:_identify(tts) by extension 'ros'
[1.205s] DEBUG:colcon.colcon_core.package_identification:Package 'tts' with type 'ros.ament_python' and name 'tts'
[1.206s] Level 1:colcon.colcon_core.package_discovery:discover_packages(recursive) using defaults
[1.206s] Level 1:colcon.colcon_core.package_discovery:discover_packages(ignore) discover
[1.206s] Level 1:colcon.colcon_core.package_discovery:discover_packages(ignore) using defaults
[1.207s] Level 1:colcon.colcon_core.package_discovery:discover_packages(path) discover
[1.208s] Level 1:colcon.colcon_core.package_discovery:discover_packages(path) using defaults
[1.191s] Level 5:colcon.colcon_core.verb:set package 'image_subscriber' build argument 'cmake_args' from command line to 'None'
[1.191s] Level 5:colcon.colcon_core.verb:set package 'image_subscriber' build argument 'cmake_target' from command line to 'None'
[1.191s] Level 5:colcon.colcon_core.verb:set package 'image_subscriber' build argument 'cmake_target_skip_unavailable' from command line to 'False'
[1.191s] Level 5:colcon.colcon_core.verb:set package 'image_subscriber' build argument 'cmake_clean_cache' from command line to 'False'
[1.191s] Level 5:colcon.colcon_core.verb:set package 'image_subscriber' build argument 'cmake_clean_first' from command line to 'False'
[1.191s] Level 5:colcon.colcon_core.verb:set package 'image_subscriber' build argument 'cmake_force_configure' from command line to 'False'
[1.191s] Level 5:colcon.colcon_core.verb:set package 'image_subscriber' build argument 'ament_cmake_args' from command line to 'None'
[1.191s] Level 5:colcon.colcon_core.verb:set package 'image_subscriber' build argument 'catkin_cmake_args' from command line to 'None'
[1.191s] Level 5:colcon.colcon_core.verb:set package 'image_subscriber' build argument 'catkin_skip_building_tests' from command line to 'False'
[1.191s] DEBUG:colcon.colcon_core.verb:Building package 'image_subscriber' with the following arguments: {'ament_cmake_args': None, 'build_base': '/vas/build/image_subscriber', 'catkin_cmake_args': None, 'catkin_skip_building_tests': False, 'cmake_args': None, 'cmake_clean_cache': False, 'cmake_clean_first': False, 'cmake_force_configure': False, 'cmake_target': None, 'cmake_target_skip_unavailable': False, 'install_base': '/vas/install/image_subscriber', 'merge_install': False, 'path': '/vas/image_subscriber', 'symlink_install': False, 'test_result_base': None}
[1.273s] Level 5:colcon.colcon_core.verb:set package 'image_subscriber' build argument 'cmake_args' from command line to 'None'
[1.278s] Level 5:colcon.colcon_core.verb:set package 'image_subscriber' build argument 'cmake_target' from command line to 'None'
[1.279s] Level 5:colcon.colcon_core.verb:set package 'image_subscriber' build argument 'cmake_target_skip_unavailable' from command line to 'False'
[1.280s] Level 5:colcon.colcon_core.verb:set package 'image_subscriber' build argument 'cmake_clean_cache' from command line to 'False'
[1.280s] Level 5:colcon.colcon_core.verb:set package 'image_subscriber' build argument 'cmake_clean_first' from command line to 'False'
[1.280s] Level 5:colcon.colcon_core.verb:set package 'image_subscriber' build argument 'cmake_force_configure' from command line to 'False'
[1.280s] Level 5:colcon.colcon_core.verb:set package 'image_subscriber' build argument 'ament_cmake_args' from command line to 'None'
[1.280s] Level 5:colcon.colcon_core.verb:set package 'image_subscriber' build argument 'catkin_cmake_args' from command line to 'None'
[1.280s] Level 5:colcon.colcon_core.verb:set package 'image_subscriber' build argument 'catkin_skip_building_tests' from command line to 'False'
[1.280s] DEBUG:colcon.colcon_core.verb:Building package 'image_subscriber' with the following arguments: {'ament_cmake_args': None, 'build_base': '/vas/build/image_subscriber', 'catkin_cmake_args': None, 'catkin_skip_building_tests': False, 'cmake_args': None, 'cmake_clean_cache': False, 'cmake_clean_first': False, 'cmake_force_configure': False, 'cmake_target': None, 'cmake_target_skip_unavailable': False, 'install_base': '/vas/install/image_subscriber', 'merge_install': False, 'path': '/vas/image_subscriber', 'symlink_install': False, 'test_result_base': None}
[1.197s] Level 5:colcon.colcon_core.verb:set package 'subscribers' build argument 'cmake_args' from command line to 'None'
[1.198s] Level 5:colcon.colcon_core.verb:set package 'subscribers' build argument 'cmake_target' from command line to 'None'
[1.198s] Level 5:colcon.colcon_core.verb:set package 'subscribers' build argument 'cmake_target_skip_unavailable' from command line to 'False'
[1.198s] Level 5:colcon.colcon_core.verb:set package 'subscribers' build argument 'cmake_clean_cache' from command line to 'False'
[1.198s] Level 5:colcon.colcon_core.verb:set package 'subscribers' build argument 'cmake_clean_first' from command line to 'False'
[1.198s] Level 5:colcon.colcon_core.verb:set package 'subscribers' build argument 'cmake_force_configure' from command line to 'False'
[1.198s] Level 5:colcon.colcon_core.verb:set package 'subscribers' build argument 'ament_cmake_args' from command line to 'None'
[1.198s] Level 5:colcon.colcon_core.verb:set package 'subscribers' build argument 'catkin_cmake_args' from command line to 'None'
[1.198s] Level 5:colcon.colcon_core.verb:set package 'subscribers' build argument 'catkin_skip_building_tests' from command line to 'False'
[1.198s] DEBUG:colcon.colcon_core.verb:Building package 'subscribers' with the following arguments: {'ament_cmake_args': None, 'build_base': '/vas/build/subscribers', 'catkin_cmake_args': None, 'catkin_skip_building_tests': False, 'cmake_args': None, 'cmake_clean_cache': False, 'cmake_clean_first': False, 'cmake_force_configure': False, 'cmake_target': None, 'cmake_target_skip_unavailable': False, 'install_base': '/vas/install/subscribers', 'merge_install': False, 'path': '/vas/subscribers', 'symlink_install': False, 'test_result_base': None}
[1.199s] Level 5:colcon.colcon_core.verb:set package 'tfmini' build argument 'cmake_args' from command line to 'None'
[1.200s] Level 5:colcon.colcon_core.verb:set package 'tfmini' build argument 'cmake_target' from command line to 'None'
[1.200s] Level 5:colcon.colcon_core.verb:set package 'tfmini' build argument 'cmake_target_skip_unavailable' from command line to 'False'
[1.201s] Level 5:colcon.colcon_core.verb:set package 'tfmini' build argument 'cmake_clean_cache' from command line to 'False'
[1.289s] Level 5:colcon.colcon_core.verb:set package 'subscribers' build argument 'cmake_args' from command line to 'None'
[1.290s] Level 5:colcon.colcon_core.verb:set package 'subscribers' build argument 'cmake_target' from command line to 'None'
[1.290s] Level 5:colcon.colcon_core.verb:set package 'subscribers' build argument 'cmake_target_skip_unavailable' from command line to 'False'
[1.290s] Level 5:colcon.colcon_core.verb:set package 'subscribers' build argument 'cmake_clean_cache' from command line to 'False'
[1.290s] Level 5:colcon.colcon_core.verb:set package 'subscribers' build argument 'cmake_clean_first' from command line to 'False'
[1.290s] Level 5:colcon.colcon_core.verb:set package 'subscribers' build argument 'cmake_force_configure' from command line to 'False'
[1.290s] Level 5:colcon.colcon_core.verb:set package 'subscribers' build argument 'ament_cmake_args' from command line to 'None'
[1.290s] Level 5:colcon.colcon_core.verb:set package 'subscribers' build argument 'catkin_cmake_args' from command line to 'None'
[1.290s] Level 5:colcon.colcon_core.verb:set package 'subscribers' build argument 'catkin_skip_building_tests' from command line to 'False'
[1.290s] DEBUG:colcon.colcon_core.verb:Building package 'subscribers' with the following arguments: {'ament_cmake_args': None, 'build_base': '/vas/build/subscribers', 'catkin_cmake_args': None, 'catkin_skip_building_tests': False, 'cmake_args': None, 'cmake_clean_cache': False, 'cmake_clean_first': False, 'cmake_force_configure': False, 'cmake_target': None, 'cmake_target_skip_unavailable': False, 'install_base': '/vas/install/subscribers', 'merge_install': False, 'path': '/vas/subscribers', 'symlink_install': False, 'test_result_base': None}
[1.291s] Level 5:colcon.colcon_core.verb:set package 'tfmini' build argument 'cmake_args' from command line to 'None'
[1.291s] Level 5:colcon.colcon_core.verb:set package 'tfmini' build argument 'cmake_target' from command line to 'None'
[1.291s] Level 5:colcon.colcon_core.verb:set package 'tfmini' build argument 'cmake_target_skip_unavailable' from command line to 'False'
[1.291s] Level 5:colcon.colcon_core.verb:set package 'tfmini' build argument 'cmake_clean_cache' from command line to 'False'
[1.291s] Level 5:colcon.colcon_core.verb:set package 'tfmini' build argument 'cmake_clean_first' from command line to 'False'
[1.291s] Level 5:colcon.colcon_core.verb:set package 'tfmini' build argument 'cmake_force_configure' from command line to 'False'
[1.291s] Level 5:colcon.colcon_core.verb:set package 'tfmini' build argument 'ament_cmake_args' from command line to 'None'
[1.292s] Level 5:colcon.colcon_core.verb:set package 'tfmini' build argument 'catkin_cmake_args' from command line to 'None'
[1.292s] Level 5:colcon.colcon_core.verb:set package 'tfmini' build argument 'catkin_skip_building_tests' from command line to 'False'
[1.210s] Level 5:colcon.colcon_core.verb:set package 'tfmini' build argument 'cmake_clean_first' from command line to 'False'
[1.210s] Level 5:colcon.colcon_core.verb:set package 'tfmini' build argument 'cmake_force_configure' from command line to 'False'
[1.210s] Level 5:colcon.colcon_core.verb:set package 'tfmini' build argument 'ament_cmake_args' from command line to 'None'
[1.210s] Level 5:colcon.colcon_core.verb:set package 'tfmini' build argument 'catkin_cmake_args' from command line to 'None'
[1.210s] Level 5:colcon.colcon_core.verb:set package 'tfmini' build argument 'catkin_skip_building_tests' from command line to 'False'
[1.210s] DEBUG:colcon.colcon_core.verb:Building package 'tfmini' with the following arguments: {'ament_cmake_args': None, 'build_base': '/vas/build/tfmini', 'catkin_cmake_args': None, 'catkin_skip_building_tests': False, 'cmake_args': None, 'cmake_clean_cache': False, 'cmake_clean_first': False, 'cmake_force_configure': False, 'cmake_target': None, 'cmake_target_skip_unavailable': False, 'install_base': '/vas/install/tfmini', 'merge_install': False, 'path': '/vas/tfmini', 'symlink_install': False, 'test_result_base': None}
[1.211s] Level 5:colcon.colcon_core.verb:set package 'tts' build argument 'cmake_args' from command line to 'None'
[1.211s] Level 5:colcon.colcon_core.verb:set package 'tts' build argument 'cmake_target' from command line to 'None'
[1.211s] Level 5:colcon.colcon_core.verb:set package 'tts' build argument 'cmake_target_skip_unavailable' from command line to 'False'
[1.211s] Level 5:colcon.colcon_core.verb:set package 'tts' build argument 'cmake_clean_cache' from command line to 'False'
[1.211s] Level 5:colcon.colcon_core.verb:set package 'tts' build argument 'cmake_clean_first' from command line to 'False'
[1.211s] Level 5:colcon.colcon_core.verb:set package 'tts' build argument 'cmake_force_configure' from command line to 'False'
[1.211s] Level 5:colcon.colcon_core.verb:set package 'tts' build argument 'ament_cmake_args' from command line to 'None'
[1.211s] Level 5:colcon.colcon_core.verb:set package 'tts' build argument 'catkin_cmake_args' from command line to 'None'
[1.211s] Level 5:colcon.colcon_core.verb:set package 'tts' build argument 'catkin_skip_building_tests' from command line to 'False'
[1.211s] DEBUG:colcon.colcon_core.verb:Building package 'tts' with the following arguments: {'ament_cmake_args': None, 'build_base': '/vas/build/tts', 'catkin_cmake_args': None, 'catkin_skip_building_tests': False, 'cmake_args': None, 'cmake_clean_cache': False, 'cmake_clean_first': False, 'cmake_force_configure': False, 'cmake_target': None, 'cmake_target_skip_unavailable': False, 'install_base': '/vas/install/tts', 'merge_install': False, 'path': '/vas/tts', 'symlink_install': False, 'test_result_base': None}
[1.212s] INFO:colcon.colcon_core.executor:Executing jobs using 'parallel' executor
[1.292s] DEBUG:colcon.colcon_core.verb:Building package 'tfmini' with the following arguments: {'ament_cmake_args': None, 'build_base': '/vas/build/tfmini', 'catkin_cmake_args': None, 'catkin_skip_building_tests': False, 'cmake_args': None, 'cmake_clean_cache': False, 'cmake_clean_first': False, 'cmake_force_configure': False, 'cmake_target': None, 'cmake_target_skip_unavailable': False, 'install_base': '/vas/install/tfmini', 'merge_install': False, 'path': '/vas/tfmini', 'symlink_install': False, 'test_result_base': None}
[1.297s] Level 5:colcon.colcon_core.verb:set package 'tts' build argument 'cmake_args' from command line to 'None'
[1.297s] Level 5:colcon.colcon_core.verb:set package 'tts' build argument 'cmake_target' from command line to 'None'
[1.297s] Level 5:colcon.colcon_core.verb:set package 'tts' build argument 'cmake_target_skip_unavailable' from command line to 'False'
[1.297s] Level 5:colcon.colcon_core.verb:set package 'tts' build argument 'cmake_clean_cache' from command line to 'False'
[1.297s] Level 5:colcon.colcon_core.verb:set package 'tts' build argument 'cmake_clean_first' from command line to 'False'
[1.297s] Level 5:colcon.colcon_core.verb:set package 'tts' build argument 'cmake_force_configure' from command line to 'False'
[1.297s] Level 5:colcon.colcon_core.verb:set package 'tts' build argument 'ament_cmake_args' from command line to 'None'
[1.297s] Level 5:colcon.colcon_core.verb:set package 'tts' build argument 'catkin_cmake_args' from command line to 'None'
[1.297s] Level 5:colcon.colcon_core.verb:set package 'tts' build argument 'catkin_skip_building_tests' from command line to 'False'
[1.297s] DEBUG:colcon.colcon_core.verb:Building package 'tts' with the following arguments: {'ament_cmake_args': None, 'build_base': '/vas/build/tts', 'catkin_cmake_args': None, 'catkin_skip_building_tests': False, 'cmake_args': None, 'cmake_clean_cache': False, 'cmake_clean_first': False, 'cmake_force_configure': False, 'cmake_target': None, 'cmake_target_skip_unavailable': False, 'install_base': '/vas/install/tts', 'merge_install': False, 'path': '/vas/tts', 'symlink_install': False, 'test_result_base': None}
[1.298s] INFO:colcon.colcon_core.executor:Executing jobs using 'parallel' executor
[1.219s] DEBUG:colcon.colcon_parallel_executor.executor.parallel:run_until_complete
[1.224s] INFO:colcon.colcon_ros.task.ament_python.build:Building ROS package in '/vas/image_subscriber' with build type 'ament_python'
[1.309s] DEBUG:colcon.colcon_parallel_executor.executor.parallel:run_until_complete
[1.226s] Level 1:colcon.colcon_core.shell:create_environment_hook('image_subscriber', 'ament_prefix_path')
[1.311s] INFO:colcon.colcon_ros.task.ament_python.build:Building ROS package in '/vas/image_subscriber' with build type 'ament_python'
[1.311s] Level 1:colcon.colcon_core.shell:create_environment_hook('image_subscriber', 'ament_prefix_path')
[1.270s] INFO:colcon.colcon_core.plugin_system:Skipping extension 'colcon_core.shell.bat': Not used on non-Windows systems
[1.276s] INFO:colcon.colcon_core.shell:Creating environment hook '/vas/install/image_subscriber/share/image_subscriber/hook/ament_prefix_path.ps1'
[1.365s] INFO:colcon.colcon_core.plugin_system:Skipping extension 'colcon_core.shell.bat': Not used on non-Windows systems
[1.303s] INFO:colcon.colcon_core.shell:Creating environment descriptor '/vas/install/image_subscriber/share/image_subscriber/hook/ament_prefix_path.dsv'
[1.390s] INFO:colcon.colcon_core.shell:Creating environment hook '/vas/install/image_subscriber/share/image_subscriber/hook/ament_prefix_path.ps1'
[1.309s] INFO:colcon.colcon_core.shell:Creating environment hook '/vas/install/image_subscriber/share/image_subscriber/hook/ament_prefix_path.sh'
[1.395s] INFO:colcon.colcon_core.shell:Creating environment descriptor '/vas/install/image_subscriber/share/image_subscriber/hook/ament_prefix_path.dsv'
[1.316s] INFO:colcon.colcon_core.shell:Skip shell extension 'powershell' for command environment: Not usable outside of PowerShell
[1.317s] DEBUG:colcon.colcon_core.shell:Skip shell extension 'dsv' for command environment
[1.405s] INFO:colcon.colcon_core.shell:Creating environment hook '/vas/install/image_subscriber/share/image_subscriber/hook/ament_prefix_path.sh'
[1.414s] INFO:colcon.colcon_core.shell:Skip shell extension 'powershell' for command environment: Not usable outside of PowerShell
[1.415s] DEBUG:colcon.colcon_core.shell:Skip shell extension 'dsv' for command environment
[1.439s] INFO:colcon.colcon_ros.task.ament_python.build:Building ROS package in '/vas/subscribers' with build type 'ament_python'
[1.440s] Level 1:colcon.colcon_core.shell:create_environment_hook('subscribers', 'ament_prefix_path')
[1.440s] INFO:colcon.colcon_core.shell:Creating environment hook '/vas/install/subscribers/share/subscribers/hook/ament_prefix_path.ps1'
[1.361s] INFO:colcon.colcon_ros.task.ament_python.build:Building ROS package in '/vas/subscribers' with build type 'ament_python'
[1.365s] Level 1:colcon.colcon_core.shell:create_environment_hook('subscribers', 'ament_prefix_path')
[1.366s] INFO:colcon.colcon_core.shell:Creating environment hook '/vas/install/subscribers/share/subscribers/hook/ament_prefix_path.ps1'
[1.458s] INFO:colcon.colcon_core.shell:Creating environment descriptor '/vas/install/subscribers/share/subscribers/hook/ament_prefix_path.dsv'
[1.378s] INFO:colcon.colcon_core.shell:Creating environment descriptor '/vas/install/subscribers/share/subscribers/hook/ament_prefix_path.dsv'
[1.464s] INFO:colcon.colcon_core.shell:Creating environment hook '/vas/install/subscribers/share/subscribers/hook/ament_prefix_path.sh'
[1.469s] INFO:colcon.colcon_core.shell:Skip shell extension 'powershell' for command environment: Not usable outside of PowerShell
[1.470s] DEBUG:colcon.colcon_core.shell:Skip shell extension 'dsv' for command environment
[1.386s] INFO:colcon.colcon_core.shell:Creating environment hook '/vas/install/subscribers/share/subscribers/hook/ament_prefix_path.sh'
[1.388s] INFO:colcon.colcon_core.shell:Skip shell extension 'powershell' for command environment: Not usable outside of PowerShell
[1.388s] DEBUG:colcon.colcon_core.shell:Skip shell extension 'dsv' for command environment
[1.476s] INFO:colcon.colcon_ros.task.ament_python.build:Building ROS package in '/vas/tfmini' with build type 'ament_python'
[1.476s] Level 1:colcon.colcon_core.shell:create_environment_hook('tfmini', 'ament_prefix_path')
[1.477s] INFO:colcon.colcon_core.shell:Creating environment hook '/vas/install/tfmini/share/tfmini/hook/ament_prefix_path.ps1'
[1.394s] INFO:colcon.colcon_ros.task.ament_python.build:Building ROS package in '/vas/tfmini' with build type 'ament_python'
[1.395s] Level 1:colcon.colcon_core.shell:create_environment_hook('tfmini', 'ament_prefix_path')
[1.396s] INFO:colcon.colcon_core.shell:Creating environment hook '/vas/install/tfmini/share/tfmini/hook/ament_prefix_path.ps1'
[1.482s] INFO:colcon.colcon_core.shell:Creating environment descriptor '/vas/install/tfmini/share/tfmini/hook/ament_prefix_path.dsv'
[1.485s] INFO:colcon.colcon_core.shell:Creating environment hook '/vas/install/tfmini/share/tfmini/hook/ament_prefix_path.sh'
[1.487s] INFO:colcon.colcon_core.shell:Skip shell extension 'powershell' for command environment: Not usable outside of PowerShell
[1.487s] DEBUG:colcon.colcon_core.shell:Skip shell extension 'dsv' for command environment
[1.406s] INFO:colcon.colcon_core.shell:Creating environment descriptor '/vas/install/tfmini/share/tfmini/hook/ament_prefix_path.dsv'
[1.407s] INFO:colcon.colcon_core.shell:Creating environment hook '/vas/install/tfmini/share/tfmini/hook/ament_prefix_path.sh'
[1.408s] INFO:colcon.colcon_core.shell:Skip shell extension 'powershell' for command environment: Not usable outside of PowerShell
[1.408s] DEBUG:colcon.colcon_core.shell:Skip shell extension 'dsv' for command environment
[1.495s] INFO:colcon.colcon_ros.task.ament_python.build:Building ROS package in '/vas/tts' with build type 'ament_python'
[1.497s] Level 1:colcon.colcon_core.shell:create_environment_hook('tts', 'ament_prefix_path')
[1.497s] INFO:colcon.colcon_core.shell:Creating environment hook '/vas/install/tts/share/tts/hook/ament_prefix_path.ps1'
[1.412s] INFO:colcon.colcon_ros.task.ament_python.build:Building ROS package in '/vas/tts' with build type 'ament_python'
[1.414s] Level 1:colcon.colcon_core.shell:create_environment_hook('tts', 'ament_prefix_path')
[1.416s] INFO:colcon.colcon_core.shell:Creating environment hook '/vas/install/tts/share/tts/hook/ament_prefix_path.ps1'
[1.506s] INFO:colcon.colcon_core.shell:Creating environment descriptor '/vas/install/tts/share/tts/hook/ament_prefix_path.dsv'
[1.424s] INFO:colcon.colcon_core.shell:Creating environment descriptor '/vas/install/tts/share/tts/hook/ament_prefix_path.dsv'
[1.427s] INFO:colcon.colcon_core.shell:Creating environment hook '/vas/install/tts/share/tts/hook/ament_prefix_path.sh'
[1.514s] INFO:colcon.colcon_core.shell:Creating environment hook '/vas/install/tts/share/tts/hook/ament_prefix_path.sh'
[1.432s] INFO:colcon.colcon_core.shell:Skip shell extension 'powershell' for command environment: Not usable outside of PowerShell
[1.433s] DEBUG:colcon.colcon_core.shell:Skip shell extension 'dsv' for command environment
[1.522s] INFO:colcon.colcon_core.shell:Skip shell extension 'powershell' for command environment: Not usable outside of PowerShell
[1.528s] DEBUG:colcon.colcon_core.shell:Skip shell extension 'dsv' for command environment
[2.411s] INFO:colcon.colcon_core.task.python.build:Building Python package in '/vas/image_subscriber'
[2.412s] INFO:colcon.colcon_core.shell:Skip shell extension 'powershell' for command environment: Not usable outside of PowerShell
[2.412s] DEBUG:colcon.colcon_core.shell:Skip shell extension 'dsv' for command environment
[2.516s] INFO:colcon.colcon_core.task.python.build:Building Python package in '/vas/image_subscriber'
[2.524s] INFO:colcon.colcon_core.shell:Skip shell extension 'powershell' for command environment: Not usable outside of PowerShell
[2.536s] DEBUG:colcon.colcon_core.shell:Skip shell extension 'dsv' for command environment
[3.185s] INFO:colcon.colcon_core.task.python.build:Building Python package in '/vas/subscribers'
[3.186s] INFO:colcon.colcon_core.shell:Skip shell extension 'powershell' for command environment: Not usable outside of PowerShell
[3.186s] DEBUG:colcon.colcon_core.shell:Skip shell extension 'dsv' for command environment
[3.434s] INFO:colcon.colcon_core.task.python.build:Building Python package in '/vas/subscribers'
[3.434s] INFO:colcon.colcon_core.shell:Skip shell extension 'powershell' for command environment: Not usable outside of PowerShell
[3.434s] DEBUG:colcon.colcon_core.shell:Skip shell extension 'dsv' for command environment
[4.155s] INFO:colcon.colcon_core.task.python.build:Building Python package in '/vas/tfmini'
[4.156s] INFO:colcon.colcon_core.shell:Skip shell extension 'powershell' for command environment: Not usable outside of PowerShell
[4.156s] DEBUG:colcon.colcon_core.shell:Skip shell extension 'dsv' for command environment
[4.180s] INFO:colcon.colcon_core.task.python.build:Building Python package in '/vas/tfmini'
[4.181s] INFO:colcon.colcon_core.shell:Skip shell extension 'powershell' for command environment: Not usable outside of PowerShell
[4.181s] DEBUG:colcon.colcon_core.shell:Skip shell extension 'dsv' for command environment
[4.857s] INFO:colcon.colcon_core.task.python.build:Building Python package in '/vas/tts'
[4.859s] INFO:colcon.colcon_core.shell:Skip shell extension 'powershell' for command environment: Not usable outside of PowerShell
[4.860s] DEBUG:colcon.colcon_core.shell:Skip shell extension 'dsv' for command environment
[4.895s] INFO:colcon.colcon_core.task.python.build:Building Python package in '/vas/tts'
[4.897s] INFO:colcon.colcon_core.shell:Skip shell extension 'powershell' for command environment: Not usable outside of PowerShell
[4.898s] DEBUG:colcon.colcon_core.shell:Skip shell extension 'dsv' for command environment
[7.323s] DEBUG:colcon.colcon_core.event_handler.log_command:Invoking command in '/vas/image_subscriber': PYTHONPATH=/vas/build/image_subscriber/prefix_override:/usr/lib/python3/dist-packages/colcon_core/task/python/colcon_distutils_commands:/vas/install/image_subscriber/lib/python3.10/site-packages:${PYTHONPATH} /usr/bin/python3 -W ignore:setup.py install is deprecated setup.py egg_info --egg-base ../build/image_subscriber build --build-base /vas/build/image_subscriber/build install --record /vas/build/image_subscriber/install.log --single-version-externally-managed install_data
[7.250s] DEBUG:colcon.colcon_core.event_handler.log_command:Invoking command in '/vas/tts': PYTHONPATH=/vas/build/tts/prefix_override:/usr/lib/python3/dist-packages/colcon_core/task/python/colcon_distutils_commands:/vas/install/tts/lib/python3.10/site-packages:${PYTHONPATH} /usr/bin/python3 -W ignore:setup.py install is deprecated setup.py egg_info --egg-base ../build/tts build --build-base /vas/build/tts/build install --record /vas/build/tts/install.log --single-version-externally-managed install_data
[7.538s] DEBUG:colcon.colcon_core.event_handler.log_command:Invoking command in '/vas/tts': PYTHONPATH=/vas/build/tts/prefix_override:/usr/lib/python3/dist-packages/colcon_core/task/python/colcon_distutils_commands:/vas/install/tts/lib/python3.10/site-packages:${PYTHONPATH} /usr/bin/python3 -W ignore:setup.py install is deprecated setup.py egg_info --egg-base ../build/tts build --build-base /vas/build/tts/build install --record /vas/build/tts/install.log --single-version-externally-managed install_data
[7.672s] DEBUG:colcon.colcon_core.event_handler.log_command:Invoking command in '/vas/tfmini': PYTHONPATH=/vas/build/tfmini/prefix_override:/usr/lib/python3/dist-packages/colcon_core/task/python/colcon_distutils_commands:/vas/install/tfmini/lib/python3.10/site-packages:${PYTHONPATH} /usr/bin/python3 -W ignore:setup.py install is deprecated setup.py egg_info --egg-base ../build/tfmini build --build-base /vas/build/tfmini/build install --record /vas/build/tfmini/install.log --single-version-externally-managed install_data
[9.006s] DEBUG:colcon.colcon_core.event_handler.log_command:Invoking command in '/vas/subscribers': PYTHONPATH=/vas/build/subscribers/prefix_override:/usr/lib/python3/dist-packages/colcon_core/task/python/colcon_distutils_commands:/vas/install/subscribers/lib/python3.10/site-packages:${PYTHONPATH} /usr/bin/python3 -W ignore:setup.py install is deprecated setup.py egg_info --egg-base ../build/subscribers build --build-base /vas/build/subscribers/build install --record /vas/build/subscribers/install.log --single-version-externally-managed install_data
[9.125s] DEBUG:colcon.colcon_core.event_handler.log_command:Invoking command in '/vas/image_subscriber': PYTHONPATH=/vas/build/image_subscriber/prefix_override:/usr/lib/python3/dist-packages/colcon_core/task/python/colcon_distutils_commands:/vas/install/image_subscriber/lib/python3.10/site-packages:${PYTHONPATH} /usr/bin/python3 -W ignore:setup.py install is deprecated setup.py egg_info --egg-base ../build/image_subscriber build --build-base /vas/build/image_subscriber/build install --record /vas/build/image_subscriber/install.log --single-version-externally-managed install_data
[9.332s] DEBUG:colcon.colcon_core.event_handler.log_command:Invoked command in '/vas/tts' returned '0': PYTHONPATH=/vas/build/tts/prefix_override:/usr/lib/python3/dist-packages/colcon_core/task/python/colcon_distutils_commands:/vas/install/tts/lib/python3.10/site-packages:${PYTHONPATH} /usr/bin/python3 -W ignore:setup.py install is deprecated setup.py egg_info --egg-base ../build/tts build --build-base /vas/build/tts/build install --record /vas/build/tts/install.log --single-version-externally-managed install_data
[9.397s] Level 1:colcon.colcon_core.environment:checking '/vas/install/tts' for CMake module files
[9.403s] Level 1:colcon.colcon_core.environment:checking '/vas/install/tts' for CMake config files
[9.409s] Level 1:colcon.colcon_core.environment:checking '/vas/install/tts/lib'
[9.423s] Level 1:colcon.colcon_core.environment:checking '/vas/install/tts/bin'
[9.429s] Level 1:colcon.colcon_core.environment:checking '/vas/install/tts/lib/pkgconfig/tts.pc'
[9.445s] Level 1:colcon.colcon_core.environment:checking '/vas/install/tts/lib/python3.10/site-packages'
[9.449s] Level 1:colcon.colcon_core.shell:create_environment_hook('tts', 'pythonpath')
[9.450s] INFO:colcon.colcon_core.shell:Creating environment hook '/vas/install/tts/share/tts/hook/pythonpath.ps1'
[9.462s] INFO:colcon.colcon_core.shell:Creating environment descriptor '/vas/install/tts/share/tts/hook/pythonpath.dsv'
[9.470s] INFO:colcon.colcon_core.shell:Creating environment hook '/vas/install/tts/share/tts/hook/pythonpath.sh'
[9.472s] Level 1:colcon.colcon_core.environment:checking '/vas/install/tts/bin'
[9.472s] Level 1:colcon.colcon_core.environment:create_environment_scripts_only(tts)
[9.473s] INFO:colcon.colcon_core.shell:Creating package script '/vas/install/tts/share/tts/package.ps1'
[9.485s] INFO:colcon.colcon_core.shell:Creating package descriptor '/vas/install/tts/share/tts/package.dsv'
[9.500s] INFO:colcon.colcon_core.shell:Creating package script '/vas/install/tts/share/tts/package.sh'
[9.528s] INFO:colcon.colcon_core.shell:Creating package script '/vas/install/tts/share/tts/package.bash'
[9.546s] INFO:colcon.colcon_core.shell:Creating package script '/vas/install/tts/share/tts/package.zsh'
[9.556s] Level 1:colcon.colcon_core.environment:create_file_with_runtime_dependencies(/vas/install/tts/share/colcon-core/packages/tts)
[9.983s] DEBUG:colcon.colcon_core.event_handler.log_command:Invoking command in '/vas/tfmini': PYTHONPATH=/vas/build/tfmini/prefix_override:/usr/lib/python3/dist-packages/colcon_core/task/python/colcon_distutils_commands:/vas/install/tfmini/lib/python3.10/site-packages:${PYTHONPATH} /usr/bin/python3 -W ignore:setup.py install is deprecated setup.py egg_info --egg-base ../build/tfmini build --build-base /vas/build/tfmini/build install --record /vas/build/tfmini/install.log --single-version-externally-managed install_data
[10.318s] Level 1:colcon.colcon_core.environment:checking '/vas/install/image_subscriber' for CMake module files
[10.319s] Level 1:colcon.colcon_core.environment:checking '/vas/install/image_subscriber' for CMake config files
[10.327s] Level 1:colcon.colcon_core.environment:checking '/vas/install/image_subscriber/lib'
[10.330s] Level 1:colcon.colcon_core.environment:checking '/vas/install/image_subscriber/bin'
[10.330s] Level 1:colcon.colcon_core.environment:checking '/vas/install/image_subscriber/lib/pkgconfig/image_subscriber.pc'
[10.328s] DEBUG:colcon.colcon_core.event_handler.log_command:Invoked command in '/vas/image_subscriber' returned '0': PYTHONPATH=/vas/build/image_subscriber/prefix_override:/usr/lib/python3/dist-packages/colcon_core/task/python/colcon_distutils_commands:/vas/install/image_subscriber/lib/python3.10/site-packages:${PYTHONPATH} /usr/bin/python3 -W ignore:setup.py install is deprecated setup.py egg_info --egg-base ../build/image_subscriber build --build-base /vas/build/image_subscriber/build install --record /vas/build/image_subscriber/install.log --single-version-externally-managed install_data
[10.332s] Level 1:colcon.colcon_core.environment:checking '/vas/install/image_subscriber/lib/python3.10/site-packages'
[10.337s] Level 1:colcon.colcon_core.shell:create_environment_hook('image_subscriber', 'pythonpath')
[10.340s] INFO:colcon.colcon_core.shell:Creating environment hook '/vas/install/image_subscriber/share/image_subscriber/hook/pythonpath.ps1'
[10.358s] INFO:colcon.colcon_core.shell:Creating environment descriptor '/vas/install/image_subscriber/share/image_subscriber/hook/pythonpath.dsv'
[10.360s] INFO:colcon.colcon_core.shell:Creating environment hook '/vas/install/image_subscriber/share/image_subscriber/hook/pythonpath.sh'
[10.367s] Level 1:colcon.colcon_core.environment:checking '/vas/install/image_subscriber/bin'
[10.368s] Level 1:colcon.colcon_core.environment:create_environment_scripts_only(image_subscriber)
[10.370s] INFO:colcon.colcon_core.shell:Creating package script '/vas/install/image_subscriber/share/image_subscriber/package.ps1'
[10.408s] INFO:colcon.colcon_core.shell:Creating package descriptor '/vas/install/image_subscriber/share/image_subscriber/package.dsv'
[10.413s] INFO:colcon.colcon_core.shell:Creating package script '/vas/install/image_subscriber/share/image_subscriber/package.sh'
[10.430s] INFO:colcon.colcon_core.shell:Creating package script '/vas/install/image_subscriber/share/image_subscriber/package.bash'
[10.434s] INFO:colcon.colcon_core.shell:Creating package script '/vas/install/image_subscriber/share/image_subscriber/package.zsh'
[10.439s] Level 1:colcon.colcon_core.environment:create_file_with_runtime_dependencies(/vas/install/image_subscriber/share/colcon-core/packages/image_subscriber)
[10.529s] DEBUG:colcon.colcon_core.event_handler.log_command:Invoking command in '/vas/subscribers': PYTHONPATH=/vas/build/subscribers/prefix_override:/usr/lib/python3/dist-packages/colcon_core/task/python/colcon_distutils_commands:/vas/install/subscribers/lib/python3.10/site-packages:${PYTHONPATH} /usr/bin/python3 -W ignore:setup.py install is deprecated setup.py egg_info --egg-base ../build/subscribers build --build-base /vas/build/subscribers/build install --record /vas/build/subscribers/install.log --single-version-externally-managed install_data
[10.641s] Level 1:colcon.colcon_core.environment:checking '/vas/install/tfmini' for CMake module files
[10.643s] Level 1:colcon.colcon_core.environment:checking '/vas/install/tfmini' for CMake config files
[10.658s] Level 1:colcon.colcon_core.environment:checking '/vas/install/tfmini/lib'
[10.659s] Level 1:colcon.colcon_core.environment:checking '/vas/install/tfmini/bin'
[10.659s] Level 1:colcon.colcon_core.environment:checking '/vas/install/tfmini/lib/pkgconfig/tfmini.pc'
[10.660s] Level 1:colcon.colcon_core.environment:checking '/vas/install/tfmini/lib/python3.10/site-packages'
[10.647s] DEBUG:colcon.colcon_core.event_handler.log_command:Invoked command in '/vas/tfmini' returned '0': PYTHONPATH=/vas/build/tfmini/prefix_override:/usr/lib/python3/dist-packages/colcon_core/task/python/colcon_distutils_commands:/vas/install/tfmini/lib/python3.10/site-packages:${PYTHONPATH} /usr/bin/python3 -W ignore:setup.py install is deprecated setup.py egg_info --egg-base ../build/tfmini build --build-base /vas/build/tfmini/build install --record /vas/build/tfmini/install.log --single-version-externally-managed install_data
[10.662s] Level 1:colcon.colcon_core.shell:create_environment_hook('tfmini', 'pythonpath')
[10.668s] INFO:colcon.colcon_core.shell:Creating environment hook '/vas/install/tfmini/share/tfmini/hook/pythonpath.ps1'
[10.669s] INFO:colcon.colcon_core.shell:Creating environment descriptor '/vas/install/tfmini/share/tfmini/hook/pythonpath.dsv'
[10.679s] INFO:colcon.colcon_core.shell:Creating environment hook '/vas/install/tfmini/share/tfmini/hook/pythonpath.sh'
[10.685s] Level 1:colcon.colcon_core.environment:checking '/vas/install/tfmini/bin'
[10.699s] Level 1:colcon.colcon_core.environment:create_environment_scripts_only(tfmini)
[10.709s] INFO:colcon.colcon_core.shell:Creating package script '/vas/install/tfmini/share/tfmini/package.ps1'
[10.712s] INFO:colcon.colcon_core.shell:Creating package descriptor '/vas/install/tfmini/share/tfmini/package.dsv'
[10.715s] INFO:colcon.colcon_core.shell:Creating package script '/vas/install/tfmini/share/tfmini/package.sh'
[10.722s] INFO:colcon.colcon_core.shell:Creating package script '/vas/install/tfmini/share/tfmini/package.bash'
[10.724s] INFO:colcon.colcon_core.shell:Creating package script '/vas/install/tfmini/share/tfmini/package.zsh'
[10.726s] Level 1:colcon.colcon_core.environment:create_file_with_runtime_dependencies(/vas/install/tfmini/share/colcon-core/packages/tfmini)
[11.024s] DEBUG:colcon.colcon_core.event_handler.log_command:Invoked command in '/vas/tts' returned '0': PYTHONPATH=/vas/build/tts/prefix_override:/usr/lib/python3/dist-packages/colcon_core/task/python/colcon_distutils_commands:/vas/install/tts/lib/python3.10/site-packages:${PYTHONPATH} /usr/bin/python3 -W ignore:setup.py install is deprecated setup.py egg_info --egg-base ../build/tts build --build-base /vas/build/tts/build install --record /vas/build/tts/install.log --single-version-externally-managed install_data
[11.079s] Level 1:colcon.colcon_core.environment:checking '/vas/install/tts' for CMake module files
[11.080s] Level 1:colcon.colcon_core.environment:checking '/vas/install/tts' for CMake config files
[11.083s] Level 1:colcon.colcon_core.environment:checking '/vas/install/tts/lib'
[11.083s] Level 1:colcon.colcon_core.environment:checking '/vas/install/tts/bin'
[11.083s] Level 1:colcon.colcon_core.environment:checking '/vas/install/tts/lib/pkgconfig/tts.pc'
[11.084s] Level 1:colcon.colcon_core.environment:checking '/vas/install/tts/lib/python3.10/site-packages'
[11.084s] Level 1:colcon.colcon_core.shell:create_environment_hook('tts', 'pythonpath')
[11.084s] INFO:colcon.colcon_core.shell:Creating environment hook '/vas/install/tts/share/tts/hook/pythonpath.ps1'
[11.087s] INFO:colcon.colcon_core.shell:Creating environment descriptor '/vas/install/tts/share/tts/hook/pythonpath.dsv'
[11.090s] INFO:colcon.colcon_core.shell:Creating environment hook '/vas/install/tts/share/tts/hook/pythonpath.sh'
[11.092s] Level 1:colcon.colcon_core.environment:checking '/vas/install/tts/bin'
[11.092s] Level 1:colcon.colcon_core.environment:create_environment_scripts_only(tts)
[11.092s] INFO:colcon.colcon_core.shell:Creating package script '/vas/install/tts/share/tts/package.ps1'
[11.095s] INFO:colcon.colcon_core.shell:Creating package descriptor '/vas/install/tts/share/tts/package.dsv'
[11.096s] INFO:colcon.colcon_core.shell:Creating package script '/vas/install/tts/share/tts/package.sh'
[11.098s] INFO:colcon.colcon_core.shell:Creating package script '/vas/install/tts/share/tts/package.bash'
[11.122s] INFO:colcon.colcon_core.shell:Creating package script '/vas/install/tts/share/tts/package.zsh'
[11.135s] Level 1:colcon.colcon_core.environment:create_file_with_runtime_dependencies(/vas/install/tts/share/colcon-core/packages/tts)
[11.541s] Level 1:colcon.colcon_core.environment:checking '/vas/install/image_subscriber' for CMake module files
[11.545s] Level 1:colcon.colcon_core.environment:checking '/vas/install/image_subscriber' for CMake config files
[11.547s] Level 1:colcon.colcon_core.environment:checking '/vas/install/image_subscriber/lib'
[11.547s] DEBUG:colcon.colcon_core.event_handler.log_command:Invoked command in '/vas/image_subscriber' returned '0': PYTHONPATH=/vas/build/image_subscriber/prefix_override:/usr/lib/python3/dist-packages/colcon_core/task/python/colcon_distutils_commands:/vas/install/image_subscriber/lib/python3.10/site-packages:${PYTHONPATH} /usr/bin/python3 -W ignore:setup.py install is deprecated setup.py egg_info --egg-base ../build/image_subscriber build --build-base /vas/build/image_subscriber/build install --record /vas/build/image_subscriber/install.log --single-version-externally-managed install_data
[11.549s] Level 1:colcon.colcon_core.environment:checking '/vas/install/image_subscriber/bin'
[11.554s] Level 1:colcon.colcon_core.environment:checking '/vas/install/image_subscriber/lib/pkgconfig/image_subscriber.pc'
[11.556s] Level 1:colcon.colcon_core.environment:checking '/vas/install/image_subscriber/lib/python3.10/site-packages'
[11.559s] Level 1:colcon.colcon_core.shell:create_environment_hook('image_subscriber', 'pythonpath')
[11.570s] INFO:colcon.colcon_core.shell:Creating environment hook '/vas/install/image_subscriber/share/image_subscriber/hook/pythonpath.ps1'
[11.576s] INFO:colcon.colcon_core.shell:Creating environment descriptor '/vas/install/image_subscriber/share/image_subscriber/hook/pythonpath.dsv'
[11.612s] INFO:colcon.colcon_core.shell:Creating environment hook '/vas/install/image_subscriber/share/image_subscriber/hook/pythonpath.sh'
[11.624s] Level 1:colcon.colcon_core.environment:checking '/vas/install/image_subscriber/bin'
[11.624s] Level 1:colcon.colcon_core.environment:create_environment_scripts_only(image_subscriber)
[11.636s] INFO:colcon.colcon_core.shell:Creating package script '/vas/install/image_subscriber/share/image_subscriber/package.ps1'
[11.651s] INFO:colcon.colcon_core.shell:Creating package descriptor '/vas/install/image_subscriber/share/image_subscriber/package.dsv'
[11.656s] INFO:colcon.colcon_core.shell:Creating package script '/vas/install/image_subscriber/share/image_subscriber/package.sh'
[11.662s] INFO:colcon.colcon_core.shell:Creating package script '/vas/install/image_subscriber/share/image_subscriber/package.bash'
[11.663s] INFO:colcon.colcon_core.shell:Creating package script '/vas/install/image_subscriber/share/image_subscriber/package.zsh'
[11.678s] Level 1:colcon.colcon_core.environment:create_file_with_runtime_dependencies(/vas/install/image_subscriber/share/colcon-core/packages/image_subscriber)
[11.927s] Level 1:colcon.colcon_core.environment:checking '/vas/install/tfmini' for CMake module files
[11.930s] Level 1:colcon.colcon_core.environment:checking '/vas/install/tfmini' for CMake config files
[11.939s] DEBUG:colcon.colcon_core.event_handler.log_command:Invoked command in '/vas/tfmini' returned '0': PYTHONPATH=/vas/build/tfmini/prefix_override:/usr/lib/python3/dist-packages/colcon_core/task/python/colcon_distutils_commands:/vas/install/tfmini/lib/python3.10/site-packages:${PYTHONPATH} /usr/bin/python3 -W ignore:setup.py install is deprecated setup.py egg_info --egg-base ../build/tfmini build --build-base /vas/build/tfmini/build install --record /vas/build/tfmini/install.log --single-version-externally-managed install_data
[11.940s] Level 1:colcon.colcon_core.environment:checking '/vas/install/tfmini/lib'
[11.947s] Level 1:colcon.colcon_core.environment:checking '/vas/install/tfmini/bin'
[11.948s] Level 1:colcon.colcon_core.environment:checking '/vas/install/tfmini/lib/pkgconfig/tfmini.pc'
[11.949s] Level 1:colcon.colcon_core.environment:checking '/vas/install/tfmini/lib/python3.10/site-packages'
[11.950s] Level 1:colcon.colcon_core.shell:create_environment_hook('tfmini', 'pythonpath')
[11.951s] INFO:colcon.colcon_core.shell:Creating environment hook '/vas/install/tfmini/share/tfmini/hook/pythonpath.ps1'
[11.958s] INFO:colcon.colcon_core.shell:Creating environment descriptor '/vas/install/tfmini/share/tfmini/hook/pythonpath.dsv'
[11.967s] INFO:colcon.colcon_core.shell:Creating environment hook '/vas/install/tfmini/share/tfmini/hook/pythonpath.sh'
[11.970s] Level 1:colcon.colcon_core.environment:checking '/vas/install/tfmini/bin'
[11.970s] Level 1:colcon.colcon_core.environment:create_environment_scripts_only(tfmini)
[11.973s] INFO:colcon.colcon_core.shell:Creating package script '/vas/install/tfmini/share/tfmini/package.ps1'
[11.978s] INFO:colcon.colcon_core.shell:Creating package descriptor '/vas/install/tfmini/share/tfmini/package.dsv'
[11.985s] INFO:colcon.colcon_core.shell:Creating package script '/vas/install/tfmini/share/tfmini/package.sh'
[11.986s] INFO:colcon.colcon_core.shell:Creating package script '/vas/install/tfmini/share/tfmini/package.bash'
[11.987s] INFO:colcon.colcon_core.shell:Creating package script '/vas/install/tfmini/share/tfmini/package.zsh'
[11.988s] Level 1:colcon.colcon_core.environment:create_file_with_runtime_dependencies(/vas/install/tfmini/share/colcon-core/packages/tfmini)
[12.048s] Level 1:colcon.colcon_core.environment:checking '/vas/install/subscribers' for CMake module files
[12.050s] Level 1:colcon.colcon_core.environment:checking '/vas/install/subscribers' for CMake config files
[12.052s] Level 1:colcon.colcon_core.environment:checking '/vas/install/subscribers/lib'
[12.053s] DEBUG:colcon.colcon_core.event_handler.log_command:Invoked command in '/vas/subscribers' returned '0': PYTHONPATH=/vas/build/subscribers/prefix_override:/usr/lib/python3/dist-packages/colcon_core/task/python/colcon_distutils_commands:/vas/install/subscribers/lib/python3.10/site-packages:${PYTHONPATH} /usr/bin/python3 -W ignore:setup.py install is deprecated setup.py egg_info --egg-base ../build/subscribers build --build-base /vas/build/subscribers/build install --record /vas/build/subscribers/install.log --single-version-externally-managed install_data
[12.053s] Level 1:colcon.colcon_core.environment:checking '/vas/install/subscribers/bin'
[12.054s] Level 1:colcon.colcon_core.environment:checking '/vas/install/subscribers/lib/pkgconfig/subscribers.pc'
[12.054s] Level 1:colcon.colcon_core.environment:checking '/vas/install/subscribers/lib/python3.10/site-packages'
[12.056s] Level 1:colcon.colcon_core.shell:create_environment_hook('subscribers', 'pythonpath')
[12.058s] INFO:colcon.colcon_core.shell:Creating environment hook '/vas/install/subscribers/share/subscribers/hook/pythonpath.ps1'
[12.064s] INFO:colcon.colcon_core.shell:Creating environment descriptor '/vas/install/subscribers/share/subscribers/hook/pythonpath.dsv'
[12.065s] INFO:colcon.colcon_core.shell:Creating environment hook '/vas/install/subscribers/share/subscribers/hook/pythonpath.sh'
[12.071s] Level 1:colcon.colcon_core.environment:checking '/vas/install/subscribers/bin'
[12.072s] Level 1:colcon.colcon_core.environment:create_environment_scripts_only(subscribers)
[12.078s] INFO:colcon.colcon_core.shell:Creating package script '/vas/install/subscribers/share/subscribers/package.ps1'
[12.080s] INFO:colcon.colcon_core.shell:Creating package descriptor '/vas/install/subscribers/share/subscribers/package.dsv'
[12.084s] INFO:colcon.colcon_core.shell:Creating package script '/vas/install/subscribers/share/subscribers/package.sh'
[12.087s] INFO:colcon.colcon_core.shell:Creating package script '/vas/install/subscribers/share/subscribers/package.bash'
[12.088s] INFO:colcon.colcon_core.shell:Creating package script '/vas/install/subscribers/share/subscribers/package.zsh'
[12.089s] Level 1:colcon.colcon_core.environment:create_file_with_runtime_dependencies(/vas/install/subscribers/share/colcon-core/packages/subscribers)
[12.090s] DEBUG:colcon.colcon_parallel_executor.executor.parallel:closing loop
[12.094s] DEBUG:colcon.colcon_parallel_executor.executor.parallel:loop closed
[12.095s] DEBUG:colcon.colcon_parallel_executor.executor.parallel:run_until_complete finished with '0'
[12.096s] DEBUG:colcon.colcon_core.event_reactor:joining thread
[12.221s] INFO:colcon.colcon_core.plugin_system:Skipping extension 'colcon_notification.desktop_notification.notify_send': Could not find 'notify-send'
[12.223s] INFO:colcon.colcon_core.plugin_system:Skipping extension 'colcon_notification.desktop_notification.terminal_notifier': Not used on non-Darwin systems
[12.223s] INFO:colcon.colcon_core.plugin_system:Skipping extension 'colcon_notification.desktop_notification.win32': Not used on non-Windows systems
[12.223s] INFO:colcon.colcon_notification.desktop_notification:Sending desktop notification using 'notify2'
[12.310s] Level 1:colcon.colcon_core.environment:checking '/vas/install/subscribers' for CMake module files
[12.311s] Level 1:colcon.colcon_core.environment:checking '/vas/install/subscribers' for CMake config files
[12.229s] DEBUG:colcon.colcon_notification.desktop_notification.notify2:Failed to initialize notify2: org.freedesktop.DBus.Error.Spawn.ExecFailed: /usr/bin/dbus-launch terminated abnormally without any error message
[12.313s] Level 1:colcon.colcon_core.environment:checking '/vas/install/subscribers/lib'
[12.313s] Level 1:colcon.colcon_core.environment:checking '/vas/install/subscribers/bin'
[12.313s] Level 1:colcon.colcon_core.environment:checking '/vas/install/subscribers/lib/pkgconfig/subscribers.pc'
[12.229s] DEBUG:colcon.colcon_core.event_reactor:joined thread
[12.314s] Level 1:colcon.colcon_core.environment:checking '/vas/install/subscribers/lib/python3.10/site-packages'
[12.314s] DEBUG:colcon.colcon_core.event_handler.log_command:Invoked command in '/vas/subscribers' returned '0': PYTHONPATH=/vas/build/subscribers/prefix_override:/usr/lib/python3/dist-packages/colcon_core/task/python/colcon_distutils_commands:/vas/install/subscribers/lib/python3.10/site-packages:${PYTHONPATH} /usr/bin/python3 -W ignore:setup.py install is deprecated setup.py egg_info --egg-base ../build/subscribers build --build-base /vas/build/subscribers/build install --record /vas/build/subscribers/install.log --single-version-externally-managed install_data
[12.314s] Level 1:colcon.colcon_core.shell:create_environment_hook('subscribers', 'pythonpath')
[12.230s] INFO:colcon.colcon_core.shell:Creating prefix script '/vas/install/local_setup.ps1'
[12.315s] INFO:colcon.colcon_core.shell:Creating environment hook '/vas/install/subscribers/share/subscribers/hook/pythonpath.ps1'
[12.316s] INFO:colcon.colcon_core.shell:Creating environment descriptor '/vas/install/subscribers/share/subscribers/hook/pythonpath.dsv'
[12.234s] INFO:colcon.colcon_core.shell:Creating prefix util module '/vas/install/_local_setup_util_ps1.py'
[12.318s] INFO:colcon.colcon_core.shell:Creating environment hook '/vas/install/subscribers/share/subscribers/hook/pythonpath.sh'
[12.320s] Level 1:colcon.colcon_core.environment:checking '/vas/install/subscribers/bin'
[12.320s] Level 1:colcon.colcon_core.environment:create_environment_scripts_only(subscribers)
[12.322s] INFO:colcon.colcon_core.shell:Creating package script '/vas/install/subscribers/share/subscribers/package.ps1'
[12.323s] INFO:colcon.colcon_core.shell:Creating package descriptor '/vas/install/subscribers/share/subscribers/package.dsv'
[12.240s] INFO:colcon.colcon_core.shell:Creating prefix chain script '/vas/install/setup.ps1'
[12.326s] INFO:colcon.colcon_core.shell:Creating package script '/vas/install/subscribers/share/subscribers/package.sh'
[12.328s] INFO:colcon.colcon_core.shell:Creating package script '/vas/install/subscribers/share/subscribers/package.bash'
[12.330s] INFO:colcon.colcon_core.shell:Creating package script '/vas/install/subscribers/share/subscribers/package.zsh'
[12.332s] Level 1:colcon.colcon_core.environment:create_file_with_runtime_dependencies(/vas/install/subscribers/share/colcon-core/packages/subscribers)
[12.334s] DEBUG:colcon.colcon_parallel_executor.executor.parallel:closing loop
[12.337s] DEBUG:colcon.colcon_parallel_executor.executor.parallel:loop closed
[12.337s] DEBUG:colcon.colcon_parallel_executor.executor.parallel:run_until_complete finished with '0'
[12.338s] DEBUG:colcon.colcon_core.event_reactor:joining thread
[12.252s] INFO:colcon.colcon_core.shell:Creating prefix script '/vas/install/local_setup.sh'
[12.264s] INFO:colcon.colcon_core.shell:Creating prefix util module '/vas/install/_local_setup_util_sh.py'
[12.277s] INFO:colcon.colcon_core.shell:Creating prefix chain script '/vas/install/setup.sh'
[12.370s] INFO:colcon.colcon_core.plugin_system:Skipping extension 'colcon_notification.desktop_notification.notify_send': Could not find 'notify-send'
[12.370s] INFO:colcon.colcon_core.plugin_system:Skipping extension 'colcon_notification.desktop_notification.terminal_notifier': Not used on non-Darwin systems
[12.370s] INFO:colcon.colcon_core.plugin_system:Skipping extension 'colcon_notification.desktop_notification.win32': Not used on non-Windows systems
[12.370s] INFO:colcon.colcon_notification.desktop_notification:Sending desktop notification using 'notify2'
[12.370s] DEBUG:colcon.colcon_notification.desktop_notification.notify2:Failed to initialize notify2: org.freedesktop.DBus.Error.NotSupported: Unable to autolaunch a dbus-daemon without a $DISPLAY for X11
[12.371s] DEBUG:colcon.colcon_core.event_reactor:joined thread
[12.371s] INFO:colcon.colcon_core.shell:Creating prefix script '/vas/install/local_setup.ps1'
[12.287s] INFO:colcon.colcon_core.shell:Creating prefix script '/vas/install/local_setup.bash'
[12.373s] INFO:colcon.colcon_core.shell:Creating prefix util module '/vas/install/_local_setup_util_ps1.py'
[12.291s] INFO:colcon.colcon_core.shell:Creating prefix chain script '/vas/install/setup.bash'
[12.378s] INFO:colcon.colcon_core.shell:Creating prefix chain script '/vas/install/setup.ps1'
[12.296s] INFO:colcon.colcon_core.shell:Creating prefix script '/vas/install/local_setup.zsh'
[12.382s] INFO:colcon.colcon_core.shell:Creating prefix script '/vas/install/local_setup.sh'
[12.299s] INFO:colcon.colcon_core.shell:Creating prefix chain script '/vas/install/setup.zsh'
[12.384s] INFO:colcon.colcon_core.shell:Creating prefix util module '/vas/install/_local_setup_util_sh.py'
[12.390s] INFO:colcon.colcon_core.shell:Creating prefix chain script '/vas/install/setup.sh'
[12.399s] INFO:colcon.colcon_core.shell:Creating prefix script '/vas/install/local_setup.bash'
[12.410s] INFO:colcon.colcon_core.shell:Creating prefix chain script '/vas/install/setup.bash'
[12.413s] INFO:colcon.colcon_core.shell:Creating prefix script '/vas/install/local_setup.zsh'
[12.428s] INFO:colcon.colcon_core.shell:Creating prefix chain script '/vas/install/setup.zsh'
