[2.770s] Invoking command in '/vas/tts': PYTHONPATH=/vas/build/tts/prefix_override:/usr/lib/python3/dist-packages/colcon_core/task/python/colcon_distutils_commands:/vas/install/tts/lib/python3.10/site-packages:${PYTHONPATH} /usr/bin/python3 -W ignore:setup.py install is deprecated setup.py egg_info --egg-base ../build/tts build --build-base /vas/build/tts/build install --record /vas/build/tts/install.log --single-version-externally-managed install_data
[3.673s] running egg_info
[3.674s] writing ../build/tts/tts.egg-info/PKG-INFO
[3.675s] writing dependency_links to ../build/tts/tts.egg-info/dependency_links.txt
[3.678s] writing entry points to ../build/tts/tts.egg-info/entry_points.txt
[3.680s] writing requirements to ../build/tts/tts.egg-info/requires.txt
[3.681s] writing top-level names to ../build/tts/tts.egg-info/top_level.txt
[3.684s] reading manifest file '../build/tts/tts.egg-info/SOURCES.txt'
[3.689s] writing manifest file '../build/tts/tts.egg-info/SOURCES.txt'
[3.691s] running build
[3.695s] running build_py
[3.700s] running install
[3.701s] running install_lib
[3.708s] running install_data
[3.709s] running install_egg_info
[3.716s] removing '/vas/install/tts/lib/python3.10/site-packages/tts-0.0.0-py3.10.egg-info' (and everything under it)
[3.725s] Copying ../build/tts/tts.egg-info to /vas/install/tts/lib/python3.10/site-packages/tts-0.0.0-py3.10.egg-info
[3.733s] running install_scripts
[3.871s] Installing tts_node script to /vas/install/tts/lib/tts
[3.871s] writing list of installed files to '/vas/build/tts/install.log'
[4.007s] Invoked command in '/vas/tts' returned '0': PYTHONPATH=/vas/build/tts/prefix_override:/usr/lib/python3/dist-packages/colcon_core/task/python/colcon_distutils_commands:/vas/install/tts/lib/python3.10/site-packages:${PYTHONPATH} /usr/bin/python3 -W ignore:setup.py install is deprecated setup.py egg_info --egg-base ../build/tts build --build-base /vas/build/tts/build install --record /vas/build/tts/install.log --single-version-externally-managed install_data
