[0.000000] (-) TimerEvent: {}
[0.001742] (image_subscriber) JobQueued: {'identifier': 'image_subscriber', 'dependencies': OrderedDict()}
[0.001828] (subscribers) JobQueued: {'identifier': 'subscribers', 'dependencies': OrderedDict()}
[0.001884] (tfmini) JobQueued: {'identifier': 'tfmini', 'dependencies': OrderedDict()}
[0.001911] (image_subscriber) JobStarted: {'identifier': 'image_subscriber'}
[0.038576] (subscribers) JobStarted: {'identifier': 'subscribers'}
[0.057212] (tfmini) JobStarted: {'identifier': 'tfmini'}
[0.099603] (-) TimerEvent: {}
[0.200707] (-) TimerEvent: {}
[0.302207] (-) TimerEvent: {}
[0.402793] (-) TimerEvent: {}
[0.503396] (-) TimerEvent: {}
[0.604011] (-) TimerEvent: {}
[0.704839] (-) TimerEvent: {}
[0.807571] (-) TimerEvent: {}
[0.908113] (-) TimerEvent: {}
[1.011244] (-) TimerEvent: {}
[1.115722] (-) TimerEvent: {}
[1.220068] (-) TimerEvent: {}
[1.320550] (-) TimerEvent: {}
[1.420927] (-) TimerEvent: {}
[1.523386] (-) TimerEvent: {}
[1.624212] (-) TimerEvent: {}
[1.724755] (-) TimerEvent: {}
[1.826559] (-) TimerEvent: {}
[1.927102] (-) TimerEvent: {}
[1.948682] (tfmini) Command: {'cmd': ['/usr/bin/python3', '-W', 'ignore:setup.py install is deprecated', 'setup.py', 'egg_info', '--egg-base', '../build/tfmini', 'build', '--build-base', '/vas/build/tfmini/build', 'install', '--record', '/vas/build/tfmini/install.log', '--single-version-externally-managed', 'install_data'], 'cwd': '/vas/tfmini', 'env': {'HOSTNAME': 'rpi5', 'SHLVL': '1', 'LD_LIBRARY_PATH': '/opt/ros/humble/lib/aarch64-linux-gnu:/opt/ros/humble/lib', 'HOME': '/root', 'OLDPWD': '/', 'ROS_PYTHON_VERSION': '3', 'ROS_DISTRO': 'humble', '_': '/usr/bin/colcon', 'ROS_VERSION': '2', 'TERM': 'xterm', 'ROS_LOCALHOST_ONLY': '0', 'PATH': '/opt/ros/humble/bin:/usr/local/sbin:/usr/local/bin:/usr/sbin:/usr/bin:/sbin:/bin', 'LANG': 'C.UTF-8', 'AMENT_PREFIX_PATH': '/opt/ros/humble', 'PWD': '/vas/build/tfmini', 'LC_ALL': 'C.UTF-8', 'PYTHONPATH': '/vas/build/tfmini/prefix_override:/usr/lib/python3/dist-packages/colcon_core/task/python/colcon_distutils_commands:/vas/install/tfmini/lib/python3.10/site-packages:/opt/ros/humble/lib/python3.10/site-packages:/opt/ros/humble/local/lib/python3.10/dist-packages', 'COLCON': '1'}, 'shell': False}
[2.027240] (-) TimerEvent: {}
[2.079880] (image_subscriber) Command: {'cmd': ['/usr/bin/python3', '-W', 'ignore:setup.py install is deprecated', 'setup.py', 'egg_info', '--egg-base', '../build/image_subscriber', 'build', '--build-base', '/vas/build/image_subscriber/build', 'install', '--record', '/vas/build/image_subscriber/install.log', '--single-version-externally-managed', 'install_data'], 'cwd': '/vas/image_subscriber', 'env': {'HOSTNAME': 'rpi5', 'SHLVL': '1', 'LD_LIBRARY_PATH': '/opt/ros/humble/lib/aarch64-linux-gnu:/opt/ros/humble/lib', 'HOME': '/root', 'OLDPWD': '/', 'ROS_PYTHON_VERSION': '3', 'ROS_DISTRO': 'humble', '_': '/usr/bin/colcon', 'ROS_VERSION': '2', 'TERM': 'xterm', 'ROS_LOCALHOST_ONLY': '0', 'PATH': '/opt/ros/humble/bin:/usr/local/sbin:/usr/local/bin:/usr/sbin:/usr/bin:/sbin:/bin', 'LANG': 'C.UTF-8', 'AMENT_PREFIX_PATH': '/opt/ros/humble', 'PWD': '/vas/build/image_subscriber', 'LC_ALL': 'C.UTF-8', 'PYTHONPATH': '/vas/build/image_subscriber/prefix_override:/usr/lib/python3/dist-packages/colcon_core/task/python/colcon_distutils_commands:/vas/install/image_subscriber/lib/python3.10/site-packages:/opt/ros/humble/lib/python3.10/site-packages:/opt/ros/humble/local/lib/python3.10/dist-packages', 'COLCON': '1'}, 'shell': False}
[2.127557] (-) TimerEvent: {}
[2.228261] (-) TimerEvent: {}
[2.328836] (-) TimerEvent: {}
[2.429457] (-) TimerEvent: {}
[2.533788] (subscribers) Command: {'cmd': ['/usr/bin/python3', '-W', 'ignore:setup.py install is deprecated', 'setup.py', 'egg_info', '--egg-base', '../build/subscribers', 'build', '--build-base', '/vas/build/subscribers/build', 'install', '--record', '/vas/build/subscribers/install.log', '--single-version-externally-managed', 'install_data'], 'cwd': '/vas/subscribers', 'env': {'HOSTNAME': 'rpi5', 'SHLVL': '1', 'LD_LIBRARY_PATH': '/opt/ros/humble/lib/aarch64-linux-gnu:/opt/ros/humble/lib', 'HOME': '/root', 'OLDPWD': '/', 'ROS_PYTHON_VERSION': '3', 'ROS_DISTRO': 'humble', '_': '/usr/bin/colcon', 'ROS_VERSION': '2', 'TERM': 'xterm', 'ROS_LOCALHOST_ONLY': '0', 'PATH': '/opt/ros/humble/bin:/usr/local/sbin:/usr/local/bin:/usr/sbin:/usr/bin:/sbin:/bin', 'LANG': 'C.UTF-8', 'AMENT_PREFIX_PATH': '/opt/ros/humble', 'PWD': '/vas/build/subscribers', 'LC_ALL': 'C.UTF-8', 'PYTHONPATH': '/vas/build/subscribers/prefix_override:/usr/lib/python3/dist-packages/colcon_core/task/python/colcon_distutils_commands:/vas/install/subscribers/lib/python3.10/site-packages:/opt/ros/humble/lib/python3.10/site-packages:/opt/ros/humble/local/lib/python3.10/dist-packages', 'COLCON': '1'}, 'shell': False}
[2.534683] (-) TimerEvent: {}
[2.655582] (-) TimerEvent: {}
[2.759522] (-) TimerEvent: {}
[2.860090] (-) TimerEvent: {}
[2.946214] (tfmini) StdoutLine: {'line': b'running egg_info\n'}
[2.947068] (tfmini) StdoutLine: {'line': b'writing ../build/tfmini/tfmini.egg-info/PKG-INFO\n'}
[2.947306] (tfmini) StdoutLine: {'line': b'writing dependency_links to ../build/tfmini/tfmini.egg-info/dependency_links.txt\n'}
[2.947442] (tfmini) StdoutLine: {'line': b'writing entry points to ../build/tfmini/tfmini.egg-info/entry_points.txt\n'}
[2.948154] (tfmini) StdoutLine: {'line': b'writing requirements to ../build/tfmini/tfmini.egg-info/requires.txt\n'}
[2.948322] (tfmini) StdoutLine: {'line': b'writing top-level names to ../build/tfmini/tfmini.egg-info/top_level.txt\n'}
[2.951595] (tfmini) StdoutLine: {'line': b"reading manifest file '../build/tfmini/tfmini.egg-info/SOURCES.txt'\n"}
[2.953216] (tfmini) StdoutLine: {'line': b"writing manifest file '../build/tfmini/tfmini.egg-info/SOURCES.txt'\n"}
[2.953415] (tfmini) StdoutLine: {'line': b'running build\n'}
[2.954016] (tfmini) StdoutLine: {'line': b'running build_py\n'}
[2.954152] (tfmini) StdoutLine: {'line': b'running install\n'}
[2.954846] (tfmini) StdoutLine: {'line': b'running install_lib\n'}
[2.957040] (tfmini) StdoutLine: {'line': b'running install_data\n'}
[2.959604] (tfmini) StdoutLine: {'line': b'running install_egg_info\n'}
[2.960132] (-) TimerEvent: {}
[2.964902] (tfmini) StdoutLine: {'line': b"removing '/vas/install/tfmini/lib/python3.10/site-packages/tfmini-0.0.0-py3.10.egg-info' (and everything under it)\n"}
[2.967616] (tfmini) StdoutLine: {'line': b'Copying ../build/tfmini/tfmini.egg-info to /vas/install/tfmini/lib/python3.10/site-packages/tfmini-0.0.0-py3.10.egg-info\n'}
[2.968624] (tfmini) StdoutLine: {'line': b'running install_scripts\n'}
[3.016879] (subscribers) StdoutLine: {'line': b'running egg_info\n'}
[3.019424] (subscribers) StdoutLine: {'line': b'writing ../build/subscribers/subscribers.egg-info/PKG-INFO\n'}
[3.020171] (subscribers) StdoutLine: {'line': b'writing dependency_links to ../build/subscribers/subscribers.egg-info/dependency_links.txt\n'}
[3.020299] (subscribers) StdoutLine: {'line': b'writing entry points to ../build/subscribers/subscribers.egg-info/entry_points.txt\n'}
[3.020689] (subscribers) StdoutLine: {'line': b'writing requirements to ../build/subscribers/subscribers.egg-info/requires.txt\n'}
[3.020828] (subscribers) StdoutLine: {'line': b'writing top-level names to ../build/subscribers/subscribers.egg-info/top_level.txt\n'}
[3.026857] (subscribers) StdoutLine: {'line': b"reading manifest file '../build/subscribers/subscribers.egg-info/SOURCES.txt'\n"}
[3.027274] (subscribers) StdoutLine: {'line': b"writing manifest file '../build/subscribers/subscribers.egg-info/SOURCES.txt'\n"}
[3.039817] (subscribers) StdoutLine: {'line': b'running build\n'}
[3.040222] (subscribers) StdoutLine: {'line': b'running build_py\n'}
[3.040325] (subscribers) StdoutLine: {'line': b'running install\n'}
[3.040401] (subscribers) StdoutLine: {'line': b'running install_lib\n'}
[3.040475] (subscribers) StdoutLine: {'line': b'running install_data\n'}
[3.040553] (subscribers) StdoutLine: {'line': b'running install_egg_info\n'}
[3.040626] (subscribers) StdoutLine: {'line': b"removing '/vas/install/subscribers/lib/python3.10/site-packages/subscribers-0.0.0-py3.10.egg-info' (and everything under it)\n"}
[3.040713] (subscribers) StdoutLine: {'line': b'Copying ../build/subscribers/subscribers.egg-info to /vas/install/subscribers/lib/python3.10/site-packages/subscribers-0.0.0-py3.10.egg-info\n'}
[3.040786] (subscribers) StdoutLine: {'line': b'running install_scripts\n'}
[3.059636] (tfmini) StdoutLine: {'line': b'Installing tfmini_node script to /vas/install/tfmini/lib/tfmini\n'}
[3.060017] (tfmini) StdoutLine: {'line': b"writing list of installed files to '/vas/build/tfmini/install.log'\n"}
[3.060117] (-) TimerEvent: {}
[3.084680] (image_subscriber) StdoutLine: {'line': b'running egg_info\n'}
[3.088005] (image_subscriber) StdoutLine: {'line': b'writing ../build/image_subscriber/image_subscriber.egg-info/PKG-INFO\n'}
[3.090689] (image_subscriber) StdoutLine: {'line': b'writing dependency_links to ../build/image_subscriber/image_subscriber.egg-info/dependency_links.txt\n'}
[3.090825] (image_subscriber) StdoutLine: {'line': b'writing entry points to ../build/image_subscriber/image_subscriber.egg-info/entry_points.txt\n'}
[3.090897] (image_subscriber) StdoutLine: {'line': b'writing requirements to ../build/image_subscriber/image_subscriber.egg-info/requires.txt\n'}
[3.090964] (image_subscriber) StdoutLine: {'line': b'writing top-level names to ../build/image_subscriber/image_subscriber.egg-info/top_level.txt\n'}
[3.092958] (image_subscriber) StdoutLine: {'line': b"reading manifest file '../build/image_subscriber/image_subscriber.egg-info/SOURCES.txt'\n"}
[3.094634] (image_subscriber) StdoutLine: {'line': b"writing manifest file '../build/image_subscriber/image_subscriber.egg-info/SOURCES.txt'\n"}
[3.094961] (image_subscriber) StdoutLine: {'line': b'running build\n'}
[3.095067] (image_subscriber) StdoutLine: {'line': b'running build_py\n'}
[3.095270] (image_subscriber) StdoutLine: {'line': b'running install\n'}
[3.098623] (image_subscriber) StdoutLine: {'line': b'running install_lib\n'}
[3.098924] (image_subscriber) StdoutLine: {'line': b'running install_data\n'}
[3.099012] (image_subscriber) StdoutLine: {'line': b'running install_egg_info\n'}
[3.103620] (image_subscriber) StdoutLine: {'line': b"removing '/vas/install/image_subscriber/lib/python3.10/site-packages/image_subscriber-0.0.0-py3.10.egg-info' (and everything under it)\n"}
[3.107894] (subscribers) StdoutLine: {'line': b'Installing detections_node script to /vas/install/subscribers/lib/subscribers\n'}
[3.108050] (subscribers) StdoutLine: {'line': b'Installing image_node script to /vas/install/subscribers/lib/subscribers\n'}
[3.108135] (subscribers) StdoutLine: {'line': b"writing list of installed files to '/vas/build/subscribers/install.log'\n"}
[3.108229] (image_subscriber) StdoutLine: {'line': b'Copying ../build/image_subscriber/image_subscriber.egg-info to /vas/install/image_subscriber/lib/python3.10/site-packages/image_subscriber-0.0.0-py3.10.egg-info\n'}
[3.108329] (image_subscriber) StdoutLine: {'line': b'running install_scripts\n'}
[3.160323] (-) TimerEvent: {}
[3.163383] (image_subscriber) StdoutLine: {'line': b"writing list of installed files to '/vas/build/image_subscriber/install.log'\n"}
[3.203010] (tfmini) CommandEnded: {'returncode': 0}
[3.260466] (-) TimerEvent: {}
[3.283949] (tfmini) JobEnded: {'identifier': 'tfmini', 'rc': 0}
[3.291900] (image_subscriber) CommandEnded: {'returncode': 0}
[3.306629] (image_subscriber) JobEnded: {'identifier': 'image_subscriber', 'rc': 0}
[3.308967] (subscribers) CommandEnded: {'returncode': 0}
[3.324414] (subscribers) JobEnded: {'identifier': 'subscribers', 'rc': 0}
[3.325598] (-) EventReactorShutdown: {}
