[11.637s] Invoking command in '/vas/tts': PYTHONPATH=/vas/build/tts/prefix_override:/usr/lib/python3/dist-packages/colcon_core/task/python/colcon_distutils_commands:/vas/install/tts/lib/python3.10/site-packages:${PYTHONPATH} /usr/bin/python3 -W ignore:setup.py install is deprecated setup.py egg_info --egg-base ../build/tts build --build-base /vas/build/tts/build install --record /vas/build/tts/install.log --single-version-externally-managed install_data
[12.687s] running egg_info
[12.687s] writing ../build/tts/tts.egg-info/PKG-INFO
[12.687s] writing dependency_links to ../build/tts/tts.egg-info/dependency_links.txt
[12.687s] writing entry points to ../build/tts/tts.egg-info/entry_points.txt
[12.687s] writing requirements to ../build/tts/tts.egg-info/requires.txt
[12.687s] writing top-level names to ../build/tts/tts.egg-info/top_level.txt
[12.693s] reading manifest file '../build/tts/tts.egg-info/SOURCES.txt'
[12.694s] writing manifest file '../build/tts/tts.egg-info/SOURCES.txt'
[12.694s] running build
[12.694s] running build_py
[12.695s] copying tts/tts_node.py -> /vas/build/tts/build/lib/tts
[12.695s] running install
[12.698s] running install_lib
[12.702s] copying /vas/build/tts/build/lib/tts/tts_node.py -> /vas/install/tts/lib/python3.10/site-packages/tts
[12.702s] byte-compiling /vas/install/tts/lib/python3.10/site-packages/tts/tts_node.py to tts_node.cpython-310.pyc
[12.702s] running install_data
[12.702s] running install_egg_info
[12.705s] removing '/vas/install/tts/lib/python3.10/site-packages/tts-0.0.0-py3.10.egg-info' (and everything under it)
[12.712s] Copying ../build/tts/tts.egg-info to /vas/install/tts/lib/python3.10/site-packages/tts-0.0.0-py3.10.egg-info
[12.713s] running install_scripts
[12.817s] Installing tts_node script to /vas/install/tts/lib/tts
[12.820s] writing list of installed files to '/vas/build/tts/install.log'
[13.393s] Invoked command in '/vas/tts' returned '0': PYTHONPATH=/vas/build/tts/prefix_override:/usr/lib/python3/dist-packages/colcon_core/task/python/colcon_distutils_commands:/vas/install/tts/lib/python3.10/site-packages:${PYTHONPATH} /usr/bin/python3 -W ignore:setup.py install is deprecated setup.py egg_info --egg-base ../build/tts build --build-base /vas/build/tts/build install --record /vas/build/tts/install.log --single-version-externally-managed install_data
