[5.483s] Invoking command in '/vas/tfmini': PYTHONPATH=/vas/build/tfmini/prefix_override:/usr/lib/python3/dist-packages/colcon_core/task/python/colcon_distutils_commands:/vas/install/tfmini/lib/python3.10/site-packages:${PYTHONPATH} /usr/bin/python3 -W ignore:setup.py install is deprecated setup.py egg_info --egg-base ../build/tfmini build --build-base /vas/build/tfmini/build install --record /vas/build/tfmini/install.log --single-version-externally-managed install_data
[7.783s] running egg_info
[7.817s] writing ../build/tfmini/tfmini.egg-info/PKG-INFO
[7.818s] writing dependency_links to ../build/tfmini/tfmini.egg-info/dependency_links.txt
[7.821s] writing entry points to ../build/tfmini/tfmini.egg-info/entry_points.txt
[7.825s] writing requirements to ../build/tfmini/tfmini.egg-info/requires.txt
[7.835s] writing top-level names to ../build/tfmini/tfmini.egg-info/top_level.txt
[7.858s] reading manifest file '../build/tfmini/tfmini.egg-info/SOURCES.txt'
[7.871s] writing manifest file '../build/tfmini/tfmini.egg-info/SOURCES.txt'
[7.871s] running build
[7.880s] running build_py
[7.885s] running install
[7.885s] running install_lib
[7.905s] running install_data
[7.905s] running install_egg_info
[7.905s] removing '/vas/install/tfmini/lib/python3.10/site-packages/tfmini-0.0.0-py3.10.egg-info' (and everything under it)
[7.924s] Copying ../build/tfmini/tfmini.egg-info to /vas/install/tfmini/lib/python3.10/site-packages/tfmini-0.0.0-py3.10.egg-info
[7.924s] running install_scripts
[8.042s] Installing tfmini_node script to /vas/install/tfmini/lib/tfmini
[8.044s] writing list of installed files to '/vas/build/tfmini/install.log'
[8.200s] Invoked command in '/vas/tfmini' returned '0': PYTHONPATH=/vas/build/tfmini/prefix_override:/usr/lib/python3/dist-packages/colcon_core/task/python/colcon_distutils_commands:/vas/install/tfmini/lib/python3.10/site-packages:${PYTHONPATH} /usr/bin/python3 -W ignore:setup.py install is deprecated setup.py egg_info --egg-base ../build/tfmini build --build-base /vas/build/tfmini/build install --record /vas/build/tfmini/install.log --single-version-externally-managed install_data
