[0.000000] (-) TimerEvent: {}
[0.001537] (image_subscriber) JobQueued: {'identifier': 'image_subscriber', 'dependencies': OrderedDict()}
[0.001595] (subscribers) JobQueued: {'identifier': 'subscribers', 'dependencies': OrderedDict()}
[0.001615] (tfmini) JobQueued: {'identifier': 'tfmini', 'dependencies': OrderedDict()}
[0.001634] (image_subscriber) JobStarted: {'identifier': 'image_subscriber'}
[0.042334] (subscribers) JobStarted: {'identifier': 'subscribers'}
[0.057848] (tfmini) JobStarted: {'identifier': 'tfmini'}
[0.099592] (-) TimerEvent: {}
[0.200490] (-) TimerEvent: {}
[0.301885] (-) TimerEvent: {}
[0.402863] (-) TimerEvent: {}
[0.504634] (-) TimerEvent: {}
[0.605032] (-) TimerEvent: {}
[0.705433] (-) TimerEvent: {}
[0.809734] (-) TimerEvent: {}
[0.910140] (-) TimerEvent: {}
[1.010671] (-) TimerEvent: {}
[1.111779] (-) TimerEvent: {}
[1.216655] (-) TimerEvent: {}
[1.317232] (-) TimerEvent: {}
[1.417797] (-) TimerEvent: {}
[1.518588] (-) TimerEvent: {}
[1.620810] (-) TimerEvent: {}
[1.721992] (-) TimerEvent: {}
[1.741632] (subscribers) Command: {'cmd': ['/usr/bin/python3', '-W', 'ignore:setup.py install is deprecated', 'setup.py', 'egg_info', '--egg-base', '../build/subscribers', 'build', '--build-base', '/vas/build/subscribers/build', 'install', '--record', '/vas/build/subscribers/install.log', '--single-version-externally-managed', 'install_data'], 'cwd': '/vas/subscribers', 'env': {'HOSTNAME': 'rpi5', 'SHLVL': '1', 'LIBGL_ALWAYS_SOFTWARE': '1', 'LD_LIBRARY_PATH': '/opt/ros/humble/opt/rviz_ogre_vendor/lib:/opt/ros/humble/lib/aarch64-linux-gnu:/opt/ros/humble/lib', 'HOME': '/root', 'OLDPWD': '/', 'ROS_PYTHON_VERSION': '3', 'ROS_DISTRO': 'humble', '_': '/usr/bin/colcon', 'ROS_VERSION': '2', 'TERM': 'xterm', 'ROS_LOCALHOST_ONLY': '0', 'PATH': '/opt/ros/humble/bin:/usr/local/sbin:/usr/local/bin:/usr/sbin:/usr/bin:/sbin:/bin', 'DISPLAY': ':0', 'LANG': 'C.UTF-8', 'AMENT_PREFIX_PATH': '/opt/ros/humble', 'PWD': '/vas/build/subscribers', 'LC_ALL': 'C.UTF-8', 'PYTHONPATH': '/vas/build/subscribers/prefix_override:/usr/lib/python3/dist-packages/colcon_core/task/python/colcon_distutils_commands:/vas/install/subscribers/lib/python3.10/site-packages:/opt/ros/humble/lib/python3.10/site-packages:/opt/ros/humble/local/lib/python3.10/dist-packages', 'COLCON': '1'}, 'shell': False}
[1.822309] (-) TimerEvent: {}
[1.927845] (-) TimerEvent: {}
[2.028721] (-) TimerEvent: {}
[2.104938] (image_subscriber) Command: {'cmd': ['/usr/bin/python3', '-W', 'ignore:setup.py install is deprecated', 'setup.py', 'egg_info', '--egg-base', '../build/image_subscriber', 'build', '--build-base', '/vas/build/image_subscriber/build', 'install', '--record', '/vas/build/image_subscriber/install.log', '--single-version-externally-managed', 'install_data'], 'cwd': '/vas/image_subscriber', 'env': {'HOSTNAME': 'rpi5', 'SHLVL': '1', 'LIBGL_ALWAYS_SOFTWARE': '1', 'LD_LIBRARY_PATH': '/opt/ros/humble/opt/rviz_ogre_vendor/lib:/opt/ros/humble/lib/aarch64-linux-gnu:/opt/ros/humble/lib', 'HOME': '/root', 'OLDPWD': '/', 'ROS_PYTHON_VERSION': '3', 'ROS_DISTRO': 'humble', '_': '/usr/bin/colcon', 'ROS_VERSION': '2', 'TERM': 'xterm', 'ROS_LOCALHOST_ONLY': '0', 'PATH': '/opt/ros/humble/bin:/usr/local/sbin:/usr/local/bin:/usr/sbin:/usr/bin:/sbin:/bin', 'DISPLAY': ':0', 'LANG': 'C.UTF-8', 'AMENT_PREFIX_PATH': '/opt/ros/humble', 'PWD': '/vas/build/image_subscriber', 'LC_ALL': 'C.UTF-8', 'PYTHONPATH': '/vas/build/image_subscriber/prefix_override:/usr/lib/python3/dist-packages/colcon_core/task/python/colcon_distutils_commands:/vas/install/image_subscriber/lib/python3.10/site-packages:/opt/ros/humble/lib/python3.10/site-packages:/opt/ros/humble/local/lib/python3.10/dist-packages', 'COLCON': '1'}, 'shell': False}
[2.129289] (-) TimerEvent: {}
[2.235788] (-) TimerEvent: {}
[2.326149] (tfmini) Command: {'cmd': ['/usr/bin/python3', '-W', 'ignore:setup.py install is deprecated', 'setup.py', 'egg_info', '--egg-base', '../build/tfmini', 'build', '--build-base', '/vas/build/tfmini/build', 'install', '--record', '/vas/build/tfmini/install.log', '--single-version-externally-managed', 'install_data'], 'cwd': '/vas/tfmini', 'env': {'HOSTNAME': 'rpi5', 'SHLVL': '1', 'LIBGL_ALWAYS_SOFTWARE': '1', 'LD_LIBRARY_PATH': '/opt/ros/humble/opt/rviz_ogre_vendor/lib:/opt/ros/humble/lib/aarch64-linux-gnu:/opt/ros/humble/lib', 'HOME': '/root', 'OLDPWD': '/', 'ROS_PYTHON_VERSION': '3', 'ROS_DISTRO': 'humble', '_': '/usr/bin/colcon', 'ROS_VERSION': '2', 'TERM': 'xterm', 'ROS_LOCALHOST_ONLY': '0', 'PATH': '/opt/ros/humble/bin:/usr/local/sbin:/usr/local/bin:/usr/sbin:/usr/bin:/sbin:/bin', 'DISPLAY': ':0', 'LANG': 'C.UTF-8', 'AMENT_PREFIX_PATH': '/opt/ros/humble', 'PWD': '/vas/build/tfmini', 'LC_ALL': 'C.UTF-8', 'PYTHONPATH': '/vas/build/tfmini/prefix_override:/usr/lib/python3/dist-packages/colcon_core/task/python/colcon_distutils_commands:/vas/install/tfmini/lib/python3.10/site-packages:/opt/ros/humble/lib/python3.10/site-packages:/opt/ros/humble/local/lib/python3.10/dist-packages', 'COLCON': '1'}, 'shell': False}
[2.338088] (-) TimerEvent: {}
[2.448004] (-) TimerEvent: {}
[2.502887] (image_subscriber) StdoutLine: {'line': b'running egg_info\n'}
[2.503287] (image_subscriber) StdoutLine: {'line': b'writing ../build/image_subscriber/image_subscriber.egg-info/PKG-INFO\n'}
[2.520291] (image_subscriber) StdoutLine: {'line': b'writing dependency_links to ../build/image_subscriber/image_subscriber.egg-info/dependency_links.txt\n'}
[2.520629] (image_subscriber) StdoutLine: {'line': b'writing entry points to ../build/image_subscriber/image_subscriber.egg-info/entry_points.txt\n'}
[2.520766] (image_subscriber) StdoutLine: {'line': b'writing requirements to ../build/image_subscriber/image_subscriber.egg-info/requires.txt\n'}
[2.520863] (image_subscriber) StdoutLine: {'line': b'writing top-level names to ../build/image_subscriber/image_subscriber.egg-info/top_level.txt\n'}
[2.520937] (image_subscriber) StdoutLine: {'line': b"reading manifest file '../build/image_subscriber/image_subscriber.egg-info/SOURCES.txt'\n"}
[2.521027] (image_subscriber) StdoutLine: {'line': b"writing manifest file '../build/image_subscriber/image_subscriber.egg-info/SOURCES.txt'\n"}
[2.522706] (image_subscriber) StdoutLine: {'line': b'running build\n'}
[2.523078] (image_subscriber) StdoutLine: {'line': b'running build_py\n'}
[2.523224] (image_subscriber) StdoutLine: {'line': b'running install\n'}
[2.523308] (image_subscriber) StdoutLine: {'line': b'running install_lib\n'}
[2.525172] (image_subscriber) StdoutLine: {'line': b'running install_data\n'}
[2.528093] (subscribers) StdoutLine: {'line': b'running egg_info\n'}
[2.528949] (subscribers) StdoutLine: {'line': b'writing ../build/subscribers/subscribers.egg-info/PKG-INFO\n'}
[2.529048] (image_subscriber) StdoutLine: {'line': b'running install_egg_info\n'}
[2.529132] (subscribers) StdoutLine: {'line': b'writing dependency_links to ../build/subscribers/subscribers.egg-info/dependency_links.txt\n'}
[2.529772] (subscribers) StdoutLine: {'line': b'writing entry points to ../build/subscribers/subscribers.egg-info/entry_points.txt\n'}
[2.530321] (subscribers) StdoutLine: {'line': b'writing requirements to ../build/subscribers/subscribers.egg-info/requires.txt\n'}
[2.530841] (subscribers) StdoutLine: {'line': b'writing top-level names to ../build/subscribers/subscribers.egg-info/top_level.txt\n'}
[2.535298] (image_subscriber) StdoutLine: {'line': b"removing '/vas/install/image_subscriber/lib/python3.10/site-packages/image_subscriber-0.0.0-py3.10.egg-info' (and everything under it)\n"}
[2.536019] (subscribers) StdoutLine: {'line': b"reading manifest file '../build/subscribers/subscribers.egg-info/SOURCES.txt'\n"}
[2.536397] (image_subscriber) StdoutLine: {'line': b'Copying ../build/image_subscriber/image_subscriber.egg-info to /vas/install/image_subscriber/lib/python3.10/site-packages/image_subscriber-0.0.0-py3.10.egg-info\n'}
[2.538455] (subscribers) StdoutLine: {'line': b"writing manifest file '../build/subscribers/subscribers.egg-info/SOURCES.txt'\n"}
[2.539349] (subscribers) StdoutLine: {'line': b'running build\n'}
[2.540368] (subscribers) StdoutLine: {'line': b'running build_py\n'}
[2.542500] (subscribers) StdoutLine: {'line': b'copying subscribers/detections_node.py -> /vas/build/subscribers/build/lib/subscribers\n'}
[2.543468] (image_subscriber) StdoutLine: {'line': b'running install_scripts\n'}
[2.543807] (subscribers) StdoutLine: {'line': b'running install\n'}
[2.548054] (-) TimerEvent: {}
[2.555871] (subscribers) StdoutLine: {'line': b'running install_lib\n'}
[2.565325] (subscribers) StdoutLine: {'line': b'copying /vas/build/subscribers/build/lib/subscribers/detections_node.py -> /vas/install/subscribers/lib/python3.10/site-packages/subscribers\n'}
[2.573864] (subscribers) StdoutLine: {'line': b'byte-compiling /vas/install/subscribers/lib/python3.10/site-packages/subscribers/detections_node.py to detections_node.cpython-310.pyc\n'}
[2.574100] (subscribers) StdoutLine: {'line': b'running install_data\n'}
[2.579767] (subscribers) StdoutLine: {'line': b'running install_egg_info\n'}
[2.592616] (subscribers) StdoutLine: {'line': b"removing '/vas/install/subscribers/lib/python3.10/site-packages/subscribers-0.0.0-py3.10.egg-info' (and everything under it)\n"}
[2.611023] (subscribers) StdoutLine: {'line': b'Copying ../build/subscribers/subscribers.egg-info to /vas/install/subscribers/lib/python3.10/site-packages/subscribers-0.0.0-py3.10.egg-info\n'}
[2.611766] (image_subscriber) StdoutLine: {'line': b"writing list of installed files to '/vas/build/image_subscriber/install.log'\n"}
[2.612892] (subscribers) StdoutLine: {'line': b'running install_scripts\n'}
[2.649998] (-) TimerEvent: {}
[2.712401] (image_subscriber) CommandEnded: {'returncode': 0}
[2.733589] (subscribers) StdoutLine: {'line': b'Installing detections_node script to /vas/install/subscribers/lib/subscribers\n'}
[2.734385] (subscribers) StdoutLine: {'line': b'Installing image_node script to /vas/install/subscribers/lib/subscribers\n'}
[2.734495] (subscribers) StdoutLine: {'line': b"writing list of installed files to '/vas/build/subscribers/install.log'\n"}
[2.750089] (-) TimerEvent: {}
[2.779752] (image_subscriber) JobEnded: {'identifier': 'image_subscriber', 'rc': 0}
[2.850230] (-) TimerEvent: {}
[2.873805] (tfmini) StdoutLine: {'line': b'running egg_info\n'}
[2.875622] (tfmini) StdoutLine: {'line': b'writing ../build/tfmini/tfmini.egg-info/PKG-INFO\n'}
[2.879295] (tfmini) StdoutLine: {'line': b'writing dependency_links to ../build/tfmini/tfmini.egg-info/dependency_links.txt\n'}
[2.880824] (tfmini) StdoutLine: {'line': b'writing entry points to ../build/tfmini/tfmini.egg-info/entry_points.txt\n'}
[2.885650] (tfmini) StdoutLine: {'line': b'writing requirements to ../build/tfmini/tfmini.egg-info/requires.txt\n'}
[2.886626] (tfmini) StdoutLine: {'line': b'writing top-level names to ../build/tfmini/tfmini.egg-info/top_level.txt\n'}
[2.893915] (tfmini) StdoutLine: {'line': b"reading manifest file '../build/tfmini/tfmini.egg-info/SOURCES.txt'\n"}
[2.895728] (tfmini) StdoutLine: {'line': b"writing manifest file '../build/tfmini/tfmini.egg-info/SOURCES.txt'\n"}
[2.895969] (tfmini) StdoutLine: {'line': b'running build\n'}
[2.896485] (tfmini) StdoutLine: {'line': b'running build_py\n'}
[2.899725] (tfmini) StdoutLine: {'line': b'running install\n'}
[2.901531] (tfmini) StdoutLine: {'line': b'running install_lib\n'}
[2.905218] (tfmini) StdoutLine: {'line': b'running install_data\n'}
[2.907796] (tfmini) StdoutLine: {'line': b'running install_egg_info\n'}
[2.910573] (tfmini) StdoutLine: {'line': b"removing '/vas/install/tfmini/lib/python3.10/site-packages/tfmini-0.0.0-py3.10.egg-info' (and everything under it)\n"}
[2.911123] (tfmini) StdoutLine: {'line': b'Copying ../build/tfmini/tfmini.egg-info to /vas/install/tfmini/lib/python3.10/site-packages/tfmini-0.0.0-py3.10.egg-info\n'}
[2.923865] (tfmini) StdoutLine: {'line': b'running install_scripts\n'}
[2.947735] (subscribers) CommandEnded: {'returncode': 0}
[2.951910] (-) TimerEvent: {}
[2.956058] (tfmini) StdoutLine: {'line': b'Installing tfmini_node script to /vas/install/tfmini/lib/tfmini\n'}
[2.956597] (tfmini) StdoutLine: {'line': b"writing list of installed files to '/vas/build/tfmini/install.log'\n"}
[2.982456] (subscribers) JobEnded: {'identifier': 'subscribers', 'rc': 0}
[3.052084] (-) TimerEvent: {}
[3.085621] (tfmini) CommandEnded: {'returncode': 0}
[3.128151] (tfmini) JobEnded: {'identifier': 'tfmini', 'rc': 0}
[3.130920] (-) EventReactorShutdown: {}
