[3.200s] Invoking command in '/vas/tts': PYTHONPATH=/vas/build/tts/prefix_override:/usr/lib/python3/dist-packages/colcon_core/task/python/colcon_distutils_commands:/vas/install/tts/lib/python3.10/site-packages:${PYTHONPATH} /usr/bin/python3 -W ignore:setup.py install is deprecated setup.py egg_info --egg-base ../build/tts build --build-base /vas/build/tts/build install --record /vas/build/tts/install.log --single-version-externally-managed install_data
[4.027s] running egg_info
[4.035s] writing ../build/tts/tts.egg-info/PKG-INFO
[4.035s] writing dependency_links to ../build/tts/tts.egg-info/dependency_links.txt
[4.039s] writing entry points to ../build/tts/tts.egg-info/entry_points.txt
[4.040s] writing requirements to ../build/tts/tts.egg-info/requires.txt
[4.040s] writing top-level names to ../build/tts/tts.egg-info/top_level.txt
[4.047s] reading manifest file '../build/tts/tts.egg-info/SOURCES.txt'
[4.048s] writing manifest file '../build/tts/tts.egg-info/SOURCES.txt'
[4.055s] running build
[4.055s] running build_py
[4.055s] running install
[4.056s] running install_lib
[4.057s] running install_data
[4.060s] running install_egg_info
[4.060s] removing '/vas/install/tts/lib/python3.10/site-packages/tts-0.0.0-py3.10.egg-info' (and everything under it)
[4.067s] Copying ../build/tts/tts.egg-info to /vas/install/tts/lib/python3.10/site-packages/tts-0.0.0-py3.10.egg-info
[4.068s] running install_scripts
[4.127s] Installing tts_node script to /vas/install/tts/lib/tts
[4.127s] writing list of installed files to '/vas/build/tts/install.log'
[4.227s] Invoked command in '/vas/tts' returned '0': PYTHONPATH=/vas/build/tts/prefix_override:/usr/lib/python3/dist-packages/colcon_core/task/python/colcon_distutils_commands:/vas/install/tts/lib/python3.10/site-packages:${PYTHONPATH} /usr/bin/python3 -W ignore:setup.py install is deprecated setup.py egg_info --egg-base ../build/tts build --build-base /vas/build/tts/build install --record /vas/build/tts/install.log --single-version-externally-managed install_data
