[0.028s] Invoking command in '/VAS/build/libcamera': /usr/bin/meson setup --libdir=lib --prefix=/VAS/install/libcamera --buildtype=release /VAS/build/libcamera /VAS/libcamera
[0.606s] [1mThe Meson build system[0m
[0.606s] Version: 0.61.2
[0.607s] Source dir: [1m/VAS/libcamera[0m
[0.607s] Build dir: [1m/VAS/build/libcamera[0m
[0.607s] Build type: [1mnative build[0m
[0.631s] Project name: [1mlibcamera[0m
[0.631s] Project version: [1m0.3.0[0m
[0.749s] C compiler for the host machine: [1mcc[0m (gcc 11.4.0 "cc (Ubuntu 11.4.0-1ubuntu1~22.04) 11.4.0")
[0.750s] C linker for the host machine: [1mcc[0m ld.bfd 2.38
[0.921s] C++ compiler for the host machine: [1mc++[0m (gcc 11.4.0 "c++ (Ubuntu 11.4.0-1ubuntu1~22.04) 11.4.0")
[0.922s] C++ linker for the host machine: [1mc++[0m ld.bfd 2.38
[1.206s] Host machine cpu family: [1maarch64[0m
[1.206s] Host machine cpu: [1maarch64[0m
[1.317s] Header <fcntl.h> has symbol "[1mF_ADD_SEALS[0m" : [1;32mYES[0m 
[1.373s] Header <unistd.h> has symbol "[1missetugid[0m" : [1;31mNO[0m 
[1.400s] Header <locale.h> has symbol "[1mlocale_t[0m" : [1;32mYES[0m 
[1.423s] Header <sys/mman.h> has symbol "[1mmemfd_create[0m" : [1;32mYES[0m 
[1.469s] Header <stdlib.h> has symbol "[1msecure_getenv[0m" : [1;32mYES[0m 
[1.486s] Compiler for C supports arguments -Wno-c99-designator: [1;31mNO[0m 
[1.493s] Found pkg-config: [1m/usr/bin/pkg-config[0m (0.29.2)
[1.511s] Found CMake: [1m/usr/bin/cmake[0m (3.22.1)
[2.398s] Run-time dependency [1mlttng-ust[0m found: [1;31mNO[0m (tried pkgconfig and cmake)
[2.435s] Program [1m./parser.py[0m found: [1;32mYES[0m (/VAS/libcamera/utils/ipc/./parser.py)
[2.436s] Program [1m./generate.py[0m found: [1;32mYES[0m (/VAS/libcamera/utils/ipc/./generate.py)
[2.436s] Program [1m./extract-docs.py[0m found: [1;32mYES[0m (/VAS/libcamera/utils/ipc/./extract-docs.py)
[2.441s] Program [1m./gen-tp-header.py[0m found: [1;32mYES[0m (/VAS/libcamera/utils/tracepoints/./gen-tp-header.py)
[2.508s] Configuring [1mversion.h[0m using configuration
[2.513s] Program [1mopenssl[0m found: [1;32mYES[0m (/usr/bin/openssl)
[2.587s] Library [1matomic[0m found: [1;32mYES[0m
[2.588s] Run-time dependency [1mthreads[0m found: [1;32mYES[0m
[2.598s] Run-time dependency [1mlibdw[0m found: [1;31mNO[0m (tried pkgconfig and cmake)
[2.604s] Run-time dependency [1mlibunwind[0m found: [1;31mNO[0m (tried pkgconfig and cmake)
[2.623s] Header <execinfo.h> has symbol "[1mbacktrace[0m" : [1;32mYES[0m 
[2.716s] Checking for function "[1mdlopen[0m" : [1;32mYES[0m 
[2.824s] Run-time dependency [1mlibudev[0m found: [1;32mYES[0m [36m249[0m
[2.830s] Run-time dependency [1myaml-0.1[0m found: [1;32mYES[0m [36m0.2.2[0m
[2.943s] Run-time dependency [1mgnutls[0m found: [1;31mNO[0m (tried pkgconfig and cmake)
[2.950s] Run-time dependency [1mlibcrypto[0m found: [1;32mYES[0m [36m3.0.2[0m
[2.988s] Dependency [1mlibexif[0m skipped: feature [1mandroid[0m disabled
[2.989s] Dependency [1mlibjpeg[0m skipped: feature [1mandroid[0m disabled
[3.036s] Run-time dependency [1mlibevent_pthreads[0m found: [1;31mNO[0m (tried pkgconfig and cmake)
[3.039s] Run-time dependency [1mlibevent_pthreads[0m found: [1;31mNO[0m (tried pkgconfig and cmake)
[3.045s] Run-time dependency [1mlibtiff-4[0m found: [1;32mYES[0m [36m4.3.0[0m
[3.056s] Run-time dependency [1mGTest[0m found: [1;32mYES[0m [36m1.11.0[0m
[3.087s] Run-time dependency [1mqt5[0m (modules: Core, Gui, Widgets) found: [1;31mNO[0m (tried pkgconfig)
[3.099s] Run-time dependency [1mglib-2.0[0m found: [1;31mNO[0m (tried pkgconfig and cmake)
[3.104s] Run-time dependency [1mgstreamer-video-1.0[0m found: [1;31mNO[0m (tried pkgconfig and cmake)
[3.108s] Run-time dependency [1mgstreamer-allocators-1.0[0m found: [1;31mNO[0m (tried pkgconfig and cmake)
[3.120s] Run-time dependency [1mpython3[0m found: [1;32mYES[0m [36m3.10[0m
[3.487s] Run-time dependency [1mpybind11[0m found: [1;32mYES[0m [36m2.9.1[0m
[3.512s] Program [1mdoxygen[0m found: [1;31mNO[0m
[3.512s] Program [1mdot[0m found: [1;32mYES[0m (/usr/bin/dot)
[3.514s] Program [1msphinx-build-3[0m found: [1;31mNO[0m
[3.515s] Program [1msphinx-build[0m found: [1;31mNO[0m
[3.529s] Configuring [1mconfig.h[0m using configuration
[3.843s] Program python3 (jinja2, ply, jinja2, yaml) found: [1;32mYES[0m (/usr/bin/python3) modules: jinja2, ply, jinja2, yaml
[3.927s] [1;33mWARNING:[0m Python files installed by Meson might not be found by python interpreter.
[3.927s]  This warning can be avoided by setting "python.platlibdir" option.
[3.927s] [1;33mWARNING:[0m Python files installed by Meson might not be found by python interpreter.
[3.928s]  This warning can be avoided by setting "python.purelibdir" option.
[3.928s] Build targets in project: [1m61[0m
[3.928s] 
[3.929s] libcamera [36m0.3.0[0m
[3.929s] 
[3.929s]   [1mVersions[0m
[3.929s]     Sources                  : 0.3.0+158-929978ee
[3.929s] 
[3.929s]   [1mPaths[0m
[3.929s]     LIBCAMERA_DATA_DIR       : "/VAS/install/libcamera/share/libcamera"
[3.929s]     LIBCAMERA_SYSCONF_DIR    : "/VAS/install/libcamera/etc/libcamera"
[3.929s]     IPA_PROXY_DIR            : "/VAS/install/libcamera/libexec/libcamera"
[3.929s]     IPA_CONFIG_DIR           : "/VAS/install/libcamera/etc/libcamera/ipa:/VAS/install/libcamera/share/libcamera/ipa"
[3.929s]     IPA_MODULE_DIR           : "/VAS/install/libcamera/lib/libcamera"
[3.930s] 
[3.930s]   [1mConfiguration[0m
[3.930s]     SoftISP support          : True
[3.930s]     IPA modules signed with  : libcrypto
[3.930s]     Enabled pipelines        : imx8-isi
[3.930s]                                mali-c55
[3.930s]                                rkisp1
[3.930s]                                rpi/vc4
[3.930s]                                simple
[3.930s]                                uvcvideo
[3.930s]     Enabled IPA modules      : rkisp1
[3.930s]                                rpi/vc4
[3.930s]                                simple
[3.930s]     Controls files           : control_ids_draft.yaml
[3.930s]                                control_ids_core.yaml
[3.930s]                                control_ids_rpi.yaml
[3.930s]     Properties files         : property_ids_draft.yaml
[3.930s]                                property_ids_core.yaml
[3.931s]     Hotplug support          : [1;32mYES[0m
[3.931s]     Tracing support          : [1;31mNO[0m
[3.931s]     Android support          : [1;31mNO[0m
[3.931s]     GStreamer support        : [1;31mNO[0m
[3.931s]     Python bindings          : [1;32mYES[0m
[3.931s]     V4L2 emulation support   : [1;31mNO[0m
[3.931s]     cam application          : [1;31mNO[0m
[3.931s]     qcam application         : [1;31mNO[0m
[3.931s]     lc-compliance application: [1;31mNO[0m
[3.931s]     Unit tests               : [1;31mNO[0m
[3.931s] 
[3.931s]   [1mUser defined options[0m
[3.931s]     buildtype                : release
[3.931s]     libdir                   : lib
[3.931s]     prefix                   : /VAS/install/libcamera
[3.931s] 
[3.954s] Found ninja-1.10.1 at /usr/bin/ninja
[4.449s] Invoked command in '/VAS/build/libcamera' returned '0': /usr/bin/meson setup --libdir=lib --prefix=/VAS/install/libcamera --buildtype=release /VAS/build/libcamera /VAS/libcamera
[4.450s] Invoking command in '/VAS/build/libcamera': /usr/bin/meson compile
[4.947s] 
[4.949s] [0/233] Generating utils/ipc/mojom_templates with a custom command[K
[4.953s] [0/233] Compiling C object utils/ipu3/ipu3-pack.p/ipu3-pack.c.o[K
[4.964s] [0/233] Compiling C object utils/ipu3/ipu3-unpack.p/ipu3-unpack.c.o[K
[4.965s] [0/233] Generating include/libcamera/internal/tp_header with a custom command[K
[4.975s] [0/233] Generating include/libcamera/ipa/core_mojom_module with a custom command[K
[5.139s] [0/233] Generating include/libcamera/control_ids_rpi.yaml_h with a custom command[K
[5.139s] [1/233] Compiling C object utils/ipu3/ipu3-unpack.p/ipu3-unpack.c.o[K
[5.318s] [1/233] Linking target utils/ipu3/ipu3-unpack[K
[5.319s] [2/233] Compiling C object utils/ipu3/ipu3-pack.p/ipu3-pack.c.o[K
[5.348s] [2/233] Linking target utils/ipu3/ipu3-pack[K
[5.350s] [3/233] Linking target utils/ipu3/ipu3-unpack[K
[5.431s] [3/233] Generating include/libcamera/property_ids_core.yaml_h with a custom command[K
[5.431s] [4/233] Linking target utils/ipu3/ipu3-pack[K
[5.668s] [4/233] Generating include/libcamera/formats_h with a custom command[K
[5.669s] [5/233] Generating include/libcamera/formats_h with a custom command[K
[5.800s] [5/233] Generating include/libcamera/gen-header with a custom command[K
[5.800s] [6/233] Generating include/libcamera/internal/tp_header with a custom command[K
[5.905s] [6/233] Generating src/ipa-priv-key with a custom command[K
[5.905s] [7/233] Generating include/libcamera/gen-header with a custom command[K
[5.934s] [7/233] Compiling C++ object src/libcamera/base/libcamera-base.so.0.3.0.p/backtrace.cpp.o[K
[5.934s] [8/233] Generating include/libcamera/ipa/core_mojom_module with a custom command[K
[6.059s] [8/233] Generating include/libcamera/ipa/rkisp1_mojom_module with a custom command[K
[6.059s] [9/233] Generating include/libcamera/property_ids_core.yaml_h with a custom command[K
[6.127s] [9/233] Generating include/libcamera/ipa/raspberrypi_mojom_module with a custom command[K
[6.128s] [10/233] Generating include/libcamera/control_ids_rpi.yaml_h with a custom command[K
[6.883s] [10/233] Generating include/libcamera/ipa/soft_mojom_module with a custom command[K
[6.884s] [11/233] Generating include/libcamera/ipa/rkisp1_mojom_module with a custom command[K
[7.031s] [11/233] Compiling C++ object src/libcamera/base/libcamera-base.so.0.3.0.p/class.cpp.o[K
[7.041s] [12/233] Generating include/libcamera/ipa/soft_mojom_module with a custom command[K
[7.122s] [12/233] Compiling C++ object src/libcamera/base/libcamera-base.so.0.3.0.p/bound_method.cpp.o[K
[7.123s] [13/233] Generating include/libcamera/ipa/raspberrypi_mojom_module with a custom command[K
[7.434s] [13/233] Compiling C++ object src/libcamera/base/libcamera-base.so.0.3.0.p/event_dispatcher.cpp.o[K
[7.434s] [14/233] Generating utils/ipc/mojom_templates with a custom command[K
[8.393s] [14/233] Generating include/libcamera/ipa/core_ipa_interface_h with a custom command[K
[8.394s] [15/233] Compiling C++ object src/libcamera/base/libcamera-base.so.0.3.0.p/class.cpp.o[K
[8.534s] [15/233] Generating include/libcamera/ipa/core_ipa_serializer_h with a custom command[K
[8.534s] [16/233] Generating include/libcamera/ipa/core_ipa_interface_h with a custom command[K
[9.026s] [16/233] Generating include/libcamera/ipa/rkisp1_ipa_interface_h with a custom command[K
[9.026s] [17/233] Generating include/libcamera/ipa/rkisp1_ipa_interface_h with a custom command[K
[9.138s] [17/233] Generating include/libcamera/ipa/rkisp1_ipa_serializer_h with a custom command[K
[9.138s] [18/233] Generating include/libcamera/ipa/core_ipa_serializer_h with a custom command[K
[9.287s] [18/233] Generating include/libcamera/ipa/rkisp1_proxy_h with a custom command[K
[9.287s] [19/233] Generating src/ipa-priv-key with a custom command[K
[9.287s] ...................+..+++++++++++++++++++++++++++++++++++++++++++++++++++++++++++++++++*....+......+.....+....+.....+...+...+.+...+...+...+............+++++++++++++++++++++++++++++++++++++++++++++++++++++++++++++++++*..+....+......+......+..+...+.........+.........+.+.........+..+...+....+..+..........+...+.....+...+....+...+......+..+.......+...+...+.....+.......+.....+.........+.+..+.......+...........+...+.......+..+...............+.+..+...+............+....+.....+.+..+.+....................+.........+.......+++++++++++++++++++++++++++++++++++++++++++++++++++++++++++++++++
[9.287s] .....+.....+.+.....+....+............+..+......+....+..+.+...+..+...+......+.+...+..+.......+++++++++++++++++++++++++++++++++++++++++++++++++++++++++++++++++*.+......+...........+...+....+......+.....+++++++++++++++++++++++++++++++++++++++++++++++++++++++++++++++++*...+....+...............+......+........+.........+...+...+.+...+..+...............+.........+....+...+..+..........+......+.....+..........+..+....+.....+....+..............+.+..+...+....+........+...+.+......+...............+.........+........+...+...+.+...........+.............+.....+.......+..+.+..+.......+..+...+............+....+.....+.......+...+.........+........+............+......+....+..+.+..+......+......+.+..+.......+...+.....+............+.+............+......+.........+...........+.........+.+......+......+...+............+.....+............+..........+........+...+......+....+..+.......+.....+.......+...+...+...+.........+.....+.....................+....+.....+..........+......+............+..+.+......+.....+...+.............+..............+.........+......+.+..+...+...+............+....+...+...........+....+......+...............+..+.......+.....+.+..............+.+......+......+..+...+....+.....+................+...+..+...............+.......+..+....+......+...+..................+..+............+....+..+.........+......+...+....+..+.........+....+...+...+...............+............+...+......+......+........+.+.....+..........+...+........+...+............+.......+...+..+...+....+...+.....+......+.+...........+.........+...............+...+.......+........+......+......+......+.............+..+....+.....+.............+...+.....+.........+...+................+..+.........+.+..+.......+...+..+.+...+++++++++++++++++++++++++++++++++++++++++++++++++++++++++++++++++
[9.288s] 
[9.366s] [19/233] Generating include/libcamera/ipa/raspberrypi_ipa_interface_h with a custom command[K
[9.366s] [20/233] Compiling C++ object src/libcamera/base/libcamera-base.so.0.3.0.p/event_dispatcher.cpp.o[K
[9.511s] [20/233] Generating include/libcamera/ipa/raspberrypi_ipa_serializer_h with a custom command[K
[9.511s] [21/233] Generating include/libcamera/ipa/rkisp1_ipa_serializer_h with a custom command[K
[9.931s] [21/233] Generating include/libcamera/ipa/raspberrypi_proxy_h with a custom command[K
[9.932s] [22/233] Generating include/libcamera/ipa/raspberrypi_ipa_interface_h with a custom command[K
[10.014s] [22/233] Generating include/libcamera/ipa/soft_ipa_interface_h with a custom command[K
[10.018s] [23/233] Generating include/libcamera/ipa/raspberrypi_proxy_h with a custom command[K
[10.199s] [23/233] Generating include/libcamera/ipa/soft_ipa_serializer_h with a custom command[K
[10.199s] [24/233] Generating include/libcamera/ipa/rkisp1_proxy_h with a custom command[K
[10.298s] [24/233] Generating include/libcamera/ipa/soft_proxy_h with a custom command[K
[10.299s] [25/233] Generating include/libcamera/ipa/raspberrypi_ipa_serializer_h with a custom command[K
[10.437s] [25/233] Compiling C++ object src/libcamera/base/libcamera-base.so.0.3.0.p/event_dispatcher_poll.cpp.o[K
[10.437s] [26/233] Generating include/libcamera/ipa/soft_ipa_serializer_h with a custom command[K
[10.710s] [26/233] Compiling C++ object src/libcamera/base/libcamera-base.so.0.3.0.p/event_notifier.cpp.o[K
[10.715s] [27/233] Compiling C++ object src/libcamera/base/libcamera-base.so.0.3.0.p/backtrace.cpp.o[K
[10.901s] [27/233] Compiling C++ object src/libcamera/base/libcamera-base.so.0.3.0.p/file.cpp.o[K
[10.902s] [28/233] Generating include/libcamera/ipa/soft_ipa_interface_h with a custom command[K
[10.951s] [28/233] Compiling C++ object src/libcamera/base/libcamera-base.so.0.3.0.p/flags.cpp.o[K
[10.951s] [29/233] Generating include/libcamera/ipa/soft_proxy_h with a custom command[K
[11.025s] [29/233] Compiling C++ object src/libcamera/base/libcamera-base.so.0.3.0.p/log.cpp.o[K
[11.034s] [30/233] Compiling C++ object src/libcamera/base/libcamera-base.so.0.3.0.p/flags.cpp.o[K
[11.161s] [30/233] Compiling C++ object src/libcamera/base/libcamera-base.so.0.3.0.p/message.cpp.o[K
[11.162s] [31/233] Compiling C++ object src/libcamera/base/libcamera-base.so.0.3.0.p/bound_method.cpp.o[K
[12.470s] [31/233] Compiling C++ object src/libcamera/base/libcamera-base.so.0.3.0.p/mutex.cpp.o[K
[12.470s] [32/233] Compiling C++ object src/libcamera/base/libcamera-base.so.0.3.0.p/message.cpp.o[K
[12.527s] [32/233] Compiling C++ object src/libcamera/base/libcamera-base.so.0.3.0.p/object.cpp.o[K
[12.528s] [33/233] Compiling C++ object src/libcamera/base/libcamera-base.so.0.3.0.p/mutex.cpp.o[K
[13.531s] [33/233] Compiling C++ object src/libcamera/base/libcamera-base.so.0.3.0.p/semaphore.cpp.o[K
[13.532s] [34/233] Compiling C++ object src/libcamera/base/libcamera-base.so.0.3.0.p/event_dispatcher_poll.cpp.o[K
[13.744s] [34/233] Compiling C++ object src/libcamera/base/libcamera-base.so.0.3.0.p/shared_fd.cpp.o[K
[13.748s] [35/233] Compiling C++ object src/libcamera/base/libcamera-base.so.0.3.0.p/event_notifier.cpp.o[K
[14.074s] [35/233] Compiling C++ object src/libcamera/base/libcamera-base.so.0.3.0.p/signal.cpp.o[K
[14.078s] [36/233] Compiling C++ object src/libcamera/base/libcamera-base.so.0.3.0.p/semaphore.cpp.o[K
[14.082s] [36/233] Compiling C++ object src/libcamera/base/libcamera-base.so.0.3.0.p/thread.cpp.o[K
[14.084s] [37/233] Compiling C++ object src/libcamera/base/libcamera-base.so.0.3.0.p/file.cpp.o[K
[14.804s] [37/233] Compiling C++ object src/libcamera/base/libcamera-base.so.0.3.0.p/timer.cpp.o[K
[14.806s] [38/233] Compiling C++ object src/libcamera/base/libcamera-base.so.0.3.0.p/object.cpp.o[K
[15.750s] [38/233] Compiling C++ object src/libcamera/base/libcamera-base.so.0.3.0.p/unique_fd.cpp.o[K
[15.751s] [39/233] Compiling C++ object src/libcamera/base/libcamera-base.so.0.3.0.p/shared_fd.cpp.o[K
[16.042s] [39/233] Compiling C++ object src/libcamera/base/libcamera-base.so.0.3.0.p/utils.cpp.o[K
[16.042s] [40/233] Compiling C++ object src/libcamera/base/libcamera-base.so.0.3.0.p/timer.cpp.o[K
[16.113s] [40/233] Generating src/libcamera/proxy/rkisp1_proxy_cpp with a custom command[K
[16.113s] [41/233] Compiling C++ object src/libcamera/base/libcamera-base.so.0.3.0.p/signal.cpp.o[K
[16.669s] [41/233] Generating src/libcamera/proxy/raspberrypi_proxy_cpp with a custom command[K
[16.674s] [42/233] Generating src/libcamera/proxy/raspberrypi_proxy_cpp with a custom command[K
[16.832s] [42/233] Generating src/libcamera/proxy/soft_proxy_cpp with a custom command[K
[16.833s] [43/233] Generating src/libcamera/proxy/rkisp1_proxy_cpp with a custom command[K
[17.166s] [43/233] Generating src/libcamera/controls_cpp with a custom command[K
[17.167s] [44/233] Generating src/libcamera/proxy/soft_proxy_cpp with a custom command[K
[17.235s] [44/233] Generating src/libcamera/properties_cpp with a custom command[K
[17.235s] [45/233] Compiling C++ object src/libcamera/base/libcamera-base.so.0.3.0.p/log.cpp.o[K
[17.391s] [45/233] Generating src/libcamera/version.cpp with a custom command[K
[17.391s] [46/233] Generating src/libcamera/controls_cpp with a custom command[K
[17.587s] [46/233] Compiling C++ object src/libcamera/libcamera.so.0.3.0.p/sensor_camera_sensor_properties.cpp.o[K
[17.588s] [47/233] Generating src/libcamera/properties_cpp with a custom command[K
[17.779s] [47/233] Generating src/libcamera/ipa_pub_key_cpp with a custom command[K
[17.780s] [48/233] Generating src/libcamera/ipa_pub_key_cpp with a custom command[K
[17.782s] writing RSA key
[17.783s] 
[17.787s] [48/233] Compiling C++ object src/libcamera/libcamera.so.0.3.0.p/meson-generated_.._proxy_rkisp1_ipa_proxy.cpp.o[K
[17.788s] [49/233] Compiling C++ object src/libcamera/base/libcamera-base.so.0.3.0.p/unique_fd.cpp.o[K
[18.722s] [49/233] Compiling C++ object src/libcamera/libcamera.so.0.3.0.p/meson-generated_.._proxy_raspberrypi_ipa_proxy.cpp.o[K
[18.722s] [50/233] Compiling C++ object src/libcamera/base/libcamera-base.so.0.3.0.p/utils.cpp.o[K
[18.742s] [50/233] Compiling C++ object src/libcamera/libcamera.so.0.3.0.p/meson-generated_.._proxy_soft_ipa_proxy.cpp.o[K
[18.742s] [51/233] Generating src/libcamera/version.cpp with a custom command[K
[19.162s] [51/233] Compiling C++ object src/libcamera/libcamera.so.0.3.0.p/meson-generated_.._controls_ids.cpp.o[K
[19.162s] [52/233] Compiling C++ object src/libcamera/base/libcamera-base.so.0.3.0.p/thread.cpp.o[K
[19.557s] [52/233] Linking target src/libcamera/base/libcamera-base.so.0.3.0[K
[19.557s] [53/233] Linking target src/libcamera/base/libcamera-base.so.0.3.0[K
[20.998s] [53/233] Generating symbol file src/libcamera/base/libcamera-base.so.0.3.0.p/libcamera-base.so.0.3.0.symbols[K
[20.998s] [54/233] Generating symbol file src/libcamera/base/libcamera-base.so.0.3.0.p/libcamera-base.so.0.3.0.symbols[K
[21.092s] [54/233] Compiling C++ object src/libcamera/libcamera.so.0.3.0.p/meson-generated_.._properties_ids.cpp.o[K
[21.092s] [55/233] Compiling C++ object src/libcamera/libcamera.so.0.3.0.p/sensor_camera_sensor_properties.cpp.o[K
[22.700s] [55/233] Compiling C++ object src/libcamera/libcamera.so.0.3.0.p/meson-generated_.._version.cpp.o[K
[22.701s] [56/233] Compiling C++ object src/libcamera/libcamera.so.0.3.0.p/meson-generated_.._version.cpp.o[K
[24.543s] [56/233] Compiling C++ object src/libcamera/libcamera.so.0.3.0.p/meson-generated_.._ipa_pub_key.cpp.o[K
[24.544s] [57/233] Compiling C++ object src/libcamera/libcamera.so.0.3.0.p/meson-generated_.._properties_ids.cpp.o[K
[25.295s] [57/233] Compiling C++ object src/libcamera/libcamera.so.0.3.0.p/bayer_format.cpp.o[K
[25.296s] [58/233] Compiling C++ object src/libcamera/libcamera.so.0.3.0.p/meson-generated_.._controls_ids.cpp.o[K
[26.538s] [58/233] Compiling C++ object src/libcamera/libcamera.so.0.3.0.p/byte_stream_buffer.cpp.o[K
[26.538s] [59/233] Compiling C++ object src/libcamera/libcamera.so.0.3.0.p/meson-generated_.._ipa_pub_key.cpp.o[K
[27.504s] [59/233] Compiling C++ object src/libcamera/libcamera.so.0.3.0.p/camera.cpp.o[K
[27.505s] [60/233] Compiling C++ object src/libcamera/libcamera.so.0.3.0.p/byte_stream_buffer.cpp.o[K
[28.382s] [60/233] Compiling C++ object src/libcamera/libcamera.so.0.3.0.p/camera_controls.cpp.o[K
[28.383s] [61/233] Compiling C++ object src/libcamera/libcamera.so.0.3.0.p/meson-generated_.._proxy_soft_ipa_proxy.cpp.o[K
[28.628s] [61/233] Compiling C++ object src/libcamera/libcamera.so.0.3.0.p/camera_lens.cpp.o[K
[28.629s] [62/233] Compiling C++ object src/libcamera/libcamera.so.0.3.0.p/bayer_format.cpp.o[K
[30.354s] [62/233] Compiling C++ object src/libcamera/libcamera.so.0.3.0.p/camera_manager.cpp.o[K
[30.355s] [63/233] Compiling C++ object src/libcamera/libcamera.so.0.3.0.p/meson-generated_.._proxy_rkisp1_ipa_proxy.cpp.o[K
[30.422s] [63/233] Compiling C++ object src/libcamera/libcamera.so.0.3.0.p/color_space.cpp.o[K
[30.423s] [64/233] Compiling C++ object src/libcamera/libcamera.so.0.3.0.p/camera_controls.cpp.o[K
[30.791s] [64/233] Compiling C++ object src/libcamera/libcamera.so.0.3.0.p/controls.cpp.o[K
[30.791s] [65/233] Compiling C++ object src/libcamera/libcamera.so.0.3.0.p/camera_lens.cpp.o[K
[33.587s] [65/233] Compiling C++ object src/libcamera/libcamera.so.0.3.0.p/control_serializer.cpp.o[K
[33.587s] [66/233] Compiling C++ object src/libcamera/libcamera.so.0.3.0.p/meson-generated_.._proxy_raspberrypi_ipa_proxy.cpp.o[K
[34.438s] [66/233] Compiling C++ object src/libcamera/libcamera.so.0.3.0.p/control_validator.cpp.o[K
[34.438s] [67/233] Compiling C++ object src/libcamera/libcamera.so.0.3.0.p/control_validator.cpp.o[K
[34.743s] [67/233] Compiling C++ object src/libcamera/libcamera.so.0.3.0.p/converter.cpp.o[K
[34.744s] [68/233] Compiling C++ object src/libcamera/libcamera.so.0.3.0.p/color_space.cpp.o[K
[35.020s] [68/233] Compiling C++ object src/libcamera/libcamera.so.0.3.0.p/delayed_controls.cpp.o[K
[35.020s] [69/233] Compiling C++ object src/libcamera/libcamera.so.0.3.0.p/camera_manager.cpp.o[K
[35.576s] [69/233] Compiling C++ object src/libcamera/libcamera.so.0.3.0.p/device_enumerator.cpp.o[K
[35.577s] [70/233] Compiling C++ object src/libcamera/libcamera.so.0.3.0.p/camera.cpp.o[K
[35.646s] [70/233] Compiling C++ object src/libcamera/libcamera.so.0.3.0.p/device_enumerator_sysfs.cpp.o[K
[35.647s] [71/233] Compiling C++ object src/libcamera/libcamera.so.0.3.0.p/controls.cpp.o[K
[37.454s] [71/233] Compiling C++ object src/libcamera/libcamera.so.0.3.0.p/dma_buf_allocator.cpp.o[K
[37.455s] [72/233] Compiling C++ object src/libcamera/libcamera.so.0.3.0.p/device_enumerator.cpp.o[K
[37.899s] [72/233] Compiling C++ object src/libcamera/libcamera.so.0.3.0.p/fence.cpp.o[K
[37.900s] [73/233] Compiling C++ object src/libcamera/libcamera.so.0.3.0.p/fence.cpp.o[K
[37.970s] [73/233] Compiling C++ object src/libcamera/libcamera.so.0.3.0.p/formats.cpp.o[K
[37.971s] [74/233] Compiling C++ object src/libcamera/libcamera.so.0.3.0.p/control_serializer.cpp.o[K
[38.122s] [74/233] Compiling C++ object src/libcamera/libcamera.so.0.3.0.p/framebuffer.cpp.o[K
[38.123s] [75/233] Compiling C++ object src/libcamera/libcamera.so.0.3.0.p/converter.cpp.o[K
[38.308s] [75/233] Compiling C++ object src/libcamera/libcamera.so.0.3.0.p/framebuffer_allocator.cpp.o[K
[38.311s] [76/233] Compiling C++ object src/libcamera/libcamera.so.0.3.0.p/dma_buf_allocator.cpp.o[K
[38.714s] [76/233] Compiling C++ object src/libcamera/libcamera.so.0.3.0.p/geometry.cpp.o[K
[38.715s] [77/233] Compiling C++ object src/libcamera/libcamera.so.0.3.0.p/delayed_controls.cpp.o[K
[38.774s] [77/233] Compiling C++ object src/libcamera/libcamera.so.0.3.0.p/ipa_controls.cpp.o[K
[38.775s] [78/233] Compiling C++ object src/libcamera/libcamera.so.0.3.0.p/ipa_controls.cpp.o[K
[39.096s] [78/233] Compiling C++ object src/libcamera/libcamera.so.0.3.0.p/ipa_data_serializer.cpp.o[K
[39.096s] [79/233] Compiling C++ object src/libcamera/libcamera.so.0.3.0.p/device_enumerator_sysfs.cpp.o[K
[40.457s] [79/233] Compiling C++ object src/libcamera/libcamera.so.0.3.0.p/ipa_interface.cpp.o[K
[40.458s] [80/233] Compiling C++ object src/libcamera/libcamera.so.0.3.0.p/geometry.cpp.o[K
[41.219s] [80/233] Compiling C++ object src/libcamera/libcamera.so.0.3.0.p/ipa_manager.cpp.o[K
[41.221s] [81/233] Compiling C++ object src/libcamera/libcamera.so.0.3.0.p/framebuffer.cpp.o[K
[41.567s] [81/233] Compiling C++ object src/libcamera/libcamera.so.0.3.0.p/ipa_module.cpp.o[K
[41.568s] [82/233] Compiling C++ object src/libcamera/libcamera.so.0.3.0.p/ipa_interface.cpp.o[K
[41.749s] [82/233] Compiling C++ object src/libcamera/libcamera.so.0.3.0.p/ipa_proxy.cpp.o[K
[41.750s] [83/233] Compiling C++ object src/libcamera/libcamera.so.0.3.0.p/framebuffer_allocator.cpp.o[K
[44.394s] [83/233] Compiling C++ object src/ipa/rpi/controller/librpi_ipa_controller.a.p/rpi_hdr.cpp.o[K
[44.394s] [84/233] Compiling C++ object src/libcamera/libcamera.so.0.3.0.p/ipa_manager.cpp.o[K
[44.431s] [84/233] Compiling C++ object src/libcamera/libcamera.so.0.3.0.p/ipc_pipe.cpp.o[K
[44.431s] [85/233] Compiling C++ object src/libcamera/libcamera.so.0.3.0.p/formats.cpp.o[K
[45.202s] [85/233] Compiling C++ object src/libcamera/libcamera.so.0.3.0.p/ipc_pipe_unixsocket.cpp.o[K
[45.202s] [86/233] Compiling C++ object src/libcamera/libcamera.so.0.3.0.p/ipa_module.cpp.o[K
[45.654s] [86/233] Compiling C++ object src/libcamera/libcamera.so.0.3.0.p/ipc_unixsocket.cpp.o[K
[45.654s] [87/233] Compiling C++ object src/libcamera/libcamera.so.0.3.0.p/ipa_proxy.cpp.o[K
[45.749s] [87/233] Compiling C++ object src/libcamera/libcamera.so.0.3.0.p/mapped_framebuffer.cpp.o[K
[45.749s] [88/233] Compiling C++ object src/libcamera/libcamera.so.0.3.0.p/ipa_data_serializer.cpp.o[K
[47.442s] [88/233] Compiling C++ object src/libcamera/libcamera.so.0.3.0.p/media_device.cpp.o[K
[47.442s] [89/233] Compiling C++ object src/libcamera/libcamera.so.0.3.0.p/ipc_pipe.cpp.o[K
[47.781s] [89/233] Compiling C++ object src/libcamera/libcamera.so.0.3.0.p/media_object.cpp.o[K
[47.781s] [90/233] Compiling C++ object src/libcamera/libcamera.so.0.3.0.p/ipc_pipe_unixsocket.cpp.o[K
[48.659s] [90/233] Compiling C++ object src/libcamera/libcamera.so.0.3.0.p/orientation.cpp.o[K
[48.659s] [91/233] Compiling C++ object src/libcamera/libcamera.so.0.3.0.p/orientation.cpp.o[K
[48.973s] [91/233] Compiling C++ object src/libcamera/libcamera.so.0.3.0.p/pipeline_handler.cpp.o[K
[48.974s] [92/233] Compiling C++ object src/libcamera/libcamera.so.0.3.0.p/ipc_unixsocket.cpp.o[K
[49.031s] [92/233] Compiling C++ object src/libcamera/libcamera.so.0.3.0.p/pixel_format.cpp.o[K
[49.032s] [93/233] Compiling C++ object src/libcamera/libcamera.so.0.3.0.p/mapped_framebuffer.cpp.o[K
[49.979s] [93/233] Compiling C++ object src/libcamera/libcamera.so.0.3.0.p/process.cpp.o[K
[49.988s] [94/233] Compiling C++ object src/libcamera/libcamera.so.0.3.0.p/media_object.cpp.o[K
[50.185s] [94/233] Compiling C++ object src/libcamera/libcamera.so.0.3.0.p/pub_key.cpp.o[K
[50.185s] [95/233] Compiling C++ object src/libcamera/libcamera.so.0.3.0.p/media_device.cpp.o[K
[51.350s] [95/233] Compiling C++ object src/libcamera/libcamera.so.0.3.0.p/request.cpp.o[K
[51.351s] [96/233] Compiling C++ object src/ipa/rpi/controller/librpi_ipa_controller.a.p/rpi_hdr.cpp.o[K
[51.357s] [96/233] Compiling C++ object src/libcamera/libcamera.so.0.3.0.p/shared_mem_object.cpp.o[K
[51.357s] [97/233] Compiling C++ object src/libcamera/libcamera.so.0.3.0.p/pixel_format.cpp.o[K
[51.387s] [97/233] Compiling C++ object src/libcamera/libcamera.so.0.3.0.p/source_paths.cpp.o[K
[51.388s] [98/233] Compiling C++ object src/libcamera/libcamera.so.0.3.0.p/pub_key.cpp.o[K
[52.170s] [98/233] Compiling C++ object src/libcamera/libcamera.so.0.3.0.p/stream.cpp.o[K
[52.172s] [99/233] Compiling C++ object src/libcamera/libcamera.so.0.3.0.p/process.cpp.o[K
[52.773s] [99/233] Compiling C++ object src/libcamera/libcamera.so.0.3.0.p/sysfs.cpp.o[K
[52.774s] [100/233] Compiling C++ object src/libcamera/libcamera.so.0.3.0.p/shared_mem_object.cpp.o[K
[53.782s] [100/233] Compiling C++ object src/libcamera/libcamera.so.0.3.0.p/transform.cpp.o[K
[53.786s] [101/233] Compiling C++ object src/libcamera/libcamera.so.0.3.0.p/transform.cpp.o[K
[54.156s] [101/233] Compiling C++ object src/libcamera/libcamera.so.0.3.0.p/v4l2_device.cpp.o[K
[54.159s] [102/233] Compiling C++ object src/libcamera/libcamera.so.0.3.0.p/stream.cpp.o[K
[54.576s] [102/233] Compiling C++ object src/libcamera/libcamera.so.0.3.0.p/v4l2_pixelformat.cpp.o[K
[54.577s] [103/233] Compiling C++ object src/libcamera/libcamera.so.0.3.0.p/source_paths.cpp.o[K
[54.757s] [103/233] Compiling C++ object src/libcamera/libcamera.so.0.3.0.p/v4l2_subdevice.cpp.o[K
[54.759s] [104/233] Compiling C++ object src/libcamera/libcamera.so.0.3.0.p/sysfs.cpp.o[K
[56.349s] [104/233] Compiling C++ object src/libcamera/libcamera.so.0.3.0.p/v4l2_videodevice.cpp.o[K
[56.350s] [105/233] Compiling C++ object src/libcamera/libcamera.so.0.3.0.p/pipeline_handler.cpp.o[K
[56.515s] [105/233] Compiling C++ object src/libcamera/libcamera.so.0.3.0.p/yaml_parser.cpp.o[K
[56.515s] [106/233] Compiling C++ object src/libcamera/libcamera.so.0.3.0.p/request.cpp.o[K
[57.755s] [106/233] Compiling C++ object src/libcamera/libcamera.so.0.3.0.p/converter_converter_v4l2_m2m.cpp.o[K
[57.755s] [107/233] Compiling C++ object src/libcamera/libcamera.so.0.3.0.p/v4l2_pixelformat.cpp.o[K
[62.782s] [107/233] Compiling C++ object src/libcamera/libcamera.so.0.3.0.p/pipeline_imx8-isi_imx8-isi.cpp.o[K
[62.783s] [108/233] Compiling C++ object src/libcamera/libcamera.so.0.3.0.p/yaml_parser.cpp.o[K
[63.372s] [108/233] Compiling C++ object src/libcamera/libcamera.so.0.3.0.p/pipeline_mali-c55_mali-c55.cpp.o[K
[63.375s] [109/233] Compiling C++ object src/libcamera/libcamera.so.0.3.0.p/v4l2_videodevice.cpp.o[K
[63.379s] [109/233] Compiling C++ object src/libcamera/libcamera.so.0.3.0.p/pipeline_rkisp1_rkisp1.cpp.o[K
[63.380s] [110/233] Compiling C++ object src/libcamera/libcamera.so.0.3.0.p/converter_converter_v4l2_m2m.cpp.o[K
[65.099s] [110/233] Compiling C++ object src/libcamera/libcamera.so.0.3.0.p/pipeline_rkisp1_rkisp1_path.cpp.o[K
[65.099s] [111/233] Compiling C++ object src/libcamera/libcamera.so.0.3.0.p/v4l2_device.cpp.o[K
[69.196s] [111/233] Compiling C++ object src/libcamera/libcamera.so.0.3.0.p/pipeline_rpi_common_delayed_controls.cpp.o[K
[69.197s] [112/233] Compiling C++ object src/libcamera/libcamera.so.0.3.0.p/pipeline_imx8-isi_imx8-isi.cpp.o[K
[69.418s] [112/233] Compiling C++ object src/libcamera/libcamera.so.0.3.0.p/pipeline_rpi_common_pipeline_base.cpp.o[K
[69.420s] [113/233] Compiling C++ object src/libcamera/libcamera.so.0.3.0.p/pipeline_rkisp1_rkisp1_path.cpp.o[K
[69.953s] [113/233] Compiling C++ object src/libcamera/libcamera.so.0.3.0.p/pipeline_rpi_common_rpi_stream.cpp.o[K
[69.953s] [114/233] Compiling C++ object src/libcamera/libcamera.so.0.3.0.p/pipeline_rpi_common_delayed_controls.cpp.o[K
[72.369s] [114/233] Compiling C++ object src/libcamera/libcamera.so.0.3.0.p/pipeline_rpi_vc4_vc4.cpp.o[K
[72.371s] [115/233] Compiling C++ object src/libcamera/libcamera.so.0.3.0.p/pipeline_mali-c55_mali-c55.cpp.o[K
[74.406s] [115/233] Compiling C++ object src/libcamera/libcamera.so.0.3.0.p/pipeline_simple_simple.cpp.o[K
[74.407s] [116/233] Compiling C++ object src/libcamera/libcamera.so.0.3.0.p/pipeline_rpi_common_rpi_stream.cpp.o[K
[74.915s] [116/233] Compiling C++ object src/libcamera/libcamera.so.0.3.0.p/pipeline_uvcvideo_uvcvideo.cpp.o[K
[74.917s] [117/233] Compiling C++ object src/libcamera/libcamera.so.0.3.0.p/v4l2_subdevice.cpp.o[K
[77.273s] [117/233] Compiling C++ object src/libcamera/libcamera.so.0.3.0.p/sensor_camera_sensor.cpp.o[K
[77.274s] [118/233] Compiling C++ object src/libcamera/libcamera.so.0.3.0.p/pipeline_rkisp1_rkisp1.cpp.o[K
[80.315s] [118/233] Compiling C++ object src/libcamera/libcamera.so.0.3.0.p/software_isp_debayer.cpp.o[K
[80.327s] [119/233] Compiling C++ object src/libcamera/libcamera.so.0.3.0.p/software_isp_debayer.cpp.o[K
[82.366s] [119/233] Compiling C++ object src/libcamera/libcamera.so.0.3.0.p/software_isp_debayer_cpu.cpp.o[K
[82.367s] [120/233] Compiling C++ object src/libcamera/libcamera.so.0.3.0.p/sensor_camera_sensor.cpp.o[K
[84.617s] [120/233] Compiling C++ object src/libcamera/libcamera.so.0.3.0.p/software_isp_software_isp.cpp.o[K
[84.617s] [121/233] Compiling C++ object src/libcamera/libcamera.so.0.3.0.p/pipeline_uvcvideo_uvcvideo.cpp.o[K
[85.501s] [121/233] Compiling C++ object src/libcamera/libcamera.so.0.3.0.p/software_isp_swstats_cpu.cpp.o[K
[85.501s] [122/233] Compiling C++ object src/libcamera/libcamera.so.0.3.0.p/software_isp_debayer_cpu.cpp.o[K
[87.185s] [122/233] Compiling C++ object src/libcamera/libcamera.so.0.3.0.p/device_enumerator_udev.cpp.o[K
[87.185s] [123/233] Compiling C++ object src/libcamera/libcamera.so.0.3.0.p/pipeline_rpi_common_pipeline_base.cpp.o[K
[87.467s] [123/233] Generating src/libcamera/proxy/worker/rkisp1_proxy_worker with a custom command[K
[87.467s] [124/233] Compiling C++ object src/libcamera/libcamera.so.0.3.0.p/pipeline_rpi_vc4_vc4.cpp.o[K
[88.053s] [124/233] Generating src/libcamera/proxy/worker/raspberrypi_proxy_worker with a custom command[K
[88.053s] [125/233] Compiling C++ object src/libcamera/libcamera.so.0.3.0.p/software_isp_swstats_cpu.cpp.o[K
[88.107s] [125/233] Generating src/libcamera/proxy/worker/soft_proxy_worker with a custom command[K
[88.108s] [126/233] Generating src/libcamera/proxy/worker/rkisp1_proxy_worker with a custom command[K
[88.177s] [126/233] Compiling C++ object src/libcamera/proxy/worker/rkisp1_ipa_proxy.p/meson-generated_.._rkisp1_ipa_proxy_worker.cpp.o[K
[88.177s] [127/233] Generating src/libcamera/proxy/worker/raspberrypi_proxy_worker with a custom command[K
[88.550s] [127/233] Compiling C++ object src/libcamera/proxy/worker/raspberrypi_ipa_proxy.p/meson-generated_.._raspberrypi_ipa_proxy_worker.cpp.o[K
[88.550s] [128/233] Generating src/libcamera/proxy/worker/soft_proxy_worker with a custom command[K
[89.640s] [128/233] Compiling C++ object src/libcamera/proxy/worker/soft_ipa_proxy.p/meson-generated_.._soft_ipa_proxy_worker.cpp.o[K
[89.640s] [129/233] Compiling C++ object src/libcamera/libcamera.so.0.3.0.p/pipeline_simple_simple.cpp.o[K
[90.090s] [129/233] Compiling C++ object src/ipa/libipa/libipa.a.p/agc_mean_luminance.cpp.o[K
[90.091s] [130/233] Compiling C++ object src/libcamera/libcamera.so.0.3.0.p/software_isp_software_isp.cpp.o[K
[90.563s] [130/233] Compiling C++ object src/ipa/libipa/libipa.a.p/algorithm.cpp.o[K
[90.563s] [131/233] Compiling C++ object src/libcamera/libcamera.so.0.3.0.p/device_enumerator_udev.cpp.o[K
[91.350s] [131/233] Linking target src/libcamera/libcamera.so.0.3.0[K
[91.350s] [132/233] Linking target src/libcamera/libcamera.so.0.3.0[K
[92.678s] [132/233] Generating symbol file src/libcamera/libcamera.so.0.3.0.p/libcamera.so.0.3.0.symbols[K
[92.678s] [133/233] Compiling C++ object src/ipa/libipa/libipa.a.p/algorithm.cpp.o[K
[92.887s] [133/233] Compiling C++ object src/ipa/libipa/libipa.a.p/camera_sensor_helper.cpp.o[K
[92.887s] [134/233] Generating symbol file src/libcamera/libcamera.so.0.3.0.p/libcamera.so.0.3.0.symbols[K
[94.720s] [134/233] Compiling C++ object src/ipa/libipa/libipa.a.p/exposure_mode_helper.cpp.o[K
[94.721s] [135/233] Compiling C++ object src/ipa/libipa/libipa.a.p/exposure_mode_helper.cpp.o[K
[95.793s] [135/233] Compiling C++ object src/ipa/libipa/libipa.a.p/fc_queue.cpp.o[K
[95.799s] [136/233] Compiling C++ object src/libcamera/proxy/worker/soft_ipa_proxy.p/meson-generated_.._soft_ipa_proxy_worker.cpp.o[K
[96.234s] [136/233] Linking target src/libcamera/proxy/worker/soft_ipa_proxy[K
[96.235s] [137/233] Compiling C++ object src/ipa/libipa/libipa.a.p/agc_mean_luminance.cpp.o[K
[96.303s] [137/233] Compiling C++ object src/ipa/libipa/libipa.a.p/histogram.cpp.o[K
[96.304s] [138/233] Linking target src/libcamera/proxy/worker/soft_ipa_proxy[K
[97.557s] [138/233] Compiling C++ object src/ipa/libipa/libipa.a.p/matrix.cpp.o[K
[97.558s] [139/233] Compiling C++ object src/ipa/libipa/libipa.a.p/fc_queue.cpp.o[K
[98.465s] [139/233] Compiling C++ object src/ipa/libipa/libipa.a.p/matrix_interpolator.cpp.o[K
[98.465s] [140/233] Compiling C++ object src/libcamera/proxy/worker/rkisp1_ipa_proxy.p/meson-generated_.._rkisp1_ipa_proxy_worker.cpp.o[K
[99.109s] [140/233] Linking target src/libcamera/proxy/worker/rkisp1_ipa_proxy[K
[99.109s] [141/233] Linking target src/libcamera/proxy/worker/rkisp1_ipa_proxy[K
[99.242s] [141/233] Compiling C++ object src/ipa/libipa/libipa.a.p/module.cpp.o[K
[99.242s] [142/233] Compiling C++ object src/ipa/libipa/libipa.a.p/camera_sensor_helper.cpp.o[K
[99.398s] [142/233] Compiling C++ object src/ipa/libipa/libipa.a.p/pwl.cpp.o[K
[99.398s] [143/233] Compiling C++ object src/ipa/libipa/libipa.a.p/matrix.cpp.o[K
[99.698s] [143/233] Compiling C++ object src/ipa/libipa/libipa.a.p/vector.cpp.o[K
[99.700s] [144/233] Compiling C++ object src/ipa/libipa/libipa.a.p/histogram.cpp.o[K
[100.771s] [144/233] Compiling C++ object src/ipa/rkisp1/ipa_rkisp1.so.p/ipa_context.cpp.o[K
[100.774s] [145/233] Compiling C++ object src/ipa/libipa/libipa.a.p/matrix_interpolator.cpp.o[K
[101.747s] [145/233] Compiling C++ object src/ipa/rkisp1/ipa_rkisp1.so.p/rkisp1.cpp.o[K
[101.747s] [146/233] Compiling C++ object src/ipa/libipa/libipa.a.p/vector.cpp.o[K
[101.923s] [146/233] Compiling C++ object src/ipa/rkisp1/ipa_rkisp1.so.p/utils.cpp.o[K
[101.923s] [147/233] Compiling C++ object src/ipa/libipa/libipa.a.p/module.cpp.o[K
[102.166s] [147/233] Compiling C++ object src/ipa/rkisp1/ipa_rkisp1.so.p/algorithms_agc.cpp.o[K
[102.166s] [148/233] Compiling C++ object src/ipa/rkisp1/ipa_rkisp1.so.p/utils.cpp.o[K
[102.202s] [148/233] Compiling C++ object src/ipa/rkisp1/ipa_rkisp1.so.p/algorithms_awb.cpp.o[K
[102.202s] [149/233] Compiling C++ object src/ipa/rkisp1/ipa_rkisp1.so.p/ipa_context.cpp.o[K
[102.353s] [149/233] Compiling C++ object src/ipa/rkisp1/ipa_rkisp1.so.p/algorithms_blc.cpp.o[K
[102.354s] [150/233] Compiling C++ object src/ipa/libipa/libipa.a.p/pwl.cpp.o[K
[102.386s] [150/233] Linking static target src/ipa/libipa/libipa.a[K
[102.386s] [151/233] Linking static target src/ipa/libipa/libipa.a[K
[104.377s] [151/233] Compiling C++ object src/ipa/rkisp1/ipa_rkisp1.so.p/algorithms_ccm.cpp.o[K
[104.378s] [152/233] Compiling C++ object src/libcamera/proxy/worker/raspberrypi_ipa_proxy.p/meson-generated_.._raspberrypi_ipa_proxy_worker.cpp.o[K
[104.757s] [152/233] Linking target src/libcamera/proxy/worker/raspberrypi_ipa_proxy[K
[104.765s] [153/233] Linking target src/libcamera/proxy/worker/raspberrypi_ipa_proxy[K
[105.555s] [153/233] Compiling C++ object src/ipa/rkisp1/ipa_rkisp1.so.p/algorithms_cproc.cpp.o[K
[105.556s] [154/233] Compiling C++ object src/ipa/rkisp1/ipa_rkisp1.so.p/algorithms_awb.cpp.o[K
[106.243s] [154/233] Compiling C++ object src/ipa/rkisp1/ipa_rkisp1.so.p/algorithms_dpcc.cpp.o[K
[106.246s] [155/233] Compiling C++ object src/ipa/rkisp1/ipa_rkisp1.so.p/algorithms_blc.cpp.o[K
[108.510s] [155/233] Compiling C++ object src/ipa/rkisp1/ipa_rkisp1.so.p/algorithms_dpf.cpp.o[K
[108.511s] [156/233] Compiling C++ object src/ipa/rkisp1/ipa_rkisp1.so.p/rkisp1.cpp.o[K
[108.800s] [156/233] Compiling C++ object src/ipa/rkisp1/ipa_rkisp1.so.p/algorithms_filter.cpp.o[K
[108.801s] [157/233] Compiling C++ object src/ipa/rkisp1/ipa_rkisp1.so.p/algorithms_cproc.cpp.o[K
[109.595s] [157/233] Compiling C++ object src/ipa/rkisp1/ipa_rkisp1.so.p/algorithms_goc.cpp.o[K
[109.596s] [158/233] Compiling C++ object src/ipa/rkisp1/ipa_rkisp1.so.p/algorithms_ccm.cpp.o[K
[109.800s] [158/233] Compiling C++ object src/ipa/rkisp1/ipa_rkisp1.so.p/algorithms_gsl.cpp.o[K
[109.801s] [159/233] Compiling C++ object src/ipa/rkisp1/ipa_rkisp1.so.p/algorithms_agc.cpp.o[K
[110.096s] [159/233] Compiling C++ object src/ipa/rkisp1/ipa_rkisp1.so.p/algorithms_lsc.cpp.o[K
[110.098s] [160/233] Compiling C++ object src/ipa/rkisp1/ipa_rkisp1.so.p/algorithms_dpcc.cpp.o[K
[111.203s] [160/233] Compiling C++ object src/ipa/rpi/cam_helper/librpi_ipa_cam_helper.a.p/cam_helper.cpp.o[K
[111.203s] [161/233] Compiling C++ object src/ipa/rkisp1/ipa_rkisp1.so.p/algorithms_dpf.cpp.o[K
[112.583s] [161/233] Compiling C++ object src/ipa/rpi/cam_helper/librpi_ipa_cam_helper.a.p/cam_helper_ov5647.cpp.o[K
[112.584s] [162/233] Compiling C++ object src/ipa/rkisp1/ipa_rkisp1.so.p/algorithms_filter.cpp.o[K
[113.155s] [162/233] Compiling C++ object src/ipa/rpi/cam_helper/librpi_ipa_cam_helper.a.p/cam_helper_imx219.cpp.o[K
[113.156s] [163/233] Compiling C++ object src/ipa/rpi/cam_helper/librpi_ipa_cam_helper.a.p/cam_helper.cpp.o[K
[113.922s] [163/233] Compiling C++ object src/ipa/rpi/cam_helper/librpi_ipa_cam_helper.a.p/cam_helper_imx290.cpp.o[K
[113.922s] [164/233] Compiling C++ object src/ipa/rkisp1/ipa_rkisp1.so.p/algorithms_gsl.cpp.o[K
[114.059s] [164/233] Compiling C++ object src/ipa/rpi/cam_helper/librpi_ipa_cam_helper.a.p/cam_helper_imx296.cpp.o[K
[114.059s] [165/233] Compiling C++ object src/ipa/rkisp1/ipa_rkisp1.so.p/algorithms_goc.cpp.o[K
[114.994s] [165/233] Compiling C++ object src/ipa/rpi/cam_helper/librpi_ipa_cam_helper.a.p/cam_helper_imx477.cpp.o[K
[114.994s] [166/233] Compiling C++ object src/ipa/rpi/cam_helper/librpi_ipa_cam_helper.a.p/cam_helper_ov5647.cpp.o[K
[115.444s] [166/233] Compiling C++ object src/ipa/rpi/cam_helper/librpi_ipa_cam_helper.a.p/cam_helper_imx519.cpp.o[K
[115.445s] [167/233] Compiling C++ object src/ipa/rkisp1/ipa_rkisp1.so.p/algorithms_lsc.cpp.o[K
[115.848s] [167/233] Linking target src/ipa/rkisp1/ipa_rkisp1.so[K
[115.848s] [168/233] Linking target src/ipa/rkisp1/ipa_rkisp1.so[K
[115.864s] [168/233] Generating src/ipa/rkisp1/ipa_rkisp1.so.sign with a custom command[K
[115.864s] [169/233] Generating src/ipa/rkisp1/ipa_rkisp1.so.sign with a custom command[K
[117.236s] [169/233] Compiling C++ object src/ipa/rpi/cam_helper/librpi_ipa_cam_helper.a.p/cam_helper_imx708.cpp.o[K
[117.236s] [170/233] Compiling C++ object src/ipa/rpi/cam_helper/librpi_ipa_cam_helper.a.p/cam_helper_imx290.cpp.o[K
[117.386s] [170/233] Compiling C++ object src/ipa/rpi/cam_helper/librpi_ipa_cam_helper.a.p/cam_helper_ov64a40.cpp.o[K
[117.387s] [171/233] Compiling C++ object src/ipa/rpi/cam_helper/librpi_ipa_cam_helper.a.p/cam_helper_imx219.cpp.o[K
[117.831s] [171/233] Compiling C++ object src/ipa/rpi/cam_helper/librpi_ipa_cam_helper.a.p/cam_helper_ov9281.cpp.o[K
[117.832s] [172/233] Compiling C++ object src/ipa/rpi/cam_helper/librpi_ipa_cam_helper.a.p/cam_helper_imx477.cpp.o[K
[118.605s] [172/233] Compiling C++ object src/ipa/rpi/cam_helper/librpi_ipa_cam_helper.a.p/md_parser_smia.cpp.o[K
[118.606s] [173/233] Compiling C++ object src/ipa/rpi/cam_helper/librpi_ipa_cam_helper.a.p/cam_helper_imx296.cpp.o[K
[119.990s] [173/233] Compiling C++ object src/ipa/rpi/common/librpi_ipa_common.a.p/ipa_base.cpp.o[K
[119.990s] [174/233] Compiling C++ object src/ipa/rpi/cam_helper/librpi_ipa_cam_helper.a.p/md_parser_smia.cpp.o[K
[120.567s] [174/233] Compiling C++ object src/ipa/rpi/controller/librpi_ipa_controller.a.p/algorithm.cpp.o[K
[120.575s] [175/233] Compiling C++ object src/ipa/rpi/cam_helper/librpi_ipa_cam_helper.a.p/cam_helper_ov9281.cpp.o[K
[120.891s] [175/233] Compiling C++ object src/ipa/rpi/controller/librpi_ipa_controller.a.p/controller.cpp.o[K
[120.899s] [176/233] Compiling C++ object src/ipa/rpi/cam_helper/librpi_ipa_cam_helper.a.p/cam_helper_imx519.cpp.o[K
[121.362s] [176/233] Compiling C++ object src/ipa/rpi/controller/librpi_ipa_controller.a.p/device_status.cpp.o[K
[121.363s] [177/233] Compiling C++ object src/ipa/rpi/cam_helper/librpi_ipa_cam_helper.a.p/cam_helper_ov64a40.cpp.o[K
[121.862s] [177/233] Compiling C++ object src/ipa/rpi/controller/librpi_ipa_controller.a.p/histogram.cpp.o[K
[121.862s] [178/233] Compiling C++ object src/ipa/rpi/controller/librpi_ipa_controller.a.p/histogram.cpp.o[K
[121.875s] [178/233] Compiling C++ object src/ipa/rpi/controller/librpi_ipa_controller.a.p/rpi_af.cpp.o[K
[121.877s] [179/233] Compiling C++ object src/ipa/rpi/cam_helper/librpi_ipa_cam_helper.a.p/cam_helper_imx708.cpp.o[K
[121.898s] [179/233] Linking static target src/ipa/rpi/cam_helper/librpi_ipa_cam_helper.a[K
[121.899s] [180/233] Linking static target src/ipa/rpi/cam_helper/librpi_ipa_cam_helper.a[K
[122.653s] [180/233] Compiling C++ object src/ipa/rpi/controller/librpi_ipa_controller.a.p/rpi_agc.cpp.o[K
[122.654s] [181/233] Compiling C++ object src/ipa/rpi/controller/librpi_ipa_controller.a.p/algorithm.cpp.o[K
[123.090s] [181/233] Compiling C++ object src/ipa/rpi/controller/librpi_ipa_controller.a.p/rpi_agc_channel.cpp.o[K
[123.091s] [182/233] Compiling C++ object src/ipa/rpi/controller/librpi_ipa_controller.a.p/device_status.cpp.o[K
[124.091s] [182/233] Compiling C++ object src/ipa/rpi/controller/librpi_ipa_controller.a.p/rpi_alsc.cpp.o[K
[124.092s] [183/233] Compiling C++ object src/ipa/rpi/controller/librpi_ipa_controller.a.p/controller.cpp.o[K
[127.903s] [183/233] Compiling C++ object src/ipa/rpi/controller/librpi_ipa_controller.a.p/rpi_awb.cpp.o[K
[127.903s] [184/233] Compiling C++ object src/ipa/rpi/controller/librpi_ipa_controller.a.p/rpi_af.cpp.o[K
[129.691s] [184/233] Compiling C++ object src/ipa/rpi/controller/librpi_ipa_controller.a.p/rpi_black_level.cpp.o[K
[129.691s] [185/233] Compiling C++ object src/ipa/rpi/controller/librpi_ipa_controller.a.p/rpi_agc.cpp.o[K
[130.730s] [185/233] Compiling C++ object src/ipa/rpi/controller/librpi_ipa_controller.a.p/rpi_cac.cpp.o[K
[130.730s] [186/233] Compiling C++ object src/ipa/rpi/controller/librpi_ipa_controller.a.p/rpi_alsc.cpp.o[K
[131.954s] [186/233] Compiling C++ object src/ipa/rpi/controller/librpi_ipa_controller.a.p/rpi_ccm.cpp.o[K
[131.955s] [187/233] Compiling C++ object src/ipa/rpi/controller/librpi_ipa_controller.a.p/rpi_black_level.cpp.o[K
[133.788s] [187/233] Compiling C++ object src/ipa/rpi/controller/librpi_ipa_controller.a.p/rpi_contrast.cpp.o[K
[133.789s] [188/233] Compiling C++ object src/ipa/rpi/controller/librpi_ipa_controller.a.p/rpi_agc_channel.cpp.o[K
[134.273s] [188/233] Compiling C++ object src/ipa/rpi/controller/librpi_ipa_controller.a.p/rpi_denoise.cpp.o[K
[134.273s] [189/233] Compiling C++ object src/ipa/rpi/controller/librpi_ipa_controller.a.p/rpi_cac.cpp.o[K
[134.308s] [189/233] Compiling C++ object src/ipa/rpi/controller/librpi_ipa_controller.a.p/rpi_dpc.cpp.o[K
[134.308s] [190/233] Compiling C++ object src/ipa/rpi/controller/librpi_ipa_controller.a.p/rpi_awb.cpp.o[K
[135.704s] [190/233] Compiling C++ object src/ipa/rpi/controller/librpi_ipa_controller.a.p/rpi_geq.cpp.o[K
[135.708s] [191/233] Compiling C++ object src/ipa/rpi/controller/librpi_ipa_controller.a.p/rpi_contrast.cpp.o[K
[135.746s] [191/233] Compiling C++ object src/ipa/rpi/controller/librpi_ipa_controller.a.p/rpi_lux.cpp.o[K
[135.750s] [192/233] Compiling C++ object src/ipa/rpi/controller/librpi_ipa_controller.a.p/rpi_ccm.cpp.o[K
[137.095s] [192/233] Compiling C++ object src/ipa/rpi/controller/librpi_ipa_controller.a.p/rpi_noise.cpp.o[K
[137.097s] [193/233] Compiling C++ object src/ipa/rpi/controller/librpi_ipa_controller.a.p/rpi_dpc.cpp.o[K
[138.369s] [193/233] Compiling C++ object src/ipa/rpi/controller/librpi_ipa_controller.a.p/rpi_saturation.cpp.o[K
[138.370s] [194/233] Compiling C++ object src/ipa/rpi/controller/librpi_ipa_controller.a.p/rpi_denoise.cpp.o[K
[139.036s] [194/233] Compiling C++ object src/ipa/rpi/controller/librpi_ipa_controller.a.p/rpi_sdn.cpp.o[K
[139.037s] [195/233] Compiling C++ object src/ipa/rpi/controller/librpi_ipa_controller.a.p/rpi_geq.cpp.o[K
[139.264s] [195/233] Compiling C++ object src/ipa/rpi/controller/librpi_ipa_controller.a.p/rpi_sharpen.cpp.o[K
[139.265s] [196/233] Compiling C++ object src/ipa/rpi/common/librpi_ipa_common.a.p/ipa_base.cpp.o[K
[139.304s] [196/233] Linking static target src/ipa/rpi/common/librpi_ipa_common.a[K
[139.304s] [197/233] Linking static target src/ipa/rpi/common/librpi_ipa_common.a[K
[139.605s] [197/233] Compiling C++ object src/ipa/rpi/controller/librpi_ipa_controller.a.p/rpi_tonemap.cpp.o[K
[139.607s] [198/233] Compiling C++ object src/ipa/rpi/controller/librpi_ipa_controller.a.p/rpi_saturation.cpp.o[K
[140.356s] [198/233] Compiling C++ object src/ipa/rpi/vc4/ipa_rpi_vc4.so.p/vc4.cpp.o[K
[140.357s] [199/233] Compiling C++ object src/ipa/rpi/controller/librpi_ipa_controller.a.p/rpi_noise.cpp.o[K
[140.408s] [199/233] Compiling C++ object src/ipa/simple/ipa_soft_simple.so.p/soft_simple.cpp.o[K
[140.411s] [200/233] Compiling C++ object src/ipa/rpi/controller/librpi_ipa_controller.a.p/rpi_lux.cpp.o[K
[141.905s] [200/233] Compiling C++ object src/ipa/simple/ipa_soft_simple.so.p/black_level.cpp.o[K
[141.905s] [201/233] Compiling C++ object src/ipa/rpi/controller/librpi_ipa_controller.a.p/rpi_sdn.cpp.o[K
[142.339s] [201/233] Compiling C++ object src/apps/common/libapps.a.p/image.cpp.o[K
[142.339s] [202/233] Compiling C++ object src/ipa/rpi/controller/librpi_ipa_controller.a.p/rpi_sharpen.cpp.o[K
[143.097s] [202/233] Compiling C++ object src/apps/common/libapps.a.p/options.cpp.o[K
[143.099s] [203/233] Compiling C++ object src/ipa/rpi/controller/librpi_ipa_controller.a.p/rpi_tonemap.cpp.o[K
[143.147s] [203/233] Linking static target src/ipa/rpi/controller/librpi_ipa_controller.a[K
[143.148s] [204/233] Linking static target src/ipa/rpi/controller/librpi_ipa_controller.a[K
[143.268s] [204/233] Compiling C++ object src/apps/common/libapps.a.p/ppm_writer.cpp.o[K
[143.268s] [205/233] Compiling C++ object src/ipa/simple/ipa_soft_simple.so.p/black_level.cpp.o[K
[144.574s] [205/233] Compiling C++ object src/apps/common/libapps.a.p/stream_options.cpp.o[K
[144.576s] [206/233] Compiling C++ object src/apps/common/libapps.a.p/image.cpp.o[K
[145.488s] [206/233] Compiling C++ object src/apps/common/libapps.a.p/dng_writer.cpp.o[K
[145.489s] [207/233] Compiling C++ object src/ipa/simple/ipa_soft_simple.so.p/soft_simple.cpp.o[K
[145.647s] [207/233] Linking target src/ipa/simple/ipa_soft_simple.so[K
[145.651s] [208/233] Compiling C++ object src/apps/common/libapps.a.p/ppm_writer.cpp.o[K
[145.751s] [208/233] Compiling C++ object src/apps/ipa-verify/ipa_verify.p/main.cpp.o[K
[145.752s] [209/233] Linking target src/ipa/simple/ipa_soft_simple.so[K
[145.774s] [209/233] Generating src/ipa/simple/ipa_soft_simple.so.sign with a custom command[K
[145.774s] [210/233] Generating src/ipa/simple/ipa_soft_simple.so.sign with a custom command[K
[146.182s] [210/233] Generating src/py/libcamera/py_gen_controls with a custom command[K
[146.182s] [211/233] Generating src/py/libcamera/py_gen_controls with a custom command[K
[147.311s] [211/233] Compiling C++ object src/py/libcamera/_libcamera.so.p/meson-generated_.._py_controls_generated.cpp.o[K
[147.311s] [212/233] Compiling C++ object src/ipa/rpi/vc4/ipa_rpi_vc4.so.p/vc4.cpp.o[K
[147.757s] [212/233] Linking target src/ipa/rpi/vc4/ipa_rpi_vc4.so[K
[147.757s] [213/233] Linking target src/ipa/rpi/vc4/ipa_rpi_vc4.so[K
[147.823s] [213/233] Generating src/ipa/rpi/vc4/ipa_rpi_vc4.so.sign with a custom command[K
[147.823s] [214/233] Generating src/ipa/rpi/vc4/ipa_rpi_vc4.so.sign with a custom command[K
[148.094s] [214/233] Generating src/py/libcamera/py_gen_properties with a custom command[K
[148.094s] [215/233] Compiling C++ object src/apps/common/libapps.a.p/stream_options.cpp.o[K
[148.185s] [215/233] Generating src/py/libcamera/py_gen_formats with a custom command[K
[148.187s] [216/233] Generating src/py/libcamera/py_gen_properties with a custom command[K
[148.439s] [216/233] Compiling C++ object src/py/libcamera/_libcamera.so.p/meson-generated_.._py_properties_generated.cpp.o[K
[148.440s] [217/233] Generating src/py/libcamera/py_gen_formats with a custom command[K
[148.642s] [217/233] Compiling C++ object src/py/libcamera/_libcamera.so.p/meson-generated_.._py_formats_generated.cpp.o[K
[148.645s] [218/233] Compiling C++ object src/apps/common/libapps.a.p/dng_writer.cpp.o[K
[149.615s] [218/233] Compiling C++ object src/py/libcamera/_libcamera.so.p/py_camera_manager.cpp.o[K
[149.616s] [219/233] Compiling C++ object src/apps/ipa-verify/ipa_verify.p/main.cpp.o[K
[150.283s] [219/233] Linking target src/apps/ipa-verify/ipa_verify[K
[150.284s] [220/233] Linking target src/apps/ipa-verify/ipa_verify[K
[152.834s] [220/233] Compiling C++ object src/py/libcamera/_libcamera.so.p/py_color_space.cpp.o[K
[152.834s] [221/233] Compiling C++ object src/apps/common/libapps.a.p/options.cpp.o[K
[152.878s] [221/233] Linking static target src/apps/common/libapps.a[K
[152.880s] [222/233] Linking static target src/apps/common/libapps.a[K
[171.283s] [222/233] Compiling C++ object src/py/libcamera/_libcamera.so.p/py_enums.cpp.o[K
[171.286s] [223/233] Compiling C++ object src/py/libcamera/_libcamera.so.p/py_camera_manager.cpp.o[K
[171.833s] [223/233] Compiling C++ object src/py/libcamera/_libcamera.so.p/py_geometry.cpp.o[K
[171.833s] [224/233] Compiling C++ object src/py/libcamera/_libcamera.so.p/meson-generated_.._py_formats_generated.cpp.o[K
[179.977s] [224/233] Compiling C++ object src/py/libcamera/_libcamera.so.p/py_helpers.cpp.o[K
[179.978s] [225/233] Compiling C++ object src/py/libcamera/_libcamera.so.p/meson-generated_.._py_properties_generated.cpp.o[K
[185.397s] [225/233] Compiling C++ object src/py/libcamera/_libcamera.so.p/py_main.cpp.o[K
[185.408s] [226/233] Compiling C++ object src/py/libcamera/_libcamera.so.p/py_enums.cpp.o[K
[186.562s] [226/233] Compiling C++ object src/py/libcamera/_libcamera.so.p/py_transform.cpp.o[K
[193.538s] [227/233] Compiling C++ object src/py/libcamera/_libcamera.so.p/py_color_space.cpp.o[K
[195.081s] [228/233] Compiling C++ object src/py/libcamera/_libcamera.so.p/py_helpers.cpp.o[K
[202.571s] [229/233] Compiling C++ object src/py/libcamera/_libcamera.so.p/meson-generated_.._py_controls_generated.cpp.o[K
[202.766s] [230/233] Compiling C++ object src/py/libcamera/_libcamera.so.p/py_geometry.cpp.o[K
[216.257s] [231/233] Compiling C++ object src/py/libcamera/_libcamera.so.p/py_transform.cpp.o[K
[216.257s] [232/233] Compiling C++ object src/py/libcamera/_libcamera.so.p/py_main.cpp.o[K
[216.577s] [232/233] Linking target src/py/libcamera/_libcamera.so[K
[216.577s] [233/233] Linking target src/py/libcamera/_libcamera.so[K
[216.732s] Invoked command in '/VAS/build/libcamera' returned '0': /usr/bin/meson compile
[216.734s] Invoking command in '/VAS/build/libcamera': /usr/bin/meson install
[217.035s] ninja: Entering directory `/VAS/build/libcamera'
[217.045s] 
[217.543s] [0/15] Generating src/libcamera/version.cpp with a custom command[K
[217.543s] [1/15] Generating src/libcamera/version.cpp with a custom command[K
[217.544s] Installing include/libcamera/ipa/core_ipa_interface.h to /VAS/install/libcamera/include/libcamera/libcamera/ipa
[217.544s] Installing include/libcamera/ipa/rkisp1_ipa_interface.h to /VAS/install/libcamera/include/libcamera/libcamera/ipa
[217.544s] Installing include/libcamera/ipa/raspberrypi_ipa_interface.h to /VAS/install/libcamera/include/libcamera/libcamera/ipa
[217.546s] Installing include/libcamera/ipa/soft_ipa_interface.h to /VAS/install/libcamera/include/libcamera/libcamera/ipa
[217.546s] Installing include/libcamera/control_ids.h to /VAS/install/libcamera/include/libcamera/libcamera
[217.546s] Installing include/libcamera/property_ids.h to /VAS/install/libcamera/include/libcamera/libcamera
[217.546s] Installing include/libcamera/formats.h to /VAS/install/libcamera/include/libcamera/libcamera
[217.546s] Installing include/libcamera/libcamera.h to /VAS/install/libcamera/include/libcamera/libcamera
[217.546s] Installing src/libcamera/base/libcamera-base.so.0.3.0 to /VAS/install/libcamera/lib
[217.546s] Installing symlink pointing to libcamera-base.so.0.3.0 to /VAS/install/libcamera/lib/libcamera-base.so.0.3
[217.547s] Installing symlink pointing to libcamera-base.so.0.3 to /VAS/install/libcamera/lib/libcamera-base.so
[217.547s] Installing src/libcamera/libcamera.so.0.3.0 to /VAS/install/libcamera/lib
[217.548s] Installing symlink pointing to libcamera.so.0.3.0 to /VAS/install/libcamera/lib/libcamera.so.0.3
[217.548s] Installing symlink pointing to libcamera.so.0.3 to /VAS/install/libcamera/lib/libcamera.so
[217.549s] Installing src/libcamera/proxy/worker/rkisp1_ipa_proxy to /VAS/install/libcamera/libexec/libcamera
[217.550s] Installing src/libcamera/proxy/worker/raspberrypi_ipa_proxy to /VAS/install/libcamera/libexec/libcamera
[217.550s] Installing src/libcamera/proxy/worker/soft_ipa_proxy to /VAS/install/libcamera/libexec/libcamera
[217.551s] Installing src/ipa/rkisp1/ipa_rkisp1.so to /VAS/install/libcamera/lib/libcamera
[217.552s] Installing src/ipa/rpi/vc4/ipa_rpi_vc4.so to /VAS/install/libcamera/lib/libcamera
[217.554s] Installing src/ipa/simple/ipa_soft_simple.so to /VAS/install/libcamera/lib/libcamera
[217.554s] Installing src/py/libcamera/_libcamera.so to /VAS/install/libcamera/lib/python3.10/site-packages/libcamera
[217.557s] Installing /VAS/libcamera/include/libcamera/base/bound_method.h to /VAS/install/libcamera/include/libcamera/libcamera/base
[217.557s] Installing /VAS/libcamera/include/libcamera/base/class.h to /VAS/install/libcamera/include/libcamera/libcamera/base
[217.557s] Installing /VAS/libcamera/include/libcamera/base/compiler.h to /VAS/install/libcamera/include/libcamera/libcamera/base
[217.557s] Installing /VAS/libcamera/include/libcamera/base/flags.h to /VAS/install/libcamera/include/libcamera/libcamera/base
[217.558s] Installing /VAS/libcamera/include/libcamera/base/object.h to /VAS/install/libcamera/include/libcamera/libcamera/base
[217.558s] Installing /VAS/libcamera/include/libcamera/base/shared_fd.h to /VAS/install/libcamera/include/libcamera/libcamera/base
[217.558s] Installing /VAS/libcamera/include/libcamera/base/signal.h to /VAS/install/libcamera/include/libcamera/libcamera/base
[217.558s] Installing /VAS/libcamera/include/libcamera/base/span.h to /VAS/install/libcamera/include/libcamera/libcamera/base
[217.558s] Installing /VAS/libcamera/include/libcamera/base/unique_fd.h to /VAS/install/libcamera/include/libcamera/libcamera/base
[217.558s] Installing /VAS/libcamera/include/libcamera/ipa/ipa_controls.h to /VAS/install/libcamera/include/libcamera/libcamera/ipa
[217.558s] Installing /VAS/libcamera/include/libcamera/ipa/ipa_interface.h to /VAS/install/libcamera/include/libcamera/libcamera/ipa
[217.558s] Installing /VAS/libcamera/include/libcamera/ipa/ipa_module_info.h to /VAS/install/libcamera/include/libcamera/libcamera/ipa
[217.558s] Installing /VAS/libcamera/include/libcamera/camera.h to /VAS/install/libcamera/include/libcamera/libcamera
[217.558s] Installing /VAS/libcamera/include/libcamera/camera_manager.h to /VAS/install/libcamera/include/libcamera/libcamera
[217.559s] Installing /VAS/libcamera/include/libcamera/color_space.h to /VAS/install/libcamera/include/libcamera/libcamera
[217.559s] Installing /VAS/libcamera/include/libcamera/controls.h to /VAS/install/libcamera/include/libcamera/libcamera
[217.559s] Installing /VAS/libcamera/include/libcamera/fence.h to /VAS/install/libcamera/include/libcamera/libcamera
[217.559s] Installing /VAS/libcamera/include/libcamera/framebuffer.h to /VAS/install/libcamera/include/libcamera/libcamera
[217.559s] Installing /VAS/libcamera/include/libcamera/framebuffer_allocator.h to /VAS/install/libcamera/include/libcamera/libcamera
[217.559s] Installing /VAS/libcamera/include/libcamera/geometry.h to /VAS/install/libcamera/include/libcamera/libcamera
[217.562s] Installing /VAS/libcamera/include/libcamera/logging.h to /VAS/install/libcamera/include/libcamera/libcamera
[217.562s] Installing /VAS/libcamera/include/libcamera/orientation.h to /VAS/install/libcamera/include/libcamera/libcamera
[217.562s] Installing /VAS/libcamera/include/libcamera/pixel_format.h to /VAS/install/libcamera/include/libcamera/libcamera
[217.562s] Installing /VAS/libcamera/include/libcamera/request.h to /VAS/install/libcamera/include/libcamera/libcamera
[217.562s] Installing /VAS/libcamera/include/libcamera/stream.h to /VAS/install/libcamera/include/libcamera/libcamera
[217.562s] Installing /VAS/libcamera/include/libcamera/transform.h to /VAS/install/libcamera/include/libcamera/libcamera
[217.562s] Installing /VAS/build/libcamera/include/libcamera/version.h to /VAS/install/libcamera/include/libcamera/libcamera
[217.562s] Installing /VAS/build/libcamera/meson-private/libcamera-base.pc to /VAS/install/libcamera/lib/pkgconfig
[217.562s] Installing /VAS/libcamera/src/libcamera/pipeline/rpi/vc4/data/example.yaml to /VAS/install/libcamera/share/libcamera/pipeline/rpi/vc4
[217.562s] Installing /VAS/build/libcamera/meson-private/libcamera.pc to /VAS/install/libcamera/lib/pkgconfig
[217.562s] Installing /VAS/libcamera/src/ipa/rkisp1/data/imx219.yaml to /VAS/install/libcamera/share/libcamera/ipa/rkisp1
[217.563s] Installing /VAS/libcamera/src/ipa/rkisp1/data/imx258.yaml to /VAS/install/libcamera/share/libcamera/ipa/rkisp1
[217.563s] Installing /VAS/libcamera/src/ipa/rkisp1/data/ov2685.yaml to /VAS/install/libcamera/share/libcamera/ipa/rkisp1
[217.563s] Installing /VAS/libcamera/src/ipa/rkisp1/data/ov4689.yaml to /VAS/install/libcamera/share/libcamera/ipa/rkisp1
[217.563s] Installing /VAS/libcamera/src/ipa/rkisp1/data/ov5640.yaml to /VAS/install/libcamera/share/libcamera/ipa/rkisp1
[217.563s] Installing /VAS/libcamera/src/ipa/rkisp1/data/ov5695.yaml to /VAS/install/libcamera/share/libcamera/ipa/rkisp1
[217.563s] Installing /VAS/libcamera/src/ipa/rkisp1/data/ov8858.yaml to /VAS/install/libcamera/share/libcamera/ipa/rkisp1
[217.563s] Installing /VAS/libcamera/src/ipa/rkisp1/data/uncalibrated.yaml to /VAS/install/libcamera/share/libcamera/ipa/rkisp1
[217.563s] Installing /VAS/libcamera/src/ipa/rpi/vc4/data/imx219.json to /VAS/install/libcamera/share/libcamera/ipa/rpi/vc4
[217.563s] Installing /VAS/libcamera/src/ipa/rpi/vc4/data/imx219_noir.json to /VAS/install/libcamera/share/libcamera/ipa/rpi/vc4
[217.563s] Installing /VAS/libcamera/src/ipa/rpi/vc4/data/imx290.json to /VAS/install/libcamera/share/libcamera/ipa/rpi/vc4
[217.563s] Installing /VAS/libcamera/src/ipa/rpi/vc4/data/imx296.json to /VAS/install/libcamera/share/libcamera/ipa/rpi/vc4
[217.564s] Installing /VAS/libcamera/src/ipa/rpi/vc4/data/imx296_mono.json to /VAS/install/libcamera/share/libcamera/ipa/rpi/vc4
[217.564s] Installing /VAS/libcamera/src/ipa/rpi/vc4/data/imx378.json to /VAS/install/libcamera/share/libcamera/ipa/rpi/vc4
[217.564s] Installing /VAS/libcamera/src/ipa/rpi/vc4/data/imx477.json to /VAS/install/libcamera/share/libcamera/ipa/rpi/vc4
[217.564s] Installing /VAS/libcamera/src/ipa/rpi/vc4/data/imx477_noir.json to /VAS/install/libcamera/share/libcamera/ipa/rpi/vc4
[217.564s] Installing /VAS/libcamera/src/ipa/rpi/vc4/data/imx477_scientific.json to /VAS/install/libcamera/share/libcamera/ipa/rpi/vc4
[217.565s] Installing /VAS/libcamera/src/ipa/rpi/vc4/data/imx519.json to /VAS/install/libcamera/share/libcamera/ipa/rpi/vc4
[217.565s] Installing /VAS/libcamera/src/ipa/rpi/vc4/data/imx708.json to /VAS/install/libcamera/share/libcamera/ipa/rpi/vc4
[217.565s] Installing /VAS/libcamera/src/ipa/rpi/vc4/data/imx708_noir.json to /VAS/install/libcamera/share/libcamera/ipa/rpi/vc4
[217.565s] Installing /VAS/libcamera/src/ipa/rpi/vc4/data/imx708_wide.json to /VAS/install/libcamera/share/libcamera/ipa/rpi/vc4
[217.565s] Installing /VAS/libcamera/src/ipa/rpi/vc4/data/imx708_wide_noir.json to /VAS/install/libcamera/share/libcamera/ipa/rpi/vc4
[217.566s] Installing /VAS/libcamera/src/ipa/rpi/vc4/data/ov5647.json to /VAS/install/libcamera/share/libcamera/ipa/rpi/vc4
[217.566s] Installing /VAS/libcamera/src/ipa/rpi/vc4/data/ov5647_noir.json to /VAS/install/libcamera/share/libcamera/ipa/rpi/vc4
[217.566s] Installing /VAS/libcamera/src/ipa/rpi/vc4/data/ov64a40.json to /VAS/install/libcamera/share/libcamera/ipa/rpi/vc4
[217.566s] Installing /VAS/libcamera/src/ipa/rpi/vc4/data/ov9281_mono.json to /VAS/install/libcamera/share/libcamera/ipa/rpi/vc4
[217.567s] Installing /VAS/libcamera/src/ipa/rpi/vc4/data/se327m12.json to /VAS/install/libcamera/share/libcamera/ipa/rpi/vc4
[217.567s] Installing /VAS/libcamera/src/ipa/rpi/vc4/data/uncalibrated.json to /VAS/install/libcamera/share/libcamera/ipa/rpi/vc4
[217.567s] Installing /VAS/libcamera/src/ipa/simple/data/uncalibrated.yaml to /VAS/install/libcamera/share/libcamera/ipa/simple
[217.567s] Installing /VAS/libcamera/src/py/libcamera/__init__.py to /VAS/install/libcamera/lib/python3.10/site-packages/libcamera
[217.644s] Running custom install script '/VAS/libcamera/src/ipa/ipa-sign-install.sh /VAS/build/libcamera/src/ipa-priv-key.pem lib/libcamera/ipa_rkisp1.so lib/libcamera/ipa_rpi_vc4.so lib/libcamera/ipa_soft_simple.so'
[217.829s] Invoked command in '/VAS/build/libcamera' returned '0': /usr/bin/meson install
