[0.606s] Invoking command in '/home/ros/VAS/tfmini': PYTHONPATH=/home/ros/VAS/build/tfmini/prefix_override:/usr/lib/python3/dist-packages/colcon_core/task/python/colcon_distutils_commands:/home/ros/VAS/install/tfmini/lib/python3.10/site-packages:${PYTHONPATH} /usr/bin/python3 -W ignore:setup.py install is deprecated setup.py egg_info --egg-base ../build/tfmini build --build-base /home/ros/VAS/build/tfmini/build install --record /home/ros/VAS/build/tfmini/install.log --single-version-externally-managed install_data
[0.820s] running egg_info
[0.821s] writing ../build/tfmini/tfmini.egg-info/PKG-INFO
[0.821s] writing dependency_links to ../build/tfmini/tfmini.egg-info/dependency_links.txt
[0.823s] writing entry points to ../build/tfmini/tfmini.egg-info/entry_points.txt
[0.824s] writing requirements to ../build/tfmini/tfmini.egg-info/requires.txt
[0.824s] writing top-level names to ../build/tfmini/tfmini.egg-info/top_level.txt
[0.827s] reading manifest file '../build/tfmini/tfmini.egg-info/SOURCES.txt'
[0.828s] writing manifest file '../build/tfmini/tfmini.egg-info/SOURCES.txt'
[0.829s] running build
[0.829s] running build_py
[0.829s] running install
[0.830s] running install_lib
[0.831s] running install_data
[0.831s] running install_egg_info
[0.834s] removing '/home/ros/VAS/install/tfmini/lib/python3.10/site-packages/tfmini-0.0.0-py3.10.egg-info' (and everything under it)
[0.835s] Copying ../build/tfmini/tfmini.egg-info to /home/ros/VAS/install/tfmini/lib/python3.10/site-packages/tfmini-0.0.0-py3.10.egg-info
[0.835s] running install_scripts
[0.860s] Installing tfmini_node script to /home/ros/VAS/install/tfmini/lib/tfmini
[0.861s] writing list of installed files to '/home/ros/VAS/build/tfmini/install.log'
[0.918s] Invoked command in '/home/ros/VAS/tfmini' returned '0': PYTHONPATH=/home/ros/VAS/build/tfmini/prefix_override:/usr/lib/python3/dist-packages/colcon_core/task/python/colcon_distutils_commands:/home/ros/VAS/install/tfmini/lib/python3.10/site-packages:${PYTHONPATH} /usr/bin/python3 -W ignore:setup.py install is deprecated setup.py egg_info --egg-base ../build/tfmini build --build-base /home/ros/VAS/build/tfmini/build install --record /home/ros/VAS/build/tfmini/install.log --single-version-externally-managed install_data
