[4.616s] Invoking command in '/vas/tfmini': PYTHONPATH=/vas/build/tfmini/prefix_override:/usr/lib/python3/dist-packages/colcon_core/task/python/colcon_distutils_commands:/vas/install/tfmini/lib/python3.10/site-packages:${PYTHONPATH} /usr/bin/python3 -W ignore:setup.py install is deprecated setup.py egg_info --egg-base ../build/tfmini build --build-base /vas/build/tfmini/build install --record /vas/build/tfmini/install.log --single-version-externally-managed install_data
[6.094s] running egg_info
[6.103s] writing ../build/tfmini/tfmini.egg-info/PKG-INFO
[6.105s] writing dependency_links to ../build/tfmini/tfmini.egg-info/dependency_links.txt
[6.108s] writing entry points to ../build/tfmini/tfmini.egg-info/entry_points.txt
[6.110s] writing requirements to ../build/tfmini/tfmini.egg-info/requires.txt
[6.113s] writing top-level names to ../build/tfmini/tfmini.egg-info/top_level.txt
[6.122s] reading manifest file '../build/tfmini/tfmini.egg-info/SOURCES.txt'
[6.122s] writing manifest file '../build/tfmini/tfmini.egg-info/SOURCES.txt'
[6.122s] running build
[6.122s] running build_py
[6.133s] running install
[6.134s] running install_lib
[6.135s] running install_data
[6.135s] running install_egg_info
[6.143s] removing '/vas/install/tfmini/lib/python3.10/site-packages/tfmini-0.0.0-py3.10.egg-info' (and everything under it)
[6.144s] Copying ../build/tfmini/tfmini.egg-info to /vas/install/tfmini/lib/python3.10/site-packages/tfmini-0.0.0-py3.10.egg-info
[6.144s] running install_scripts
[6.215s] Installing tfmini_node script to /vas/install/tfmini/lib/tfmini
[6.216s] writing list of installed files to '/vas/build/tfmini/install.log'
[6.486s] Invoked command in '/vas/tfmini' returned '0': PYTHONPATH=/vas/build/tfmini/prefix_override:/usr/lib/python3/dist-packages/colcon_core/task/python/colcon_distutils_commands:/vas/install/tfmini/lib/python3.10/site-packages:${PYTHONPATH} /usr/bin/python3 -W ignore:setup.py install is deprecated setup.py egg_info --egg-base ../build/tfmini build --build-base /vas/build/tfmini/build install --record /vas/build/tfmini/install.log --single-version-externally-managed install_data
