[7.660s] Invoking command in '/vas/tts': PYTHONPATH=/vas/build/tts/prefix_override:/usr/lib/python3/dist-packages/colcon_core/task/python/colcon_distutils_commands:/vas/install/tts/lib/python3.10/site-packages:${PYTHONPATH} /usr/bin/python3 -W ignore:setup.py install is deprecated setup.py egg_info --egg-base ../build/tts build --build-base /vas/build/tts/build install --record /vas/build/tts/install.log --single-version-externally-managed install_data
[9.192s] running egg_info
[9.192s] writing ../build/tts/tts.egg-info/PKG-INFO
[9.193s] writing dependency_links to ../build/tts/tts.egg-info/dependency_links.txt
[9.193s] writing entry points to ../build/tts/tts.egg-info/entry_points.txt
[9.193s] writing requirements to ../build/tts/tts.egg-info/requires.txt
[9.196s] writing top-level names to ../build/tts/tts.egg-info/top_level.txt
[9.221s] reading manifest file '../build/tts/tts.egg-info/SOURCES.txt'
[9.221s] writing manifest file '../build/tts/tts.egg-info/SOURCES.txt'
[9.221s] running build
[9.228s] running build_py
[9.228s] running install
[9.232s] running install_lib
[9.258s] running install_data
[9.259s] running install_egg_info
[9.265s] removing '/vas/install/tts/lib/python3.10/site-packages/tts-0.0.0-py3.10.egg-info' (and everything under it)
[9.266s] Copying ../build/tts/tts.egg-info to /vas/install/tts/lib/python3.10/site-packages/tts-0.0.0-py3.10.egg-info
[9.266s] running install_scripts
[9.333s] Installing tts_node script to /vas/install/tts/lib/tts
[9.334s] writing list of installed files to '/vas/build/tts/install.log'
[9.478s] Invoked command in '/vas/tts' returned '0': PYTHONPATH=/vas/build/tts/prefix_override:/usr/lib/python3/dist-packages/colcon_core/task/python/colcon_distutils_commands:/vas/install/tts/lib/python3.10/site-packages:${PYTHONPATH} /usr/bin/python3 -W ignore:setup.py install is deprecated setup.py egg_info --egg-base ../build/tts build --build-base /vas/build/tts/build install --record /vas/build/tts/install.log --single-version-externally-managed install_data
