[10.170s] Invoking command in '/vas/tfmini': PYTHONPATH=/vas/build/tfmini/prefix_override:/usr/lib/python3/dist-packages/colcon_core/task/python/colcon_distutils_commands:/vas/install/tfmini/lib/python3.10/site-packages:${PYTHONPATH} /usr/bin/python3 -W ignore:setup.py install is deprecated setup.py egg_info --egg-base ../build/tfmini build --build-base /vas/build/tfmini/build install --record /vas/build/tfmini/install.log --single-version-externally-managed install_data
[12.699s] running egg_info
[12.699s] writing ../build/tfmini/tfmini.egg-info/PKG-INFO
[12.705s] writing dependency_links to ../build/tfmini/tfmini.egg-info/dependency_links.txt
[12.705s] writing entry points to ../build/tfmini/tfmini.egg-info/entry_points.txt
[12.705s] writing requirements to ../build/tfmini/tfmini.egg-info/requires.txt
[12.705s] writing top-level names to ../build/tfmini/tfmini.egg-info/top_level.txt
[12.725s] reading manifest file '../build/tfmini/tfmini.egg-info/SOURCES.txt'
[12.725s] writing manifest file '../build/tfmini/tfmini.egg-info/SOURCES.txt'
[12.726s] running build
[12.726s] running build_py
[12.732s] running install
[12.732s] running install_lib
[12.738s] running install_data
[12.750s] running install_egg_info
[12.750s] removing '/vas/install/tfmini/lib/python3.10/site-packages/tfmini-0.0.0-py3.10.egg-info' (and everything under it)
[12.758s] Copying ../build/tfmini/tfmini.egg-info to /vas/install/tfmini/lib/python3.10/site-packages/tfmini-0.0.0-py3.10.egg-info
[12.766s] running install_scripts
[13.002s] Installing tfmini_node script to /vas/install/tfmini/lib/tfmini
[13.007s] writing list of installed files to '/vas/build/tfmini/install.log'
[13.504s] Invoked command in '/vas/tfmini' returned '0': PYTHONPATH=/vas/build/tfmini/prefix_override:/usr/lib/python3/dist-packages/colcon_core/task/python/colcon_distutils_commands:/vas/install/tfmini/lib/python3.10/site-packages:${PYTHONPATH} /usr/bin/python3 -W ignore:setup.py install is deprecated setup.py egg_info --egg-base ../build/tfmini build --build-base /vas/build/tfmini/build install --record /vas/build/tfmini/install.log --single-version-externally-managed install_data
