[4.724s] Invoking command in '/vas/tfmini': PYTHONPATH=/vas/build/tfmini/prefix_override:/usr/lib/python3/dist-packages/colcon_core/task/python/colcon_distutils_commands:/vas/install/tfmini/lib/python3.10/site-packages:${PYTHONPATH} /usr/bin/python3 -W ignore:setup.py install is deprecated setup.py egg_info --egg-base ../build/tfmini build --build-base /vas/build/tfmini/build install --record /vas/build/tfmini/install.log --single-version-externally-managed install_data
[5.169s] running egg_info
[5.171s] writing ../build/tfmini/tfmini.egg-info/PKG-INFO
[5.172s] writing dependency_links to ../build/tfmini/tfmini.egg-info/dependency_links.txt
[5.176s] writing entry points to ../build/tfmini/tfmini.egg-info/entry_points.txt
[5.176s] writing requirements to ../build/tfmini/tfmini.egg-info/requires.txt
[5.177s] writing top-level names to ../build/tfmini/tfmini.egg-info/top_level.txt
[5.199s] reading manifest file '../build/tfmini/tfmini.egg-info/SOURCES.txt'
[5.200s] writing manifest file '../build/tfmini/tfmini.egg-info/SOURCES.txt'
[5.202s] running build
[5.202s] running build_py
[5.234s] running install
[5.234s] running install_lib
[5.234s] running install_data
[5.234s] running install_egg_info
[5.254s] removing '/vas/install/tfmini/lib/python3.10/site-packages/tfmini-0.0.0-py3.10.egg-info' (and everything under it)
[5.255s] Copying ../build/tfmini/tfmini.egg-info to /vas/install/tfmini/lib/python3.10/site-packages/tfmini-0.0.0-py3.10.egg-info
[5.255s] running install_scripts
[5.431s] Installing tfmini_node script to /vas/install/tfmini/lib/tfmini
[5.432s] writing list of installed files to '/vas/build/tfmini/install.log'
[5.774s] Invoked command in '/vas/tfmini' returned '0': PYTHONPATH=/vas/build/tfmini/prefix_override:/usr/lib/python3/dist-packages/colcon_core/task/python/colcon_distutils_commands:/vas/install/tfmini/lib/python3.10/site-packages:${PYTHONPATH} /usr/bin/python3 -W ignore:setup.py install is deprecated setup.py egg_info --egg-base ../build/tfmini build --build-base /vas/build/tfmini/build install --record /vas/build/tfmini/install.log --single-version-externally-managed install_data
