[1.924s] Invoking command in '/vas/tfmini': PYTHONPATH=/vas/build/tfmini/prefix_override:/usr/lib/python3/dist-packages/colcon_core/task/python/colcon_distutils_commands:/vas/install/tfmini/lib/python3.10/site-packages:${PYTHONPATH} /usr/bin/python3 -W ignore:setup.py install is deprecated setup.py egg_info --egg-base ../build/tfmini build --build-base /vas/build/tfmini/build install --record /vas/build/tfmini/install.log --single-version-externally-managed install_data
[2.889s] running egg_info
[2.890s] writing ../build/tfmini/tfmini.egg-info/PKG-INFO
[2.890s] writing dependency_links to ../build/tfmini/tfmini.egg-info/dependency_links.txt
[2.890s] writing entry points to ../build/tfmini/tfmini.egg-info/entry_points.txt
[2.891s] writing requirements to ../build/tfmini/tfmini.egg-info/requires.txt
[2.891s] writing top-level names to ../build/tfmini/tfmini.egg-info/top_level.txt
[2.895s] reading manifest file '../build/tfmini/tfmini.egg-info/SOURCES.txt'
[2.896s] writing manifest file '../build/tfmini/tfmini.egg-info/SOURCES.txt'
[2.896s] running build
[2.897s] running build_py
[2.897s] running install
[2.898s] running install_lib
[2.900s] running install_data
[2.903s] running install_egg_info
[2.908s] removing '/vas/install/tfmini/lib/python3.10/site-packages/tfmini-0.0.0-py3.10.egg-info' (and everything under it)
[2.911s] Copying ../build/tfmini/tfmini.egg-info to /vas/install/tfmini/lib/python3.10/site-packages/tfmini-0.0.0-py3.10.egg-info
[2.912s] running install_scripts
[3.003s] Installing tfmini_node script to /vas/install/tfmini/lib/tfmini
[3.003s] writing list of installed files to '/vas/build/tfmini/install.log'
[3.146s] Invoked command in '/vas/tfmini' returned '0': PYTHONPATH=/vas/build/tfmini/prefix_override:/usr/lib/python3/dist-packages/colcon_core/task/python/colcon_distutils_commands:/vas/install/tfmini/lib/python3.10/site-packages:${PYTHONPATH} /usr/bin/python3 -W ignore:setup.py install is deprecated setup.py egg_info --egg-base ../build/tfmini build --build-base /vas/build/tfmini/build install --record /vas/build/tfmini/install.log --single-version-externally-managed install_data
