[5.355s] Invoking command in '/vas/tts': PYTHONPATH=/vas/build/tts/prefix_override:/usr/lib/python3/dist-packages/colcon_core/task/python/colcon_distutils_commands:/vas/install/tts/lib/python3.10/site-packages:${PYTHONPATH} /usr/bin/python3 -W ignore:setup.py install is deprecated setup.py egg_info --egg-base ../build/tts build --build-base /vas/build/tts/build install --record /vas/build/tts/install.log --single-version-externally-managed install_data
[8.014s] running egg_info
[8.021s] writing ../build/tts/tts.egg-info/PKG-INFO
[8.027s] writing dependency_links to ../build/tts/tts.egg-info/dependency_links.txt
[8.045s] writing entry points to ../build/tts/tts.egg-info/entry_points.txt
[8.046s] writing requirements to ../build/tts/tts.egg-info/requires.txt
[8.047s] writing top-level names to ../build/tts/tts.egg-info/top_level.txt
[8.094s] reading manifest file '../build/tts/tts.egg-info/SOURCES.txt'
[8.105s] writing manifest file '../build/tts/tts.egg-info/SOURCES.txt'
[8.105s] running build
[8.105s] running build_py
[8.121s] running install
[8.122s] running install_lib
[8.125s] running install_data
[8.153s] running install_egg_info
[8.160s] removing '/vas/install/tts/lib/python3.10/site-packages/tts-0.0.0-py3.10.egg-info' (and everything under it)
[8.167s] Copying ../build/tts/tts.egg-info to /vas/install/tts/lib/python3.10/site-packages/tts-0.0.0-py3.10.egg-info
[8.174s] running install_scripts
[8.483s] Installing tts_node script to /vas/install/tts/lib/tts
[8.498s] writing list of installed files to '/vas/build/tts/install.log'
[8.948s] Invoked command in '/vas/tts' returned '0': PYTHONPATH=/vas/build/tts/prefix_override:/usr/lib/python3/dist-packages/colcon_core/task/python/colcon_distutils_commands:/vas/install/tts/lib/python3.10/site-packages:${PYTHONPATH} /usr/bin/python3 -W ignore:setup.py install is deprecated setup.py egg_info --egg-base ../build/tts build --build-base /vas/build/tts/build install --record /vas/build/tts/install.log --single-version-externally-managed install_data
