[3.798s] Invoking command in '/vas/tfmini': PYTHONPATH=/vas/build/tfmini/prefix_override:/usr/lib/python3/dist-packages/colcon_core/task/python/colcon_distutils_commands:/vas/install/tfmini/lib/python3.10/site-packages:${PYTHONPATH} /usr/bin/python3 -W ignore:setup.py install is deprecated setup.py egg_info --egg-base ../build/tfmini build --build-base /vas/build/tfmini/build install --record /vas/build/tfmini/install.log --single-version-externally-managed install_data
[6.302s] running egg_info
[6.323s] writing ../build/tfmini/tfmini.egg-info/PKG-INFO
[6.324s] writing dependency_links to ../build/tfmini/tfmini.egg-info/dependency_links.txt
[6.324s] writing entry points to ../build/tfmini/tfmini.egg-info/entry_points.txt
[6.328s] writing requirements to ../build/tfmini/tfmini.egg-info/requires.txt
[6.330s] writing top-level names to ../build/tfmini/tfmini.egg-info/top_level.txt
[6.369s] reading manifest file '../build/tfmini/tfmini.egg-info/SOURCES.txt'
[6.369s] writing manifest file '../build/tfmini/tfmini.egg-info/SOURCES.txt'
[6.369s] running build
[6.388s] running build_py
[6.389s] running install
[6.390s] running install_lib
[6.390s] running install_data
[6.400s] running install_egg_info
[6.432s] removing '/vas/install/tfmini/lib/python3.10/site-packages/tfmini-0.0.0-py3.10.egg-info' (and everything under it)
[6.434s] Copying ../build/tfmini/tfmini.egg-info to /vas/install/tfmini/lib/python3.10/site-packages/tfmini-0.0.0-py3.10.egg-info
[6.474s] running install_scripts
[6.742s] Installing tfmini_node script to /vas/install/tfmini/lib/tfmini
[6.756s] writing list of installed files to '/vas/build/tfmini/install.log'
[7.079s] Invoked command in '/vas/tfmini' returned '0': PYTHONPATH=/vas/build/tfmini/prefix_override:/usr/lib/python3/dist-packages/colcon_core/task/python/colcon_distutils_commands:/vas/install/tfmini/lib/python3.10/site-packages:${PYTHONPATH} /usr/bin/python3 -W ignore:setup.py install is deprecated setup.py egg_info --egg-base ../build/tfmini build --build-base /vas/build/tfmini/build install --record /vas/build/tfmini/install.log --single-version-externally-managed install_data
