[7.608s] Invoking command in '/vas/tts': PYTHONPATH=/vas/build/tts/prefix_override:/usr/lib/python3/dist-packages/colcon_core/task/python/colcon_distutils_commands:/vas/install/tts/lib/python3.10/site-packages:${PYTHONPATH} /usr/bin/python3 -W ignore:setup.py install is deprecated setup.py egg_info --egg-base ../build/tts build --build-base /vas/build/tts/build install --record /vas/build/tts/install.log --single-version-externally-managed install_data
[9.837s] running egg_info
[9.837s] writing ../build/tts/tts.egg-info/PKG-INFO
[9.837s] writing dependency_links to ../build/tts/tts.egg-info/dependency_links.txt
[9.837s] writing entry points to ../build/tts/tts.egg-info/entry_points.txt
[9.837s] writing requirements to ../build/tts/tts.egg-info/requires.txt
[9.841s] writing top-level names to ../build/tts/tts.egg-info/top_level.txt
[9.862s] reading manifest file '../build/tts/tts.egg-info/SOURCES.txt'
[9.867s] writing manifest file '../build/tts/tts.egg-info/SOURCES.txt'
[9.869s] running build
[9.872s] running build_py
[9.873s] running install
[9.880s] running install_lib
[9.911s] running install_data
[9.924s] running install_egg_info
[9.952s] removing '/vas/install/tts/lib/python3.10/site-packages/tts-0.0.0-py3.10.egg-info' (and everything under it)
[10.003s] Copying ../build/tts/tts.egg-info to /vas/install/tts/lib/python3.10/site-packages/tts-0.0.0-py3.10.egg-info
[10.004s] running install_scripts
[10.342s] Installing tts_node script to /vas/install/tts/lib/tts
[10.392s] writing list of installed files to '/vas/build/tts/install.log'
[10.796s] Invoked command in '/vas/tts' returned '0': PYTHONPATH=/vas/build/tts/prefix_override:/usr/lib/python3/dist-packages/colcon_core/task/python/colcon_distutils_commands:/vas/install/tts/lib/python3.10/site-packages:${PYTHONPATH} /usr/bin/python3 -W ignore:setup.py install is deprecated setup.py egg_info --egg-base ../build/tts build --build-base /vas/build/tts/build install --record /vas/build/tts/install.log --single-version-externally-managed install_data
