[2.815s] Invoking command in '/vas/tts': PYTHONPATH=/vas/build/tts/prefix_override:/usr/lib/python3/dist-packages/colcon_core/task/python/colcon_distutils_commands:/vas/install/tts/lib/python3.10/site-packages:${PYTHONPATH} /usr/bin/python3 -W ignore:setup.py install is deprecated setup.py egg_info --egg-base ../build/tts build --build-base /vas/build/tts/build install --record /vas/build/tts/install.log --single-version-externally-managed install_data
[3.864s] running egg_info
[3.875s] writing ../build/tts/tts.egg-info/PKG-INFO
[3.884s] writing dependency_links to ../build/tts/tts.egg-info/dependency_links.txt
[3.884s] writing entry points to ../build/tts/tts.egg-info/entry_points.txt
[3.884s] writing requirements to ../build/tts/tts.egg-info/requires.txt
[3.884s] writing top-level names to ../build/tts/tts.egg-info/top_level.txt
[3.901s] reading manifest file '../build/tts/tts.egg-info/SOURCES.txt'
[3.904s] writing manifest file '../build/tts/tts.egg-info/SOURCES.txt'
[3.911s] running build
[3.911s] running build_py
[3.911s] copying tts/tts_node.py -> /vas/build/tts/build/lib/tts
[3.911s] running install
[3.911s] running install_lib
[3.935s] copying /vas/build/tts/build/lib/tts/tts_node.py -> /vas/install/tts/lib/python3.10/site-packages/tts
[3.939s] byte-compiling /vas/install/tts/lib/python3.10/site-packages/tts/tts_node.py to tts_node.cpython-310.pyc
[3.939s] running install_data
[3.940s] running install_egg_info
[3.950s] removing '/vas/install/tts/lib/python3.10/site-packages/tts-0.0.0-py3.10.egg-info' (and everything under it)
[3.956s] Copying ../build/tts/tts.egg-info to /vas/install/tts/lib/python3.10/site-packages/tts-0.0.0-py3.10.egg-info
[3.966s] running install_scripts
[4.072s] Installing tts_node script to /vas/install/tts/lib/tts
[4.079s] writing list of installed files to '/vas/build/tts/install.log'
[4.234s] Invoked command in '/vas/tts' returned '0': PYTHONPATH=/vas/build/tts/prefix_override:/usr/lib/python3/dist-packages/colcon_core/task/python/colcon_distutils_commands:/vas/install/tts/lib/python3.10/site-packages:${PYTHONPATH} /usr/bin/python3 -W ignore:setup.py install is deprecated setup.py egg_info --egg-base ../build/tts build --build-base /vas/build/tts/build install --record /vas/build/tts/install.log --single-version-externally-managed install_data
