running egg_info
creating ../build/tts/tts.egg-info
writing ../build/tts/tts.egg-info/PKG-INFO
writing dependency_links to ../build/tts/tts.egg-info/dependency_links.txt
writing entry points to ../build/tts/tts.egg-info/entry_points.txt
writing requirements to ../build/tts/tts.egg-info/requires.txt
writing top-level names to ../build/tts/tts.egg-info/top_level.txt
writing manifest file '../build/tts/tts.egg-info/SOURCES.txt'
reading manifest file '../build/tts/tts.egg-info/SOURCES.txt'
writing manifest file '../build/tts/tts.egg-info/SOURCES.txt'
running build
running build_py
creating /vas/build/tts/build
creating /vas/build/tts/build/lib
creating /vas/build/tts/build/lib/tts
copying tts/__init__.py -> /vas/build/tts/build/lib/tts
copying tts/tts_node.py -> /vas/build/tts/build/lib/tts
running install
running install_lib
creating /vas/install/tts/lib/python3.10/site-packages/tts
copying /vas/build/tts/build/lib/tts/__init__.py -> /vas/install/tts/lib/python3.10/site-packages/tts
copying /vas/build/tts/build/lib/tts/tts_node.py -> /vas/install/tts/lib/python3.10/site-packages/tts
byte-compiling /vas/install/tts/lib/python3.10/site-packages/tts/__init__.py to __init__.cpython-310.pyc
byte-compiling /vas/install/tts/lib/python3.10/site-packages/tts/tts_node.py to tts_node.cpython-310.pyc
running install_data
creating /vas/install/tts/share/ament_index
creating /vas/install/tts/share/ament_index/resource_index
creating /vas/install/tts/share/ament_index/resource_index/packages
copying resource/tts -> /vas/install/tts/share/ament_index/resource_index/packages
copying package.xml -> /vas/install/tts/share/tts
running install_egg_info
Copying ../build/tts/tts.egg-info to /vas/install/tts/lib/python3.10/site-packages/tts-0.0.0-py3.10.egg-info
running install_scripts
Installing tts_node script to /vas/install/tts/lib/tts
writing list of installed files to '/vas/build/tts/install.log'
