[1.868s] Invoking command in '/vas/tts': PYTHONPATH=/vas/build/tts/prefix_override:/usr/lib/python3/dist-packages/colcon_core/task/python/colcon_distutils_commands:/vas/install/tts/lib/python3.10/site-packages:${PYTHONPATH} /usr/bin/python3 -W ignore:setup.py install is deprecated setup.py egg_info --egg-base ../build/tts build --build-base /vas/build/tts/build install --record /vas/build/tts/install.log --single-version-externally-managed install_data
[2.260s] running egg_info
[2.264s] creating ../build/tts/tts.egg-info
[2.265s] writing ../build/tts/tts.egg-info/PKG-INFO
[2.266s] writing dependency_links to ../build/tts/tts.egg-info/dependency_links.txt
[2.267s] writing entry points to ../build/tts/tts.egg-info/entry_points.txt
[2.267s] writing requirements to ../build/tts/tts.egg-info/requires.txt
[2.268s] writing top-level names to ../build/tts/tts.egg-info/top_level.txt
[2.270s] writing manifest file '../build/tts/tts.egg-info/SOURCES.txt'
[2.271s] reading manifest file '../build/tts/tts.egg-info/SOURCES.txt'
[2.280s] writing manifest file '../build/tts/tts.egg-info/SOURCES.txt'
[2.280s] running build
[2.280s] running build_py
[2.281s] creating /vas/build/tts/build
[2.281s] creating /vas/build/tts/build/lib
[2.281s] creating /vas/build/tts/build/lib/tts
[2.281s] copying tts/__init__.py -> /vas/build/tts/build/lib/tts
[2.281s] copying tts/tts_node.py -> /vas/build/tts/build/lib/tts
[2.287s] running install
[2.287s] running install_lib
[2.287s] creating /vas/install/tts/lib/python3.10/site-packages/tts
[2.287s] copying /vas/build/tts/build/lib/tts/__init__.py -> /vas/install/tts/lib/python3.10/site-packages/tts
[2.287s] copying /vas/build/tts/build/lib/tts/tts_node.py -> /vas/install/tts/lib/python3.10/site-packages/tts
[2.287s] byte-compiling /vas/install/tts/lib/python3.10/site-packages/tts/__init__.py to __init__.cpython-310.pyc
[2.288s] byte-compiling /vas/install/tts/lib/python3.10/site-packages/tts/tts_node.py to tts_node.cpython-310.pyc
[2.288s] running install_data
[2.288s] creating /vas/install/tts/share/ament_index
[2.288s] creating /vas/install/tts/share/ament_index/resource_index
[2.288s] creating /vas/install/tts/share/ament_index/resource_index/packages
[2.289s] copying resource/tts -> /vas/install/tts/share/ament_index/resource_index/packages
[2.289s] copying package.xml -> /vas/install/tts/share/tts
[2.289s] running install_egg_info
[2.297s] Copying ../build/tts/tts.egg-info to /vas/install/tts/lib/python3.10/site-packages/tts-0.0.0-py3.10.egg-info
[2.298s] running install_scripts
[2.367s] Installing tts_node script to /vas/install/tts/lib/tts
[2.378s] writing list of installed files to '/vas/build/tts/install.log'
[2.509s] Invoked command in '/vas/tts' returned '0': PYTHONPATH=/vas/build/tts/prefix_override:/usr/lib/python3/dist-packages/colcon_core/task/python/colcon_distutils_commands:/vas/install/tts/lib/python3.10/site-packages:${PYTHONPATH} /usr/bin/python3 -W ignore:setup.py install is deprecated setup.py egg_info --egg-base ../build/tts build --build-base /vas/build/tts/build install --record /vas/build/tts/install.log --single-version-externally-managed install_data
