[0.181s] DEBUG:colcon:Command line arguments: ['/usr/bin/colcon', 'build']
[0.182s] DEBUG:colcon:Parsed command line arguments: Namespace(log_base=None, log_level=None, verb_name='build', build_base='build', install_base='install', merge_install=False, symlink_install=False, test_result_base=None, continue_on_error=False, executor='parallel', parallel_workers=4, event_handlers=None, ignore_user_meta=False, metas=['./colcon.meta'], base_paths=['.'], packages_ignore=None, packages_ignore_regex=None, paths=None, packages_up_to=None, packages_up_to_regex=None, packages_above=None, packages_above_and_dependencies=None, packages_above_depth=None, packages_select_by_dep=None, packages_skip_by_dep=None, packages_skip_up_to=None, packages_select_build_failed=False, packages_skip_build_finished=False, packages_select_test_failures=False, packages_skip_test_passed=False, packages_select=None, packages_skip=None, packages_select_regex=None, packages_skip_regex=None, packages_start=None, packages_end=None, cmake_args=None, cmake_target=None, cmake_target_skip_unavailable=False, cmake_clean_cache=False, cmake_clean_first=False, cmake_force_configure=False, ament_cmake_args=None, catkin_cmake_args=None, catkin_skip_building_tests=False, verb_parser=<colcon_defaults.argument_parser.defaults.DefaultArgumentsDecorator object at 0x7ffece145f90>, verb_extension=<colcon_core.verb.build.BuildVerb object at 0x7ffece1458d0>, main=<bound method BuildVerb.main of <colcon_core.verb.build.BuildVerb object at 0x7ffece1458d0>>)
[0.370s] Level 1:colcon.colcon_core.package_discovery:discover_packages(colcon_meta) check parameters
[0.371s] Level 1:colcon.colcon_core.package_discovery:discover_packages(recursive) check parameters
[0.371s] Level 1:colcon.colcon_core.package_discovery:discover_packages(ignore) check parameters
[0.371s] Level 1:colcon.colcon_core.package_discovery:discover_packages(path) check parameters
[0.371s] Level 1:colcon.colcon_core.package_discovery:discover_packages(colcon_meta) discover
[0.371s] Level 1:colcon.colcon_core.package_discovery:discover_packages(recursive) discover
[0.371s] INFO:colcon.colcon_core.package_discovery:Crawling recursively for packages in '/vas'
[0.371s] Level 1:colcon.colcon_core.package_identification:_identify(.) by extensions ['ignore', 'ignore_ament_install']
[0.371s] Level 1:colcon.colcon_core.package_identification:_identify(.) by extension 'ignore'
[0.371s] Level 1:colcon.colcon_core.package_identification:_identify(.) by extension 'ignore_ament_install'
[0.371s] Level 1:colcon.colcon_core.package_identification:_identify(.) by extensions ['colcon_pkg']
[0.371s] Level 1:colcon.colcon_core.package_identification:_identify(.) by extension 'colcon_pkg'
[0.371s] Level 1:colcon.colcon_core.package_identification:_identify(.) by extensions ['colcon_meta']
[0.371s] Level 1:colcon.colcon_core.package_identification:_identify(.) by extension 'colcon_meta'
[0.371s] Level 1:colcon.colcon_core.package_identification:_identify(.) by extensions ['ros']
[0.371s] Level 1:colcon.colcon_core.package_identification:_identify(.) by extension 'ros'
[0.394s] Level 1:colcon.colcon_core.package_identification:_identify(.) by extensions ['cmake', 'python']
[0.394s] Level 1:colcon.colcon_core.package_identification:_identify(.) by extension 'cmake'
[0.394s] Level 1:colcon.colcon_core.package_identification:_identify(.) by extension 'python'
[0.394s] Level 1:colcon.colcon_core.package_identification:_identify(.) by extensions ['python_setup_py']
[0.394s] Level 1:colcon.colcon_core.package_identification:_identify(.) by extension 'python_setup_py'
[0.394s] Level 1:colcon.colcon_core.package_identification:_identify(build) by extensions ['ignore', 'ignore_ament_install']
[0.394s] Level 1:colcon.colcon_core.package_identification:_identify(build) by extension 'ignore'
[0.394s] Level 1:colcon.colcon_core.package_identification:_identify(build) ignored
[0.394s] Level 1:colcon.colcon_core.package_identification:_identify(image_subscriber) by extensions ['ignore', 'ignore_ament_install']
[0.395s] Level 1:colcon.colcon_core.package_identification:_identify(image_subscriber) by extension 'ignore'
[0.395s] Level 1:colcon.colcon_core.package_identification:_identify(image_subscriber) by extension 'ignore_ament_install'
[0.395s] Level 1:colcon.colcon_core.package_identification:_identify(image_subscriber) by extensions ['colcon_pkg']
[0.395s] Level 1:colcon.colcon_core.package_identification:_identify(image_subscriber) by extension 'colcon_pkg'
[0.395s] Level 1:colcon.colcon_core.package_identification:_identify(image_subscriber) by extensions ['colcon_meta']
[0.395s] Level 1:colcon.colcon_core.package_identification:_identify(image_subscriber) by extension 'colcon_meta'
[0.395s] Level 1:colcon.colcon_core.package_identification:_identify(image_subscriber) by extensions ['ros']
[0.395s] Level 1:colcon.colcon_core.package_identification:_identify(image_subscriber) by extension 'ros'
[0.398s] DEBUG:colcon.colcon_core.package_identification:Package 'image_subscriber' with type 'ros.ament_python' and name 'image_subscriber'
[0.398s] Level 1:colcon.colcon_core.package_identification:_identify(install) by extensions ['ignore', 'ignore_ament_install']
[0.398s] Level 1:colcon.colcon_core.package_identification:_identify(install) by extension 'ignore'
[0.398s] Level 1:colcon.colcon_core.package_identification:_identify(install) ignored
[0.399s] Level 1:colcon.colcon_core.package_identification:_identify(log) by extensions ['ignore', 'ignore_ament_install']
[0.399s] Level 1:colcon.colcon_core.package_identification:_identify(log) by extension 'ignore'
[0.399s] Level 1:colcon.colcon_core.package_identification:_identify(log) ignored
[0.399s] Level 1:colcon.colcon_core.package_identification:_identify(subscribers) by extensions ['ignore', 'ignore_ament_install']
[0.399s] Level 1:colcon.colcon_core.package_identification:_identify(subscribers) by extension 'ignore'
[0.399s] Level 1:colcon.colcon_core.package_identification:_identify(subscribers) by extension 'ignore_ament_install'
[0.399s] Level 1:colcon.colcon_core.package_identification:_identify(subscribers) by extensions ['colcon_pkg']
[0.399s] Level 1:colcon.colcon_core.package_identification:_identify(subscribers) by extension 'colcon_pkg'
[0.399s] Level 1:colcon.colcon_core.package_identification:_identify(subscribers) by extensions ['colcon_meta']
[0.399s] Level 1:colcon.colcon_core.package_identification:_identify(subscribers) by extension 'colcon_meta'
[0.399s] Level 1:colcon.colcon_core.package_identification:_identify(subscribers) by extensions ['ros']
[0.399s] Level 1:colcon.colcon_core.package_identification:_identify(subscribers) by extension 'ros'
[0.400s] DEBUG:colcon.colcon_core.package_identification:Package 'subscribers' with type 'ros.ament_python' and name 'subscribers'
[0.400s] Level 1:colcon.colcon_core.package_identification:_identify(tfmini) by extensions ['ignore', 'ignore_ament_install']
[0.400s] Level 1:colcon.colcon_core.package_identification:_identify(tfmini) by extension 'ignore'
[0.400s] Level 1:colcon.colcon_core.package_identification:_identify(tfmini) by extension 'ignore_ament_install'
[0.400s] Level 1:colcon.colcon_core.package_identification:_identify(tfmini) by extensions ['colcon_pkg']
[0.400s] Level 1:colcon.colcon_core.package_identification:_identify(tfmini) by extension 'colcon_pkg'
[0.400s] Level 1:colcon.colcon_core.package_identification:_identify(tfmini) by extensions ['colcon_meta']
[0.400s] Level 1:colcon.colcon_core.package_identification:_identify(tfmini) by extension 'colcon_meta'
[0.400s] Level 1:colcon.colcon_core.package_identification:_identify(tfmini) by extensions ['ros']
[0.400s] Level 1:colcon.colcon_core.package_identification:_identify(tfmini) by extension 'ros'
[0.401s] DEBUG:colcon.colcon_core.package_identification:Package 'tfmini' with type 'ros.ament_python' and name 'tfmini'
[0.402s] Level 1:colcon.colcon_core.package_identification:_identify(tts) by extensions ['ignore', 'ignore_ament_install']
[0.402s] Level 1:colcon.colcon_core.package_identification:_identify(tts) by extension 'ignore'
[0.402s] Level 1:colcon.colcon_core.package_identification:_identify(tts) by extension 'ignore_ament_install'
[0.402s] Level 1:colcon.colcon_core.package_identification:_identify(tts) by extensions ['colcon_pkg']
[0.402s] Level 1:colcon.colcon_core.package_identification:_identify(tts) by extension 'colcon_pkg'
[0.402s] Level 1:colcon.colcon_core.package_identification:_identify(tts) by extensions ['colcon_meta']
[0.402s] Level 1:colcon.colcon_core.package_identification:_identify(tts) by extension 'colcon_meta'
[0.402s] Level 1:colcon.colcon_core.package_identification:_identify(tts) by extensions ['ros']
[0.402s] Level 1:colcon.colcon_core.package_identification:_identify(tts) by extension 'ros'
[0.402s] DEBUG:colcon.colcon_core.package_identification:Package 'tts' with type 'ros.ament_python' and name 'tts'
[0.402s] Level 1:colcon.colcon_core.package_discovery:discover_packages(recursive) using defaults
[0.403s] Level 1:colcon.colcon_core.package_discovery:discover_packages(ignore) discover
[0.403s] Level 1:colcon.colcon_core.package_discovery:discover_packages(ignore) using defaults
[0.403s] Level 1:colcon.colcon_core.package_discovery:discover_packages(path) discover
[0.403s] Level 1:colcon.colcon_core.package_discovery:discover_packages(path) using defaults
[0.430s] Level 5:colcon.colcon_core.verb:set package 'image_subscriber' build argument 'cmake_args' from command line to 'None'
[0.430s] Level 5:colcon.colcon_core.verb:set package 'image_subscriber' build argument 'cmake_target' from command line to 'None'
[0.430s] Level 5:colcon.colcon_core.verb:set package 'image_subscriber' build argument 'cmake_target_skip_unavailable' from command line to 'False'
[0.430s] Level 5:colcon.colcon_core.verb:set package 'image_subscriber' build argument 'cmake_clean_cache' from command line to 'False'
[0.430s] Level 5:colcon.colcon_core.verb:set package 'image_subscriber' build argument 'cmake_clean_first' from command line to 'False'
[0.430s] Level 5:colcon.colcon_core.verb:set package 'image_subscriber' build argument 'cmake_force_configure' from command line to 'False'
[0.430s] Level 5:colcon.colcon_core.verb:set package 'image_subscriber' build argument 'ament_cmake_args' from command line to 'None'
[0.430s] Level 5:colcon.colcon_core.verb:set package 'image_subscriber' build argument 'catkin_cmake_args' from command line to 'None'
[0.430s] Level 5:colcon.colcon_core.verb:set package 'image_subscriber' build argument 'catkin_skip_building_tests' from command line to 'False'
[0.430s] DEBUG:colcon.colcon_core.verb:Building package 'image_subscriber' with the following arguments: {'ament_cmake_args': None, 'build_base': '/vas/build/image_subscriber', 'catkin_cmake_args': None, 'catkin_skip_building_tests': False, 'cmake_args': None, 'cmake_clean_cache': False, 'cmake_clean_first': False, 'cmake_force_configure': False, 'cmake_target': None, 'cmake_target_skip_unavailable': False, 'install_base': '/vas/install/image_subscriber', 'merge_install': False, 'path': '/vas/image_subscriber', 'symlink_install': False, 'test_result_base': None}
[0.431s] Level 5:colcon.colcon_core.verb:set package 'subscribers' build argument 'cmake_args' from command line to 'None'
[0.431s] Level 5:colcon.colcon_core.verb:set package 'subscribers' build argument 'cmake_target' from command line to 'None'
[0.431s] Level 5:colcon.colcon_core.verb:set package 'subscribers' build argument 'cmake_target_skip_unavailable' from command line to 'False'
[0.431s] Level 5:colcon.colcon_core.verb:set package 'subscribers' build argument 'cmake_clean_cache' from command line to 'False'
[0.431s] Level 5:colcon.colcon_core.verb:set package 'subscribers' build argument 'cmake_clean_first' from command line to 'False'
[0.431s] Level 5:colcon.colcon_core.verb:set package 'subscribers' build argument 'cmake_force_configure' from command line to 'False'
[0.431s] Level 5:colcon.colcon_core.verb:set package 'subscribers' build argument 'ament_cmake_args' from command line to 'None'
[0.431s] Level 5:colcon.colcon_core.verb:set package 'subscribers' build argument 'catkin_cmake_args' from command line to 'None'
[0.431s] Level 5:colcon.colcon_core.verb:set package 'subscribers' build argument 'catkin_skip_building_tests' from command line to 'False'
[0.431s] DEBUG:colcon.colcon_core.verb:Building package 'subscribers' with the following arguments: {'ament_cmake_args': None, 'build_base': '/vas/build/subscribers', 'catkin_cmake_args': None, 'catkin_skip_building_tests': False, 'cmake_args': None, 'cmake_clean_cache': False, 'cmake_clean_first': False, 'cmake_force_configure': False, 'cmake_target': None, 'cmake_target_skip_unavailable': False, 'install_base': '/vas/install/subscribers', 'merge_install': False, 'path': '/vas/subscribers', 'symlink_install': False, 'test_result_base': None}
[0.431s] Level 5:colcon.colcon_core.verb:set package 'tfmini' build argument 'cmake_args' from command line to 'None'
[0.431s] Level 5:colcon.colcon_core.verb:set package 'tfmini' build argument 'cmake_target' from command line to 'None'
[0.431s] Level 5:colcon.colcon_core.verb:set package 'tfmini' build argument 'cmake_target_skip_unavailable' from command line to 'False'
[0.431s] Level 5:colcon.colcon_core.verb:set package 'tfmini' build argument 'cmake_clean_cache' from command line to 'False'
[0.431s] Level 5:colcon.colcon_core.verb:set package 'tfmini' build argument 'cmake_clean_first' from command line to 'False'
[0.431s] Level 5:colcon.colcon_core.verb:set package 'tfmini' build argument 'cmake_force_configure' from command line to 'False'
[0.431s] Level 5:colcon.colcon_core.verb:set package 'tfmini' build argument 'ament_cmake_args' from command line to 'None'
[0.432s] Level 5:colcon.colcon_core.verb:set package 'tfmini' build argument 'catkin_cmake_args' from command line to 'None'
[0.432s] Level 5:colcon.colcon_core.verb:set package 'tfmini' build argument 'catkin_skip_building_tests' from command line to 'False'
[0.432s] DEBUG:colcon.colcon_core.verb:Building package 'tfmini' with the following arguments: {'ament_cmake_args': None, 'build_base': '/vas/build/tfmini', 'catkin_cmake_args': None, 'catkin_skip_building_tests': False, 'cmake_args': None, 'cmake_clean_cache': False, 'cmake_clean_first': False, 'cmake_force_configure': False, 'cmake_target': None, 'cmake_target_skip_unavailable': False, 'install_base': '/vas/install/tfmini', 'merge_install': False, 'path': '/vas/tfmini', 'symlink_install': False, 'test_result_base': None}
[0.432s] Level 5:colcon.colcon_core.verb:set package 'tts' build argument 'cmake_args' from command line to 'None'
[0.432s] Level 5:colcon.colcon_core.verb:set package 'tts' build argument 'cmake_target' from command line to 'None'
[0.432s] Level 5:colcon.colcon_core.verb:set package 'tts' build argument 'cmake_target_skip_unavailable' from command line to 'False'
[0.432s] Level 5:colcon.colcon_core.verb:set package 'tts' build argument 'cmake_clean_cache' from command line to 'False'
[0.432s] Level 5:colcon.colcon_core.verb:set package 'tts' build argument 'cmake_clean_first' from command line to 'False'
[0.432s] Level 5:colcon.colcon_core.verb:set package 'tts' build argument 'cmake_force_configure' from command line to 'False'
[0.432s] Level 5:colcon.colcon_core.verb:set package 'tts' build argument 'ament_cmake_args' from command line to 'None'
[0.432s] Level 5:colcon.colcon_core.verb:set package 'tts' build argument 'catkin_cmake_args' from command line to 'None'
[0.432s] Level 5:colcon.colcon_core.verb:set package 'tts' build argument 'catkin_skip_building_tests' from command line to 'False'
[0.432s] DEBUG:colcon.colcon_core.verb:Building package 'tts' with the following arguments: {'ament_cmake_args': None, 'build_base': '/vas/build/tts', 'catkin_cmake_args': None, 'catkin_skip_building_tests': False, 'cmake_args': None, 'cmake_clean_cache': False, 'cmake_clean_first': False, 'cmake_force_configure': False, 'cmake_target': None, 'cmake_target_skip_unavailable': False, 'install_base': '/vas/install/tts', 'merge_install': False, 'path': '/vas/tts', 'symlink_install': False, 'test_result_base': None}
[0.432s] INFO:colcon.colcon_core.executor:Executing jobs using 'parallel' executor
[0.434s] DEBUG:colcon.colcon_parallel_executor.executor.parallel:run_until_complete
[0.434s] INFO:colcon.colcon_ros.task.ament_python.build:Building ROS package in '/vas/image_subscriber' with build type 'ament_python'
[0.434s] Level 1:colcon.colcon_core.shell:create_environment_hook('image_subscriber', 'ament_prefix_path')
[0.437s] INFO:colcon.colcon_core.plugin_system:Skipping extension 'colcon_core.shell.bat': Not used on non-Windows systems
[0.437s] INFO:colcon.colcon_core.shell:Creating environment hook '/vas/install/image_subscriber/share/image_subscriber/hook/ament_prefix_path.ps1'
[0.483s] INFO:colcon.colcon_core.shell:Creating environment descriptor '/vas/install/image_subscriber/share/image_subscriber/hook/ament_prefix_path.dsv'
[0.484s] INFO:colcon.colcon_core.shell:Creating environment hook '/vas/install/image_subscriber/share/image_subscriber/hook/ament_prefix_path.sh'
[0.485s] INFO:colcon.colcon_core.shell:Skip shell extension 'powershell' for command environment: Not usable outside of PowerShell
[0.485s] DEBUG:colcon.colcon_core.shell:Skip shell extension 'dsv' for command environment
[0.493s] INFO:colcon.colcon_ros.task.ament_python.build:Building ROS package in '/vas/subscribers' with build type 'ament_python'
[0.493s] Level 1:colcon.colcon_core.shell:create_environment_hook('subscribers', 'ament_prefix_path')
[0.494s] INFO:colcon.colcon_core.shell:Creating environment hook '/vas/install/subscribers/share/subscribers/hook/ament_prefix_path.ps1'
[0.495s] INFO:colcon.colcon_core.shell:Creating environment descriptor '/vas/install/subscribers/share/subscribers/hook/ament_prefix_path.dsv'
[0.495s] INFO:colcon.colcon_core.shell:Creating environment hook '/vas/install/subscribers/share/subscribers/hook/ament_prefix_path.sh'
[0.496s] INFO:colcon.colcon_core.shell:Skip shell extension 'powershell' for command environment: Not usable outside of PowerShell
[0.497s] DEBUG:colcon.colcon_core.shell:Skip shell extension 'dsv' for command environment
[0.503s] INFO:colcon.colcon_ros.task.ament_python.build:Building ROS package in '/vas/tfmini' with build type 'ament_python'
[0.504s] Level 1:colcon.colcon_core.shell:create_environment_hook('tfmini', 'ament_prefix_path')
[0.504s] INFO:colcon.colcon_core.shell:Creating environment hook '/vas/install/tfmini/share/tfmini/hook/ament_prefix_path.ps1'
[0.505s] INFO:colcon.colcon_core.shell:Creating environment descriptor '/vas/install/tfmini/share/tfmini/hook/ament_prefix_path.dsv'
[0.506s] INFO:colcon.colcon_core.shell:Creating environment hook '/vas/install/tfmini/share/tfmini/hook/ament_prefix_path.sh'
[0.507s] INFO:colcon.colcon_core.shell:Skip shell extension 'powershell' for command environment: Not usable outside of PowerShell
[0.508s] DEBUG:colcon.colcon_core.shell:Skip shell extension 'dsv' for command environment
[0.512s] INFO:colcon.colcon_ros.task.ament_python.build:Building ROS package in '/vas/tts' with build type 'ament_python'
[0.512s] Level 1:colcon.colcon_core.shell:create_environment_hook('tts', 'ament_prefix_path')
[0.513s] INFO:colcon.colcon_core.shell:Creating environment hook '/vas/install/tts/share/tts/hook/ament_prefix_path.ps1'
[0.515s] INFO:colcon.colcon_core.shell:Creating environment descriptor '/vas/install/tts/share/tts/hook/ament_prefix_path.dsv'
[0.516s] INFO:colcon.colcon_core.shell:Creating environment hook '/vas/install/tts/share/tts/hook/ament_prefix_path.sh'
[0.517s] INFO:colcon.colcon_core.shell:Skip shell extension 'powershell' for command environment: Not usable outside of PowerShell
[0.517s] DEBUG:colcon.colcon_core.shell:Skip shell extension 'dsv' for command environment
[1.161s] INFO:colcon.colcon_core.task.python.build:Building Python package in '/vas/image_subscriber'
[1.165s] INFO:colcon.colcon_core.shell:Skip shell extension 'powershell' for command environment: Not usable outside of PowerShell
[1.167s] DEBUG:colcon.colcon_core.shell:Skip shell extension 'dsv' for command environment
[1.939s] INFO:colcon.colcon_core.task.python.build:Building Python package in '/vas/subscribers'
[1.940s] INFO:colcon.colcon_core.shell:Skip shell extension 'powershell' for command environment: Not usable outside of PowerShell
[1.941s] DEBUG:colcon.colcon_core.shell:Skip shell extension 'dsv' for command environment
[2.520s] INFO:colcon.colcon_core.task.python.build:Building Python package in '/vas/tfmini'
[2.521s] INFO:colcon.colcon_core.shell:Skip shell extension 'powershell' for command environment: Not usable outside of PowerShell
[2.521s] DEBUG:colcon.colcon_core.shell:Skip shell extension 'dsv' for command environment
[2.910s] INFO:colcon.colcon_core.task.python.build:Building Python package in '/vas/tts'
[2.911s] INFO:colcon.colcon_core.shell:Skip shell extension 'powershell' for command environment: Not usable outside of PowerShell
[2.911s] DEBUG:colcon.colcon_core.shell:Skip shell extension 'dsv' for command environment
[3.609s] DEBUG:colcon.colcon_core.event_handler.log_command:Invoking command in '/vas/image_subscriber': PYTHONPATH=/vas/build/image_subscriber/prefix_override:/usr/lib/python3/dist-packages/colcon_core/task/python/colcon_distutils_commands:/vas/install/image_subscriber/lib/python3.10/site-packages:${PYTHONPATH} /usr/bin/python3 -W ignore:setup.py install is deprecated setup.py egg_info --egg-base ../build/image_subscriber build --build-base /vas/build/image_subscriber/build install --record /vas/build/image_subscriber/install.log --single-version-externally-managed install_data
[3.993s] DEBUG:colcon.colcon_core.event_handler.log_command:Invoking command in '/vas/tfmini': PYTHONPATH=/vas/build/tfmini/prefix_override:/usr/lib/python3/dist-packages/colcon_core/task/python/colcon_distutils_commands:/vas/install/tfmini/lib/python3.10/site-packages:${PYTHONPATH} /usr/bin/python3 -W ignore:setup.py install is deprecated setup.py egg_info --egg-base ../build/tfmini build --build-base /vas/build/tfmini/build install --record /vas/build/tfmini/install.log --single-version-externally-managed install_data
[4.033s] DEBUG:colcon.colcon_core.event_handler.log_command:Invoking command in '/vas/tts': PYTHONPATH=/vas/build/tts/prefix_override:/usr/lib/python3/dist-packages/colcon_core/task/python/colcon_distutils_commands:/vas/install/tts/lib/python3.10/site-packages:${PYTHONPATH} /usr/bin/python3 -W ignore:setup.py install is deprecated setup.py egg_info --egg-base ../build/tts build --build-base /vas/build/tts/build install --record /vas/build/tts/install.log --single-version-externally-managed install_data
[4.104s] DEBUG:colcon.colcon_core.event_handler.log_command:Invoking command in '/vas/subscribers': PYTHONPATH=/vas/build/subscribers/prefix_override:/usr/lib/python3/dist-packages/colcon_core/task/python/colcon_distutils_commands:/vas/install/subscribers/lib/python3.10/site-packages:${PYTHONPATH} /usr/bin/python3 -W ignore:setup.py install is deprecated setup.py egg_info --egg-base ../build/subscribers build --build-base /vas/build/subscribers/build install --record /vas/build/subscribers/install.log --single-version-externally-managed install_data
[4.572s] DEBUG:colcon.colcon_core.event_handler.log_command:Invoked command in '/vas/image_subscriber' returned '0': PYTHONPATH=/vas/build/image_subscriber/prefix_override:/usr/lib/python3/dist-packages/colcon_core/task/python/colcon_distutils_commands:/vas/install/image_subscriber/lib/python3.10/site-packages:${PYTHONPATH} /usr/bin/python3 -W ignore:setup.py install is deprecated setup.py egg_info --egg-base ../build/image_subscriber build --build-base /vas/build/image_subscriber/build install --record /vas/build/image_subscriber/install.log --single-version-externally-managed install_data
[4.592s] Level 1:colcon.colcon_core.environment:checking '/vas/install/image_subscriber' for CMake module files
[4.601s] Level 1:colcon.colcon_core.environment:checking '/vas/install/image_subscriber' for CMake config files
[4.613s] Level 1:colcon.colcon_core.environment:checking '/vas/install/image_subscriber/lib'
[4.613s] Level 1:colcon.colcon_core.environment:checking '/vas/install/image_subscriber/bin'
[4.613s] Level 1:colcon.colcon_core.environment:checking '/vas/install/image_subscriber/lib/pkgconfig/image_subscriber.pc'
[4.614s] Level 1:colcon.colcon_core.environment:checking '/vas/install/image_subscriber/lib/python3.10/site-packages'
[4.614s] Level 1:colcon.colcon_core.shell:create_environment_hook('image_subscriber', 'pythonpath')
[4.614s] INFO:colcon.colcon_core.shell:Creating environment hook '/vas/install/image_subscriber/share/image_subscriber/hook/pythonpath.ps1'
[4.621s] INFO:colcon.colcon_core.shell:Creating environment descriptor '/vas/install/image_subscriber/share/image_subscriber/hook/pythonpath.dsv'
[4.621s] INFO:colcon.colcon_core.shell:Creating environment hook '/vas/install/image_subscriber/share/image_subscriber/hook/pythonpath.sh'
[4.622s] Level 1:colcon.colcon_core.environment:checking '/vas/install/image_subscriber/bin'
[4.622s] Level 1:colcon.colcon_core.environment:create_environment_scripts_only(image_subscriber)
[4.623s] INFO:colcon.colcon_core.shell:Creating package script '/vas/install/image_subscriber/share/image_subscriber/package.ps1'
[4.624s] INFO:colcon.colcon_core.shell:Creating package descriptor '/vas/install/image_subscriber/share/image_subscriber/package.dsv'
[4.634s] INFO:colcon.colcon_core.shell:Creating package script '/vas/install/image_subscriber/share/image_subscriber/package.sh'
[4.639s] INFO:colcon.colcon_core.shell:Creating package script '/vas/install/image_subscriber/share/image_subscriber/package.bash'
[4.640s] INFO:colcon.colcon_core.shell:Creating package script '/vas/install/image_subscriber/share/image_subscriber/package.zsh'
[4.646s] Level 1:colcon.colcon_core.environment:create_file_with_runtime_dependencies(/vas/install/image_subscriber/share/colcon-core/packages/image_subscriber)
[5.020s] Level 1:colcon.colcon_core.environment:checking '/vas/install/tts' for CMake module files
[5.021s] DEBUG:colcon.colcon_core.event_handler.log_command:Invoked command in '/vas/tts' returned '0': PYTHONPATH=/vas/build/tts/prefix_override:/usr/lib/python3/dist-packages/colcon_core/task/python/colcon_distutils_commands:/vas/install/tts/lib/python3.10/site-packages:${PYTHONPATH} /usr/bin/python3 -W ignore:setup.py install is deprecated setup.py egg_info --egg-base ../build/tts build --build-base /vas/build/tts/build install --record /vas/build/tts/install.log --single-version-externally-managed install_data
[5.022s] Level 1:colcon.colcon_core.environment:checking '/vas/install/tts' for CMake config files
[5.023s] Level 1:colcon.colcon_core.environment:checking '/vas/install/tts/lib'
[5.023s] Level 1:colcon.colcon_core.environment:checking '/vas/install/tts/bin'
[5.023s] Level 1:colcon.colcon_core.environment:checking '/vas/install/tts/lib/pkgconfig/tts.pc'
[5.026s] Level 1:colcon.colcon_core.environment:checking '/vas/install/tts/lib/python3.10/site-packages'
[5.026s] Level 1:colcon.colcon_core.shell:create_environment_hook('tts', 'pythonpath')
[5.027s] INFO:colcon.colcon_core.shell:Creating environment hook '/vas/install/tts/share/tts/hook/pythonpath.ps1'
[5.027s] INFO:colcon.colcon_core.shell:Creating environment descriptor '/vas/install/tts/share/tts/hook/pythonpath.dsv'
[5.030s] INFO:colcon.colcon_core.shell:Creating environment hook '/vas/install/tts/share/tts/hook/pythonpath.sh'
[5.031s] Level 1:colcon.colcon_core.environment:checking '/vas/install/tts/bin'
[5.032s] Level 1:colcon.colcon_core.environment:create_environment_scripts_only(tts)
[5.032s] INFO:colcon.colcon_core.shell:Creating package script '/vas/install/tts/share/tts/package.ps1'
[5.034s] INFO:colcon.colcon_core.shell:Creating package descriptor '/vas/install/tts/share/tts/package.dsv'
[5.040s] INFO:colcon.colcon_core.shell:Creating package script '/vas/install/tts/share/tts/package.sh'
[5.077s] INFO:colcon.colcon_core.shell:Creating package script '/vas/install/tts/share/tts/package.bash'
[5.078s] INFO:colcon.colcon_core.shell:Creating package script '/vas/install/tts/share/tts/package.zsh'
[5.079s] Level 1:colcon.colcon_core.environment:create_file_with_runtime_dependencies(/vas/install/tts/share/colcon-core/packages/tts)
[5.118s] Level 1:colcon.colcon_core.environment:checking '/vas/install/tfmini' for CMake module files
[5.124s] DEBUG:colcon.colcon_core.event_handler.log_command:Invoked command in '/vas/tfmini' returned '0': PYTHONPATH=/vas/build/tfmini/prefix_override:/usr/lib/python3/dist-packages/colcon_core/task/python/colcon_distutils_commands:/vas/install/tfmini/lib/python3.10/site-packages:${PYTHONPATH} /usr/bin/python3 -W ignore:setup.py install is deprecated setup.py egg_info --egg-base ../build/tfmini build --build-base /vas/build/tfmini/build install --record /vas/build/tfmini/install.log --single-version-externally-managed install_data
[5.128s] Level 1:colcon.colcon_core.environment:checking '/vas/install/tfmini' for CMake config files
[5.131s] Level 1:colcon.colcon_core.environment:checking '/vas/install/tfmini/lib'
[5.131s] Level 1:colcon.colcon_core.environment:checking '/vas/install/tfmini/bin'
[5.131s] Level 1:colcon.colcon_core.environment:checking '/vas/install/tfmini/lib/pkgconfig/tfmini.pc'
[5.132s] Level 1:colcon.colcon_core.environment:checking '/vas/install/tfmini/lib/python3.10/site-packages'
[5.132s] Level 1:colcon.colcon_core.shell:create_environment_hook('tfmini', 'pythonpath')
[5.132s] INFO:colcon.colcon_core.shell:Creating environment hook '/vas/install/tfmini/share/tfmini/hook/pythonpath.ps1'
[5.137s] INFO:colcon.colcon_core.shell:Creating environment descriptor '/vas/install/tfmini/share/tfmini/hook/pythonpath.dsv'
[5.140s] INFO:colcon.colcon_core.shell:Creating environment hook '/vas/install/tfmini/share/tfmini/hook/pythonpath.sh'
[5.160s] Level 1:colcon.colcon_core.environment:checking '/vas/install/tfmini/bin'
[5.160s] Level 1:colcon.colcon_core.environment:create_environment_scripts_only(tfmini)
[5.165s] INFO:colcon.colcon_core.shell:Creating package script '/vas/install/tfmini/share/tfmini/package.ps1'
[5.166s] INFO:colcon.colcon_core.shell:Creating package descriptor '/vas/install/tfmini/share/tfmini/package.dsv'
[5.172s] INFO:colcon.colcon_core.shell:Creating package script '/vas/install/tfmini/share/tfmini/package.sh'
[5.175s] INFO:colcon.colcon_core.shell:Creating package script '/vas/install/tfmini/share/tfmini/package.bash'
[5.181s] INFO:colcon.colcon_core.shell:Creating package script '/vas/install/tfmini/share/tfmini/package.zsh'
[5.182s] Level 1:colcon.colcon_core.environment:create_file_with_runtime_dependencies(/vas/install/tfmini/share/colcon-core/packages/tfmini)
[5.345s] Level 1:colcon.colcon_core.environment:checking '/vas/install/subscribers' for CMake module files
[5.346s] Level 1:colcon.colcon_core.environment:checking '/vas/install/subscribers' for CMake config files
[5.347s] Level 1:colcon.colcon_core.environment:checking '/vas/install/subscribers/lib'
[5.347s] Level 1:colcon.colcon_core.environment:checking '/vas/install/subscribers/bin'
[5.347s] Level 1:colcon.colcon_core.environment:checking '/vas/install/subscribers/lib/pkgconfig/subscribers.pc'
[5.347s] Level 1:colcon.colcon_core.environment:checking '/vas/install/subscribers/lib/python3.10/site-packages'
[5.347s] Level 1:colcon.colcon_core.shell:create_environment_hook('subscribers', 'pythonpath')
[5.348s] INFO:colcon.colcon_core.shell:Creating environment hook '/vas/install/subscribers/share/subscribers/hook/pythonpath.ps1'
[5.349s] DEBUG:colcon.colcon_core.event_handler.log_command:Invoked command in '/vas/subscribers' returned '0': PYTHONPATH=/vas/build/subscribers/prefix_override:/usr/lib/python3/dist-packages/colcon_core/task/python/colcon_distutils_commands:/vas/install/subscribers/lib/python3.10/site-packages:${PYTHONPATH} /usr/bin/python3 -W ignore:setup.py install is deprecated setup.py egg_info --egg-base ../build/subscribers build --build-base /vas/build/subscribers/build install --record /vas/build/subscribers/install.log --single-version-externally-managed install_data
[5.352s] INFO:colcon.colcon_core.shell:Creating environment descriptor '/vas/install/subscribers/share/subscribers/hook/pythonpath.dsv'
[5.361s] INFO:colcon.colcon_core.shell:Creating environment hook '/vas/install/subscribers/share/subscribers/hook/pythonpath.sh'
[5.363s] Level 1:colcon.colcon_core.environment:checking '/vas/install/subscribers/bin'
[5.363s] Level 1:colcon.colcon_core.environment:create_environment_scripts_only(subscribers)
[5.363s] INFO:colcon.colcon_core.shell:Creating package script '/vas/install/subscribers/share/subscribers/package.ps1'
[5.365s] INFO:colcon.colcon_core.shell:Creating package descriptor '/vas/install/subscribers/share/subscribers/package.dsv'
[5.366s] INFO:colcon.colcon_core.shell:Creating package script '/vas/install/subscribers/share/subscribers/package.sh'
[5.367s] INFO:colcon.colcon_core.shell:Creating package script '/vas/install/subscribers/share/subscribers/package.bash'
[5.369s] INFO:colcon.colcon_core.shell:Creating package script '/vas/install/subscribers/share/subscribers/package.zsh'
[5.370s] Level 1:colcon.colcon_core.environment:create_file_with_runtime_dependencies(/vas/install/subscribers/share/colcon-core/packages/subscribers)
[5.370s] DEBUG:colcon.colcon_parallel_executor.executor.parallel:closing loop
[5.371s] DEBUG:colcon.colcon_parallel_executor.executor.parallel:loop closed
[5.371s] DEBUG:colcon.colcon_parallel_executor.executor.parallel:run_until_complete finished with '0'
[5.371s] DEBUG:colcon.colcon_core.event_reactor:joining thread
[5.410s] INFO:colcon.colcon_core.plugin_system:Skipping extension 'colcon_notification.desktop_notification.notify_send': Could not find 'notify-send'
[5.410s] INFO:colcon.colcon_core.plugin_system:Skipping extension 'colcon_notification.desktop_notification.terminal_notifier': Not used on non-Darwin systems
[5.410s] INFO:colcon.colcon_core.plugin_system:Skipping extension 'colcon_notification.desktop_notification.win32': Not used on non-Windows systems
[5.410s] INFO:colcon.colcon_notification.desktop_notification:Sending desktop notification using 'notify2'
[5.422s] DEBUG:colcon.colcon_notification.desktop_notification.notify2:Failed to initialize notify2: org.freedesktop.DBus.Error.Spawn.ExecFailed: /usr/bin/dbus-launch terminated abnormally without any error message
[5.422s] DEBUG:colcon.colcon_core.event_reactor:joined thread
[5.423s] INFO:colcon.colcon_core.shell:Creating prefix script '/vas/install/local_setup.ps1'
[5.424s] INFO:colcon.colcon_core.shell:Creating prefix util module '/vas/install/_local_setup_util_ps1.py'
[5.427s] INFO:colcon.colcon_core.shell:Creating prefix chain script '/vas/install/setup.ps1'
[5.431s] INFO:colcon.colcon_core.shell:Creating prefix script '/vas/install/local_setup.sh'
[5.433s] INFO:colcon.colcon_core.shell:Creating prefix util module '/vas/install/_local_setup_util_sh.py'
[5.438s] INFO:colcon.colcon_core.shell:Creating prefix chain script '/vas/install/setup.sh'
[5.452s] INFO:colcon.colcon_core.shell:Creating prefix script '/vas/install/local_setup.bash'
[5.457s] INFO:colcon.colcon_core.shell:Creating prefix chain script '/vas/install/setup.bash'
[5.464s] INFO:colcon.colcon_core.shell:Creating prefix script '/vas/install/local_setup.zsh'
[5.469s] INFO:colcon.colcon_core.shell:Creating prefix chain script '/vas/install/setup.zsh'
