[1.537s] Invoking command in '/vas/tfmini': PYTHONPATH=/vas/build/tfmini/prefix_override:/usr/lib/python3/dist-packages/colcon_core/task/python/colcon_distutils_commands:/vas/install/tfmini/lib/python3.10/site-packages:${PYTHONPATH} /usr/bin/python3 -W ignore:setup.py install is deprecated setup.py egg_info --egg-base ../build/tfmini build --build-base /vas/build/tfmini/build install --record /vas/build/tfmini/install.log --single-version-externally-managed install_data
[1.857s] running egg_info
[1.857s] writing ../build/tfmini/tfmini.egg-info/PKG-INFO
[1.857s] writing dependency_links to ../build/tfmini/tfmini.egg-info/dependency_links.txt
[1.858s] writing entry points to ../build/tfmini/tfmini.egg-info/entry_points.txt
[1.859s] writing requirements to ../build/tfmini/tfmini.egg-info/requires.txt
[1.860s] writing top-level names to ../build/tfmini/tfmini.egg-info/top_level.txt
[1.867s] reading manifest file '../build/tfmini/tfmini.egg-info/SOURCES.txt'
[1.868s] writing manifest file '../build/tfmini/tfmini.egg-info/SOURCES.txt'
[1.868s] running build
[1.869s] running build_py
[1.870s] running install
[1.871s] running install_lib
[1.878s] running install_data
[1.879s] running install_egg_info
[1.880s] removing '/vas/install/tfmini/lib/python3.10/site-packages/tfmini-0.0.0-py3.10.egg-info' (and everything under it)
[1.881s] Copying ../build/tfmini/tfmini.egg-info to /vas/install/tfmini/lib/python3.10/site-packages/tfmini-0.0.0-py3.10.egg-info
[1.882s] running install_scripts
[1.947s] Installing tfmini_node script to /vas/install/tfmini/lib/tfmini
[1.947s] writing list of installed files to '/vas/build/tfmini/install.log'
[2.028s] Invoked command in '/vas/tfmini' returned '0': PYTHONPATH=/vas/build/tfmini/prefix_override:/usr/lib/python3/dist-packages/colcon_core/task/python/colcon_distutils_commands:/vas/install/tfmini/lib/python3.10/site-packages:${PYTHONPATH} /usr/bin/python3 -W ignore:setup.py install is deprecated setup.py egg_info --egg-base ../build/tfmini build --build-base /vas/build/tfmini/build install --record /vas/build/tfmini/install.log --single-version-externally-managed install_data
