[5.378s] Invoking command in '/vas/tfmini': PYTHONPATH=/vas/build/tfmini/prefix_override:/usr/lib/python3/dist-packages/colcon_core/task/python/colcon_distutils_commands:/vas/install/tfmini/lib/python3.10/site-packages:${PYTHONPATH} /usr/bin/python3 -W ignore:setup.py install is deprecated setup.py egg_info --egg-base ../build/tfmini build --build-base /vas/build/tfmini/build install --record /vas/build/tfmini/install.log --single-version-externally-managed install_data
[7.617s] running egg_info
[7.617s] writing ../build/tfmini/tfmini.egg-info/PKG-INFO
[7.617s] writing dependency_links to ../build/tfmini/tfmini.egg-info/dependency_links.txt
[7.617s] writing entry points to ../build/tfmini/tfmini.egg-info/entry_points.txt
[7.617s] writing requirements to ../build/tfmini/tfmini.egg-info/requires.txt
[7.617s] writing top-level names to ../build/tfmini/tfmini.egg-info/top_level.txt
[7.675s] reading manifest file '../build/tfmini/tfmini.egg-info/SOURCES.txt'
[7.675s] writing manifest file '../build/tfmini/tfmini.egg-info/SOURCES.txt'
[7.689s] running build
[7.695s] running build_py
[7.703s] running install
[7.716s] running install_lib
[7.741s] running install_data
[7.741s] running install_egg_info
[7.772s] removing '/vas/install/tfmini/lib/python3.10/site-packages/tfmini-0.0.0-py3.10.egg-info' (and everything under it)
[7.781s] Copying ../build/tfmini/tfmini.egg-info to /vas/install/tfmini/lib/python3.10/site-packages/tfmini-0.0.0-py3.10.egg-info
[7.812s] running install_scripts
[7.983s] Installing tfmini_node script to /vas/install/tfmini/lib/tfmini
[7.983s] writing list of installed files to '/vas/build/tfmini/install.log'
[8.176s] Invoked command in '/vas/tfmini' returned '0': PYTHONPATH=/vas/build/tfmini/prefix_override:/usr/lib/python3/dist-packages/colcon_core/task/python/colcon_distutils_commands:/vas/install/tfmini/lib/python3.10/site-packages:${PYTHONPATH} /usr/bin/python3 -W ignore:setup.py install is deprecated setup.py egg_info --egg-base ../build/tfmini build --build-base /vas/build/tfmini/build install --record /vas/build/tfmini/install.log --single-version-externally-managed install_data
