[2.335s] Invoking command in '/vas/tts': PYTHONPATH=/vas/build/tts/prefix_override:/usr/lib/python3/dist-packages/colcon_core/task/python/colcon_distutils_commands:/vas/install/tts/lib/python3.10/site-packages:${PYTHONPATH} /usr/bin/python3 -W ignore:setup.py install is deprecated setup.py egg_info --egg-base ../build/tts build --build-base /vas/build/tts/build install --record /vas/build/tts/install.log --single-version-externally-managed install_data
[2.907s] running egg_info
[2.907s] writing ../build/tts/tts.egg-info/PKG-INFO
[2.911s] writing dependency_links to ../build/tts/tts.egg-info/dependency_links.txt
[2.914s] writing entry points to ../build/tts/tts.egg-info/entry_points.txt
[2.914s] writing requirements to ../build/tts/tts.egg-info/requires.txt
[2.915s] writing top-level names to ../build/tts/tts.egg-info/top_level.txt
[2.918s] reading manifest file '../build/tts/tts.egg-info/SOURCES.txt'
[2.921s] writing manifest file '../build/tts/tts.egg-info/SOURCES.txt'
[2.921s] running build
[2.921s] running build_py
[2.926s] running install
[2.926s] running install_lib
[2.928s] running install_data
[2.933s] running install_egg_info
[2.933s] removing '/vas/install/tts/lib/python3.10/site-packages/tts-0.0.0-py3.10.egg-info' (and everything under it)
[2.945s] Copying ../build/tts/tts.egg-info to /vas/install/tts/lib/python3.10/site-packages/tts-0.0.0-py3.10.egg-info
[2.956s] running install_scripts
[2.999s] Installing tts_node script to /vas/install/tts/lib/tts
[3.002s] writing list of installed files to '/vas/build/tts/install.log'
[3.121s] Invoked command in '/vas/tts' returned '0': PYTHONPATH=/vas/build/tts/prefix_override:/usr/lib/python3/dist-packages/colcon_core/task/python/colcon_distutils_commands:/vas/install/tts/lib/python3.10/site-packages:${PYTHONPATH} /usr/bin/python3 -W ignore:setup.py install is deprecated setup.py egg_info --egg-base ../build/tts build --build-base /vas/build/tts/build install --record /vas/build/tts/install.log --single-version-externally-managed install_data
