[5.363s] Invoking command in '/vas/tts': PYTHONPATH=/vas/build/tts/prefix_override:/usr/lib/python3/dist-packages/colcon_core/task/python/colcon_distutils_commands:/vas/install/tts/lib/python3.10/site-packages:${PYTHONPATH} /usr/bin/python3 -W ignore:setup.py install is deprecated setup.py egg_info --egg-base ../build/tts build --build-base /vas/build/tts/build install --record /vas/build/tts/install.log --single-version-externally-managed install_data
[6.132s] running egg_info
[6.133s] writing ../build/tts/tts.egg-info/PKG-INFO
[6.133s] writing dependency_links to ../build/tts/tts.egg-info/dependency_links.txt
[6.133s] writing entry points to ../build/tts/tts.egg-info/entry_points.txt
[6.133s] writing requirements to ../build/tts/tts.egg-info/requires.txt
[6.133s] writing top-level names to ../build/tts/tts.egg-info/top_level.txt
[6.139s] reading manifest file '../build/tts/tts.egg-info/SOURCES.txt'
[6.141s] writing manifest file '../build/tts/tts.egg-info/SOURCES.txt'
[6.142s] running build
[6.142s] running build_py
[6.143s] running install
[6.143s] running install_lib
[6.160s] running install_data
[6.161s] running install_egg_info
[6.164s] removing '/vas/install/tts/lib/python3.10/site-packages/tts-0.0.0-py3.10.egg-info' (and everything under it)
[6.179s] Copying ../build/tts/tts.egg-info to /vas/install/tts/lib/python3.10/site-packages/tts-0.0.0-py3.10.egg-info
[6.204s] running install_scripts
[6.484s] Installing tts_node script to /vas/install/tts/lib/tts
[6.491s] writing list of installed files to '/vas/build/tts/install.log'
[7.026s] Invoked command in '/vas/tts' returned '0': PYTHONPATH=/vas/build/tts/prefix_override:/usr/lib/python3/dist-packages/colcon_core/task/python/colcon_distutils_commands:/vas/install/tts/lib/python3.10/site-packages:${PYTHONPATH} /usr/bin/python3 -W ignore:setup.py install is deprecated setup.py egg_info --egg-base ../build/tts build --build-base /vas/build/tts/build install --record /vas/build/tts/install.log --single-version-externally-managed install_data
