[1.569s] Invoking command in '/VAS/tfmini': PYTHONPATH=/VAS/build/tfmini/prefix_override:/usr/lib/python3/dist-packages/colcon_core/task/python/colcon_distutils_commands:/VAS/install/tfmini/lib/python3.10/site-packages:${PYTHONPATH} /usr/bin/python3 -W ignore:setup.py install is deprecated setup.py egg_info --egg-base ../build/tfmini build --build-base /VAS/build/tfmini/build install --record /VAS/build/tfmini/install.log --single-version-externally-managed install_data
[1.926s] running egg_info
[1.927s] writing ../build/tfmini/tfmini.egg-info/PKG-INFO
[1.928s] writing dependency_links to ../build/tfmini/tfmini.egg-info/dependency_links.txt
[1.934s] writing entry points to ../build/tfmini/tfmini.egg-info/entry_points.txt
[1.935s] writing requirements to ../build/tfmini/tfmini.egg-info/requires.txt
[1.935s] writing top-level names to ../build/tfmini/tfmini.egg-info/top_level.txt
[1.939s] reading manifest file '../build/tfmini/tfmini.egg-info/SOURCES.txt'
[1.943s] writing manifest file '../build/tfmini/tfmini.egg-info/SOURCES.txt'
[1.944s] running build
[1.944s] running build_py
[1.944s] running install
[1.944s] running install_lib
[1.946s] running install_data
[1.946s] running install_egg_info
[1.955s] removing '/VAS/install/tfmini/lib/python3.10/site-packages/tfmini-0.0.0-py3.10.egg-info' (and everything under it)
[1.955s] Copying ../build/tfmini/tfmini.egg-info to /VAS/install/tfmini/lib/python3.10/site-packages/tfmini-0.0.0-py3.10.egg-info
[1.970s] running install_scripts
[2.010s] Installing tfmini_node script to /VAS/install/tfmini/lib/tfmini
[2.012s] writing list of installed files to '/VAS/build/tfmini/install.log'
[2.126s] Invoked command in '/VAS/tfmini' returned '0': PYTHONPATH=/VAS/build/tfmini/prefix_override:/usr/lib/python3/dist-packages/colcon_core/task/python/colcon_distutils_commands:/VAS/install/tfmini/lib/python3.10/site-packages:${PYTHONPATH} /usr/bin/python3 -W ignore:setup.py install is deprecated setup.py egg_info --egg-base ../build/tfmini build --build-base /VAS/build/tfmini/build install --record /VAS/build/tfmini/install.log --single-version-externally-managed install_data
