[1.396s] Invoking command in '/vas/tfmini': PYTHONPATH=/vas/build/tfmini/prefix_override:/usr/lib/python3/dist-packages/colcon_core/task/python/colcon_distutils_commands:/vas/install/tfmini/lib/python3.10/site-packages:${PYTHONPATH} /usr/bin/python3 -W ignore:setup.py install is deprecated setup.py egg_info --egg-base ../build/tfmini build --build-base /vas/build/tfmini/build install --record /vas/build/tfmini/install.log --single-version-externally-managed install_data
[1.689s] running egg_info
[1.691s] writing ../build/tfmini/tfmini.egg-info/PKG-INFO
[1.691s] writing dependency_links to ../build/tfmini/tfmini.egg-info/dependency_links.txt
[1.692s] writing entry points to ../build/tfmini/tfmini.egg-info/entry_points.txt
[1.692s] writing requirements to ../build/tfmini/tfmini.egg-info/requires.txt
[1.693s] writing top-level names to ../build/tfmini/tfmini.egg-info/top_level.txt
[1.697s] reading manifest file '../build/tfmini/tfmini.egg-info/SOURCES.txt'
[1.698s] writing manifest file '../build/tfmini/tfmini.egg-info/SOURCES.txt'
[1.698s] running build
[1.698s] running build_py
[1.700s] running install
[1.700s] running install_lib
[1.703s] running install_data
[1.703s] running install_egg_info
[1.706s] removing '/vas/install/tfmini/lib/python3.10/site-packages/tfmini-0.0.0-py3.10.egg-info' (and everything under it)
[1.706s] Copying ../build/tfmini/tfmini.egg-info to /vas/install/tfmini/lib/python3.10/site-packages/tfmini-0.0.0-py3.10.egg-info
[1.709s] running install_scripts
[1.755s] Installing tfmini_node script to /vas/install/tfmini/lib/tfmini
[1.755s] writing list of installed files to '/vas/build/tfmini/install.log'
[1.867s] Invoked command in '/vas/tfmini' returned '0': PYTHONPATH=/vas/build/tfmini/prefix_override:/usr/lib/python3/dist-packages/colcon_core/task/python/colcon_distutils_commands:/vas/install/tfmini/lib/python3.10/site-packages:${PYTHONPATH} /usr/bin/python3 -W ignore:setup.py install is deprecated setup.py egg_info --egg-base ../build/tfmini build --build-base /vas/build/tfmini/build install --record /vas/build/tfmini/install.log --single-version-externally-managed install_data
