[3.360s] Invoking command in '/vas/tfmini': PYTHONPATH=/vas/build/tfmini/prefix_override:/usr/lib/python3/dist-packages/colcon_core/task/python/colcon_distutils_commands:/vas/install/tfmini/lib/python3.10/site-packages:${PYTHONPATH} /usr/bin/python3 -W ignore:setup.py install is deprecated setup.py egg_info --egg-base ../build/tfmini build --build-base /vas/build/tfmini/build install --record /vas/build/tfmini/install.log --single-version-externally-managed install_data
[4.018s] running egg_info
[4.020s] writing ../build/tfmini/tfmini.egg-info/PKG-INFO
[4.021s] writing dependency_links to ../build/tfmini/tfmini.egg-info/dependency_links.txt
[4.023s] writing entry points to ../build/tfmini/tfmini.egg-info/entry_points.txt
[4.024s] writing requirements to ../build/tfmini/tfmini.egg-info/requires.txt
[4.025s] writing top-level names to ../build/tfmini/tfmini.egg-info/top_level.txt
[4.029s] reading manifest file '../build/tfmini/tfmini.egg-info/SOURCES.txt'
[4.031s] writing manifest file '../build/tfmini/tfmini.egg-info/SOURCES.txt'
[4.031s] running build
[4.031s] running build_py
[4.034s] running install
[4.035s] running install_lib
[4.035s] running install_data
[4.035s] running install_egg_info
[4.038s] removing '/vas/install/tfmini/lib/python3.10/site-packages/tfmini-0.0.0-py3.10.egg-info' (and everything under it)
[4.055s] Copying ../build/tfmini/tfmini.egg-info to /vas/install/tfmini/lib/python3.10/site-packages/tfmini-0.0.0-py3.10.egg-info
[4.058s] running install_scripts
[4.111s] Installing tfmini_node script to /vas/install/tfmini/lib/tfmini
[4.111s] writing list of installed files to '/vas/build/tfmini/install.log'
[4.266s] Invoked command in '/vas/tfmini' returned '0': PYTHONPATH=/vas/build/tfmini/prefix_override:/usr/lib/python3/dist-packages/colcon_core/task/python/colcon_distutils_commands:/vas/install/tfmini/lib/python3.10/site-packages:${PYTHONPATH} /usr/bin/python3 -W ignore:setup.py install is deprecated setup.py egg_info --egg-base ../build/tfmini build --build-base /vas/build/tfmini/build install --record /vas/build/tfmini/install.log --single-version-externally-managed install_data
