[4.618s] Invoking command in '/vas/tts': PYTHONPATH=/vas/build/tts/prefix_override:/usr/lib/python3/dist-packages/colcon_core/task/python/colcon_distutils_commands:/vas/install/tts/lib/python3.10/site-packages:${PYTHONPATH} /usr/bin/python3 -W ignore:setup.py install is deprecated setup.py egg_info --egg-base ../build/tts build --build-base /vas/build/tts/build install --record /vas/build/tts/install.log --single-version-externally-managed install_data
[6.281s] running egg_info
[6.281s] writing ../build/tts/tts.egg-info/PKG-INFO
[6.300s] writing dependency_links to ../build/tts/tts.egg-info/dependency_links.txt
[6.300s] writing entry points to ../build/tts/tts.egg-info/entry_points.txt
[6.311s] writing requirements to ../build/tts/tts.egg-info/requires.txt
[6.350s] writing top-level names to ../build/tts/tts.egg-info/top_level.txt
[6.351s] reading manifest file '../build/tts/tts.egg-info/SOURCES.txt'
[6.355s] writing manifest file '../build/tts/tts.egg-info/SOURCES.txt'
[6.378s] running build
[6.378s] running build_py
[6.391s] running install
[6.391s] running install_lib
[6.436s] running install_data
[6.441s] running install_egg_info
[6.494s] removing '/vas/install/tts/lib/python3.10/site-packages/tts-0.0.0-py3.10.egg-info' (and everything under it)
[6.502s] Copying ../build/tts/tts.egg-info to /vas/install/tts/lib/python3.10/site-packages/tts-0.0.0-py3.10.egg-info
[6.505s] running install_scripts
[6.638s] Installing tts_node script to /vas/install/tts/lib/tts
[6.638s] writing list of installed files to '/vas/build/tts/install.log'
[7.063s] Invoked command in '/vas/tts' returned '0': PYTHONPATH=/vas/build/tts/prefix_override:/usr/lib/python3/dist-packages/colcon_core/task/python/colcon_distutils_commands:/vas/install/tts/lib/python3.10/site-packages:${PYTHONPATH} /usr/bin/python3 -W ignore:setup.py install is deprecated setup.py egg_info --egg-base ../build/tts build --build-base /vas/build/tts/build install --record /vas/build/tts/install.log --single-version-externally-managed install_data
