[5.837s] Invoking command in '/vas/tts': PYTHONPATH=/vas/build/tts/prefix_override:/usr/lib/python3/dist-packages/colcon_core/task/python/colcon_distutils_commands:/vas/install/tts/lib/python3.10/site-packages:${PYTHONPATH} /usr/bin/python3 -W ignore:setup.py install is deprecated setup.py egg_info --egg-base ../build/tts build --build-base /vas/build/tts/build install --record /vas/build/tts/install.log --single-version-externally-managed install_data
[8.667s] running egg_info
[8.667s] writing ../build/tts/tts.egg-info/PKG-INFO
[8.687s] writing dependency_links to ../build/tts/tts.egg-info/dependency_links.txt
[8.690s] writing entry points to ../build/tts/tts.egg-info/entry_points.txt
[8.702s] writing requirements to ../build/tts/tts.egg-info/requires.txt
[8.718s] writing top-level names to ../build/tts/tts.egg-info/top_level.txt
[8.740s] reading manifest file '../build/tts/tts.egg-info/SOURCES.txt'
[8.742s] writing manifest file '../build/tts/tts.egg-info/SOURCES.txt'
[8.750s] running build
[8.752s] running build_py
[8.752s] running install
[8.786s] running install_lib
[8.843s] running install_data
[8.858s] running install_egg_info
[8.909s] removing '/vas/install/tts/lib/python3.10/site-packages/tts-0.0.0-py3.10.egg-info' (and everything under it)
[8.942s] Copying ../build/tts/tts.egg-info to /vas/install/tts/lib/python3.10/site-packages/tts-0.0.0-py3.10.egg-info
[8.942s] running install_scripts
[9.301s] Installing tts_node script to /vas/install/tts/lib/tts
[9.301s] writing list of installed files to '/vas/build/tts/install.log'
[9.612s] Invoked command in '/vas/tts' returned '0': PYTHONPATH=/vas/build/tts/prefix_override:/usr/lib/python3/dist-packages/colcon_core/task/python/colcon_distutils_commands:/vas/install/tts/lib/python3.10/site-packages:${PYTHONPATH} /usr/bin/python3 -W ignore:setup.py install is deprecated setup.py egg_info --egg-base ../build/tts build --build-base /vas/build/tts/build install --record /vas/build/tts/install.log --single-version-externally-managed install_data
