[5.763s] Invoking command in '/vas/tts': PYTHONPATH=/vas/build/tts/prefix_override:/usr/lib/python3/dist-packages/colcon_core/task/python/colcon_distutils_commands:/vas/install/tts/lib/python3.10/site-packages:${PYTHONPATH} /usr/bin/python3 -W ignore:setup.py install is deprecated setup.py egg_info --egg-base ../build/tts build --build-base /vas/build/tts/build install --record /vas/build/tts/install.log --single-version-externally-managed install_data
[7.321s] running egg_info
[7.326s] writing ../build/tts/tts.egg-info/PKG-INFO
[7.329s] writing dependency_links to ../build/tts/tts.egg-info/dependency_links.txt
[7.332s] writing entry points to ../build/tts/tts.egg-info/entry_points.txt
[7.333s] writing requirements to ../build/tts/tts.egg-info/requires.txt
[7.333s] writing top-level names to ../build/tts/tts.egg-info/top_level.txt
[7.333s] reading manifest file '../build/tts/tts.egg-info/SOURCES.txt'
[7.333s] writing manifest file '../build/tts/tts.egg-info/SOURCES.txt'
[7.333s] running build
[7.334s] running build_py
[7.334s] running install
[7.336s] running install_lib
[7.346s] running install_data
[7.347s] running install_egg_info
[7.348s] removing '/vas/install/tts/lib/python3.10/site-packages/tts-0.0.0-py3.10.egg-info' (and everything under it)
[7.348s] Copying ../build/tts/tts.egg-info to /vas/install/tts/lib/python3.10/site-packages/tts-0.0.0-py3.10.egg-info
[7.349s] running install_scripts
[7.412s] Installing tts_node script to /vas/install/tts/lib/tts
[7.413s] writing list of installed files to '/vas/build/tts/install.log'
[7.686s] Invoked command in '/vas/tts' returned '0': PYTHONPATH=/vas/build/tts/prefix_override:/usr/lib/python3/dist-packages/colcon_core/task/python/colcon_distutils_commands:/vas/install/tts/lib/python3.10/site-packages:${PYTHONPATH} /usr/bin/python3 -W ignore:setup.py install is deprecated setup.py egg_info --egg-base ../build/tts build --build-base /vas/build/tts/build install --record /vas/build/tts/install.log --single-version-externally-managed install_data
