[1.574s] Invoking command in '/vas/tfmini': PYTHONPATH=/vas/build/tfmini/prefix_override:/usr/lib/python3/dist-packages/colcon_core/task/python/colcon_distutils_commands:/vas/install/tfmini/lib/python3.10/site-packages:${PYTHONPATH} /usr/bin/python3 -W ignore:setup.py install is deprecated setup.py egg_info --egg-base ../build/tfmini build --build-base /vas/build/tfmini/build install --record /vas/build/tfmini/install.log --single-version-externally-managed install_data
[1.910s] running egg_info
[1.914s] writing ../build/tfmini/tfmini.egg-info/PKG-INFO
[1.918s] writing dependency_links to ../build/tfmini/tfmini.egg-info/dependency_links.txt
[1.918s] writing entry points to ../build/tfmini/tfmini.egg-info/entry_points.txt
[1.918s] writing requirements to ../build/tfmini/tfmini.egg-info/requires.txt
[1.918s] writing top-level names to ../build/tfmini/tfmini.egg-info/top_level.txt
[1.926s] reading manifest file '../build/tfmini/tfmini.egg-info/SOURCES.txt'
[1.930s] writing manifest file '../build/tfmini/tfmini.egg-info/SOURCES.txt'
[1.930s] running build
[1.930s] running build_py
[1.933s] running install
[1.933s] running install_lib
[1.936s] running install_data
[1.936s] running install_egg_info
[1.938s] removing '/vas/install/tfmini/lib/python3.10/site-packages/tfmini-0.0.0-py3.10.egg-info' (and everything under it)
[1.939s] Copying ../build/tfmini/tfmini.egg-info to /vas/install/tfmini/lib/python3.10/site-packages/tfmini-0.0.0-py3.10.egg-info
[1.940s] running install_scripts
[2.001s] Installing tfmini_node script to /vas/install/tfmini/lib/tfmini
[2.007s] writing list of installed files to '/vas/build/tfmini/install.log'
[2.131s] Invoked command in '/vas/tfmini' returned '0': PYTHONPATH=/vas/build/tfmini/prefix_override:/usr/lib/python3/dist-packages/colcon_core/task/python/colcon_distutils_commands:/vas/install/tfmini/lib/python3.10/site-packages:${PYTHONPATH} /usr/bin/python3 -W ignore:setup.py install is deprecated setup.py egg_info --egg-base ../build/tfmini build --build-base /vas/build/tfmini/build install --record /vas/build/tfmini/install.log --single-version-externally-managed install_data
