[2.744s] Invoking command in '/vas/tfmini': PYTHONPATH=/vas/build/tfmini/prefix_override:/usr/lib/python3/dist-packages/colcon_core/task/python/colcon_distutils_commands:/vas/install/tfmini/lib/python3.10/site-packages:${PYTHONPATH} /usr/bin/python3 -W ignore:setup.py install is deprecated setup.py egg_info --egg-base ../build/tfmini build --build-base /vas/build/tfmini/build install --record /vas/build/tfmini/install.log --single-version-externally-managed install_data
[3.382s] running egg_info
[3.387s] writing ../build/tfmini/tfmini.egg-info/PKG-INFO
[3.389s] writing dependency_links to ../build/tfmini/tfmini.egg-info/dependency_links.txt
[3.390s] writing entry points to ../build/tfmini/tfmini.egg-info/entry_points.txt
[3.394s] writing requirements to ../build/tfmini/tfmini.egg-info/requires.txt
[3.395s] writing top-level names to ../build/tfmini/tfmini.egg-info/top_level.txt
[3.411s] reading manifest file '../build/tfmini/tfmini.egg-info/SOURCES.txt'
[3.411s] writing manifest file '../build/tfmini/tfmini.egg-info/SOURCES.txt'
[3.411s] running build
[3.411s] running build_py
[3.411s] copying tfmini/tfmini_node.py -> /vas/build/tfmini/build/lib/tfmini
[3.411s] running install
[3.411s] running install_lib
[3.415s] copying /vas/build/tfmini/build/lib/tfmini/tfmini_node.py -> /vas/install/tfmini/lib/python3.10/site-packages/tfmini
[3.415s] byte-compiling /vas/install/tfmini/lib/python3.10/site-packages/tfmini/tfmini_node.py to tfmini_node.cpython-310.pyc
[3.417s] running install_data
[3.417s] running install_egg_info
[3.419s] removing '/vas/install/tfmini/lib/python3.10/site-packages/tfmini-0.0.0-py3.10.egg-info' (and everything under it)
[3.420s] Copying ../build/tfmini/tfmini.egg-info to /vas/install/tfmini/lib/python3.10/site-packages/tfmini-0.0.0-py3.10.egg-info
[3.420s] running install_scripts
[3.477s] Installing tfmini_node script to /vas/install/tfmini/lib/tfmini
[3.479s] writing list of installed files to '/vas/build/tfmini/install.log'
[3.570s] Invoked command in '/vas/tfmini' returned '0': PYTHONPATH=/vas/build/tfmini/prefix_override:/usr/lib/python3/dist-packages/colcon_core/task/python/colcon_distutils_commands:/vas/install/tfmini/lib/python3.10/site-packages:${PYTHONPATH} /usr/bin/python3 -W ignore:setup.py install is deprecated setup.py egg_info --egg-base ../build/tfmini build --build-base /vas/build/tfmini/build install --record /vas/build/tfmini/install.log --single-version-externally-managed install_data
