[6.409s] Invoking command in '/vas/tts': PYTHONPATH=/vas/build/tts/prefix_override:/usr/lib/python3/dist-packages/colcon_core/task/python/colcon_distutils_commands:/vas/install/tts/lib/python3.10/site-packages:${PYTHONPATH} /usr/bin/python3 -W ignore:setup.py install is deprecated setup.py egg_info --egg-base ../build/tts build --build-base /vas/build/tts/build install --record /vas/build/tts/install.log --single-version-externally-managed install_data
[10.524s] running egg_info
[10.524s] writing ../build/tts/tts.egg-info/PKG-INFO
[10.525s] writing dependency_links to ../build/tts/tts.egg-info/dependency_links.txt
[10.525s] writing entry points to ../build/tts/tts.egg-info/entry_points.txt
[10.525s] writing requirements to ../build/tts/tts.egg-info/requires.txt
[10.525s] writing top-level names to ../build/tts/tts.egg-info/top_level.txt
[10.525s] reading manifest file '../build/tts/tts.egg-info/SOURCES.txt'
[10.525s] writing manifest file '../build/tts/tts.egg-info/SOURCES.txt'
[10.537s] running build
[10.592s] running build_py
[10.593s] running install
[10.594s] running install_lib
[10.620s] running install_data
[10.620s] running install_egg_info
[10.744s] removing '/vas/install/tts/lib/python3.10/site-packages/tts-0.0.0-py3.10.egg-info' (and everything under it)
[10.744s] Copying ../build/tts/tts.egg-info to /vas/install/tts/lib/python3.10/site-packages/tts-0.0.0-py3.10.egg-info
[10.744s] running install_scripts
[11.050s] Installing tts_node script to /vas/install/tts/lib/tts
[11.054s] writing list of installed files to '/vas/build/tts/install.log'
[11.373s] Invoked command in '/vas/tts' returned '0': PYTHONPATH=/vas/build/tts/prefix_override:/usr/lib/python3/dist-packages/colcon_core/task/python/colcon_distutils_commands:/vas/install/tts/lib/python3.10/site-packages:${PYTHONPATH} /usr/bin/python3 -W ignore:setup.py install is deprecated setup.py egg_info --egg-base ../build/tts build --build-base /vas/build/tts/build install --record /vas/build/tts/install.log --single-version-externally-managed install_data
