[5.109s] Invoking command in '/vas/tts': PYTHONPATH=/vas/build/tts/prefix_override:/usr/lib/python3/dist-packages/colcon_core/task/python/colcon_distutils_commands:/vas/install/tts/lib/python3.10/site-packages:${PYTHONPATH} /usr/bin/python3 -W ignore:setup.py install is deprecated setup.py egg_info --egg-base ../build/tts build --build-base /vas/build/tts/build install --record /vas/build/tts/install.log --single-version-externally-managed install_data
[7.105s] running egg_info
[7.106s] writing ../build/tts/tts.egg-info/PKG-INFO
[7.107s] writing dependency_links to ../build/tts/tts.egg-info/dependency_links.txt
[7.108s] writing entry points to ../build/tts/tts.egg-info/entry_points.txt
[7.108s] writing requirements to ../build/tts/tts.egg-info/requires.txt
[7.108s] writing top-level names to ../build/tts/tts.egg-info/top_level.txt
[7.119s] reading manifest file '../build/tts/tts.egg-info/SOURCES.txt'
[7.119s] writing manifest file '../build/tts/tts.egg-info/SOURCES.txt'
[7.119s] running build
[7.120s] running build_py
[7.120s] running install
[7.130s] running install_lib
[7.137s] running install_data
[7.138s] running install_egg_info
[7.138s] removing '/vas/install/tts/lib/python3.10/site-packages/tts-0.0.0-py3.10.egg-info' (and everything under it)
[7.138s] Copying ../build/tts/tts.egg-info to /vas/install/tts/lib/python3.10/site-packages/tts-0.0.0-py3.10.egg-info
[7.138s] running install_scripts
[7.315s] Installing tts_node script to /vas/install/tts/lib/tts
[7.315s] writing list of installed files to '/vas/build/tts/install.log'
[7.635s] Invoked command in '/vas/tts' returned '0': PYTHONPATH=/vas/build/tts/prefix_override:/usr/lib/python3/dist-packages/colcon_core/task/python/colcon_distutils_commands:/vas/install/tts/lib/python3.10/site-packages:${PYTHONPATH} /usr/bin/python3 -W ignore:setup.py install is deprecated setup.py egg_info --egg-base ../build/tts build --build-base /vas/build/tts/build install --record /vas/build/tts/install.log --single-version-externally-managed install_data
