running egg_info
writing ../build/tts/tts.egg-info/PKG-INFO
writing dependency_links to ../build/tts/tts.egg-info/dependency_links.txt
writing entry points to ../build/tts/tts.egg-info/entry_points.txt
writing requirements to ../build/tts/tts.egg-info/requires.txt
writing top-level names to ../build/tts/tts.egg-info/top_level.txt
reading manifest file '../build/tts/tts.egg-info/SOURCES.txt'
writing manifest file '../build/tts/tts.egg-info/SOURCES.txt'
running build
running build_py
copying tts/tts_node.py -> /vas/build/tts/build/lib/tts
running install
running install_lib
copying /vas/build/tts/build/lib/tts/tts_node.py -> /vas/install/tts/lib/python3.10/site-packages/tts
byte-compiling /vas/install/tts/lib/python3.10/site-packages/tts/tts_node.py to tts_node.cpython-310.pyc
running install_data
running install_egg_info
removing '/vas/install/tts/lib/python3.10/site-packages/tts-0.0.0-py3.10.egg-info' (and everything under it)
Copying ../build/tts/tts.egg-info to /vas/install/tts/lib/python3.10/site-packages/tts-0.0.0-py3.10.egg-info
running install_scripts
Installing tts_node script to /vas/install/tts/lib/tts
writing list of installed files to '/vas/build/tts/install.log'
