[7.960s] Invoking command in '/vas/tts': PYTHONPATH=/vas/build/tts/prefix_override:/usr/lib/python3/dist-packages/colcon_core/task/python/colcon_distutils_commands:/vas/install/tts/lib/python3.10/site-packages:${PYTHONPATH} /usr/bin/python3 -W ignore:setup.py install is deprecated setup.py egg_info --egg-base ../build/tts build --build-base /vas/build/tts/build install --record /vas/build/tts/install.log --single-version-externally-managed install_data
[9.396s] running egg_info
[9.415s] writing ../build/tts/tts.egg-info/PKG-INFO
[9.436s] writing dependency_links to ../build/tts/tts.egg-info/dependency_links.txt
[9.436s] writing entry points to ../build/tts/tts.egg-info/entry_points.txt
[9.437s] writing requirements to ../build/tts/tts.egg-info/requires.txt
[9.437s] writing top-level names to ../build/tts/tts.egg-info/top_level.txt
[9.438s] reading manifest file '../build/tts/tts.egg-info/SOURCES.txt'
[9.460s] writing manifest file '../build/tts/tts.egg-info/SOURCES.txt'
[9.482s] running build
[9.507s] running build_py
[9.508s] copying tts/tts_node.py -> /vas/build/tts/build/lib/tts
[9.508s] running install
[9.511s] running install_lib
[9.512s] copying /vas/build/tts/build/lib/tts/tts_node.py -> /vas/install/tts/lib/python3.10/site-packages/tts
[9.512s] byte-compiling /vas/install/tts/lib/python3.10/site-packages/tts/tts_node.py to tts_node.cpython-310.pyc
[9.512s] running install_data
[9.512s] running install_egg_info
[9.512s] removing '/vas/install/tts/lib/python3.10/site-packages/tts-0.0.0-py3.10.egg-info' (and everything under it)
[9.512s] Copying ../build/tts/tts.egg-info to /vas/install/tts/lib/python3.10/site-packages/tts-0.0.0-py3.10.egg-info
[9.519s] running install_scripts
[9.737s] Installing tts_node script to /vas/install/tts/lib/tts
[9.739s] writing list of installed files to '/vas/build/tts/install.log'
[10.417s] Invoked command in '/vas/tts' returned '0': PYTHONPATH=/vas/build/tts/prefix_override:/usr/lib/python3/dist-packages/colcon_core/task/python/colcon_distutils_commands:/vas/install/tts/lib/python3.10/site-packages:${PYTHONPATH} /usr/bin/python3 -W ignore:setup.py install is deprecated setup.py egg_info --egg-base ../build/tts build --build-base /vas/build/tts/build install --record /vas/build/tts/install.log --single-version-externally-managed install_data
