[2.429s] Invoking command in '/vas/tfmini': PYTHONPATH=/vas/build/tfmini/prefix_override:/usr/lib/python3/dist-packages/colcon_core/task/python/colcon_distutils_commands:/vas/install/tfmini/lib/python3.10/site-packages:${PYTHONPATH} /usr/bin/python3 -W ignore:setup.py install is deprecated setup.py egg_info --egg-base ../build/tfmini build --build-base /vas/build/tfmini/build install --record /vas/build/tfmini/install.log --single-version-externally-managed install_data
[2.817s] running egg_info
[2.818s] writing ../build/tfmini/tfmini.egg-info/PKG-INFO
[2.818s] writing dependency_links to ../build/tfmini/tfmini.egg-info/dependency_links.txt
[2.819s] writing entry points to ../build/tfmini/tfmini.egg-info/entry_points.txt
[2.819s] writing requirements to ../build/tfmini/tfmini.egg-info/requires.txt
[2.819s] writing top-level names to ../build/tfmini/tfmini.egg-info/top_level.txt
[2.827s] reading manifest file '../build/tfmini/tfmini.egg-info/SOURCES.txt'
[2.827s] writing manifest file '../build/tfmini/tfmini.egg-info/SOURCES.txt'
[2.827s] running build
[2.827s] running build_py
[2.827s] running install
[2.827s] running install_lib
[2.827s] running install_data
[2.827s] running install_egg_info
[2.829s] removing '/vas/install/tfmini/lib/python3.10/site-packages/tfmini-0.0.0-py3.10.egg-info' (and everything under it)
[2.830s] Copying ../build/tfmini/tfmini.egg-info to /vas/install/tfmini/lib/python3.10/site-packages/tfmini-0.0.0-py3.10.egg-info
[2.831s] running install_scripts
[2.894s] Installing tfmini_node script to /vas/install/tfmini/lib/tfmini
[2.901s] writing list of installed files to '/vas/build/tfmini/install.log'
[3.064s] Invoked command in '/vas/tfmini' returned '0': PYTHONPATH=/vas/build/tfmini/prefix_override:/usr/lib/python3/dist-packages/colcon_core/task/python/colcon_distutils_commands:/vas/install/tfmini/lib/python3.10/site-packages:${PYTHONPATH} /usr/bin/python3 -W ignore:setup.py install is deprecated setup.py egg_info --egg-base ../build/tfmini build --build-base /vas/build/tfmini/build install --record /vas/build/tfmini/install.log --single-version-externally-managed install_data
