[7.207s] Invoking command in '/vas/tfmini': PYTHONPATH=/vas/build/tfmini/prefix_override:/usr/lib/python3/dist-packages/colcon_core/task/python/colcon_distutils_commands:/vas/install/tfmini/lib/python3.10/site-packages:${PYTHONPATH} /usr/bin/python3 -W ignore:setup.py install is deprecated setup.py egg_info --egg-base ../build/tfmini build --build-base /vas/build/tfmini/build install --record /vas/build/tfmini/install.log --single-version-externally-managed install_data
[8.399s] running egg_info
[8.400s] writing ../build/tfmini/tfmini.egg-info/PKG-INFO
[8.402s] writing dependency_links to ../build/tfmini/tfmini.egg-info/dependency_links.txt
[8.405s] writing entry points to ../build/tfmini/tfmini.egg-info/entry_points.txt
[8.405s] writing requirements to ../build/tfmini/tfmini.egg-info/requires.txt
[8.405s] writing top-level names to ../build/tfmini/tfmini.egg-info/top_level.txt
[8.411s] reading manifest file '../build/tfmini/tfmini.egg-info/SOURCES.txt'
[8.416s] writing manifest file '../build/tfmini/tfmini.egg-info/SOURCES.txt'
[8.417s] running build
[8.418s] running build_py
[8.418s] running install
[8.418s] running install_lib
[8.428s] running install_data
[8.436s] running install_egg_info
[8.436s] removing '/vas/install/tfmini/lib/python3.10/site-packages/tfmini-0.0.0-py3.10.egg-info' (and everything under it)
[8.437s] Copying ../build/tfmini/tfmini.egg-info to /vas/install/tfmini/lib/python3.10/site-packages/tfmini-0.0.0-py3.10.egg-info
[8.437s] running install_scripts
[8.517s] Installing tfmini_node script to /vas/install/tfmini/lib/tfmini
[8.521s] writing list of installed files to '/vas/build/tfmini/install.log'
[8.685s] Invoked command in '/vas/tfmini' returned '0': PYTHONPATH=/vas/build/tfmini/prefix_override:/usr/lib/python3/dist-packages/colcon_core/task/python/colcon_distutils_commands:/vas/install/tfmini/lib/python3.10/site-packages:${PYTHONPATH} /usr/bin/python3 -W ignore:setup.py install is deprecated setup.py egg_info --egg-base ../build/tfmini build --build-base /vas/build/tfmini/build install --record /vas/build/tfmini/install.log --single-version-externally-managed install_data
