[5.145s] Invoking command in '/vas/tfmini': PYTHONPATH=/vas/build/tfmini/prefix_override:/usr/lib/python3/dist-packages/colcon_core/task/python/colcon_distutils_commands:/vas/install/tfmini/lib/python3.10/site-packages:${PYTHONPATH} /usr/bin/python3 -W ignore:setup.py install is deprecated setup.py egg_info --egg-base ../build/tfmini build --build-base /vas/build/tfmini/build install --record /vas/build/tfmini/install.log --single-version-externally-managed install_data
[6.433s] running egg_info
[6.436s] writing ../build/tfmini/tfmini.egg-info/PKG-INFO
[6.436s] writing dependency_links to ../build/tfmini/tfmini.egg-info/dependency_links.txt
[6.439s] writing entry points to ../build/tfmini/tfmini.egg-info/entry_points.txt
[6.440s] writing requirements to ../build/tfmini/tfmini.egg-info/requires.txt
[6.440s] writing top-level names to ../build/tfmini/tfmini.egg-info/top_level.txt
[6.445s] reading manifest file '../build/tfmini/tfmini.egg-info/SOURCES.txt'
[6.450s] writing manifest file '../build/tfmini/tfmini.egg-info/SOURCES.txt'
[6.451s] running build
[6.451s] running build_py
[6.452s] running install
[6.453s] running install_lib
[6.455s] running install_data
[6.465s] running install_egg_info
[6.467s] removing '/vas/install/tfmini/lib/python3.10/site-packages/tfmini-0.0.0-py3.10.egg-info' (and everything under it)
[6.477s] Copying ../build/tfmini/tfmini.egg-info to /vas/install/tfmini/lib/python3.10/site-packages/tfmini-0.0.0-py3.10.egg-info
[6.487s] running install_scripts
[6.605s] Installing tfmini_node script to /vas/install/tfmini/lib/tfmini
[6.612s] writing list of installed files to '/vas/build/tfmini/install.log'
[6.829s] Invoked command in '/vas/tfmini' returned '0': PYTHONPATH=/vas/build/tfmini/prefix_override:/usr/lib/python3/dist-packages/colcon_core/task/python/colcon_distutils_commands:/vas/install/tfmini/lib/python3.10/site-packages:${PYTHONPATH} /usr/bin/python3 -W ignore:setup.py install is deprecated setup.py egg_info --egg-base ../build/tfmini build --build-base /vas/build/tfmini/build install --record /vas/build/tfmini/install.log --single-version-externally-managed install_data
