running egg_info
writing ../build/tfmini/tfmini.egg-info/PKG-INFO
writing dependency_links to ../build/tfmini/tfmini.egg-info/dependency_links.txt
writing entry points to ../build/tfmini/tfmini.egg-info/entry_points.txt
writing requirements to ../build/tfmini/tfmini.egg-info/requires.txt
writing top-level names to ../build/tfmini/tfmini.egg-info/top_level.txt
reading manifest file '../build/tfmini/tfmini.egg-info/SOURCES.txt'
writing manifest file '../build/tfmini/tfmini.egg-info/SOURCES.txt'
running build
running build_py
copying tfmini/tfmini_node.py -> /home/ros/VAS/build/tfmini/build/lib/tfmini
running install
running install_lib
copying /home/ros/VAS/build/tfmini/build/lib/tfmini/tfmini_node.py -> /home/ros/VAS/install/tfmini/lib/python3.10/site-packages/tfmini
byte-compiling /home/ros/VAS/install/tfmini/lib/python3.10/site-packages/tfmini/tfmini_node.py to tfmini_node.cpython-310.pyc
running install_data
copying package.xml -> /home/ros/VAS/install/tfmini/share/tfmini
running install_egg_info
removing '/home/ros/VAS/install/tfmini/lib/python3.10/site-packages/tfmini-0.0.0-py3.10.egg-info' (and everything under it)
Copying ../build/tfmini/tfmini.egg-info to /home/ros/VAS/install/tfmini/lib/python3.10/site-packages/tfmini-0.0.0-py3.10.egg-info
running install_scripts
Installing tfmini_node script to /home/ros/VAS/install/tfmini/lib/tfmini
writing list of installed files to '/home/ros/VAS/build/tfmini/install.log'
