[0.020s] Invoking command in '/VAS/build/camera_ros': CMAKE_PREFIX_PATH=/opt/ros/humble /usr/bin/cmake --build /VAS/build/camera_ros -- -j4 -l4
[0.103s] [35m[1mConsolidate compiler generated dependencies of target camera_node[0m
[0.103s] [35m[1mConsolidate compiler generated dependencies of target utils[0m
[0.119s] [ 16%] Built target camera_node
[0.132s] [ 83%] Built target utils
[0.165s] [35m[1mConsolidate compiler generated dependencies of target camera_component[0m
[0.190s] [100%] Built target camera_component
[0.418s] Invoked command in '/VAS/build/camera_ros' returned '0': CMAKE_PREFIX_PATH=/opt/ros/humble /usr/bin/cmake --build /VAS/build/camera_ros -- -j4 -l4
[0.514s] Invoking command in '/VAS/build/camera_ros': CMAKE_PREFIX_PATH=/opt/ros/humble /usr/bin/cmake --install /VAS/build/camera_ros
[0.524s] -- Install configuration: ""
[0.525s] -- Up-to-date: /VAS/install/camera_ros/lib/camera_ros/camera_node
[0.525s] -- Up-to-date: /VAS/install/camera_ros/lib/libcamera_component.so
[0.525s] -- Up-to-date: /VAS/install/camera_ros/share/camera_ros//launch
[0.525s] -- Up-to-date: /VAS/install/camera_ros/share/camera_ros//launch/camera.launch.py
[0.527s] -- Up-to-date: /VAS/install/camera_ros/share/ament_index/resource_index/package_run_dependencies/camera_ros
[0.530s] -- Up-to-date: /VAS/install/camera_ros/share/ament_index/resource_index/parent_prefix_path/camera_ros
[0.531s] -- Up-to-date: /VAS/install/camera_ros/share/camera_ros/environment/ament_prefix_path.sh
[0.531s] -- Up-to-date: /VAS/install/camera_ros/share/camera_ros/environment/ament_prefix_path.dsv
[0.531s] -- Up-to-date: /VAS/install/camera_ros/share/camera_ros/environment/path.sh
[0.531s] -- Up-to-date: /VAS/install/camera_ros/share/camera_ros/environment/path.dsv
[0.531s] -- Up-to-date: /VAS/install/camera_ros/share/camera_ros/local_setup.bash
[0.531s] -- Up-to-date: /VAS/install/camera_ros/share/camera_ros/local_setup.sh
[0.531s] -- Up-to-date: /VAS/install/camera_ros/share/camera_ros/local_setup.zsh
[0.535s] -- Up-to-date: /VAS/install/camera_ros/share/camera_ros/local_setup.dsv
[0.536s] -- Installing: /VAS/install/camera_ros/share/camera_ros/package.dsv
[0.536s] -- Up-to-date: /VAS/install/camera_ros/share/ament_index/resource_index/packages/camera_ros
[0.536s] -- Up-to-date: /VAS/install/camera_ros/share/ament_index/resource_index/rclcpp_components/camera_ros
[0.536s] -- Up-to-date: /VAS/install/camera_ros/share/camera_ros/cmake/camera_rosConfig.cmake
[0.539s] -- Up-to-date: /VAS/install/camera_ros/share/camera_ros/cmake/camera_rosConfig-version.cmake
[0.541s] -- Up-to-date: /VAS/install/camera_ros/share/camera_ros/package.xml
[0.548s] Invoked command in '/VAS/build/camera_ros' returned '0': CMAKE_PREFIX_PATH=/opt/ros/humble /usr/bin/cmake --install /VAS/build/camera_ros
