[3.679s] Invoking command in '/vas/tfmini': PYTHONPATH=/vas/build/tfmini/prefix_override:/usr/lib/python3/dist-packages/colcon_core/task/python/colcon_distutils_commands:/vas/install/tfmini/lib/python3.10/site-packages:${PYTHONPATH} /usr/bin/python3 -W ignore:setup.py install is deprecated setup.py egg_info --egg-base ../build/tfmini build --build-base /vas/build/tfmini/build install --record /vas/build/tfmini/install.log --single-version-externally-managed install_data
[4.998s] running egg_info
[5.013s] writing ../build/tfmini/tfmini.egg-info/PKG-INFO
[5.013s] writing dependency_links to ../build/tfmini/tfmini.egg-info/dependency_links.txt
[5.016s] writing entry points to ../build/tfmini/tfmini.egg-info/entry_points.txt
[5.020s] writing requirements to ../build/tfmini/tfmini.egg-info/requires.txt
[5.020s] writing top-level names to ../build/tfmini/tfmini.egg-info/top_level.txt
[5.031s] reading manifest file '../build/tfmini/tfmini.egg-info/SOURCES.txt'
[5.033s] writing manifest file '../build/tfmini/tfmini.egg-info/SOURCES.txt'
[5.033s] running build
[5.033s] running build_py
[5.039s] running install
[5.039s] running install_lib
[5.039s] running install_data
[5.040s] running install_egg_info
[5.065s] removing '/vas/install/tfmini/lib/python3.10/site-packages/tfmini-0.0.0-py3.10.egg-info' (and everything under it)
[5.071s] Copying ../build/tfmini/tfmini.egg-info to /vas/install/tfmini/lib/python3.10/site-packages/tfmini-0.0.0-py3.10.egg-info
[5.072s] running install_scripts
[5.207s] Installing tfmini_node script to /vas/install/tfmini/lib/tfmini
[5.207s] writing list of installed files to '/vas/build/tfmini/install.log'
[5.356s] Invoked command in '/vas/tfmini' returned '0': PYTHONPATH=/vas/build/tfmini/prefix_override:/usr/lib/python3/dist-packages/colcon_core/task/python/colcon_distutils_commands:/vas/install/tfmini/lib/python3.10/site-packages:${PYTHONPATH} /usr/bin/python3 -W ignore:setup.py install is deprecated setup.py egg_info --egg-base ../build/tfmini build --build-base /vas/build/tfmini/build install --record /vas/build/tfmini/install.log --single-version-externally-managed install_data
