[7.411s] Invoking command in '/vas/tfmini': PYTHONPATH=/vas/build/tfmini/prefix_override:/usr/lib/python3/dist-packages/colcon_core/task/python/colcon_distutils_commands:/vas/install/tfmini/lib/python3.10/site-packages:${PYTHONPATH} /usr/bin/python3 -W ignore:setup.py install is deprecated setup.py egg_info --egg-base ../build/tfmini build --build-base /vas/build/tfmini/build install --record /vas/build/tfmini/install.log --single-version-externally-managed install_data
[11.139s] running egg_info
[11.140s] writing ../build/tfmini/tfmini.egg-info/PKG-INFO
[11.140s] writing dependency_links to ../build/tfmini/tfmini.egg-info/dependency_links.txt
[11.140s] writing entry points to ../build/tfmini/tfmini.egg-info/entry_points.txt
[11.163s] writing requirements to ../build/tfmini/tfmini.egg-info/requires.txt
[11.163s] writing top-level names to ../build/tfmini/tfmini.egg-info/top_level.txt
[11.189s] reading manifest file '../build/tfmini/tfmini.egg-info/SOURCES.txt'
[11.232s] writing manifest file '../build/tfmini/tfmini.egg-info/SOURCES.txt'
[11.232s] running build
[11.232s] running build_py
[11.232s] running install
[11.246s] running install_lib
[11.246s] running install_data
[11.255s] running install_egg_info
[11.255s] removing '/vas/install/tfmini/lib/python3.10/site-packages/tfmini-0.0.0-py3.10.egg-info' (and everything under it)
[11.255s] Copying ../build/tfmini/tfmini.egg-info to /vas/install/tfmini/lib/python3.10/site-packages/tfmini-0.0.0-py3.10.egg-info
[11.255s] running install_scripts
[11.455s] Installing tfmini_node script to /vas/install/tfmini/lib/tfmini
[11.460s] writing list of installed files to '/vas/build/tfmini/install.log'
[11.643s] Invoked command in '/vas/tfmini' returned '0': PYTHONPATH=/vas/build/tfmini/prefix_override:/usr/lib/python3/dist-packages/colcon_core/task/python/colcon_distutils_commands:/vas/install/tfmini/lib/python3.10/site-packages:${PYTHONPATH} /usr/bin/python3 -W ignore:setup.py install is deprecated setup.py egg_info --egg-base ../build/tfmini build --build-base /vas/build/tfmini/build install --record /vas/build/tfmini/install.log --single-version-externally-managed install_data
