[0.995s] Invoking command in '/VAS/tfmini': PYTHONPATH=/VAS/build/tfmini/prefix_override:/usr/lib/python3/dist-packages/colcon_core/task/python/colcon_distutils_commands:/VAS/install/tfmini/lib/python3.10/site-packages:${PYTHONPATH} /usr/bin/python3 -W ignore:setup.py install is deprecated setup.py egg_info --egg-base ../build/tfmini build --build-base /VAS/build/tfmini/build install --record /VAS/build/tfmini/install.log --single-version-externally-managed install_data
[1.260s] running egg_info
[1.260s] writing ../build/tfmini/tfmini.egg-info/PKG-INFO
[1.260s] writing dependency_links to ../build/tfmini/tfmini.egg-info/dependency_links.txt
[1.262s] writing entry points to ../build/tfmini/tfmini.egg-info/entry_points.txt
[1.263s] writing requirements to ../build/tfmini/tfmini.egg-info/requires.txt
[1.263s] writing top-level names to ../build/tfmini/tfmini.egg-info/top_level.txt
[1.267s] reading manifest file '../build/tfmini/tfmini.egg-info/SOURCES.txt'
[1.268s] writing manifest file '../build/tfmini/tfmini.egg-info/SOURCES.txt'
[1.269s] running build
[1.271s] running build_py
[1.271s] running install
[1.271s] running install_lib
[1.273s] running install_data
[1.273s] running install_egg_info
[1.276s] removing '/VAS/install/tfmini/lib/python3.10/site-packages/tfmini-0.0.0-py3.10.egg-info' (and everything under it)
[1.277s] Copying ../build/tfmini/tfmini.egg-info to /VAS/install/tfmini/lib/python3.10/site-packages/tfmini-0.0.0-py3.10.egg-info
[1.280s] running install_scripts
[1.306s] Installing tfmini_node script to /VAS/install/tfmini/lib/tfmini
[1.307s] writing list of installed files to '/VAS/build/tfmini/install.log'
[1.389s] Invoked command in '/VAS/tfmini' returned '0': PYTHONPATH=/VAS/build/tfmini/prefix_override:/usr/lib/python3/dist-packages/colcon_core/task/python/colcon_distutils_commands:/VAS/install/tfmini/lib/python3.10/site-packages:${PYTHONPATH} /usr/bin/python3 -W ignore:setup.py install is deprecated setup.py egg_info --egg-base ../build/tfmini build --build-base /VAS/build/tfmini/build install --record /VAS/build/tfmini/install.log --single-version-externally-managed install_data
