[8.145s] Invoking command in '/vas/tts': PYTHONPATH=/vas/build/tts/prefix_override:/usr/lib/python3/dist-packages/colcon_core/task/python/colcon_distutils_commands:/vas/install/tts/lib/python3.10/site-packages:${PYTHONPATH} /usr/bin/python3 -W ignore:setup.py install is deprecated setup.py egg_info --egg-base ../build/tts build --build-base /vas/build/tts/build install --record /vas/build/tts/install.log --single-version-externally-managed install_data
[11.231s] running egg_info
[11.231s] writing ../build/tts/tts.egg-info/PKG-INFO
[11.231s] writing dependency_links to ../build/tts/tts.egg-info/dependency_links.txt
[11.231s] writing entry points to ../build/tts/tts.egg-info/entry_points.txt
[11.231s] writing requirements to ../build/tts/tts.egg-info/requires.txt
[11.231s] writing top-level names to ../build/tts/tts.egg-info/top_level.txt
[11.231s] reading manifest file '../build/tts/tts.egg-info/SOURCES.txt'
[11.231s] writing manifest file '../build/tts/tts.egg-info/SOURCES.txt'
[11.231s] running build
[11.231s] running build_py
[11.232s] running install
[11.232s] running install_lib
[11.232s] running install_data
[11.233s] running install_egg_info
[11.238s] removing '/vas/install/tts/lib/python3.10/site-packages/tts-0.0.0-py3.10.egg-info' (and everything under it)
[11.238s] Copying ../build/tts/tts.egg-info to /vas/install/tts/lib/python3.10/site-packages/tts-0.0.0-py3.10.egg-info
[11.241s] running install_scripts
[11.413s] Installing tts_node script to /vas/install/tts/lib/tts
[11.420s] writing list of installed files to '/vas/build/tts/install.log'
[11.717s] Invoked command in '/vas/tts' returned '0': PYTHONPATH=/vas/build/tts/prefix_override:/usr/lib/python3/dist-packages/colcon_core/task/python/colcon_distutils_commands:/vas/install/tts/lib/python3.10/site-packages:${PYTHONPATH} /usr/bin/python3 -W ignore:setup.py install is deprecated setup.py egg_info --egg-base ../build/tts build --build-base /vas/build/tts/build install --record /vas/build/tts/install.log --single-version-externally-managed install_data
